[INFO] Scanning for projects...
Downloading: http://devs.beilie.com:8081/repository/wasp-public/com/beilie/com-beilie-parent/1.0.3-SNAPSHOT/maven-metadata.xml
610/610 B               Downloaded: http://devs.beilie.com:8081/repository/wasp-public/com/beilie/com-beilie-parent/1.0.3-SNAPSHOT/maven-metadata.xml (610 B at 2.6 KB/sec)
Downloading: http://devs.beilie.com:8081/repository/wasp-public/com/beilie/com-beilie-parent/1.0.3-SNAPSHOT/com-beilie-parent-1.0.3-20211125.082759-1169.pom
3/5 KB      5/5 KB            Downloaded: http://devs.beilie.com:8081/repository/wasp-public/com/beilie/com-beilie-parent/1.0.3-SNAPSHOT/com-beilie-parent-1.0.3-20211125.082759-1169.pom (5 KB at 55.1 KB/sec)
[INFO]                                                                         
[INFO] ------------------------------------------------------------------------
[INFO] Building com-beilie-test 1.0.3-SNAPSHOT
[INFO] ------------------------------------------------------------------------
Downloading: http://devs.beilie.com:8081/repository/wasp-public/com/beilie/com-beilie-data-mybatis/1.0.3-SNAPSHOT/maven-metadata.xml
792/792 B               Downloaded: http://devs.beilie.com:8081/repository/wasp-public/com/beilie/com-beilie-data-mybatis/1.0.3-SNAPSHOT/maven-metadata.xml (792 B at 5.4 KB/sec)
Downloading: http://devs.beilie.com:8081/repository/wasp-public/com/beilie/com-beilie-data-mybatis/1.0.3-SNAPSHOT/com-beilie-data-mybatis-1.0.3-20211125.082826-1053.pom
4/6 KB      6/6 KB            Downloaded: http://devs.beilie.com:8081/repository/wasp-public/com/beilie/com-beilie-data-mybatis/1.0.3-SNAPSHOT/com-beilie-data-mybatis-1.0.3-20211125.082826-1053.pom (6 KB at 74.5 KB/sec)
Downloading: http://devs.beilie.com:8081/repository/wasp-public/com/beilie/com-beilie-core/1.0.3-SNAPSHOT/maven-metadata.xml
784/784 B               Downloaded: http://devs.beilie.com:8081/repository/wasp-public/com/beilie/com-beilie-core/1.0.3-SNAPSHOT/maven-metadata.xml (784 B at 7.7 KB/sec)
Downloading: http://devs.beilie.com:8081/repository/wasp-public/com/beilie/com-beilie-core/1.0.3-SNAPSHOT/com-beilie-core-1.0.3-20211125.082822-1170.pom
4/9 KB      6/9 KB   9/9 KB            Downloaded: http://devs.beilie.com:8081/repository/wasp-public/com/beilie/com-beilie-core/1.0.3-SNAPSHOT/com-beilie-core-1.0.3-20211125.082822-1170.pom (9 KB at 121.6 KB/sec)
Downloading: http://devs.beilie.com:8081/repository/wasp-public/com/beilie/com-beilie-platform-api/1.0.3-SNAPSHOT/maven-metadata.xml
792/792 B               Downloaded: http://devs.beilie.com:8081/repository/wasp-public/com/beilie/com-beilie-platform-api/1.0.3-SNAPSHOT/maven-metadata.xml (792 B at 8.6 KB/sec)
Downloading: http://devs.beilie.com:8081/repository/wasp-public/com/beilie/com-beilie-platform-api/1.0.3-SNAPSHOT/com-beilie-platform-api-1.0.3-20211125.082845-1043.pom
4/6 KB      6/6 KB            Downloaded: http://devs.beilie.com:8081/repository/wasp-public/com/beilie/com-beilie-platform-api/1.0.3-SNAPSHOT/com-beilie-platform-api-1.0.3-20211125.082845-1043.pom (6 KB at 78.3 KB/sec)
Downloading: http://devs.beilie.com:8081/repository/wasp-public/com/beilie/com-beilie-core-zookeeper/1.0.3-SNAPSHOT/maven-metadata.xml
791/791 B               Downloaded: http://devs.beilie.com:8081/repository/wasp-public/com/beilie/com-beilie-core-zookeeper/1.0.3-SNAPSHOT/maven-metadata.xml (791 B at 4.8 KB/sec)
Downloading: http://devs.beilie.com:8081/repository/wasp-public/com/beilie/com-beilie-core-zookeeper/1.0.3-SNAPSHOT/com-beilie-core-zookeeper-1.0.3-20211125.082824-105.pom
4/4 KB               Downloaded: http://devs.beilie.com:8081/repository/wasp-public/com/beilie/com-beilie-core-zookeeper/1.0.3-SNAPSHOT/com-beilie-core-zookeeper-1.0.3-20211125.082824-105.pom (4 KB at 54.3 KB/sec)
Downloading: http://devs.beilie.com:8081/repository/wasp-public/com/beilie/com-beilie-core-kafka/1.0.3-SNAPSHOT/maven-metadata.xml
787/787 B               Downloaded: http://devs.beilie.com:8081/repository/wasp-public/com/beilie/com-beilie-core-kafka/1.0.3-SNAPSHOT/maven-metadata.xml (787 B at 4.0 KB/sec)
Downloading: http://devs.beilie.com:8081/repository/wasp-public/com/beilie/com-beilie-core-kafka/1.0.3-SNAPSHOT/com-beilie-core-kafka-1.0.3-20211125.082824-105.pom
4/4 KB               Downloaded: http://devs.beilie.com:8081/repository/wasp-public/com/beilie/com-beilie-core-kafka/1.0.3-SNAPSHOT/com-beilie-core-kafka-1.0.3-20211125.082824-105.pom (4 KB at 39.6 KB/sec)
Downloading: http://devs.beilie.com:8081/repository/wasp-public/com/beilie/com-beilie-gaohr/1.0.3-SNAPSHOT/maven-metadata.xml
782/782 B               Downloaded: http://devs.beilie.com:8081/repository/wasp-public/com/beilie/com-beilie-gaohr/1.0.3-SNAPSHOT/maven-metadata.xml (782 B at 0.9 KB/sec)
Downloading: http://devs.beilie.com:8081/repository/wasp-public/com/beilie/com-beilie-talents/1.0.4-SNAPSHOT/maven-metadata.xml
784/784 B               Downloaded: http://devs.beilie.com:8081/repository/wasp-public/com/beilie/com-beilie-talents/1.0.4-SNAPSHOT/maven-metadata.xml (784 B at 9.6 KB/sec)
Downloading: http://devs.beilie.com:8081/repository/wasp-public/org/jetbrains/annotations/maven-metadata.xml
Downloading: https://repo.maven.apache.org/maven2/org/jetbrains/annotations/maven-metadata.xml
767/767 B               Downloaded: http://devs.beilie.com:8081/repository/wasp-public/org/jetbrains/annotations/maven-metadata.xml (767 B at 6.1 KB/sec)
746/746 B               Downloaded: https://repo.maven.apache.org/maven2/org/jetbrains/annotations/maven-metadata.xml (746 B at 0.5 KB/sec)
Downloading: http://devs.beilie.com:8081/repository/wasp-public/com/beilie/com-beilie-data-mybatis/1.0.3-SNAPSHOT/com-beilie-data-mybatis-1.0.3-20211125.082826-1053.jar
Downloading: http://devs.beilie.com:8081/repository/wasp-public/com/beilie/com-beilie-core/1.0.3-SNAPSHOT/com-beilie-core-1.0.3-20211125.082822-1170.jar
Downloading: http://devs.beilie.com:8081/repository/wasp-public/com/beilie/com-beilie-platform-api/1.0.3-SNAPSHOT/com-beilie-platform-api-1.0.3-20211125.082845-1043.jar
Downloading: http://devs.beilie.com:8081/repository/wasp-public/com/beilie/com-beilie-core-zookeeper/1.0.3-SNAPSHOT/com-beilie-core-zookeeper-1.0.3-20211125.082824-105.jar
Downloading: http://devs.beilie.com:8081/repository/wasp-public/com/beilie/com-beilie-core-kafka/1.0.3-SNAPSHOT/com-beilie-core-kafka-1.0.3-20211125.082824-105.jar
2/323 KB    2/577 KB   2/323 KB   2/577 KB   3/323 KB   3/577 KB   3/323 KB   3/577 KB   2/28 KB   3/323 KB   3/577 KB   6/28 KB   3/323 KB   3/577 KB   10/28 KB   3/323 KB   3/577 KB   12/28 KB   3/323 KB   3/577 KB   16/28 KB   3/323 KB   3/577 KB   19/28 KB   3/323 KB   3/577 KB   22/28 KB   3/323 KB   3/577 KB   26/28 KB   3/323 KB   3/577 KB   28/28 KB   3/323 KB   3/577 KB   28/28 KB   7/323 KB   3/577 KB   28/28 KB   8/323 KB   3/577 KB   28/28 KB   3/9 KB   8/323 KB   4/577 KB   28/28 KB   3/9 KB   8/323 KB   8/577 KB   28/28 KB   3/9 KB   8/323 KB   8/577 KB   28/28 KB   3/9 KB   8/323 KB   8/577 KB   3/17 KB   28/28 KB   3/9 KB   8/323 KB   8/577 KB   3/17 KB   28/28 KB   3/9 KB   10/323 KB   8/577 KB   3/17 KB   28/28 KB   3/9 KB   11/323 KB   8/577 KB   3/17 KB   28/28 KB   3/9 KB   12/323 KB   8/577 KB   3/17 KB   28/28 KB   3/9 KB   14/323 KB   8/577 KB   3/17 KB   28/28 KB   3/9 KB   15/323 KB   8/577 KB   3/17 KB   28/28 KB   3/9 KB   17/323 KB   8/577 KB   3/17 KB   28/28 KB   3/9 KB   18/323 KB   8/577 KB   3/17 KB   28/28 KB   3/9 KB   19/323 KB   10/577 KB   3/17 KB   28/28 KB   3/9 KB   19/323 KB   12/577 KB   3/17 KB   28/28 KB   3/9 KB   19/323 KB   16/577 KB   3/17 KB   28/28 KB   3/9 KB   19/323 KB   17/577 KB   3/17 KB   28/28 KB   3/9 KB   19/323 KB   19/577 KB   3/17 KB   28/28 KB   3/9 KB   19/323 KB   19/577 KB   3/17 KB   28/28 KB   6/9 KB   19/323 KB   19/577 KB   3/17 KB   28/28 KB   8/9 KB   19/323 KB   19/577 KB   6/17 KB   28/28 KB   8/9 KB   19/323 KB   19/577 KB   8/17 KB   28/28 KB   8/9 KB   19/323 KB   19/577 KB   8/17 KB   28/28 KB   8/9 KB   21/323 KB   19/577 KB   8/17 KB   28/28 KB   8/9 KB   22/323 KB   19/577 KB   8/17 KB   28/28 KB   8/9 KB   23/323 KB   19/577 KB   8/17 KB   28/28 KB   8/9 KB   25/323 KB   19/577 KB   8/17 KB   28/28 KB   8/9 KB   26/323 KB   19/577 KB   8/17 KB   28/28 KB   8/9 KB   29/323 KB   19/577 KB   8/17 KB   28/28 KB   8/9 KB   33/323 KB   19/577 KB   8/17 KB   28/28 KB   8/9 KB   37/323 KB   19/577 KB   8/17 KB   28/28 KB   8/9 KB   38/323 KB   19/577 KB   8/17 KB   28/28 KB   8/9 KB   41/323 KB   21/577 KB   8/17 KB   28/28 KB   8/9 KB   41/323 KB   25/577 KB   8/17 KB   28/28 KB   8/9 KB   41/323 KB   25/577 KB   8/17 KB   28/28 KB   8/9 KB   41/323 KB   28/577 KB   8/17 KB   28/28 KB   8/9 KB   41/323 KB   32/577 KB   8/17 KB   28/28 KB   8/9 KB   41/323 KB   33/577 KB   8/17 KB   28/28 KB   8/9 KB   41/323 KB   36/577 KB   8/17 KB   28/28 KB   8/9 KB   41/323 KB   38/577 KB   8/17 KB   28/28 KB   8/9 KB   41/323 KB   41/577 KB   10/17 KB   28/28 KB   8/9 KB   41/323 KB   41/577 KB   10/17 KB   28/28 KB   8/9 KB   41/323 KB   41/577 KB   12/17 KB   28/28 KB   8/9 KB   41/323 KB   41/577 KB   15/17 KB   28/28 KB   8/9 KB   41/323 KB   41/577 KB   17/17 KB   28/28 KB   8/9 KB   41/323 KB   41/577 KB   17/17 KB   28/28 KB   9/9 KB   41/323 KB   41/577 KB   17/17 KB   28/28 KB   9/9 KB   43/323 KB   41/577 KB   17/17 KB   28/28 KB   9/9 KB   47/323 KB   41/577 KB   17/17 KB   28/28 KB   9/9 KB   49/323 KB   41/577 KB   17/17 KB   28/28 KB   9/9 KB   51/323 KB   41/577 KB   17/17 KB   28/28 KB   9/9 KB   52/323 KB   41/577 KB   17/17 KB   28/28 KB   9/9 KB   54/323 KB   41/577 KB   17/17 KB   28/28 KB   9/9 KB   55/323 KB   41/577 KB   17/17 KB   28/28 KB   9/9 KB   56/323 KB                                                          41/577 KB   17/17 KB   9/9 KB   58/323 KB              Downloaded: http://devs.beilie.com:8081/repository/wasp-public/com/beilie/com-beilie-data-mybatis/1.0.3-SNAPSHOT/com-beilie-data-mybatis-1.0.3-20211125.082826-1053.jar (28 KB at 398.0 KB/sec)
41/577 KB   17/17 KB   9/9 KB   59/323 KB   41/577 KB   17/17 KB   9/9 KB   60/323 KB   41/577 KB   17/17 KB   9/9 KB   62/323 KB   41/577 KB   17/17 KB   9/9 KB   63/323 KB   41/577 KB   17/17 KB   9/9 KB   64/323 KB   41/577 KB   17/17 KB   9/9 KB   66/323 KB   41/577 KB   17/17 KB   9/9 KB   67/323 KB   41/577 KB   17/17 KB   9/9 KB   69/323 KB   41/577 KB   17/17 KB   9/9 KB   70/323 KB   41/577 KB   17/17 KB   9/9 KB   71/323 KB   41/577 KB   17/17 KB   9/9 KB   73/323 KB   41/577 KB   17/17 KB   9/9 KB   74/323 KB   41/577 KB   17/17 KB   9/9 KB   75/323 KB   41/577 KB   17/17 KB   9/9 KB   77/323 KB   41/577 KB   17/17 KB   9/9 KB   78/323 KB   41/577 KB   17/17 KB   9/9 KB   80/323 KB   43/577 KB   17/17 KB   9/9 KB   80/323 KB   45/577 KB   17/17 KB   9/9 KB   80/323 KB   49/577 KB   17/17 KB   9/9 KB   80/323 KB   53/577 KB   17/17 KB   9/9 KB   80/323 KB   57/577 KB   17/17 KB   9/9 KB   80/323 KB   61/577 KB   17/17 KB   9/9 KB   80/323 KB   65/577 KB   17/17 KB   9/9 KB   80/323 KB   69/577 KB   17/17 KB   9/9 KB   80/323 KB   73/577 KB   17/17 KB   9/9 KB   80/323 KB   77/577 KB   17/17 KB   9/9 KB   80/323 KB   81/577 KB   17/17 KB   9/9 KB   80/323 KB   84/577 KB   17/17 KB   9/9 KB   80/323 KB   84/577 KB   17/17 KB   9/9 KB   84/323 KB   84/577 KB   17/17 KB   9/9 KB   88/323 KB   84/577 KB   17/17 KB   9/9 KB   92/323 KB   84/577 KB   17/17 KB   9/9 KB   96/323 KB   84/577 KB   17/17 KB   9/9 KB   100/323 KB   84/577 KB   17/17 KB   9/9 KB   104/323 KB   84/577 KB   17/17 KB   9/9 KB   108/323 KB   84/577 KB   17/17 KB   9/9 KB   112/323 KB   84/577 KB   17/17 KB   9/9 KB   116/323 KB   84/577 KB   17/17 KB   9/9 KB   120/323 KB   84/577 KB   17/17 KB   9/9 KB   124/323 KB   84/577 KB   17/17 KB   9/9 KB   128/323 KB   84/577 KB   17/17 KB   9/9 KB   128/323 KB   86/577 KB   17/17 KB   9/9 KB   128/323 KB   89/577 KB   17/17 KB   9/9 KB   128/323 KB   90/577 KB   17/17 KB   9/9 KB   128/323 KB   92/577 KB   17/17 KB   9/9 KB   128/323 KB   96/577 KB   17/17 KB   9/9 KB   128/323 KB   98/577 KB   17/17 KB   9/9 KB   128/323 KB   102/577 KB   17/17 KB   9/9 KB   128/323 KB   102/577 KB   17/17 KB   9/9 KB   128/323 KB   106/577 KB   17/17 KB   9/9 KB   128/323 KB   110/577 KB   17/17 KB   9/9 KB   128/323 KB   114/577 KB   17/17 KB   9/9 KB   128/323 KB   114/577 KB   17/17 KB   9/9 KB   128/323 KB   116/577 KB   17/17 KB   9/9 KB   128/323 KB   118/577 KB   17/17 KB   9/9 KB   128/323 KB   121/577 KB   17/17 KB   9/9 KB   128/323 KB   124/577 KB   17/17 KB   9/9 KB   128/323 KB   127/577 KB   17/17 KB   9/9 KB   128/323 KB   128/577 KB   17/17 KB   9/9 KB   128/323 KB                                                 Downloaded: http://devs.beilie.com:8081/repository/wasp-public/com/beilie/com-beilie-core-kafka/1.0.3-SNAPSHOT/com-beilie-core-kafka-1.0.3-20211125.082824-105.jar (17 KB at 174.3 KB/sec)
128/577 KB   9/9 KB   132/323 KB              128/577 KB   9/9 KB   136/323 KB   128/577 KB   9/9 KB   140/323 KB   128/577 KB   9/9 KB   144/323 KB   128/577 KB   9/9 KB   148/323 KB   128/577 KB   9/9 KB   152/323 KB   128/577 KB   9/9 KB   156/323 KB   128/577 KB   9/9 KB   160/323 KB   128/577 KB   9/9 KB   164/323 KB   128/577 KB   9/9 KB   168/323 KB   128/577 KB   9/9 KB   172/323 KB   128/577 KB   9/9 KB   176/323 KB   128/577 KB   9/9 KB   180/323 KB   128/577 KB   9/9 KB   184/323 KB   128/577 KB   9/9 KB   188/323 KB   128/577 KB   9/9 KB   192/323 KB   130/577 KB   9/9 KB   192/323 KB   134/577 KB   9/9 KB   192/323 KB   138/577 KB   9/9 KB   192/323 KB   138/577 KB   9/9 KB   192/323 KB   141/577 KB   9/9 KB   192/323 KB   144/577 KB   9/9 KB   192/323 KB   145/577 KB   9/9 KB   192/323 KB   149/577 KB   9/9 KB   192/323 KB   149/577 KB   9/9 KB   192/323 KB   150/577 KB   9/9 KB   192/323 KB   153/577 KB   9/9 KB   192/323 KB   154/577 KB   9/9 KB   192/323 KB   158/577 KB   9/9 KB   192/323 KB   159/577 KB   9/9 KB   192/323 KB   163/577 KB   9/9 KB   192/323 KB   167/577 KB   9/9 KB   192/323 KB   169/577 KB   9/9 KB   192/323 KB   173/577 KB   9/9 KB   192/323 KB   173/577 KB   9/9 KB   192/323 KB   176/577 KB   9/9 KB   192/323 KB   180/577 KB   9/9 KB   192/323 KB   180/577 KB   9/9 KB   192/323 KB   184/577 KB   9/9 KB   192/323 KB   184/577 KB   9/9 KB   192/323 KB   186/577 KB   9/9 KB   192/323 KB   190/577 KB   9/9 KB   192/323 KB   191/577 KB   9/9 KB   192/323 KB   192/577 KB   9/9 KB   192/323 KB                                      Downloaded: http://devs.beilie.com:8081/repository/wasp-public/com/beilie/com-beilie-core-zookeeper/1.0.3-SNAPSHOT/com-beilie-core-zookeeper-1.0.3-20211125.082824-105.jar (9 KB at 82.7 KB/sec)
192/577 KB   194/323 KB            192/577 KB   197/323 KB   192/577 KB   198/323 KB   192/577 KB   202/323 KB   192/577 KB   206/323 KB   192/577 KB   209/323 KB   192/577 KB   210/323 KB   192/577 KB   214/323 KB   192/577 KB   218/323 KB   192/577 KB   222/323 KB   192/577 KB   224/323 KB   192/577 KB   226/323 KB   192/577 KB   227/323 KB   192/577 KB   229/323 KB   192/577 KB   230/323 KB   192/577 KB   231/323 KB   192/577 KB   233/323 KB   192/577 KB   235/323 KB   192/577 KB   237/323 KB   192/577 KB   238/323 KB   192/577 KB   240/323 KB   192/577 KB   241/323 KB   192/577 KB   242/323 KB   192/577 KB   244/323 KB   192/577 KB   245/323 KB   192/577 KB   246/323 KB   192/577 KB   248/323 KB   192/577 KB   249/323 KB   192/577 KB   250/323 KB   192/577 KB   252/323 KB   192/577 KB   253/323 KB   192/577 KB   255/323 KB   192/577 KB   256/323 KB   192/577 KB   256/323 KB   194/577 KB   256/323 KB   197/577 KB   256/323 KB   198/577 KB   256/323 KB   201/577 KB   256/323 KB   203/577 KB   256/323 KB   206/577 KB   256/323 KB   208/577 KB   256/323 KB   209/577 KB   256/323 KB   210/577 KB   256/323 KB   212/577 KB   256/323 KB   213/577 KB   256/323 KB   216/577 KB   256/323 KB   218/577 KB   256/323 KB   221/577 KB   256/323 KB   223/577 KB   256/323 KB   226/577 KB   256/323 KB   227/577 KB   256/323 KB   230/577 KB   256/323 KB   233/577 KB   256/323 KB   234/577 KB   256/323 KB   237/577 KB   256/323 KB   240/577 KB   256/323 KB   242/577 KB   256/323 KB   244/577 KB   256/323 KB   246/577 KB   256/323 KB   249/577 KB   256/323 KB   250/577 KB   256/323 KB   253/577 KB   256/323 KB   256/577 KB   256/323 KB   256/577 KB   256/323 KB   256/577 KB   258/323 KB   256/577 KB   261/323 KB   256/577 KB   262/323 KB   256/577 KB   265/323 KB   256/577 KB   267/323 KB   256/577 KB   269/323 KB   256/577 KB   272/323 KB   256/577 KB   274/323 KB   256/577 KB   276/323 KB   256/577 KB   278/323 KB   256/577 KB   281/323 KB   256/577 KB   282/323 KB   256/577 KB   285/323 KB   256/577 KB   288/323 KB   256/577 KB   290/323 KB   256/577 KB   291/323 KB   256/577 KB   294/323 KB   256/577 KB   297/323 KB   256/577 KB   299/323 KB   256/577 KB   301/323 KB   256/577 KB   304/323 KB   256/577 KB   306/323 KB   256/577 KB   309/323 KB   256/577 KB   312/323 KB   256/577 KB   313/323 KB   256/577 KB   317/323 KB   256/577 KB   320/323 KB   260/577 KB   320/323 KB   264/577 KB   320/323 KB   268/577 KB   320/323 KB   272/577 KB   320/323 KB   276/577 KB   320/323 KB   280/577 KB   320/323 KB   284/577 KB   320/323 KB   288/577 KB   320/323 KB   292/577 KB   320/323 KB   296/577 KB   320/323 KB   300/577 KB   320/323 KB   304/577 KB   320/323 KB   308/577 KB   320/323 KB   312/577 KB   320/323 KB   313/577 KB   320/323 KB   316/577 KB   320/323 KB   320/577 KB   320/323 KB   320/577 KB   320/323 KB   320/577 KB   323/323 KB   322/577 KB   323/323 KB   325/577 KB   323/323 KB   327/577 KB   323/323 KB   330/577 KB   323/323 KB   333/577 KB   323/323 KB   336/577 KB   323/323 KB   337/577 KB   323/323 KB   338/577 KB   323/323 KB   340/577 KB   323/323 KB   341/577 KB   323/323 KB   344/577 KB   323/323 KB   346/577 KB   323/323 KB   349/577 KB   323/323 KB   351/577 KB   323/323 KB   352/577 KB   323/323 KB   352/577 KB   323/323 KB   355/577 KB   323/323 KB   358/577 KB   323/323 KB   361/577 KB   323/323 KB   362/577 KB   323/323 KB   363/577 KB   323/323 KB   367/577 KB   323/323 KB   371/577 KB   323/323 KB   374/577 KB   323/323 KB   377/577 KB   323/323 KB   378/577 KB   323/323 KB   380/577 KB   323/323 KB   381/577 KB   323/323 KB   383/577 KB   323/323 KB   384/577 KB   323/323 KB   387/577 KB   323/323 KB   391/577 KB   323/323 KB   395/577 KB   323/323 KB   399/577 KB   323/323 KB   402/577 KB   323/323 KB   406/577 KB   323/323 KB   406/577 KB   323/323 KB   410/577 KB   323/323 KB   414/577 KB   323/323 KB   415/577 KB   323/323 KB   418/577 KB   323/323 KB   422/577 KB   323/323 KB   426/577 KB   323/323 KB   426/577 KB   323/323 KB   429/577 KB   323/323 KB   433/577 KB   323/323 KB   437/577 KB   323/323 KB   441/577 KB   323/323 KB   444/577 KB   323/323 KB   448/577 KB   323/323 KB   448/577 KB   323/323 KB   451/577 KB   323/323 KB   453/577 KB   323/323 KB   457/577 KB   323/323 KB   461/577 KB   323/323 KB   462/577 KB   323/323 KB   466/577 KB   323/323 KB   470/577 KB   323/323 KB   474/577 KB   323/323 KB   478/577 KB   323/323 KB   482/577 KB   323/323 KB   486/577 KB   323/323 KB   490/577 KB   323/323 KB   494/577 KB   323/323 KB   498/577 KB   323/323 KB   502/577 KB   323/323 KB   506/577 KB   323/323 KB   510/577 KB   323/323 KB   514/577 KB   323/323 KB   518/577 KB   323/323 KB   522/577 KB   323/323 KB   526/577 KB   323/323 KB   530/577 KB   323/323 KB   534/577 KB   323/323 KB   538/577 KB   323/323 KB   542/577 KB   323/323 KB   544/577 KB   323/323 KB                             Downloaded: http://devs.beilie.com:8081/repository/wasp-public/com/beilie/com-beilie-core/1.0.3-SNAPSHOT/com-beilie-core-1.0.3-20211125.082822-1170.jar (323 KB at 1687.4 KB/sec)
546/577 KB                550/577 KB   550/577 KB   553/577 KB   555/577 KB   558/577 KB   561/577 KB   565/577 KB   569/577 KB   573/577 KB   573/577 KB   577/577 KB                Downloaded: http://devs.beilie.com:8081/repository/wasp-public/com/beilie/com-beilie-platform-api/1.0.3-SNAPSHOT/com-beilie-platform-api-1.0.3-20211125.082845-1043.jar (577 KB at 2644.2 KB/sec)
[INFO] 
[INFO] --- maven-resources-plugin:2.6:resources (default-resources) @ com-beilie-test ---
[INFO] Using 'UTF-8' encoding to copy filtered resources.
[INFO] Copying 2 resources
[INFO] 
[INFO] --- maven-compiler-plugin:3.1:compile (default-compile) @ com-beilie-test ---
[INFO] Changes detected - recompiling the module!
[INFO] Compiling 22 source files to D:\workPlace\trunk\autoTest\src\com-beilie-test\target\classes
[WARNING] /D:/workPlace/trunk/autoTest/src/com-beilie-test/src/main/java/com/beilie/test/seleniums/core/SearchTemplate.java: 某些输入文件使用了未经检查或不安全的操作。
[WARNING] /D:/workPlace/trunk/autoTest/src/com-beilie-test/src/main/java/com/beilie/test/seleniums/core/SearchTemplate.java: 有关详细信息, 请使用 -Xlint:unchecked 重新编译。
[INFO] 
[INFO] --- maven-resources-plugin:2.6:testResources (default-testResources) @ com-beilie-test ---
[INFO] Using 'UTF-8' encoding to copy filtered resources.
[INFO] Copying 3 resources
[INFO] 
[INFO] --- maven-compiler-plugin:3.1:testCompile (default-testCompile) @ com-beilie-test ---
[INFO] Changes detected - recompiling the module!
[INFO] Compiling 275 source files to D:\workPlace\trunk\autoTest\src\com-beilie-test\target\test-classes
[WARNING] /D:/workPlace/trunk/autoTest/src/com-beilie-test/src/test/java/com/beilie/test/bole/pages/BbpiPage/BapiHomePage.java: 某些输入文件使用了未经检查或不安全的操作。
[WARNING] /D:/workPlace/trunk/autoTest/src/com-beilie-test/src/test/java/com/beilie/test/bole/pages/BbpiPage/BapiHomePage.java: 有关详细信息, 请使用 -Xlint:unchecked 重新编译。
[INFO] 
[INFO] --- maven-surefire-plugin:2.18.1:test (default-test) @ com-beilie-test ---
[INFO] Surefire report directory: D:\workPlace\trunk\autoTest\src\com-beilie-test\target\surefire-reports

-------------------------------------------------------
 T E S T S
-------------------------------------------------------
Running TestSuite
Configuring TestNG with: TestNG652Configurator
111111111  10  hary
111111111  15  jack
222222222  20  aa
222222222  25  bb
登录成功
支付成功
Configuring TestNG with: TestNG652Configurator
02:56:17.598 [Forwarding newSession on session null to remote] DEBUG org.apache.http.client.protocol.RequestAddCookies - CookieSpec selected: default
02:56:17.615 [Forwarding newSession on session null to remote] DEBUG org.apache.http.client.protocol.RequestAuthCache - Auth cache not set in the context
02:56:17.616 [Forwarding newSession on session null to remote] DEBUG org.apache.http.impl.conn.PoolingHttpClientConnectionManager - Connection request: [route: {}->http://localhost:39462][total kept alive: 0; route allocated: 0 of 2000; total allocated: 0 of 2000]
02:56:17.631 [Forwarding newSession on session null to remote] DEBUG org.apache.http.impl.conn.PoolingHttpClientConnectionManager - Connection leased: [id: 0][route: {}->http://localhost:39462][total kept alive: 0; route allocated: 1 of 2000; total allocated: 1 of 2000]
02:56:17.632 [Forwarding newSession on session null to remote] DEBUG org.apache.http.impl.execchain.MainClientExec - Opening connection {}->http://localhost:39462
02:56:17.633 [Forwarding newSession on session null to remote] DEBUG org.apache.http.impl.conn.DefaultHttpClientConnectionOperator - Connecting to localhost/127.0.0.1:39462
02:56:17.634 [Forwarding newSession on session null to remote] DEBUG org.apache.http.impl.conn.DefaultHttpClientConnectionOperator - Connection established 127.0.0.1:57062<->127.0.0.1:39462
02:56:17.634 [Forwarding newSession on session null to remote] DEBUG org.apache.http.impl.conn.DefaultManagedHttpClientConnection - http-outgoing-0: set socket timeout to 10800000
02:56:17.634 [Forwarding newSession on session null to remote] DEBUG org.apache.http.impl.execchain.MainClientExec - Executing request POST /session HTTP/1.1
02:56:17.634 [Forwarding newSession on session null to remote] DEBUG org.apache.http.impl.execchain.MainClientExec - Target auth state: UNCHALLENGED
02:56:17.635 [Forwarding newSession on session null to remote] DEBUG org.apache.http.impl.execchain.MainClientExec - Proxy auth state: UNCHALLENGED
02:56:17.636 [Forwarding newSession on session null to remote] DEBUG org.apache.http.headers - http-outgoing-0 >> POST /session HTTP/1.1
02:56:17.636 [Forwarding newSession on session null to remote] DEBUG org.apache.http.headers - http-outgoing-0 >> Content-Type: application/json; charset=utf-8
02:56:17.636 [Forwarding newSession on session null to remote] DEBUG org.apache.http.headers - http-outgoing-0 >> Content-Length: 141
02:56:17.636 [Forwarding newSession on session null to remote] DEBUG org.apache.http.headers - http-outgoing-0 >> Host: localhost:39462
02:56:17.636 [Forwarding newSession on session null to remote] DEBUG org.apache.http.headers - http-outgoing-0 >> Connection: Keep-Alive
02:56:17.636 [Forwarding newSession on session null to remote] DEBUG org.apache.http.headers - http-outgoing-0 >> User-Agent: Apache-HttpClient/4.5.2 (Java/1.8.0_162)
02:56:17.636 [Forwarding newSession on session null to remote] DEBUG org.apache.http.headers - http-outgoing-0 >> Accept-Encoding: gzip,deflate
02:56:17.636 [Forwarding newSession on session null to remote] DEBUG org.apache.http.wire - http-outgoing-0 >> "POST /session HTTP/1.1[\r][\n]"
02:56:17.637 [Forwarding newSession on session null to remote] DEBUG org.apache.http.wire - http-outgoing-0 >> "Content-Type: application/json; charset=utf-8[\r][\n]"
02:56:17.637 [Forwarding newSession on session null to remote] DEBUG org.apache.http.wire - http-outgoing-0 >> "Content-Length: 141[\r][\n]"
02:56:17.637 [Forwarding newSession on session null to remote] DEBUG org.apache.http.wire - http-outgoing-0 >> "Host: localhost:39462[\r][\n]"
02:56:17.637 [Forwarding newSession on session null to remote] DEBUG org.apache.http.wire - http-outgoing-0 >> "Connection: Keep-Alive[\r][\n]"
02:56:17.637 [Forwarding newSession on session null to remote] DEBUG org.apache.http.wire - http-outgoing-0 >> "User-Agent: Apache-HttpClient/4.5.2 (Java/1.8.0_162)[\r][\n]"
02:56:17.637 [Forwarding newSession on session null to remote] DEBUG org.apache.http.wire - http-outgoing-0 >> "Accept-Encoding: gzip,deflate[\r][\n]"
02:56:17.637 [Forwarding newSession on session null to remote] DEBUG org.apache.http.wire - http-outgoing-0 >> "[\r][\n]"
02:56:17.637 [Forwarding newSession on session null to remote] DEBUG org.apache.http.wire - http-outgoing-0 >> "{"desiredCapabilities":{"browserName":"chrome","chromeOptions":{"args":["--start-maximized"],"extensions":[]},"version":"","platform":"ANY"}}"
02:56:22.042 [Forwarding newSession on session null to remote] DEBUG org.apache.http.wire - http-outgoing-0 << "HTTP/1.1 200 OK[\r][\n]"
02:56:22.042 [Forwarding newSession on session null to remote] DEBUG org.apache.http.wire - http-outgoing-0 << "Content-Length:443[\r][\n]"
02:56:22.042 [Forwarding newSession on session null to remote] DEBUG org.apache.http.wire - http-outgoing-0 << "Content-Type:application/json; charset=utf-8[\r][\n]"
02:56:22.042 [Forwarding newSession on session null to remote] DEBUG org.apache.http.wire - http-outgoing-0 << "[\r][\n]"
02:56:22.042 [Forwarding newSession on session null to remote] DEBUG org.apache.http.wire - http-outgoing-0 << "{"sessionId":"277b4d7aa91c7019544fc50398406602","status":33,"value":{"message":"session not created: This version of ChromeDriver only supports Chrome version 94\nCurrent browser version is 96.0.4664.45 with binary path C:\\Program Files (x86)\\Google\\Chrome\\Application\\chrome.exe\n  (Driver info: chromedriver=94.0.4606.61 (418b78f5838ed0b1c69bb4e51ea0252171854915-refs/branch-heads/4606@{#1204}),platform=Windows NT 10.0.19043 x86_64)"}}"
02:56:22.058 [Forwarding newSession on session null to remote] DEBUG org.apache.http.headers - http-outgoing-0 << HTTP/1.1 200 OK
02:56:22.058 [Forwarding newSession on session null to remote] DEBUG org.apache.http.headers - http-outgoing-0 << Content-Length:443
02:56:22.058 [Forwarding newSession on session null to remote] DEBUG org.apache.http.headers - http-outgoing-0 << Content-Type:application/json; charset=utf-8
02:56:22.082 [Forwarding newSession on session null to remote] DEBUG org.apache.http.impl.execchain.MainClientExec - Connection can be kept alive indefinitely
02:56:22.102 [Forwarding newSession on session null to remote] DEBUG org.apache.http.impl.conn.PoolingHttpClientConnectionManager - Connection [id: 0][route: {}->http://localhost:39462] can be kept alive indefinitely
02:56:22.103 [Forwarding newSession on session null to remote] DEBUG org.apache.http.impl.conn.PoolingHttpClientConnectionManager - Connection released: [id: 0][route: {}->http://localhost:39462][total kept alive: 1; route allocated: 1 of 2000; total allocated: 1 of 2000]
02:56:23.674 [Forwarding newSession on session null to remote] DEBUG org.apache.http.client.protocol.RequestAddCookies - CookieSpec selected: default
02:56:23.674 [Forwarding newSession on session null to remote] DEBUG org.apache.http.client.protocol.RequestAuthCache - Auth cache not set in the context
02:56:23.674 [Forwarding newSession on session null to remote] DEBUG org.apache.http.impl.conn.PoolingHttpClientConnectionManager - Connection request: [route: {}->http://localhost:36643][total kept alive: 1; route allocated: 0 of 2000; total allocated: 1 of 2000]
02:56:23.674 [Forwarding newSession on session null to remote] DEBUG org.apache.http.impl.conn.PoolingHttpClientConnectionManager - Connection leased: [id: 1][route: {}->http://localhost:36643][total kept alive: 1; route allocated: 1 of 2000; total allocated: 2 of 2000]
02:56:23.674 [Forwarding newSession on session null to remote] DEBUG org.apache.http.impl.execchain.MainClientExec - Opening connection {}->http://localhost:36643
02:56:23.674 [Forwarding newSession on session null to remote] DEBUG org.apache.http.impl.conn.DefaultHttpClientConnectionOperator - Connecting to localhost/127.0.0.1:36643
02:56:23.675 [Forwarding newSession on session null to remote] DEBUG org.apache.http.impl.conn.DefaultHttpClientConnectionOperator - Connection established 127.0.0.1:58176<->127.0.0.1:36643
02:56:23.675 [Forwarding newSession on session null to remote] DEBUG org.apache.http.impl.conn.DefaultManagedHttpClientConnection - http-outgoing-1: set socket timeout to 10800000
02:56:23.675 [Forwarding newSession on session null to remote] DEBUG org.apache.http.impl.execchain.MainClientExec - Executing request POST /session HTTP/1.1
02:56:23.675 [Forwarding newSession on session null to remote] DEBUG org.apache.http.impl.execchain.MainClientExec - Target auth state: UNCHALLENGED
02:56:23.675 [Forwarding newSession on session null to remote] DEBUG org.apache.http.impl.execchain.MainClientExec - Proxy auth state: UNCHALLENGED
02:56:23.675 [Forwarding newSession on session null to remote] DEBUG org.apache.http.headers - http-outgoing-1 >> POST /session HTTP/1.1
02:56:23.675 [Forwarding newSession on session null to remote] DEBUG org.apache.http.headers - http-outgoing-1 >> Content-Type: application/json; charset=utf-8
02:56:23.675 [Forwarding newSession on session null to remote] DEBUG org.apache.http.headers - http-outgoing-1 >> Content-Length: 141
02:56:23.675 [Forwarding newSession on session null to remote] DEBUG org.apache.http.headers - http-outgoing-1 >> Host: localhost:36643
02:56:23.675 [Forwarding newSession on session null to remote] DEBUG org.apache.http.headers - http-outgoing-1 >> Connection: Keep-Alive
02:56:23.675 [Forwarding newSession on session null to remote] DEBUG org.apache.http.headers - http-outgoing-1 >> User-Agent: Apache-HttpClient/4.5.2 (Java/1.8.0_162)
02:56:23.675 [Forwarding newSession on session null to remote] DEBUG org.apache.http.headers - http-outgoing-1 >> Accept-Encoding: gzip,deflate
02:56:23.675 [Forwarding newSession on session null to remote] DEBUG org.apache.http.wire - http-outgoing-1 >> "POST /session HTTP/1.1[\r][\n]"
02:56:23.675 [Forwarding newSession on session null to remote] DEBUG org.apache.http.wire - http-outgoing-1 >> "Content-Type: application/json; charset=utf-8[\r][\n]"
02:56:23.675 [Forwarding newSession on session null to remote] DEBUG org.apache.http.wire - http-outgoing-1 >> "Content-Length: 141[\r][\n]"
02:56:23.675 [Forwarding newSession on session null to remote] DEBUG org.apache.http.wire - http-outgoing-1 >> "Host: localhost:36643[\r][\n]"
02:56:23.675 [Forwarding newSession on session null to remote] DEBUG org.apache.http.wire - http-outgoing-1 >> "Connection: Keep-Alive[\r][\n]"
02:56:23.675 [Forwarding newSession on session null to remote] DEBUG org.apache.http.wire - http-outgoing-1 >> "User-Agent: Apache-HttpClient/4.5.2 (Java/1.8.0_162)[\r][\n]"
02:56:23.675 [Forwarding newSession on session null to remote] DEBUG org.apache.http.wire - http-outgoing-1 >> "Accept-Encoding: gzip,deflate[\r][\n]"
02:56:23.675 [Forwarding newSession on session null to remote] DEBUG org.apache.http.wire - http-outgoing-1 >> "[\r][\n]"
02:56:23.675 [Forwarding newSession on session null to remote] DEBUG org.apache.http.wire - http-outgoing-1 >> "{"desiredCapabilities":{"browserName":"chrome","chromeOptions":{"args":["--start-maximized"],"extensions":[]},"version":"","platform":"ANY"}}"
02:56:25.090 [Forwarding newSession on session null to remote] DEBUG org.apache.http.wire - http-outgoing-1 << "HTTP/1.1 200 OK[\r][\n]"
02:56:25.090 [Forwarding newSession on session null to remote] DEBUG org.apache.http.wire - http-outgoing-1 << "Content-Length:443[\r][\n]"
02:56:25.090 [Forwarding newSession on session null to remote] DEBUG org.apache.http.wire - http-outgoing-1 << "Content-Type:application/json; charset=utf-8[\r][\n]"
02:56:25.090 [Forwarding newSession on session null to remote] DEBUG org.apache.http.wire - http-outgoing-1 << "[\r][\n]"
02:56:25.090 [Forwarding newSession on session null to remote] DEBUG org.apache.http.wire - http-outgoing-1 << "{"sessionId":"70b675762798616b9c540069fd6b7017","status":33,"value":{"message":"session not created: This version of ChromeDriver only supports Chrome version 94\nCurrent browser version is 96.0.4664.45 with binary path C:\\Program Files (x86)\\Google\\Chrome\\Application\\chrome.exe\n  (Driver info: chromedriver=94.0.4606.61 (418b78f5838ed0b1c69bb4e51ea0252171854915-refs/branch-heads/4606@{#1204}),platform=Windows NT 10.0.19043 x86_64)"}}"
02:56:25.090 [Forwarding newSession on session null to remote] DEBUG org.apache.http.headers - http-outgoing-1 << HTTP/1.1 200 OK
02:56:25.090 [Forwarding newSession on session null to remote] DEBUG org.apache.http.headers - http-outgoing-1 << Content-Length:443
02:56:25.090 [Forwarding newSession on session null to remote] DEBUG org.apache.http.headers - http-outgoing-1 << Content-Type:application/json; charset=utf-8
02:56:25.090 [Forwarding newSession on session null to remote] DEBUG org.apache.http.impl.execchain.MainClientExec - Connection can be kept alive indefinitely
02:56:25.090 [Forwarding newSession on session null to remote] DEBUG org.apache.http.impl.conn.PoolingHttpClientConnectionManager - Connection [id: 1][route: {}->http://localhost:36643] can be kept alive indefinitely
02:56:25.090 [Forwarding newSession on session null to remote] DEBUG org.apache.http.impl.conn.PoolingHttpClientConnectionManager - Connection released: [id: 1][route: {}->http://localhost:36643][total kept alive: 2; route allocated: 1 of 2000; total allocated: 2 of 2000]
02:56:27.126 [Forwarding newSession on session null to remote] DEBUG org.apache.http.client.protocol.RequestAddCookies - CookieSpec selected: default
02:56:27.126 [Forwarding newSession on session null to remote] DEBUG org.apache.http.client.protocol.RequestAuthCache - Auth cache not set in the context
02:56:27.126 [Forwarding newSession on session null to remote] DEBUG org.apache.http.impl.conn.PoolingHttpClientConnectionManager - Connection request: [route: {}->http://localhost:3334][total kept alive: 2; route allocated: 0 of 2000; total allocated: 2 of 2000]
02:56:27.126 [Forwarding newSession on session null to remote] DEBUG org.apache.http.impl.conn.PoolingHttpClientConnectionManager - Connection leased: [id: 2][route: {}->http://localhost:3334][total kept alive: 2; route allocated: 1 of 2000; total allocated: 3 of 2000]
02:56:27.126 [Forwarding newSession on session null to remote] DEBUG org.apache.http.impl.execchain.MainClientExec - Opening connection {}->http://localhost:3334
02:56:27.126 [Forwarding newSession on session null to remote] DEBUG org.apache.http.impl.conn.DefaultHttpClientConnectionOperator - Connecting to localhost/127.0.0.1:3334
02:56:27.126 [Forwarding newSession on session null to remote] DEBUG org.apache.http.impl.conn.DefaultHttpClientConnectionOperator - Connection established 127.0.0.1:58583<->127.0.0.1:3334
02:56:27.126 [Forwarding newSession on session null to remote] DEBUG org.apache.http.impl.conn.DefaultManagedHttpClientConnection - http-outgoing-2: set socket timeout to 10800000
02:56:27.126 [Forwarding newSession on session null to remote] DEBUG org.apache.http.impl.execchain.MainClientExec - Executing request POST /session HTTP/1.1
02:56:27.126 [Forwarding newSession on session null to remote] DEBUG org.apache.http.impl.execchain.MainClientExec - Target auth state: UNCHALLENGED
02:56:27.126 [Forwarding newSession on session null to remote] DEBUG org.apache.http.impl.execchain.MainClientExec - Proxy auth state: UNCHALLENGED
02:56:27.126 [Forwarding newSession on session null to remote] DEBUG org.apache.http.headers - http-outgoing-2 >> POST /session HTTP/1.1
02:56:27.126 [Forwarding newSession on session null to remote] DEBUG org.apache.http.headers - http-outgoing-2 >> Content-Type: application/json; charset=utf-8
02:56:27.126 [Forwarding newSession on session null to remote] DEBUG org.apache.http.headers - http-outgoing-2 >> Content-Length: 141
02:56:27.126 [Forwarding newSession on session null to remote] DEBUG org.apache.http.headers - http-outgoing-2 >> Host: localhost:3334
02:56:27.126 [Forwarding newSession on session null to remote] DEBUG org.apache.http.headers - http-outgoing-2 >> Connection: Keep-Alive
02:56:27.126 [Forwarding newSession on session null to remote] DEBUG org.apache.http.headers - http-outgoing-2 >> User-Agent: Apache-HttpClient/4.5.2 (Java/1.8.0_162)
02:56:27.126 [Forwarding newSession on session null to remote] DEBUG org.apache.http.headers - http-outgoing-2 >> Accept-Encoding: gzip,deflate
02:56:27.126 [Forwarding newSession on session null to remote] DEBUG org.apache.http.wire - http-outgoing-2 >> "POST /session HTTP/1.1[\r][\n]"
02:56:27.126 [Forwarding newSession on session null to remote] DEBUG org.apache.http.wire - http-outgoing-2 >> "Content-Type: application/json; charset=utf-8[\r][\n]"
02:56:27.126 [Forwarding newSession on session null to remote] DEBUG org.apache.http.wire - http-outgoing-2 >> "Content-Length: 141[\r][\n]"
02:56:27.126 [Forwarding newSession on session null to remote] DEBUG org.apache.http.wire - http-outgoing-2 >> "Host: localhost:3334[\r][\n]"
02:56:27.126 [Forwarding newSession on session null to remote] DEBUG org.apache.http.wire - http-outgoing-2 >> "Connection: Keep-Alive[\r][\n]"
02:56:27.127 [Forwarding newSession on session null to remote] DEBUG org.apache.http.wire - http-outgoing-2 >> "User-Agent: Apache-HttpClient/4.5.2 (Java/1.8.0_162)[\r][\n]"
02:56:27.127 [Forwarding newSession on session null to remote] DEBUG org.apache.http.wire - http-outgoing-2 >> "Accept-Encoding: gzip,deflate[\r][\n]"
02:56:27.127 [Forwarding newSession on session null to remote] DEBUG org.apache.http.wire - http-outgoing-2 >> "[\r][\n]"
02:56:27.127 [Forwarding newSession on session null to remote] DEBUG org.apache.http.wire - http-outgoing-2 >> "{"desiredCapabilities":{"browserName":"chrome","chromeOptions":{"args":["--start-maximized"],"extensions":[]},"version":"","platform":"ANY"}}"
02:56:27.899 [Forwarding newSession on session null to remote] DEBUG org.apache.http.wire - http-outgoing-2 << "HTTP/1.1 200 OK[\r][\n]"
02:56:27.900 [Forwarding newSession on session null to remote] DEBUG org.apache.http.wire - http-outgoing-2 << "Content-Length:443[\r][\n]"
02:56:27.900 [Forwarding newSession on session null to remote] DEBUG org.apache.http.wire - http-outgoing-2 << "Content-Type:application/json; charset=utf-8[\r][\n]"
02:56:27.900 [Forwarding newSession on session null to remote] DEBUG org.apache.http.wire - http-outgoing-2 << "[\r][\n]"
02:56:27.900 [Forwarding newSession on session null to remote] DEBUG org.apache.http.wire - http-outgoing-2 << "{"sessionId":"85d9044802776d34a1f76ebfddc15a2a","status":33,"value":{"message":"session not created: This version of ChromeDriver only supports Chrome version 94\nCurrent browser version is 96.0.4664.45 with binary path C:\\Program Files (x86)\\Google\\Chrome\\Application\\chrome.exe\n  (Driver info: chromedriver=94.0.4606.61 (418b78f5838ed0b1c69bb4e51ea0252171854915-refs/branch-heads/4606@{#1204}),platform=Windows NT 10.0.19043 x86_64)"}}"
02:56:27.900 [Forwarding newSession on session null to remote] DEBUG org.apache.http.headers - http-outgoing-2 << HTTP/1.1 200 OK
02:56:27.900 [Forwarding newSession on session null to remote] DEBUG org.apache.http.headers - http-outgoing-2 << Content-Length:443
02:56:27.900 [Forwarding newSession on session null to remote] DEBUG org.apache.http.headers - http-outgoing-2 << Content-Type:application/json; charset=utf-8
02:56:27.900 [Forwarding newSession on session null to remote] DEBUG org.apache.http.impl.execchain.MainClientExec - Connection can be kept alive indefinitely
02:56:27.900 [Forwarding newSession on session null to remote] DEBUG org.apache.http.impl.conn.PoolingHttpClientConnectionManager - Connection [id: 2][route: {}->http://localhost:3334] can be kept alive indefinitely
02:56:27.900 [Forwarding newSession on session null to remote] DEBUG org.apache.http.impl.conn.PoolingHttpClientConnectionManager - Connection released: [id: 2][route: {}->http://localhost:3334][total kept alive: 3; route allocated: 1 of 2000; total allocated: 3 of 2000]
02:56:29.041 [Forwarding newSession on session null to remote] DEBUG org.apache.http.client.protocol.RequestAddCookies - CookieSpec selected: default
02:56:29.041 [Forwarding newSession on session null to remote] DEBUG org.apache.http.client.protocol.RequestAuthCache - Auth cache not set in the context
02:56:29.041 [Forwarding newSession on session null to remote] DEBUG org.apache.http.impl.conn.PoolingHttpClientConnectionManager - Connection request: [route: {}->http://localhost:30679][total kept alive: 3; route allocated: 0 of 2000; total allocated: 3 of 2000]
02:56:29.041 [Forwarding newSession on session null to remote] DEBUG org.apache.http.impl.conn.PoolingHttpClientConnectionManager - Connection leased: [id: 3][route: {}->http://localhost:30679][total kept alive: 3; route allocated: 1 of 2000; total allocated: 4 of 2000]
02:56:29.041 [Forwarding newSession on session null to remote] DEBUG org.apache.http.impl.execchain.MainClientExec - Opening connection {}->http://localhost:30679
02:56:29.041 [Forwarding newSession on session null to remote] DEBUG org.apache.http.impl.conn.DefaultHttpClientConnectionOperator - Connecting to localhost/127.0.0.1:30679
02:56:29.042 [Forwarding newSession on session null to remote] DEBUG org.apache.http.impl.conn.DefaultHttpClientConnectionOperator - Connection established 127.0.0.1:63286<->127.0.0.1:30679
02:56:29.042 [Forwarding newSession on session null to remote] DEBUG org.apache.http.impl.conn.DefaultManagedHttpClientConnection - http-outgoing-3: set socket timeout to 10800000
02:56:29.042 [Forwarding newSession on session null to remote] DEBUG org.apache.http.impl.execchain.MainClientExec - Executing request POST /session HTTP/1.1
02:56:29.042 [Forwarding newSession on session null to remote] DEBUG org.apache.http.impl.execchain.MainClientExec - Target auth state: UNCHALLENGED
02:56:29.042 [Forwarding newSession on session null to remote] DEBUG org.apache.http.impl.execchain.MainClientExec - Proxy auth state: UNCHALLENGED
02:56:29.042 [Forwarding newSession on session null to remote] DEBUG org.apache.http.headers - http-outgoing-3 >> POST /session HTTP/1.1
02:56:29.042 [Forwarding newSession on session null to remote] DEBUG org.apache.http.headers - http-outgoing-3 >> Content-Type: application/json; charset=utf-8
02:56:29.042 [Forwarding newSession on session null to remote] DEBUG org.apache.http.headers - http-outgoing-3 >> Content-Length: 141
02:56:29.042 [Forwarding newSession on session null to remote] DEBUG org.apache.http.headers - http-outgoing-3 >> Host: localhost:30679
02:56:29.042 [Forwarding newSession on session null to remote] DEBUG org.apache.http.headers - http-outgoing-3 >> Connection: Keep-Alive
02:56:29.042 [Forwarding newSession on session null to remote] DEBUG org.apache.http.headers - http-outgoing-3 >> User-Agent: Apache-HttpClient/4.5.2 (Java/1.8.0_162)
02:56:29.042 [Forwarding newSession on session null to remote] DEBUG org.apache.http.headers - http-outgoing-3 >> Accept-Encoding: gzip,deflate
02:56:29.042 [Forwarding newSession on session null to remote] DEBUG org.apache.http.wire - http-outgoing-3 >> "POST /session HTTP/1.1[\r][\n]"
02:56:29.042 [Forwarding newSession on session null to remote] DEBUG org.apache.http.wire - http-outgoing-3 >> "Content-Type: application/json; charset=utf-8[\r][\n]"
02:56:29.042 [Forwarding newSession on session null to remote] DEBUG org.apache.http.wire - http-outgoing-3 >> "Content-Length: 141[\r][\n]"
02:56:29.042 [Forwarding newSession on session null to remote] DEBUG org.apache.http.wire - http-outgoing-3 >> "Host: localhost:30679[\r][\n]"
02:56:29.042 [Forwarding newSession on session null to remote] DEBUG org.apache.http.wire - http-outgoing-3 >> "Connection: Keep-Alive[\r][\n]"
02:56:29.042 [Forwarding newSession on session null to remote] DEBUG org.apache.http.wire - http-outgoing-3 >> "User-Agent: Apache-HttpClient/4.5.2 (Java/1.8.0_162)[\r][\n]"
02:56:29.042 [Forwarding newSession on session null to remote] DEBUG org.apache.http.wire - http-outgoing-3 >> "Accept-Encoding: gzip,deflate[\r][\n]"
02:56:29.042 [Forwarding newSession on session null to remote] DEBUG org.apache.http.wire - http-outgoing-3 >> "[\r][\n]"
02:56:29.042 [Forwarding newSession on session null to remote] DEBUG org.apache.http.wire - http-outgoing-3 >> "{"desiredCapabilities":{"browserName":"chrome","chromeOptions":{"args":["--start-maximized"],"extensions":[]},"version":"","platform":"ANY"}}"
02:56:30.202 [Forwarding newSession on session null to remote] DEBUG org.apache.http.wire - http-outgoing-3 << "HTTP/1.1 200 OK[\r][\n]"
02:56:30.202 [Forwarding newSession on session null to remote] DEBUG org.apache.http.wire - http-outgoing-3 << "Content-Length:443[\r][\n]"
02:56:30.202 [Forwarding newSession on session null to remote] DEBUG org.apache.http.wire - http-outgoing-3 << "Content-Type:application/json; charset=utf-8[\r][\n]"
02:56:30.202 [Forwarding newSession on session null to remote] DEBUG org.apache.http.wire - http-outgoing-3 << "[\r][\n]"
02:56:30.202 [Forwarding newSession on session null to remote] DEBUG org.apache.http.wire - http-outgoing-3 << "{"sessionId":"38cfa633d0d014d89cd8a6cbed20e6be","status":33,"value":{"message":"session not created: This version of ChromeDriver only supports Chrome version 94\nCurrent browser version is 96.0.4664.45 with binary path C:\\Program Files (x86)\\Google\\Chrome\\Application\\chrome.exe\n  (Driver info: chromedriver=94.0.4606.61 (418b78f5838ed0b1c69bb4e51ea0252171854915-refs/branch-heads/4606@{#1204}),platform=Windows NT 10.0.19043 x86_64)"}}"
02:56:30.202 [Forwarding newSession on session null to remote] DEBUG org.apache.http.headers - http-outgoing-3 << HTTP/1.1 200 OK
02:56:30.203 [Forwarding newSession on session null to remote] DEBUG org.apache.http.headers - http-outgoing-3 << Content-Length:443
02:56:30.203 [Forwarding newSession on session null to remote] DEBUG org.apache.http.headers - http-outgoing-3 << Content-Type:application/json; charset=utf-8
02:56:30.203 [Forwarding newSession on session null to remote] DEBUG org.apache.http.impl.execchain.MainClientExec - Connection can be kept alive indefinitely
02:56:30.203 [Forwarding newSession on session null to remote] DEBUG org.apache.http.impl.conn.PoolingHttpClientConnectionManager - Connection [id: 3][route: {}->http://localhost:30679] can be kept alive indefinitely
02:56:30.203 [Forwarding newSession on session null to remote] DEBUG org.apache.http.impl.conn.PoolingHttpClientConnectionManager - Connection released: [id: 3][route: {}->http://localhost:30679][total kept alive: 4; route allocated: 1 of 2000; total allocated: 4 of 2000]
02:56:31.411 [Forwarding newSession on session null to remote] DEBUG org.apache.http.client.protocol.RequestAddCookies - CookieSpec selected: default
02:56:31.411 [Forwarding newSession on session null to remote] DEBUG org.apache.http.client.protocol.RequestAuthCache - Auth cache not set in the context
02:56:31.411 [Forwarding newSession on session null to remote] DEBUG org.apache.http.impl.conn.PoolingHttpClientConnectionManager - Connection request: [route: {}->http://localhost:37262][total kept alive: 4; route allocated: 0 of 2000; total allocated: 4 of 2000]
02:56:31.411 [Forwarding newSession on session null to remote] DEBUG org.apache.http.impl.conn.PoolingHttpClientConnectionManager - Connection leased: [id: 4][route: {}->http://localhost:37262][total kept alive: 4; route allocated: 1 of 2000; total allocated: 5 of 2000]
02:56:31.411 [Forwarding newSession on session null to remote] DEBUG org.apache.http.impl.execchain.MainClientExec - Opening connection {}->http://localhost:37262
02:56:31.411 [Forwarding newSession on session null to remote] DEBUG org.apache.http.impl.conn.DefaultHttpClientConnectionOperator - Connecting to localhost/127.0.0.1:37262
02:56:31.411 [Forwarding newSession on session null to remote] DEBUG org.apache.http.impl.conn.DefaultHttpClientConnectionOperator - Connection established 127.0.0.1:61753<->127.0.0.1:37262
02:56:31.411 [Forwarding newSession on session null to remote] DEBUG org.apache.http.impl.conn.DefaultManagedHttpClientConnection - http-outgoing-4: set socket timeout to 10800000
02:56:31.411 [Forwarding newSession on session null to remote] DEBUG org.apache.http.impl.execchain.MainClientExec - Executing request POST /session HTTP/1.1
02:56:31.411 [Forwarding newSession on session null to remote] DEBUG org.apache.http.impl.execchain.MainClientExec - Target auth state: UNCHALLENGED
02:56:31.412 [Forwarding newSession on session null to remote] DEBUG org.apache.http.impl.execchain.MainClientExec - Proxy auth state: UNCHALLENGED
02:56:31.412 [Forwarding newSession on session null to remote] DEBUG org.apache.http.headers - http-outgoing-4 >> POST /session HTTP/1.1
02:56:31.412 [Forwarding newSession on session null to remote] DEBUG org.apache.http.headers - http-outgoing-4 >> Content-Type: application/json; charset=utf-8
02:56:31.412 [Forwarding newSession on session null to remote] DEBUG org.apache.http.headers - http-outgoing-4 >> Content-Length: 141
02:56:31.412 [Forwarding newSession on session null to remote] DEBUG org.apache.http.headers - http-outgoing-4 >> Host: localhost:37262
02:56:31.412 [Forwarding newSession on session null to remote] DEBUG org.apache.http.headers - http-outgoing-4 >> Connection: Keep-Alive
02:56:31.412 [Forwarding newSession on session null to remote] DEBUG org.apache.http.headers - http-outgoing-4 >> User-Agent: Apache-HttpClient/4.5.2 (Java/1.8.0_162)
02:56:31.412 [Forwarding newSession on session null to remote] DEBUG org.apache.http.headers - http-outgoing-4 >> Accept-Encoding: gzip,deflate
02:56:31.412 [Forwarding newSession on session null to remote] DEBUG org.apache.http.wire - http-outgoing-4 >> "POST /session HTTP/1.1[\r][\n]"
02:56:31.412 [Forwarding newSession on session null to remote] DEBUG org.apache.http.wire - http-outgoing-4 >> "Content-Type: application/json; charset=utf-8[\r][\n]"
02:56:31.412 [Forwarding newSession on session null to remote] DEBUG org.apache.http.wire - http-outgoing-4 >> "Content-Length: 141[\r][\n]"
02:56:31.412 [Forwarding newSession on session null to remote] DEBUG org.apache.http.wire - http-outgoing-4 >> "Host: localhost:37262[\r][\n]"
02:56:31.412 [Forwarding newSession on session null to remote] DEBUG org.apache.http.wire - http-outgoing-4 >> "Connection: Keep-Alive[\r][\n]"
02:56:31.412 [Forwarding newSession on session null to remote] DEBUG org.apache.http.wire - http-outgoing-4 >> "User-Agent: Apache-HttpClient/4.5.2 (Java/1.8.0_162)[\r][\n]"
02:56:31.412 [Forwarding newSession on session null to remote] DEBUG org.apache.http.wire - http-outgoing-4 >> "Accept-Encoding: gzip,deflate[\r][\n]"
02:56:31.412 [Forwarding newSession on session null to remote] DEBUG org.apache.http.wire - http-outgoing-4 >> "[\r][\n]"
02:56:31.412 [Forwarding newSession on session null to remote] DEBUG org.apache.http.wire - http-outgoing-4 >> "{"desiredCapabilities":{"browserName":"chrome","chromeOptions":{"args":["--start-maximized"],"extensions":[]},"version":"","platform":"ANY"}}"
02:56:32.241 [Forwarding newSession on session null to remote] DEBUG org.apache.http.wire - http-outgoing-4 << "HTTP/1.1 200 OK[\r][\n]"
02:56:32.241 [Forwarding newSession on session null to remote] DEBUG org.apache.http.wire - http-outgoing-4 << "Content-Length:443[\r][\n]"
02:56:32.241 [Forwarding newSession on session null to remote] DEBUG org.apache.http.wire - http-outgoing-4 << "Content-Type:application/json; charset=utf-8[\r][\n]"
02:56:32.241 [Forwarding newSession on session null to remote] DEBUG org.apache.http.wire - http-outgoing-4 << "[\r][\n]"
02:56:32.241 [Forwarding newSession on session null to remote] DEBUG org.apache.http.wire - http-outgoing-4 << "{"sessionId":"3ffa213d083306800d3329569e12fbb2","status":33,"value":{"message":"session not created: This version of ChromeDriver only supports Chrome version 94\nCurrent browser version is 96.0.4664.45 with binary path C:\\Program Files (x86)\\Google\\Chrome\\Application\\chrome.exe\n  (Driver info: chromedriver=94.0.4606.61 (418b78f5838ed0b1c69bb4e51ea0252171854915-refs/branch-heads/4606@{#1204}),platform=Windows NT 10.0.19043 x86_64)"}}"
02:56:32.241 [Forwarding newSession on session null to remote] DEBUG org.apache.http.headers - http-outgoing-4 << HTTP/1.1 200 OK
02:56:32.241 [Forwarding newSession on session null to remote] DEBUG org.apache.http.headers - http-outgoing-4 << Content-Length:443
02:56:32.241 [Forwarding newSession on session null to remote] DEBUG org.apache.http.headers - http-outgoing-4 << Content-Type:application/json; charset=utf-8
02:56:32.241 [Forwarding newSession on session null to remote] DEBUG org.apache.http.impl.execchain.MainClientExec - Connection can be kept alive indefinitely
02:56:32.241 [Forwarding newSession on session null to remote] DEBUG org.apache.http.impl.conn.PoolingHttpClientConnectionManager - Connection [id: 4][route: {}->http://localhost:37262] can be kept alive indefinitely
02:56:32.241 [Forwarding newSession on session null to remote] DEBUG org.apache.http.impl.conn.PoolingHttpClientConnectionManager - Connection released: [id: 4][route: {}->http://localhost:37262][total kept alive: 5; route allocated: 1 of 2000; total allocated: 5 of 2000]
02:56:33.421 [Forwarding newSession on session null to remote] DEBUG org.apache.http.client.protocol.RequestAddCookies - CookieSpec selected: default
02:56:33.421 [Forwarding newSession on session null to remote] DEBUG org.apache.http.client.protocol.RequestAuthCache - Auth cache not set in the context
02:56:33.421 [Forwarding newSession on session null to remote] DEBUG org.apache.http.impl.conn.PoolingHttpClientConnectionManager - Connection request: [route: {}->http://localhost:23078][total kept alive: 5; route allocated: 0 of 2000; total allocated: 5 of 2000]
02:56:33.421 [Forwarding newSession on session null to remote] DEBUG org.apache.http.impl.conn.PoolingHttpClientConnectionManager - Connection leased: [id: 5][route: {}->http://localhost:23078][total kept alive: 5; route allocated: 1 of 2000; total allocated: 6 of 2000]
02:56:33.421 [Forwarding newSession on session null to remote] DEBUG org.apache.http.impl.execchain.MainClientExec - Opening connection {}->http://localhost:23078
02:56:33.421 [Forwarding newSession on session null to remote] DEBUG org.apache.http.impl.conn.DefaultHttpClientConnectionOperator - Connecting to localhost/127.0.0.1:23078
02:56:33.422 [Forwarding newSession on session null to remote] DEBUG org.apache.http.impl.conn.DefaultHttpClientConnectionOperator - Connection established 127.0.0.1:64276<->127.0.0.1:23078
02:56:33.422 [Forwarding newSession on session null to remote] DEBUG org.apache.http.impl.conn.DefaultManagedHttpClientConnection - http-outgoing-5: set socket timeout to 10800000
02:56:33.422 [Forwarding newSession on session null to remote] DEBUG org.apache.http.impl.execchain.MainClientExec - Executing request POST /session HTTP/1.1
02:56:33.422 [Forwarding newSession on session null to remote] DEBUG org.apache.http.impl.execchain.MainClientExec - Target auth state: UNCHALLENGED
02:56:33.422 [Forwarding newSession on session null to remote] DEBUG org.apache.http.impl.execchain.MainClientExec - Proxy auth state: UNCHALLENGED
02:56:33.422 [Forwarding newSession on session null to remote] DEBUG org.apache.http.headers - http-outgoing-5 >> POST /session HTTP/1.1
02:56:33.422 [Forwarding newSession on session null to remote] DEBUG org.apache.http.headers - http-outgoing-5 >> Content-Type: application/json; charset=utf-8
02:56:33.422 [Forwarding newSession on session null to remote] DEBUG org.apache.http.headers - http-outgoing-5 >> Content-Length: 141
02:56:33.422 [Forwarding newSession on session null to remote] DEBUG org.apache.http.headers - http-outgoing-5 >> Host: localhost:23078
02:56:33.422 [Forwarding newSession on session null to remote] DEBUG org.apache.http.headers - http-outgoing-5 >> Connection: Keep-Alive
02:56:33.422 [Forwarding newSession on session null to remote] DEBUG org.apache.http.headers - http-outgoing-5 >> User-Agent: Apache-HttpClient/4.5.2 (Java/1.8.0_162)
02:56:33.422 [Forwarding newSession on session null to remote] DEBUG org.apache.http.headers - http-outgoing-5 >> Accept-Encoding: gzip,deflate
02:56:33.422 [Forwarding newSession on session null to remote] DEBUG org.apache.http.wire - http-outgoing-5 >> "POST /session HTTP/1.1[\r][\n]"
02:56:33.422 [Forwarding newSession on session null to remote] DEBUG org.apache.http.wire - http-outgoing-5 >> "Content-Type: application/json; charset=utf-8[\r][\n]"
02:56:33.422 [Forwarding newSession on session null to remote] DEBUG org.apache.http.wire - http-outgoing-5 >> "Content-Length: 141[\r][\n]"
02:56:33.422 [Forwarding newSession on session null to remote] DEBUG org.apache.http.wire - http-outgoing-5 >> "Host: localhost:23078[\r][\n]"
02:56:33.422 [Forwarding newSession on session null to remote] DEBUG org.apache.http.wire - http-outgoing-5 >> "Connection: Keep-Alive[\r][\n]"
02:56:33.422 [Forwarding newSession on session null to remote] DEBUG org.apache.http.wire - http-outgoing-5 >> "User-Agent: Apache-HttpClient/4.5.2 (Java/1.8.0_162)[\r][\n]"
02:56:33.422 [Forwarding newSession on session null to remote] DEBUG org.apache.http.wire - http-outgoing-5 >> "Accept-Encoding: gzip,deflate[\r][\n]"
02:56:33.422 [Forwarding newSession on session null to remote] DEBUG org.apache.http.wire - http-outgoing-5 >> "[\r][\n]"
02:56:33.422 [Forwarding newSession on session null to remote] DEBUG org.apache.http.wire - http-outgoing-5 >> "{"desiredCapabilities":{"browserName":"chrome","chromeOptions":{"args":["--start-maximized"],"extensions":[]},"version":"","platform":"ANY"}}"
02:56:34.257 [Forwarding newSession on session null to remote] DEBUG org.apache.http.wire - http-outgoing-5 << "HTTP/1.1 200 OK[\r][\n]"
02:56:34.257 [Forwarding newSession on session null to remote] DEBUG org.apache.http.wire - http-outgoing-5 << "Content-Length:443[\r][\n]"
02:56:34.257 [Forwarding newSession on session null to remote] DEBUG org.apache.http.wire - http-outgoing-5 << "Content-Type:application/json; charset=utf-8[\r][\n]"
02:56:34.257 [Forwarding newSession on session null to remote] DEBUG org.apache.http.wire - http-outgoing-5 << "[\r][\n]"
02:56:34.257 [Forwarding newSession on session null to remote] DEBUG org.apache.http.wire - http-outgoing-5 << "{"sessionId":"9e8da9dd2294e6009d12e05547be6aef","status":33,"value":{"message":"session not created: This version of ChromeDriver only supports Chrome version 94\nCurrent browser version is 96.0.4664.45 with binary path C:\\Program Files (x86)\\Google\\Chrome\\Application\\chrome.exe\n  (Driver info: chromedriver=94.0.4606.61 (418b78f5838ed0b1c69bb4e51ea0252171854915-refs/branch-heads/4606@{#1204}),platform=Windows NT 10.0.19043 x86_64)"}}"
02:56:34.257 [Forwarding newSession on session null to remote] DEBUG org.apache.http.headers - http-outgoing-5 << HTTP/1.1 200 OK
02:56:34.257 [Forwarding newSession on session null to remote] DEBUG org.apache.http.headers - http-outgoing-5 << Content-Length:443
02:56:34.257 [Forwarding newSession on session null to remote] DEBUG org.apache.http.headers - http-outgoing-5 << Content-Type:application/json; charset=utf-8
02:56:34.257 [Forwarding newSession on session null to remote] DEBUG org.apache.http.impl.execchain.MainClientExec - Connection can be kept alive indefinitely
02:56:34.258 [Forwarding newSession on session null to remote] DEBUG org.apache.http.impl.conn.PoolingHttpClientConnectionManager - Connection [id: 5][route: {}->http://localhost:23078] can be kept alive indefinitely
02:56:34.258 [Forwarding newSession on session null to remote] DEBUG org.apache.http.impl.conn.PoolingHttpClientConnectionManager - Connection released: [id: 5][route: {}->http://localhost:23078][total kept alive: 6; route allocated: 1 of 2000; total allocated: 6 of 2000]
02:56:35.457 [Forwarding newSession on session null to remote] DEBUG org.apache.http.client.protocol.RequestAddCookies - CookieSpec selected: default
02:56:35.458 [Forwarding newSession on session null to remote] DEBUG org.apache.http.client.protocol.RequestAuthCache - Auth cache not set in the context
02:56:35.458 [Forwarding newSession on session null to remote] DEBUG org.apache.http.impl.conn.PoolingHttpClientConnectionManager - Connection request: [route: {}->http://localhost:1646][total kept alive: 6; route allocated: 0 of 2000; total allocated: 6 of 2000]
02:56:35.459 [Forwarding newSession on session null to remote] DEBUG org.apache.http.impl.conn.PoolingHttpClientConnectionManager - Connection leased: [id: 6][route: {}->http://localhost:1646][total kept alive: 6; route allocated: 1 of 2000; total allocated: 7 of 2000]
02:56:35.459 [Forwarding newSession on session null to remote] DEBUG org.apache.http.impl.execchain.MainClientExec - Opening connection {}->http://localhost:1646
02:56:35.459 [Forwarding newSession on session null to remote] DEBUG org.apache.http.impl.conn.DefaultHttpClientConnectionOperator - Connecting to localhost/127.0.0.1:1646
02:56:35.459 [Forwarding newSession on session null to remote] DEBUG org.apache.http.impl.conn.DefaultHttpClientConnectionOperator - Connection established 127.0.0.1:54277<->127.0.0.1:1646
02:56:35.459 [Forwarding newSession on session null to remote] DEBUG org.apache.http.impl.conn.DefaultManagedHttpClientConnection - http-outgoing-6: set socket timeout to 10800000
02:56:35.459 [Forwarding newSession on session null to remote] DEBUG org.apache.http.impl.execchain.MainClientExec - Executing request POST /session HTTP/1.1
02:56:35.459 [Forwarding newSession on session null to remote] DEBUG org.apache.http.impl.execchain.MainClientExec - Target auth state: UNCHALLENGED
02:56:35.459 [Forwarding newSession on session null to remote] DEBUG org.apache.http.impl.execchain.MainClientExec - Proxy auth state: UNCHALLENGED
02:56:35.459 [Forwarding newSession on session null to remote] DEBUG org.apache.http.headers - http-outgoing-6 >> POST /session HTTP/1.1
02:56:35.459 [Forwarding newSession on session null to remote] DEBUG org.apache.http.headers - http-outgoing-6 >> Content-Type: application/json; charset=utf-8
02:56:35.459 [Forwarding newSession on session null to remote] DEBUG org.apache.http.headers - http-outgoing-6 >> Content-Length: 141
02:56:35.459 [Forwarding newSession on session null to remote] DEBUG org.apache.http.headers - http-outgoing-6 >> Host: localhost:1646
02:56:35.459 [Forwarding newSession on session null to remote] DEBUG org.apache.http.headers - http-outgoing-6 >> Connection: Keep-Alive
02:56:35.459 [Forwarding newSession on session null to remote] DEBUG org.apache.http.headers - http-outgoing-6 >> User-Agent: Apache-HttpClient/4.5.2 (Java/1.8.0_162)
02:56:35.459 [Forwarding newSession on session null to remote] DEBUG org.apache.http.headers - http-outgoing-6 >> Accept-Encoding: gzip,deflate
02:56:35.460 [Forwarding newSession on session null to remote] DEBUG org.apache.http.wire - http-outgoing-6 >> "POST /session HTTP/1.1[\r][\n]"
02:56:35.460 [Forwarding newSession on session null to remote] DEBUG org.apache.http.wire - http-outgoing-6 >> "Content-Type: application/json; charset=utf-8[\r][\n]"
02:56:35.460 [Forwarding newSession on session null to remote] DEBUG org.apache.http.wire - http-outgoing-6 >> "Content-Length: 141[\r][\n]"
02:56:35.460 [Forwarding newSession on session null to remote] DEBUG org.apache.http.wire - http-outgoing-6 >> "Host: localhost:1646[\r][\n]"
02:56:35.460 [Forwarding newSession on session null to remote] DEBUG org.apache.http.wire - http-outgoing-6 >> "Connection: Keep-Alive[\r][\n]"
02:56:35.460 [Forwarding newSession on session null to remote] DEBUG org.apache.http.wire - http-outgoing-6 >> "User-Agent: Apache-HttpClient/4.5.2 (Java/1.8.0_162)[\r][\n]"
02:56:35.460 [Forwarding newSession on session null to remote] DEBUG org.apache.http.wire - http-outgoing-6 >> "Accept-Encoding: gzip,deflate[\r][\n]"
02:56:35.460 [Forwarding newSession on session null to remote] DEBUG org.apache.http.wire - http-outgoing-6 >> "[\r][\n]"
02:56:35.460 [Forwarding newSession on session null to remote] DEBUG org.apache.http.wire - http-outgoing-6 >> "{"desiredCapabilities":{"browserName":"chrome","chromeOptions":{"args":["--start-maximized"],"extensions":[]},"version":"","platform":"ANY"}}"
02:56:36.401 [Forwarding newSession on session null to remote] DEBUG org.apache.http.wire - http-outgoing-6 << "HTTP/1.1 200 OK[\r][\n]"
02:56:36.401 [Forwarding newSession on session null to remote] DEBUG org.apache.http.wire - http-outgoing-6 << "Content-Length:443[\r][\n]"
02:56:36.401 [Forwarding newSession on session null to remote] DEBUG org.apache.http.wire - http-outgoing-6 << "Content-Type:application/json; charset=utf-8[\r][\n]"
02:56:36.401 [Forwarding newSession on session null to remote] DEBUG org.apache.http.wire - http-outgoing-6 << "[\r][\n]"
02:56:36.401 [Forwarding newSession on session null to remote] DEBUG org.apache.http.wire - http-outgoing-6 << "{"sessionId":"641846e2e78aace102f7ff0f472b2861","status":33,"value":{"message":"session not created: This version of ChromeDriver only supports Chrome version 94\nCurrent browser version is 96.0.4664.45 with binary path C:\\Program Files (x86)\\Google\\Chrome\\Application\\chrome.exe\n  (Driver info: chromedriver=94.0.4606.61 (418b78f5838ed0b1c69bb4e51ea0252171854915-refs/branch-heads/4606@{#1204}),platform=Windows NT 10.0.19043 x86_64)"}}"
02:56:36.401 [Forwarding newSession on session null to remote] DEBUG org.apache.http.headers - http-outgoing-6 << HTTP/1.1 200 OK
02:56:36.401 [Forwarding newSession on session null to remote] DEBUG org.apache.http.headers - http-outgoing-6 << Content-Length:443
02:56:36.401 [Forwarding newSession on session null to remote] DEBUG org.apache.http.headers - http-outgoing-6 << Content-Type:application/json; charset=utf-8
02:56:36.401 [Forwarding newSession on session null to remote] DEBUG org.apache.http.impl.execchain.MainClientExec - Connection can be kept alive indefinitely
02:56:36.401 [Forwarding newSession on session null to remote] DEBUG org.apache.http.impl.conn.PoolingHttpClientConnectionManager - Connection [id: 6][route: {}->http://localhost:1646] can be kept alive indefinitely
02:56:36.401 [Forwarding newSession on session null to remote] DEBUG org.apache.http.impl.conn.PoolingHttpClientConnectionManager - Connection released: [id: 6][route: {}->http://localhost:1646][total kept alive: 7; route allocated: 1 of 2000; total allocated: 7 of 2000]
02:56:37.606 [Forwarding newSession on session null to remote] DEBUG org.apache.http.client.protocol.RequestAddCookies - CookieSpec selected: default
02:56:37.606 [Forwarding newSession on session null to remote] DEBUG org.apache.http.client.protocol.RequestAuthCache - Auth cache not set in the context
02:56:37.606 [Forwarding newSession on session null to remote] DEBUG org.apache.http.impl.conn.PoolingHttpClientConnectionManager - Connection request: [route: {}->http://localhost:32863][total kept alive: 7; route allocated: 0 of 2000; total allocated: 7 of 2000]
02:56:37.606 [Forwarding newSession on session null to remote] DEBUG org.apache.http.impl.conn.PoolingHttpClientConnectionManager - Connection leased: [id: 7][route: {}->http://localhost:32863][total kept alive: 7; route allocated: 1 of 2000; total allocated: 8 of 2000]
02:56:37.606 [Forwarding newSession on session null to remote] DEBUG org.apache.http.impl.execchain.MainClientExec - Opening connection {}->http://localhost:32863
02:56:37.606 [Forwarding newSession on session null to remote] DEBUG org.apache.http.impl.conn.DefaultHttpClientConnectionOperator - Connecting to localhost/127.0.0.1:32863
02:56:37.606 [Forwarding newSession on session null to remote] DEBUG org.apache.http.impl.conn.DefaultHttpClientConnectionOperator - Connection established 127.0.0.1:56291<->127.0.0.1:32863
02:56:37.607 [Forwarding newSession on session null to remote] DEBUG org.apache.http.impl.conn.DefaultManagedHttpClientConnection - http-outgoing-7: set socket timeout to 10800000
02:56:37.607 [Forwarding newSession on session null to remote] DEBUG org.apache.http.impl.execchain.MainClientExec - Executing request POST /session HTTP/1.1
02:56:37.608 [Forwarding newSession on session null to remote] DEBUG org.apache.http.impl.execchain.MainClientExec - Target auth state: UNCHALLENGED
02:56:37.608 [Forwarding newSession on session null to remote] DEBUG org.apache.http.impl.execchain.MainClientExec - Proxy auth state: UNCHALLENGED
02:56:37.609 [Forwarding newSession on session null to remote] DEBUG org.apache.http.headers - http-outgoing-7 >> POST /session HTTP/1.1
02:56:37.609 [Forwarding newSession on session null to remote] DEBUG org.apache.http.headers - http-outgoing-7 >> Content-Type: application/json; charset=utf-8
02:56:37.609 [Forwarding newSession on session null to remote] DEBUG org.apache.http.headers - http-outgoing-7 >> Content-Length: 141
02:56:37.609 [Forwarding newSession on session null to remote] DEBUG org.apache.http.headers - http-outgoing-7 >> Host: localhost:32863
02:56:37.609 [Forwarding newSession on session null to remote] DEBUG org.apache.http.headers - http-outgoing-7 >> Connection: Keep-Alive
02:56:37.609 [Forwarding newSession on session null to remote] DEBUG org.apache.http.headers - http-outgoing-7 >> User-Agent: Apache-HttpClient/4.5.2 (Java/1.8.0_162)
02:56:37.609 [Forwarding newSession on session null to remote] DEBUG org.apache.http.headers - http-outgoing-7 >> Accept-Encoding: gzip,deflate
02:56:37.609 [Forwarding newSession on session null to remote] DEBUG org.apache.http.wire - http-outgoing-7 >> "POST /session HTTP/1.1[\r][\n]"
02:56:37.609 [Forwarding newSession on session null to remote] DEBUG org.apache.http.wire - http-outgoing-7 >> "Content-Type: application/json; charset=utf-8[\r][\n]"
02:56:37.609 [Forwarding newSession on session null to remote] DEBUG org.apache.http.wire - http-outgoing-7 >> "Content-Length: 141[\r][\n]"
02:56:37.609 [Forwarding newSession on session null to remote] DEBUG org.apache.http.wire - http-outgoing-7 >> "Host: localhost:32863[\r][\n]"
02:56:37.609 [Forwarding newSession on session null to remote] DEBUG org.apache.http.wire - http-outgoing-7 >> "Connection: Keep-Alive[\r][\n]"
02:56:37.609 [Forwarding newSession on session null to remote] DEBUG org.apache.http.wire - http-outgoing-7 >> "User-Agent: Apache-HttpClient/4.5.2 (Java/1.8.0_162)[\r][\n]"
02:56:37.609 [Forwarding newSession on session null to remote] DEBUG org.apache.http.wire - http-outgoing-7 >> "Accept-Encoding: gzip,deflate[\r][\n]"
02:56:37.609 [Forwarding newSession on session null to remote] DEBUG org.apache.http.wire - http-outgoing-7 >> "[\r][\n]"
02:56:37.609 [Forwarding newSession on session null to remote] DEBUG org.apache.http.wire - http-outgoing-7 >> "{"desiredCapabilities":{"browserName":"chrome","chromeOptions":{"args":["--start-maximized"],"extensions":[]},"version":"","platform":"ANY"}}"
02:56:38.402 [Forwarding newSession on session null to remote] DEBUG org.apache.http.wire - http-outgoing-7 << "HTTP/1.1 200 OK[\r][\n]"
02:56:38.402 [Forwarding newSession on session null to remote] DEBUG org.apache.http.wire - http-outgoing-7 << "Content-Length:443[\r][\n]"
02:56:38.402 [Forwarding newSession on session null to remote] DEBUG org.apache.http.wire - http-outgoing-7 << "Content-Type:application/json; charset=utf-8[\r][\n]"
02:56:38.402 [Forwarding newSession on session null to remote] DEBUG org.apache.http.wire - http-outgoing-7 << "[\r][\n]"
02:56:38.402 [Forwarding newSession on session null to remote] DEBUG org.apache.http.wire - http-outgoing-7 << "{"sessionId":"f93d936a658807954a92f701231b8e98","status":33,"value":{"message":"session not created: This version of ChromeDriver only supports Chrome version 94\nCurrent browser version is 96.0.4664.45 with binary path C:\\Program Files (x86)\\Google\\Chrome\\Application\\chrome.exe\n  (Driver info: chromedriver=94.0.4606.61 (418b78f5838ed0b1c69bb4e51ea0252171854915-refs/branch-heads/4606@{#1204}),platform=Windows NT 10.0.19043 x86_64)"}}"
02:56:38.402 [Forwarding newSession on session null to remote] DEBUG org.apache.http.headers - http-outgoing-7 << HTTP/1.1 200 OK
02:56:38.402 [Forwarding newSession on session null to remote] DEBUG org.apache.http.headers - http-outgoing-7 << Content-Length:443
02:56:38.402 [Forwarding newSession on session null to remote] DEBUG org.apache.http.headers - http-outgoing-7 << Content-Type:application/json; charset=utf-8
02:56:38.402 [Forwarding newSession on session null to remote] DEBUG org.apache.http.impl.execchain.MainClientExec - Connection can be kept alive indefinitely
02:56:38.402 [Forwarding newSession on session null to remote] DEBUG org.apache.http.impl.conn.PoolingHttpClientConnectionManager - Connection [id: 7][route: {}->http://localhost:32863] can be kept alive indefinitely
02:56:38.402 [Forwarding newSession on session null to remote] DEBUG org.apache.http.impl.conn.PoolingHttpClientConnectionManager - Connection released: [id: 7][route: {}->http://localhost:32863][total kept alive: 8; route allocated: 1 of 2000; total allocated: 8 of 2000]
02:56:39.623 [Forwarding newSession on session null to remote] DEBUG org.apache.http.client.protocol.RequestAddCookies - CookieSpec selected: default
02:56:39.623 [Forwarding newSession on session null to remote] DEBUG org.apache.http.client.protocol.RequestAuthCache - Auth cache not set in the context
02:56:39.623 [Forwarding newSession on session null to remote] DEBUG org.apache.http.impl.conn.PoolingHttpClientConnectionManager - Connection request: [route: {}->http://localhost:20624][total kept alive: 8; route allocated: 0 of 2000; total allocated: 8 of 2000]
02:56:39.623 [Forwarding newSession on session null to remote] DEBUG org.apache.http.impl.conn.PoolingHttpClientConnectionManager - Connection leased: [id: 8][route: {}->http://localhost:20624][total kept alive: 8; route allocated: 1 of 2000; total allocated: 9 of 2000]
02:56:39.623 [Forwarding newSession on session null to remote] DEBUG org.apache.http.impl.execchain.MainClientExec - Opening connection {}->http://localhost:20624
02:56:39.623 [Forwarding newSession on session null to remote] DEBUG org.apache.http.impl.conn.DefaultHttpClientConnectionOperator - Connecting to localhost/127.0.0.1:20624
02:56:39.623 [Forwarding newSession on session null to remote] DEBUG org.apache.http.impl.conn.DefaultHttpClientConnectionOperator - Connection established 127.0.0.1:51316<->127.0.0.1:20624
02:56:39.623 [Forwarding newSession on session null to remote] DEBUG org.apache.http.impl.conn.DefaultManagedHttpClientConnection - http-outgoing-8: set socket timeout to 10800000
02:56:39.623 [Forwarding newSession on session null to remote] DEBUG org.apache.http.impl.execchain.MainClientExec - Executing request POST /session HTTP/1.1
02:56:39.623 [Forwarding newSession on session null to remote] DEBUG org.apache.http.impl.execchain.MainClientExec - Target auth state: UNCHALLENGED
02:56:39.623 [Forwarding newSession on session null to remote] DEBUG org.apache.http.impl.execchain.MainClientExec - Proxy auth state: UNCHALLENGED
02:56:39.623 [Forwarding newSession on session null to remote] DEBUG org.apache.http.headers - http-outgoing-8 >> POST /session HTTP/1.1
02:56:39.623 [Forwarding newSession on session null to remote] DEBUG org.apache.http.headers - http-outgoing-8 >> Content-Type: application/json; charset=utf-8
02:56:39.623 [Forwarding newSession on session null to remote] DEBUG org.apache.http.headers - http-outgoing-8 >> Content-Length: 141
02:56:39.623 [Forwarding newSession on session null to remote] DEBUG org.apache.http.headers - http-outgoing-8 >> Host: localhost:20624
02:56:39.624 [Forwarding newSession on session null to remote] DEBUG org.apache.http.headers - http-outgoing-8 >> Connection: Keep-Alive
02:56:39.624 [Forwarding newSession on session null to remote] DEBUG org.apache.http.headers - http-outgoing-8 >> User-Agent: Apache-HttpClient/4.5.2 (Java/1.8.0_162)
02:56:39.624 [Forwarding newSession on session null to remote] DEBUG org.apache.http.headers - http-outgoing-8 >> Accept-Encoding: gzip,deflate
02:56:39.624 [Forwarding newSession on session null to remote] DEBUG org.apache.http.wire - http-outgoing-8 >> "POST /session HTTP/1.1[\r][\n]"
02:56:39.624 [Forwarding newSession on session null to remote] DEBUG org.apache.http.wire - http-outgoing-8 >> "Content-Type: application/json; charset=utf-8[\r][\n]"
02:56:39.624 [Forwarding newSession on session null to remote] DEBUG org.apache.http.wire - http-outgoing-8 >> "Content-Length: 141[\r][\n]"
02:56:39.624 [Forwarding newSession on session null to remote] DEBUG org.apache.http.wire - http-outgoing-8 >> "Host: localhost:20624[\r][\n]"
02:56:39.624 [Forwarding newSession on session null to remote] DEBUG org.apache.http.wire - http-outgoing-8 >> "Connection: Keep-Alive[\r][\n]"
02:56:39.624 [Forwarding newSession on session null to remote] DEBUG org.apache.http.wire - http-outgoing-8 >> "User-Agent: Apache-HttpClient/4.5.2 (Java/1.8.0_162)[\r][\n]"
02:56:39.624 [Forwarding newSession on session null to remote] DEBUG org.apache.http.wire - http-outgoing-8 >> "Accept-Encoding: gzip,deflate[\r][\n]"
02:56:39.624 [Forwarding newSession on session null to remote] DEBUG org.apache.http.wire - http-outgoing-8 >> "[\r][\n]"
02:56:39.624 [Forwarding newSession on session null to remote] DEBUG org.apache.http.wire - http-outgoing-8 >> "{"desiredCapabilities":{"browserName":"chrome","chromeOptions":{"args":["--start-maximized"],"extensions":[]},"version":"","platform":"ANY"}}"
02:56:40.388 [Forwarding newSession on session null to remote] DEBUG org.apache.http.wire - http-outgoing-8 << "HTTP/1.1 200 OK[\r][\n]"
02:56:40.388 [Forwarding newSession on session null to remote] DEBUG org.apache.http.wire - http-outgoing-8 << "Content-Length:443[\r][\n]"
02:56:40.388 [Forwarding newSession on session null to remote] DEBUG org.apache.http.wire - http-outgoing-8 << "Content-Type:application/json; charset=utf-8[\r][\n]"
02:56:40.388 [Forwarding newSession on session null to remote] DEBUG org.apache.http.wire - http-outgoing-8 << "[\r][\n]"
02:56:40.388 [Forwarding newSession on session null to remote] DEBUG org.apache.http.wire - http-outgoing-8 << "{"sessionId":"2badb40e51adaa2e2d18c51c7deb3a67","status":33,"value":{"message":"session not created: This version of ChromeDriver only supports Chrome version 94\nCurrent browser version is 96.0.4664.45 with binary path C:\\Program Files (x86)\\Google\\Chrome\\Application\\chrome.exe\n  (Driver info: chromedriver=94.0.4606.61 (418b78f5838ed0b1c69bb4e51ea0252171854915-refs/branch-heads/4606@{#1204}),platform=Windows NT 10.0.19043 x86_64)"}}"
02:56:40.388 [Forwarding newSession on session null to remote] DEBUG org.apache.http.headers - http-outgoing-8 << HTTP/1.1 200 OK
02:56:40.388 [Forwarding newSession on session null to remote] DEBUG org.apache.http.headers - http-outgoing-8 << Content-Length:443
02:56:40.388 [Forwarding newSession on session null to remote] DEBUG org.apache.http.headers - http-outgoing-8 << Content-Type:application/json; charset=utf-8
02:56:40.388 [Forwarding newSession on session null to remote] DEBUG org.apache.http.impl.execchain.MainClientExec - Connection can be kept alive indefinitely
02:56:40.389 [Forwarding newSession on session null to remote] DEBUG org.apache.http.impl.conn.PoolingHttpClientConnectionManager - Connection [id: 8][route: {}->http://localhost:20624] can be kept alive indefinitely
02:56:40.389 [Forwarding newSession on session null to remote] DEBUG org.apache.http.impl.conn.PoolingHttpClientConnectionManager - Connection released: [id: 8][route: {}->http://localhost:20624][total kept alive: 9; route allocated: 1 of 2000; total allocated: 9 of 2000]
02:56:41.579 [Forwarding newSession on session null to remote] DEBUG org.apache.http.client.protocol.RequestAddCookies - CookieSpec selected: default
02:56:41.579 [Forwarding newSession on session null to remote] DEBUG org.apache.http.client.protocol.RequestAuthCache - Auth cache not set in the context
02:56:41.579 [Forwarding newSession on session null to remote] DEBUG org.apache.http.impl.conn.PoolingHttpClientConnectionManager - Connection request: [route: {}->http://localhost:35808][total kept alive: 9; route allocated: 0 of 2000; total allocated: 9 of 2000]
02:56:41.579 [Forwarding newSession on session null to remote] DEBUG org.apache.http.impl.conn.PoolingHttpClientConnectionManager - Connection leased: [id: 9][route: {}->http://localhost:35808][total kept alive: 9; route allocated: 1 of 2000; total allocated: 10 of 2000]
02:56:41.579 [Forwarding newSession on session null to remote] DEBUG org.apache.http.impl.execchain.MainClientExec - Opening connection {}->http://localhost:35808
02:56:41.579 [Forwarding newSession on session null to remote] DEBUG org.apache.http.impl.conn.DefaultHttpClientConnectionOperator - Connecting to localhost/127.0.0.1:35808
02:56:41.579 [Forwarding newSession on session null to remote] DEBUG org.apache.http.impl.conn.DefaultHttpClientConnectionOperator - Connection established 127.0.0.1:50496<->127.0.0.1:35808
02:56:41.579 [Forwarding newSession on session null to remote] DEBUG org.apache.http.impl.conn.DefaultManagedHttpClientConnection - http-outgoing-9: set socket timeout to 10800000
02:56:41.579 [Forwarding newSession on session null to remote] DEBUG org.apache.http.impl.execchain.MainClientExec - Executing request POST /session HTTP/1.1
02:56:41.579 [Forwarding newSession on session null to remote] DEBUG org.apache.http.impl.execchain.MainClientExec - Target auth state: UNCHALLENGED
02:56:41.580 [Forwarding newSession on session null to remote] DEBUG org.apache.http.impl.execchain.MainClientExec - Proxy auth state: UNCHALLENGED
02:56:41.580 [Forwarding newSession on session null to remote] DEBUG org.apache.http.headers - http-outgoing-9 >> POST /session HTTP/1.1
02:56:41.580 [Forwarding newSession on session null to remote] DEBUG org.apache.http.headers - http-outgoing-9 >> Content-Type: application/json; charset=utf-8
02:56:41.580 [Forwarding newSession on session null to remote] DEBUG org.apache.http.headers - http-outgoing-9 >> Content-Length: 141
02:56:41.580 [Forwarding newSession on session null to remote] DEBUG org.apache.http.headers - http-outgoing-9 >> Host: localhost:35808
02:56:41.580 [Forwarding newSession on session null to remote] DEBUG org.apache.http.headers - http-outgoing-9 >> Connection: Keep-Alive
02:56:41.580 [Forwarding newSession on session null to remote] DEBUG org.apache.http.headers - http-outgoing-9 >> User-Agent: Apache-HttpClient/4.5.2 (Java/1.8.0_162)
02:56:41.580 [Forwarding newSession on session null to remote] DEBUG org.apache.http.headers - http-outgoing-9 >> Accept-Encoding: gzip,deflate
02:56:41.580 [Forwarding newSession on session null to remote] DEBUG org.apache.http.wire - http-outgoing-9 >> "POST /session HTTP/1.1[\r][\n]"
02:56:41.580 [Forwarding newSession on session null to remote] DEBUG org.apache.http.wire - http-outgoing-9 >> "Content-Type: application/json; charset=utf-8[\r][\n]"
02:56:41.580 [Forwarding newSession on session null to remote] DEBUG org.apache.http.wire - http-outgoing-9 >> "Content-Length: 141[\r][\n]"
02:56:41.580 [Forwarding newSession on session null to remote] DEBUG org.apache.http.wire - http-outgoing-9 >> "Host: localhost:35808[\r][\n]"
02:56:41.580 [Forwarding newSession on session null to remote] DEBUG org.apache.http.wire - http-outgoing-9 >> "Connection: Keep-Alive[\r][\n]"
02:56:41.580 [Forwarding newSession on session null to remote] DEBUG org.apache.http.wire - http-outgoing-9 >> "User-Agent: Apache-HttpClient/4.5.2 (Java/1.8.0_162)[\r][\n]"
02:56:41.580 [Forwarding newSession on session null to remote] DEBUG org.apache.http.wire - http-outgoing-9 >> "Accept-Encoding: gzip,deflate[\r][\n]"
02:56:41.580 [Forwarding newSession on session null to remote] DEBUG org.apache.http.wire - http-outgoing-9 >> "[\r][\n]"
02:56:41.580 [Forwarding newSession on session null to remote] DEBUG org.apache.http.wire - http-outgoing-9 >> "{"desiredCapabilities":{"browserName":"chrome","chromeOptions":{"args":["--start-maximized"],"extensions":[]},"version":"","platform":"ANY"}}"
02:56:42.575 [Forwarding newSession on session null to remote] DEBUG org.apache.http.wire - http-outgoing-9 << "HTTP/1.1 200 OK[\r][\n]"
02:56:42.575 [Forwarding newSession on session null to remote] DEBUG org.apache.http.wire - http-outgoing-9 << "Content-Length:443[\r][\n]"
02:56:42.575 [Forwarding newSession on session null to remote] DEBUG org.apache.http.wire - http-outgoing-9 << "Content-Type:application/json; charset=utf-8[\r][\n]"
02:56:42.575 [Forwarding newSession on session null to remote] DEBUG org.apache.http.wire - http-outgoing-9 << "[\r][\n]"
02:56:42.575 [Forwarding newSession on session null to remote] DEBUG org.apache.http.wire - http-outgoing-9 << "{"sessionId":"370fe0364ac750ee75f5169d94b801ae","status":33,"value":{"message":"session not created: This version of ChromeDriver only supports Chrome version 94\nCurrent browser version is 96.0.4664.45 with binary path C:\\Program Files (x86)\\Google\\Chrome\\Application\\chrome.exe\n  (Driver info: chromedriver=94.0.4606.61 (418b78f5838ed0b1c69bb4e51ea0252171854915-refs/branch-heads/4606@{#1204}),platform=Windows NT 10.0.19043 x86_64)"}}"
02:56:42.575 [Forwarding newSession on session null to remote] DEBUG org.apache.http.headers - http-outgoing-9 << HTTP/1.1 200 OK
02:56:42.575 [Forwarding newSession on session null to remote] DEBUG org.apache.http.headers - http-outgoing-9 << Content-Length:443
02:56:42.575 [Forwarding newSession on session null to remote] DEBUG org.apache.http.headers - http-outgoing-9 << Content-Type:application/json; charset=utf-8
02:56:42.575 [Forwarding newSession on session null to remote] DEBUG org.apache.http.impl.execchain.MainClientExec - Connection can be kept alive indefinitely
02:56:42.575 [Forwarding newSession on session null to remote] DEBUG org.apache.http.impl.conn.PoolingHttpClientConnectionManager - Connection [id: 9][route: {}->http://localhost:35808] can be kept alive indefinitely
02:56:42.575 [Forwarding newSession on session null to remote] DEBUG org.apache.http.impl.conn.PoolingHttpClientConnectionManager - Connection released: [id: 9][route: {}->http://localhost:35808][total kept alive: 10; route allocated: 1 of 2000; total allocated: 10 of 2000]
02:56:43.708 [Forwarding newSession on session null to remote] DEBUG org.apache.http.client.protocol.RequestAddCookies - CookieSpec selected: default
02:56:43.708 [Forwarding newSession on session null to remote] DEBUG org.apache.http.client.protocol.RequestAuthCache - Auth cache not set in the context
02:56:43.708 [Forwarding newSession on session null to remote] DEBUG org.apache.http.impl.conn.PoolingHttpClientConnectionManager - Connection request: [route: {}->http://localhost:15305][total kept alive: 10; route allocated: 0 of 2000; total allocated: 10 of 2000]
02:56:43.708 [Forwarding newSession on session null to remote] DEBUG org.apache.http.impl.conn.PoolingHttpClientConnectionManager - Connection leased: [id: 10][route: {}->http://localhost:15305][total kept alive: 10; route allocated: 1 of 2000; total allocated: 11 of 2000]
02:56:43.708 [Forwarding newSession on session null to remote] DEBUG org.apache.http.impl.execchain.MainClientExec - Opening connection {}->http://localhost:15305
02:56:43.708 [Forwarding newSession on session null to remote] DEBUG org.apache.http.impl.conn.DefaultHttpClientConnectionOperator - Connecting to localhost/127.0.0.1:15305
02:56:43.709 [Forwarding newSession on session null to remote] DEBUG org.apache.http.impl.conn.DefaultHttpClientConnectionOperator - Connection established 127.0.0.1:58629<->127.0.0.1:15305
02:56:43.709 [Forwarding newSession on session null to remote] DEBUG org.apache.http.impl.conn.DefaultManagedHttpClientConnection - http-outgoing-10: set socket timeout to 10800000
02:56:43.709 [Forwarding newSession on session null to remote] DEBUG org.apache.http.impl.execchain.MainClientExec - Executing request POST /session HTTP/1.1
02:56:43.709 [Forwarding newSession on session null to remote] DEBUG org.apache.http.impl.execchain.MainClientExec - Target auth state: UNCHALLENGED
02:56:43.709 [Forwarding newSession on session null to remote] DEBUG org.apache.http.impl.execchain.MainClientExec - Proxy auth state: UNCHALLENGED
02:56:43.709 [Forwarding newSession on session null to remote] DEBUG org.apache.http.headers - http-outgoing-10 >> POST /session HTTP/1.1
02:56:43.709 [Forwarding newSession on session null to remote] DEBUG org.apache.http.headers - http-outgoing-10 >> Content-Type: application/json; charset=utf-8
02:56:43.709 [Forwarding newSession on session null to remote] DEBUG org.apache.http.headers - http-outgoing-10 >> Content-Length: 141
02:56:43.709 [Forwarding newSession on session null to remote] DEBUG org.apache.http.headers - http-outgoing-10 >> Host: localhost:15305
02:56:43.709 [Forwarding newSession on session null to remote] DEBUG org.apache.http.headers - http-outgoing-10 >> Connection: Keep-Alive
02:56:43.709 [Forwarding newSession on session null to remote] DEBUG org.apache.http.headers - http-outgoing-10 >> User-Agent: Apache-HttpClient/4.5.2 (Java/1.8.0_162)
02:56:43.709 [Forwarding newSession on session null to remote] DEBUG org.apache.http.headers - http-outgoing-10 >> Accept-Encoding: gzip,deflate
02:56:43.709 [Forwarding newSession on session null to remote] DEBUG org.apache.http.wire - http-outgoing-10 >> "POST /session HTTP/1.1[\r][\n]"
02:56:43.709 [Forwarding newSession on session null to remote] DEBUG org.apache.http.wire - http-outgoing-10 >> "Content-Type: application/json; charset=utf-8[\r][\n]"
02:56:43.709 [Forwarding newSession on session null to remote] DEBUG org.apache.http.wire - http-outgoing-10 >> "Content-Length: 141[\r][\n]"
02:56:43.709 [Forwarding newSession on session null to remote] DEBUG org.apache.http.wire - http-outgoing-10 >> "Host: localhost:15305[\r][\n]"
02:56:43.709 [Forwarding newSession on session null to remote] DEBUG org.apache.http.wire - http-outgoing-10 >> "Connection: Keep-Alive[\r][\n]"
02:56:43.709 [Forwarding newSession on session null to remote] DEBUG org.apache.http.wire - http-outgoing-10 >> "User-Agent: Apache-HttpClient/4.5.2 (Java/1.8.0_162)[\r][\n]"
02:56:43.709 [Forwarding newSession on session null to remote] DEBUG org.apache.http.wire - http-outgoing-10 >> "Accept-Encoding: gzip,deflate[\r][\n]"
02:56:43.709 [Forwarding newSession on session null to remote] DEBUG org.apache.http.wire - http-outgoing-10 >> "[\r][\n]"
02:56:43.709 [Forwarding newSession on session null to remote] DEBUG org.apache.http.wire - http-outgoing-10 >> "{"desiredCapabilities":{"browserName":"chrome","chromeOptions":{"args":["--start-maximized"],"extensions":[]},"version":"","platform":"ANY"}}"
02:56:44.576 [Forwarding newSession on session null to remote] DEBUG org.apache.http.wire - http-outgoing-10 << "HTTP/1.1 200 OK[\r][\n]"
02:56:44.577 [Forwarding newSession on session null to remote] DEBUG org.apache.http.wire - http-outgoing-10 << "Content-Length:443[\r][\n]"
02:56:44.577 [Forwarding newSession on session null to remote] DEBUG org.apache.http.wire - http-outgoing-10 << "Content-Type:application/json; charset=utf-8[\r][\n]"
02:56:44.577 [Forwarding newSession on session null to remote] DEBUG org.apache.http.wire - http-outgoing-10 << "[\r][\n]"
02:56:44.577 [Forwarding newSession on session null to remote] DEBUG org.apache.http.wire - http-outgoing-10 << "{"sessionId":"8b0b80dde74d24599bfc82718b9c062d","status":33,"value":{"message":"session not created: This version of ChromeDriver only supports Chrome version 94\nCurrent browser version is 96.0.4664.45 with binary path C:\\Program Files (x86)\\Google\\Chrome\\Application\\chrome.exe\n  (Driver info: chromedriver=94.0.4606.61 (418b78f5838ed0b1c69bb4e51ea0252171854915-refs/branch-heads/4606@{#1204}),platform=Windows NT 10.0.19043 x86_64)"}}"
02:56:44.577 [Forwarding newSession on session null to remote] DEBUG org.apache.http.headers - http-outgoing-10 << HTTP/1.1 200 OK
02:56:44.577 [Forwarding newSession on session null to remote] DEBUG org.apache.http.headers - http-outgoing-10 << Content-Length:443
02:56:44.577 [Forwarding newSession on session null to remote] DEBUG org.apache.http.headers - http-outgoing-10 << Content-Type:application/json; charset=utf-8
02:56:44.577 [Forwarding newSession on session null to remote] DEBUG org.apache.http.impl.execchain.MainClientExec - Connection can be kept alive indefinitely
02:56:44.577 [Forwarding newSession on session null to remote] DEBUG org.apache.http.impl.conn.PoolingHttpClientConnectionManager - Connection [id: 10][route: {}->http://localhost:15305] can be kept alive indefinitely
02:56:44.577 [Forwarding newSession on session null to remote] DEBUG org.apache.http.impl.conn.PoolingHttpClientConnectionManager - Connection released: [id: 10][route: {}->http://localhost:15305][total kept alive: 11; route allocated: 1 of 2000; total allocated: 11 of 2000]
02:56:45.799 [Forwarding newSession on session null to remote] DEBUG org.apache.http.client.protocol.RequestAddCookies - CookieSpec selected: default
02:56:45.800 [Forwarding newSession on session null to remote] DEBUG org.apache.http.client.protocol.RequestAuthCache - Auth cache not set in the context
02:56:45.801 [Forwarding newSession on session null to remote] DEBUG org.apache.http.impl.conn.PoolingHttpClientConnectionManager - Connection request: [route: {}->http://localhost:9959][total kept alive: 11; route allocated: 0 of 2000; total allocated: 11 of 2000]
02:56:45.801 [Forwarding newSession on session null to remote] DEBUG org.apache.http.impl.conn.PoolingHttpClientConnectionManager - Connection leased: [id: 11][route: {}->http://localhost:9959][total kept alive: 11; route allocated: 1 of 2000; total allocated: 12 of 2000]
02:56:45.801 [Forwarding newSession on session null to remote] DEBUG org.apache.http.impl.execchain.MainClientExec - Opening connection {}->http://localhost:9959
02:56:45.801 [Forwarding newSession on session null to remote] DEBUG org.apache.http.impl.conn.DefaultHttpClientConnectionOperator - Connecting to localhost/127.0.0.1:9959
02:56:45.801 [Forwarding newSession on session null to remote] DEBUG org.apache.http.impl.conn.DefaultHttpClientConnectionOperator - Connection established 127.0.0.1:57519<->127.0.0.1:9959
02:56:45.801 [Forwarding newSession on session null to remote] DEBUG org.apache.http.impl.conn.DefaultManagedHttpClientConnection - http-outgoing-11: set socket timeout to 10800000
02:56:45.801 [Forwarding newSession on session null to remote] DEBUG org.apache.http.impl.execchain.MainClientExec - Executing request POST /session HTTP/1.1
02:56:45.801 [Forwarding newSession on session null to remote] DEBUG org.apache.http.impl.execchain.MainClientExec - Target auth state: UNCHALLENGED
02:56:45.801 [Forwarding newSession on session null to remote] DEBUG org.apache.http.impl.execchain.MainClientExec - Proxy auth state: UNCHALLENGED
02:56:45.801 [Forwarding newSession on session null to remote] DEBUG org.apache.http.headers - http-outgoing-11 >> POST /session HTTP/1.1
02:56:45.801 [Forwarding newSession on session null to remote] DEBUG org.apache.http.headers - http-outgoing-11 >> Content-Type: application/json; charset=utf-8
02:56:45.801 [Forwarding newSession on session null to remote] DEBUG org.apache.http.headers - http-outgoing-11 >> Content-Length: 141
02:56:45.801 [Forwarding newSession on session null to remote] DEBUG org.apache.http.headers - http-outgoing-11 >> Host: localhost:9959
02:56:45.801 [Forwarding newSession on session null to remote] DEBUG org.apache.http.headers - http-outgoing-11 >> Connection: Keep-Alive
02:56:45.801 [Forwarding newSession on session null to remote] DEBUG org.apache.http.headers - http-outgoing-11 >> User-Agent: Apache-HttpClient/4.5.2 (Java/1.8.0_162)
02:56:45.801 [Forwarding newSession on session null to remote] DEBUG org.apache.http.headers - http-outgoing-11 >> Accept-Encoding: gzip,deflate
02:56:45.801 [Forwarding newSession on session null to remote] DEBUG org.apache.http.wire - http-outgoing-11 >> "POST /session HTTP/1.1[\r][\n]"
02:56:45.801 [Forwarding newSession on session null to remote] DEBUG org.apache.http.wire - http-outgoing-11 >> "Content-Type: application/json; charset=utf-8[\r][\n]"
02:56:45.801 [Forwarding newSession on session null to remote] DEBUG org.apache.http.wire - http-outgoing-11 >> "Content-Length: 141[\r][\n]"
02:56:45.801 [Forwarding newSession on session null to remote] DEBUG org.apache.http.wire - http-outgoing-11 >> "Host: localhost:9959[\r][\n]"
02:56:45.801 [Forwarding newSession on session null to remote] DEBUG org.apache.http.wire - http-outgoing-11 >> "Connection: Keep-Alive[\r][\n]"
02:56:45.801 [Forwarding newSession on session null to remote] DEBUG org.apache.http.wire - http-outgoing-11 >> "User-Agent: Apache-HttpClient/4.5.2 (Java/1.8.0_162)[\r][\n]"
02:56:45.802 [Forwarding newSession on session null to remote] DEBUG org.apache.http.wire - http-outgoing-11 >> "Accept-Encoding: gzip,deflate[\r][\n]"
02:56:45.802 [Forwarding newSession on session null to remote] DEBUG org.apache.http.wire - http-outgoing-11 >> "[\r][\n]"
02:56:45.802 [Forwarding newSession on session null to remote] DEBUG org.apache.http.wire - http-outgoing-11 >> "{"desiredCapabilities":{"browserName":"chrome","chromeOptions":{"args":["--start-maximized"],"extensions":[]},"version":"","platform":"ANY"}}"
02:56:46.477 [Forwarding newSession on session null to remote] DEBUG org.apache.http.wire - http-outgoing-11 << "HTTP/1.1 200 OK[\r][\n]"
02:56:46.477 [Forwarding newSession on session null to remote] DEBUG org.apache.http.wire - http-outgoing-11 << "Content-Length:443[\r][\n]"
02:56:46.477 [Forwarding newSession on session null to remote] DEBUG org.apache.http.wire - http-outgoing-11 << "Content-Type:application/json; charset=utf-8[\r][\n]"
02:56:46.477 [Forwarding newSession on session null to remote] DEBUG org.apache.http.wire - http-outgoing-11 << "[\r][\n]"
02:56:46.477 [Forwarding newSession on session null to remote] DEBUG org.apache.http.wire - http-outgoing-11 << "{"sessionId":"9b58ff9eb86934cc308a8bab4eda822d","status":33,"value":{"message":"session not created: This version of ChromeDriver only supports Chrome version 94\nCurrent browser version is 96.0.4664.45 with binary path C:\\Program Files (x86)\\Google\\Chrome\\Application\\chrome.exe\n  (Driver info: chromedriver=94.0.4606.61 (418b78f5838ed0b1c69bb4e51ea0252171854915-refs/branch-heads/4606@{#1204}),platform=Windows NT 10.0.19043 x86_64)"}}"
02:56:46.477 [Forwarding newSession on session null to remote] DEBUG org.apache.http.headers - http-outgoing-11 << HTTP/1.1 200 OK
02:56:46.477 [Forwarding newSession on session null to remote] DEBUG org.apache.http.headers - http-outgoing-11 << Content-Length:443
02:56:46.477 [Forwarding newSession on session null to remote] DEBUG org.apache.http.headers - http-outgoing-11 << Content-Type:application/json; charset=utf-8
02:56:46.477 [Forwarding newSession on session null to remote] DEBUG org.apache.http.impl.execchain.MainClientExec - Connection can be kept alive indefinitely
02:56:46.478 [Forwarding newSession on session null to remote] DEBUG org.apache.http.impl.conn.PoolingHttpClientConnectionManager - Connection [id: 11][route: {}->http://localhost:9959] can be kept alive indefinitely
02:56:46.478 [Forwarding newSession on session null to remote] DEBUG org.apache.http.impl.conn.PoolingHttpClientConnectionManager - Connection released: [id: 11][route: {}->http://localhost:9959][total kept alive: 12; route allocated: 1 of 2000; total allocated: 12 of 2000]
02:56:47.668 [Forwarding newSession on session null to remote] DEBUG org.apache.http.client.protocol.RequestAddCookies - CookieSpec selected: default
02:56:47.668 [Forwarding newSession on session null to remote] DEBUG org.apache.http.client.protocol.RequestAuthCache - Auth cache not set in the context
02:56:47.668 [Forwarding newSession on session null to remote] DEBUG org.apache.http.impl.conn.PoolingHttpClientConnectionManager - Connection request: [route: {}->http://localhost:11040][total kept alive: 12; route allocated: 0 of 2000; total allocated: 12 of 2000]
02:56:47.669 [Forwarding newSession on session null to remote] DEBUG org.apache.http.impl.conn.PoolingHttpClientConnectionManager - Connection leased: [id: 12][route: {}->http://localhost:11040][total kept alive: 12; route allocated: 1 of 2000; total allocated: 13 of 2000]
02:56:47.669 [Forwarding newSession on session null to remote] DEBUG org.apache.http.impl.execchain.MainClientExec - Opening connection {}->http://localhost:11040
02:56:47.669 [Forwarding newSession on session null to remote] DEBUG org.apache.http.impl.conn.DefaultHttpClientConnectionOperator - Connecting to localhost/127.0.0.1:11040
02:56:47.669 [Forwarding newSession on session null to remote] DEBUG org.apache.http.impl.conn.DefaultHttpClientConnectionOperator - Connection established 127.0.0.1:52632<->127.0.0.1:11040
02:56:47.669 [Forwarding newSession on session null to remote] DEBUG org.apache.http.impl.conn.DefaultManagedHttpClientConnection - http-outgoing-12: set socket timeout to 10800000
02:56:47.669 [Forwarding newSession on session null to remote] DEBUG org.apache.http.impl.execchain.MainClientExec - Executing request POST /session HTTP/1.1
02:56:47.669 [Forwarding newSession on session null to remote] DEBUG org.apache.http.impl.execchain.MainClientExec - Target auth state: UNCHALLENGED
02:56:47.669 [Forwarding newSession on session null to remote] DEBUG org.apache.http.impl.execchain.MainClientExec - Proxy auth state: UNCHALLENGED
02:56:47.669 [Forwarding newSession on session null to remote] DEBUG org.apache.http.headers - http-outgoing-12 >> POST /session HTTP/1.1
02:56:47.669 [Forwarding newSession on session null to remote] DEBUG org.apache.http.headers - http-outgoing-12 >> Content-Type: application/json; charset=utf-8
02:56:47.669 [Forwarding newSession on session null to remote] DEBUG org.apache.http.headers - http-outgoing-12 >> Content-Length: 141
02:56:47.669 [Forwarding newSession on session null to remote] DEBUG org.apache.http.headers - http-outgoing-12 >> Host: localhost:11040
02:56:47.669 [Forwarding newSession on session null to remote] DEBUG org.apache.http.headers - http-outgoing-12 >> Connection: Keep-Alive
02:56:47.669 [Forwarding newSession on session null to remote] DEBUG org.apache.http.headers - http-outgoing-12 >> User-Agent: Apache-HttpClient/4.5.2 (Java/1.8.0_162)
02:56:47.669 [Forwarding newSession on session null to remote] DEBUG org.apache.http.headers - http-outgoing-12 >> Accept-Encoding: gzip,deflate
02:56:47.669 [Forwarding newSession on session null to remote] DEBUG org.apache.http.wire - http-outgoing-12 >> "POST /session HTTP/1.1[\r][\n]"
02:56:47.669 [Forwarding newSession on session null to remote] DEBUG org.apache.http.wire - http-outgoing-12 >> "Content-Type: application/json; charset=utf-8[\r][\n]"
02:56:47.669 [Forwarding newSession on session null to remote] DEBUG org.apache.http.wire - http-outgoing-12 >> "Content-Length: 141[\r][\n]"
02:56:47.669 [Forwarding newSession on session null to remote] DEBUG org.apache.http.wire - http-outgoing-12 >> "Host: localhost:11040[\r][\n]"
02:56:47.669 [Forwarding newSession on session null to remote] DEBUG org.apache.http.wire - http-outgoing-12 >> "Connection: Keep-Alive[\r][\n]"
02:56:47.669 [Forwarding newSession on session null to remote] DEBUG org.apache.http.wire - http-outgoing-12 >> "User-Agent: Apache-HttpClient/4.5.2 (Java/1.8.0_162)[\r][\n]"
02:56:47.669 [Forwarding newSession on session null to remote] DEBUG org.apache.http.wire - http-outgoing-12 >> "Accept-Encoding: gzip,deflate[\r][\n]"
02:56:47.669 [Forwarding newSession on session null to remote] DEBUG org.apache.http.wire - http-outgoing-12 >> "[\r][\n]"
02:56:47.669 [Forwarding newSession on session null to remote] DEBUG org.apache.http.wire - http-outgoing-12 >> "{"desiredCapabilities":{"browserName":"chrome","chromeOptions":{"args":["--start-maximized"],"extensions":[]},"version":"","platform":"ANY"}}"
02:56:48.446 [Forwarding newSession on session null to remote] DEBUG org.apache.http.wire - http-outgoing-12 << "HTTP/1.1 200 OK[\r][\n]"
02:56:48.446 [Forwarding newSession on session null to remote] DEBUG org.apache.http.wire - http-outgoing-12 << "Content-Length:443[\r][\n]"
02:56:48.446 [Forwarding newSession on session null to remote] DEBUG org.apache.http.wire - http-outgoing-12 << "Content-Type:application/json; charset=utf-8[\r][\n]"
02:56:48.446 [Forwarding newSession on session null to remote] DEBUG org.apache.http.wire - http-outgoing-12 << "[\r][\n]"
02:56:48.446 [Forwarding newSession on session null to remote] DEBUG org.apache.http.wire - http-outgoing-12 << "{"sessionId":"9255b22c72eacbd9ea7f4b078e464e93","status":33,"value":{"message":"session not created: This version of ChromeDriver only supports Chrome version 94\nCurrent browser version is 96.0.4664.45 with binary path C:\\Program Files (x86)\\Google\\Chrome\\Application\\chrome.exe\n  (Driver info: chromedriver=94.0.4606.61 (418b78f5838ed0b1c69bb4e51ea0252171854915-refs/branch-heads/4606@{#1204}),platform=Windows NT 10.0.19043 x86_64)"}}"
02:56:48.446 [Forwarding newSession on session null to remote] DEBUG org.apache.http.headers - http-outgoing-12 << HTTP/1.1 200 OK
02:56:48.446 [Forwarding newSession on session null to remote] DEBUG org.apache.http.headers - http-outgoing-12 << Content-Length:443
02:56:48.446 [Forwarding newSession on session null to remote] DEBUG org.apache.http.headers - http-outgoing-12 << Content-Type:application/json; charset=utf-8
02:56:48.446 [Forwarding newSession on session null to remote] DEBUG org.apache.http.impl.execchain.MainClientExec - Connection can be kept alive indefinitely
02:56:48.446 [Forwarding newSession on session null to remote] DEBUG org.apache.http.impl.conn.PoolingHttpClientConnectionManager - Connection [id: 12][route: {}->http://localhost:11040] can be kept alive indefinitely
02:56:48.446 [Forwarding newSession on session null to remote] DEBUG org.apache.http.impl.conn.PoolingHttpClientConnectionManager - Connection released: [id: 12][route: {}->http://localhost:11040][total kept alive: 13; route allocated: 1 of 2000; total allocated: 13 of 2000]
Tests run: 45, Failures: 26, Errors: 0, Skipped: 13, Time elapsed: 36.044 sec <<< FAILURE! - in TestSuite
null on com.beilie.test.bole.cases.项目部._01项目详情.团队人选.GP10项目详情_新增简历_加入项目Test(com.beilie.test.bole.cases.项目部._01项目详情.团队人选.GP10项目详情_新增简历_加入项目Test)  Time elapsed: 8.894 sec  <<< FAILURE!
org.openqa.selenium.SessionNotCreatedException: session not created: This version of ChromeDriver only supports Chrome version 94
Current browser version is 96.0.4664.45 with binary path C:\Program Files (x86)\Google\Chrome\Application\chrome.exe
  (Driver info: chromedriver=94.0.4606.61 (418b78f5838ed0b1c69bb4e51ea0252171854915-refs/branch-heads/4606@{#1204}),platform=Windows NT 10.0.19043 x86_64) (WARNING: The server did not provide any stacktrace information)
Command duration or timeout: 5.86 seconds
Build info: version: '2.53.1', revision: 'a36b8b1cd5757287168e54b817830adce9b0158d', time: '2016-06-30 19:26:09'
System info: host: 'DESKTOP-FJ710P4', ip: '192.168.5.36', os.name: 'Windows 10', os.arch: 'amd64', os.version: '10.0', java.version: '1.8.0_162'
Driver info: org.openqa.selenium.chrome.ChromeDriver
	at sun.reflect.NativeConstructorAccessorImpl.newInstance0(Native Method)
	at sun.reflect.NativeConstructorAccessorImpl.newInstance(NativeConstructorAccessorImpl.java:62)
	at sun.reflect.DelegatingConstructorAccessorImpl.newInstance(DelegatingConstructorAccessorImpl.java:45)
	at java.lang.reflect.Constructor.newInstance(Constructor.java:423)
	at org.openqa.selenium.remote.ErrorHandler.createThrowable(ErrorHandler.java:206)
	at org.openqa.selenium.remote.ErrorHandler.throwIfResponseFailed(ErrorHandler.java:158)
	at org.openqa.selenium.remote.RemoteWebDriver.execute(RemoteWebDriver.java:678)
	at org.openqa.selenium.remote.RemoteWebDriver.startSession(RemoteWebDriver.java:249)
	at org.openqa.selenium.remote.RemoteWebDriver.<init>(RemoteWebDriver.java:131)
	at org.openqa.selenium.remote.RemoteWebDriver.<init>(RemoteWebDriver.java:144)
	at org.openqa.selenium.chrome.ChromeDriver.<init>(ChromeDriver.java:170)
	at org.openqa.selenium.chrome.ChromeDriver.<init>(ChromeDriver.java:159)
	at org.openqa.selenium.chrome.ChromeDriver.<init>(ChromeDriver.java:148)
	at com.beilie.test.seleniums.core.Engine.<init>(Engine.java:43)
	at com.beilie.test.seleniums.core.Engine.getInstance(Engine.java:21)
	at com.beilie.test.seleniums.core.TestCaseBase.init(TestCaseBase.java:11)
	at sun.reflect.NativeMethodAccessorImpl.invoke0(Native Method)
	at sun.reflect.NativeMethodAccessorImpl.invoke(NativeMethodAccessorImpl.java:62)
	at sun.reflect.DelegatingMethodAccessorImpl.invoke(DelegatingMethodAccessorImpl.java:43)
	at java.lang.reflect.Method.invoke(Method.java:498)
	at org.junit.runners.model.FrameworkMethod$1.runReflectiveCall(FrameworkMethod.java:50)
	at org.junit.internal.runners.model.ReflectiveCallable.run(ReflectiveCallable.java:12)
	at org.junit.runners.model.FrameworkMethod.invokeExplosively(FrameworkMethod.java:47)
	at org.junit.internal.runners.statements.RunBefores.evaluate(RunBefores.java:24)
	at org.junit.internal.runners.statements.RunAfters.evaluate(RunAfters.java:27)
	at org.junit.runners.ParentRunner.run(ParentRunner.java:363)
	at org.junit.runner.JUnitCore.run(JUnitCore.java:137)
	at org.junit.runner.JUnitCore.run(JUnitCore.java:115)
	at org.testng.junit.JUnit4TestRunner.start(JUnit4TestRunner.java:74)
	at org.testng.junit.JUnit4TestRunner.run(JUnit4TestRunner.java:65)
	at org.testng.TestRunner$1.run(TestRunner.java:656)
	at java.util.ArrayList.forEach(ArrayList.java:1257)
	at org.testng.TestRunner.runJUnitWorkers(TestRunner.java:847)
	at org.testng.TestRunner.privateRunJUnit(TestRunner.java:685)
	at org.testng.TestRunner.run(TestRunner.java:589)
	at org.testng.SuiteRunner.runTest(SuiteRunner.java:402)
	at org.testng.SuiteRunner.runSequentially(SuiteRunner.java:396)
	at org.testng.SuiteRunner.privateRun(SuiteRunner.java:355)
	at org.testng.SuiteRunner.run(SuiteRunner.java:304)
	at org.testng.SuiteRunnerWorker.runSuite(SuiteRunnerWorker.java:53)
	at org.testng.SuiteRunnerWorker.run(SuiteRunnerWorker.java:96)
	at org.testng.TestNG.runSuitesSequentially(TestNG.java:1180)
	at org.testng.TestNG.runSuitesLocally(TestNG.java:1102)
	at org.testng.TestNG.runSuites(TestNG.java:1032)
	at org.testng.TestNG.run(TestNG.java:1000)
	at org.apache.maven.surefire.testng.TestNGExecutor.run(TestNGExecutor.java:115)
	at org.apache.maven.surefire.testng.TestNGDirectoryTestSuite.executeMulti(TestNGDirectoryTestSuite.java:212)
	at org.apache.maven.surefire.testng.TestNGDirectoryTestSuite.execute(TestNGDirectoryTestSuite.java:108)
	at org.apache.maven.surefire.testng.TestNGProvider.invoke(TestNGProvider.java:111)
	at org.apache.maven.surefire.booter.ForkedBooter.invokeProviderInSameClassLoader(ForkedBooter.java:203)
	at org.apache.maven.surefire.booter.ForkedBooter.runSuitesInProcess(ForkedBooter.java:155)
	at org.apache.maven.surefire.booter.ForkedBooter.main(ForkedBooter.java:103)

null on com.beilie.test.bole.cases.项目部._01项目详情.团队人选.GP10项目详情_新增简历_加入项目Test(com.beilie.test.bole.cases.项目部._01项目详情.团队人选.GP10项目详情_新增简历_加入项目Test)  Time elapsed: 8.894 sec  <<< FAILURE!
java.lang.NullPointerException: null
	at com.beilie.test.seleniums.core.Engine.quit(Engine.java:88)
	at com.beilie.test.seleniums.core.TestCaseBase.clear(TestCaseBase.java:16)
	at sun.reflect.NativeMethodAccessorImpl.invoke0(Native Method)
	at sun.reflect.NativeMethodAccessorImpl.invoke(NativeMethodAccessorImpl.java:62)
	at sun.reflect.DelegatingMethodAccessorImpl.invoke(DelegatingMethodAccessorImpl.java:43)
	at java.lang.reflect.Method.invoke(Method.java:498)
	at org.junit.runners.model.FrameworkMethod$1.runReflectiveCall(FrameworkMethod.java:50)
	at org.junit.internal.runners.model.ReflectiveCallable.run(ReflectiveCallable.java:12)
	at org.junit.runners.model.FrameworkMethod.invokeExplosively(FrameworkMethod.java:47)
	at org.junit.internal.runners.statements.RunAfters.evaluate(RunAfters.java:33)
	at org.junit.runners.ParentRunner.run(ParentRunner.java:363)
	at org.junit.runner.JUnitCore.run(JUnitCore.java:137)
	at org.junit.runner.JUnitCore.run(JUnitCore.java:115)
	at org.testng.junit.JUnit4TestRunner.start(JUnit4TestRunner.java:74)
	at org.testng.junit.JUnit4TestRunner.run(JUnit4TestRunner.java:65)
	at org.testng.TestRunner$1.run(TestRunner.java:656)
	at java.util.ArrayList.forEach(ArrayList.java:1257)
	at org.testng.TestRunner.runJUnitWorkers(TestRunner.java:847)
	at org.testng.TestRunner.privateRunJUnit(TestRunner.java:685)
	at org.testng.TestRunner.run(TestRunner.java:589)
	at org.testng.SuiteRunner.runTest(SuiteRunner.java:402)
	at org.testng.SuiteRunner.runSequentially(SuiteRunner.java:396)
	at org.testng.SuiteRunner.privateRun(SuiteRunner.java:355)
	at org.testng.SuiteRunner.run(SuiteRunner.java:304)
	at org.testng.SuiteRunnerWorker.runSuite(SuiteRunnerWorker.java:53)
	at org.testng.SuiteRunnerWorker.run(SuiteRunnerWorker.java:96)
	at org.testng.TestNG.runSuitesSequentially(TestNG.java:1180)
	at org.testng.TestNG.runSuitesLocally(TestNG.java:1102)
	at org.testng.TestNG.runSuites(TestNG.java:1032)
	at org.testng.TestNG.run(TestNG.java:1000)
	at org.apache.maven.surefire.testng.TestNGExecutor.run(TestNGExecutor.java:115)
	at org.apache.maven.surefire.testng.TestNGDirectoryTestSuite.executeMulti(TestNGDirectoryTestSuite.java:212)
	at org.apache.maven.surefire.testng.TestNGDirectoryTestSuite.execute(TestNGDirectoryTestSuite.java:108)
	at org.apache.maven.surefire.testng.TestNGProvider.invoke(TestNGProvider.java:111)
	at org.apache.maven.surefire.booter.ForkedBooter.invokeProviderInSameClassLoader(ForkedBooter.java:203)
	at org.apache.maven.surefire.booter.ForkedBooter.runSuitesInProcess(ForkedBooter.java:155)
	at org.apache.maven.surefire.booter.ForkedBooter.main(ForkedBooter.java:103)

null on com.beilie.test.bole.cases.项目部._01项目详情.团队人选.GP10项目详情_添加备注Test(com.beilie.test.bole.cases.项目部._01项目详情.团队人选.GP10项目详情_添加备注Test)  Time elapsed: 11.494 sec  <<< FAILURE!
org.openqa.selenium.SessionNotCreatedException: session not created: This version of ChromeDriver only supports Chrome version 94
Current browser version is 96.0.4664.45 with binary path C:\Program Files (x86)\Google\Chrome\Application\chrome.exe
  (Driver info: chromedriver=94.0.4606.61 (418b78f5838ed0b1c69bb4e51ea0252171854915-refs/branch-heads/4606@{#1204}),platform=Windows NT 10.0.19043 x86_64) (WARNING: The server did not provide any stacktrace information)
Command duration or timeout: 1.94 seconds
Build info: version: '2.53.1', revision: 'a36b8b1cd5757287168e54b817830adce9b0158d', time: '2016-06-30 19:26:09'
System info: host: 'DESKTOP-FJ710P4', ip: '192.168.5.36', os.name: 'Windows 10', os.arch: 'amd64', os.version: '10.0', java.version: '1.8.0_162'
Driver info: org.openqa.selenium.chrome.ChromeDriver
	at sun.reflect.NativeConstructorAccessorImpl.newInstance0(Native Method)
	at sun.reflect.NativeConstructorAccessorImpl.newInstance(NativeConstructorAccessorImpl.java:62)
	at sun.reflect.DelegatingConstructorAccessorImpl.newInstance(DelegatingConstructorAccessorImpl.java:45)
	at java.lang.reflect.Constructor.newInstance(Constructor.java:423)
	at org.openqa.selenium.remote.ErrorHandler.createThrowable(ErrorHandler.java:206)
	at org.openqa.selenium.remote.ErrorHandler.throwIfResponseFailed(ErrorHandler.java:158)
	at org.openqa.selenium.remote.RemoteWebDriver.execute(RemoteWebDriver.java:678)
	at org.openqa.selenium.remote.RemoteWebDriver.startSession(RemoteWebDriver.java:249)
	at org.openqa.selenium.remote.RemoteWebDriver.<init>(RemoteWebDriver.java:131)
	at org.openqa.selenium.remote.RemoteWebDriver.<init>(RemoteWebDriver.java:144)
	at org.openqa.selenium.chrome.ChromeDriver.<init>(ChromeDriver.java:170)
	at org.openqa.selenium.chrome.ChromeDriver.<init>(ChromeDriver.java:159)
	at org.openqa.selenium.chrome.ChromeDriver.<init>(ChromeDriver.java:148)
	at com.beilie.test.seleniums.core.Engine.<init>(Engine.java:43)
	at com.beilie.test.seleniums.core.Engine.getInstance(Engine.java:21)
	at com.beilie.test.seleniums.core.TestCaseBase.init(TestCaseBase.java:11)
	at sun.reflect.NativeMethodAccessorImpl.invoke0(Native Method)
	at sun.reflect.NativeMethodAccessorImpl.invoke(NativeMethodAccessorImpl.java:62)
	at sun.reflect.DelegatingMethodAccessorImpl.invoke(DelegatingMethodAccessorImpl.java:43)
	at java.lang.reflect.Method.invoke(Method.java:498)
	at org.junit.runners.model.FrameworkMethod$1.runReflectiveCall(FrameworkMethod.java:50)
	at org.junit.internal.runners.model.ReflectiveCallable.run(ReflectiveCallable.java:12)
	at org.junit.runners.model.FrameworkMethod.invokeExplosively(FrameworkMethod.java:47)
	at org.junit.internal.runners.statements.RunBefores.evaluate(RunBefores.java:24)
	at org.junit.internal.runners.statements.RunAfters.evaluate(RunAfters.java:27)
	at org.junit.runners.ParentRunner.run(ParentRunner.java:363)
	at org.junit.runner.JUnitCore.run(JUnitCore.java:137)
	at org.junit.runner.JUnitCore.run(JUnitCore.java:115)
	at org.testng.junit.JUnit4TestRunner.start(JUnit4TestRunner.java:74)
	at org.testng.junit.JUnit4TestRunner.run(JUnit4TestRunner.java:65)
	at org.testng.TestRunner$1.run(TestRunner.java:656)
	at java.util.ArrayList.forEach(ArrayList.java:1257)
	at org.testng.TestRunner.runJUnitWorkers(TestRunner.java:847)
	at org.testng.TestRunner.privateRunJUnit(TestRunner.java:685)
	at org.testng.TestRunner.run(TestRunner.java:589)
	at org.testng.SuiteRunner.runTest(SuiteRunner.java:402)
	at org.testng.SuiteRunner.runSequentially(SuiteRunner.java:396)
	at org.testng.SuiteRunner.privateRun(SuiteRunner.java:355)
	at org.testng.SuiteRunner.run(SuiteRunner.java:304)
	at org.testng.SuiteRunnerWorker.runSuite(SuiteRunnerWorker.java:53)
	at org.testng.SuiteRunnerWorker.run(SuiteRunnerWorker.java:96)
	at org.testng.TestNG.runSuitesSequentially(TestNG.java:1180)
	at org.testng.TestNG.runSuitesLocally(TestNG.java:1102)
	at org.testng.TestNG.runSuites(TestNG.java:1032)
	at org.testng.TestNG.run(TestNG.java:1000)
	at org.apache.maven.surefire.testng.TestNGExecutor.run(TestNGExecutor.java:115)
	at org.apache.maven.surefire.testng.TestNGDirectoryTestSuite.executeMulti(TestNGDirectoryTestSuite.java:212)
	at org.apache.maven.surefire.testng.TestNGDirectoryTestSuite.execute(TestNGDirectoryTestSuite.java:108)
	at org.apache.maven.surefire.testng.TestNGProvider.invoke(TestNGProvider.java:111)
	at org.apache.maven.surefire.booter.ForkedBooter.invokeProviderInSameClassLoader(ForkedBooter.java:203)
	at org.apache.maven.surefire.booter.ForkedBooter.runSuitesInProcess(ForkedBooter.java:155)
	at org.apache.maven.surefire.booter.ForkedBooter.main(ForkedBooter.java:103)

null on com.beilie.test.bole.cases.项目部._01项目详情.团队人选.GP10项目详情_添加备注Test(com.beilie.test.bole.cases.项目部._01项目详情.团队人选.GP10项目详情_添加备注Test)  Time elapsed: 12.338 sec  <<< FAILURE!
java.lang.NullPointerException: null
	at com.beilie.test.seleniums.core.Engine.quit(Engine.java:88)
	at com.beilie.test.seleniums.core.TestCaseBase.clear(TestCaseBase.java:16)
	at sun.reflect.NativeMethodAccessorImpl.invoke0(Native Method)
	at sun.reflect.NativeMethodAccessorImpl.invoke(NativeMethodAccessorImpl.java:62)
	at sun.reflect.DelegatingMethodAccessorImpl.invoke(DelegatingMethodAccessorImpl.java:43)
	at java.lang.reflect.Method.invoke(Method.java:498)
	at org.junit.runners.model.FrameworkMethod$1.runReflectiveCall(FrameworkMethod.java:50)
	at org.junit.internal.runners.model.ReflectiveCallable.run(ReflectiveCallable.java:12)
	at org.junit.runners.model.FrameworkMethod.invokeExplosively(FrameworkMethod.java:47)
	at org.junit.internal.runners.statements.RunAfters.evaluate(RunAfters.java:33)
	at org.junit.runners.ParentRunner.run(ParentRunner.java:363)
	at org.junit.runner.JUnitCore.run(JUnitCore.java:137)
	at org.junit.runner.JUnitCore.run(JUnitCore.java:115)
	at org.testng.junit.JUnit4TestRunner.start(JUnit4TestRunner.java:74)
	at org.testng.junit.JUnit4TestRunner.run(JUnit4TestRunner.java:65)
	at org.testng.TestRunner$1.run(TestRunner.java:656)
	at java.util.ArrayList.forEach(ArrayList.java:1257)
	at org.testng.TestRunner.runJUnitWorkers(TestRunner.java:847)
	at org.testng.TestRunner.privateRunJUnit(TestRunner.java:685)
	at org.testng.TestRunner.run(TestRunner.java:589)
	at org.testng.SuiteRunner.runTest(SuiteRunner.java:402)
	at org.testng.SuiteRunner.runSequentially(SuiteRunner.java:396)
	at org.testng.SuiteRunner.privateRun(SuiteRunner.java:355)
	at org.testng.SuiteRunner.run(SuiteRunner.java:304)
	at org.testng.SuiteRunnerWorker.runSuite(SuiteRunnerWorker.java:53)
	at org.testng.SuiteRunnerWorker.run(SuiteRunnerWorker.java:96)
	at org.testng.TestNG.runSuitesSequentially(TestNG.java:1180)
	at org.testng.TestNG.runSuitesLocally(TestNG.java:1102)
	at org.testng.TestNG.runSuites(TestNG.java:1032)
	at org.testng.TestNG.run(TestNG.java:1000)
	at org.apache.maven.surefire.testng.TestNGExecutor.run(TestNGExecutor.java:115)
	at org.apache.maven.surefire.testng.TestNGDirectoryTestSuite.executeMulti(TestNGDirectoryTestSuite.java:212)
	at org.apache.maven.surefire.testng.TestNGDirectoryTestSuite.execute(TestNGDirectoryTestSuite.java:108)
	at org.apache.maven.surefire.testng.TestNGProvider.invoke(TestNGProvider.java:111)
	at org.apache.maven.surefire.booter.ForkedBooter.invokeProviderInSameClassLoader(ForkedBooter.java:203)
	at org.apache.maven.surefire.booter.ForkedBooter.runSuitesInProcess(ForkedBooter.java:155)
	at org.apache.maven.surefire.booter.ForkedBooter.main(ForkedBooter.java:103)

null on com.beilie.test.bole.cases.项目部._01项目详情.设置职位状态.GP10项目详情_关闭职位Test(com.beilie.test.bole.cases.项目部._01项目详情.设置职位状态.GP10项目详情_关闭职位Test)  Time elapsed: 14.242 sec  <<< FAILURE!
org.openqa.selenium.SessionNotCreatedException: session not created: This version of ChromeDriver only supports Chrome version 94
Current browser version is 96.0.4664.45 with binary path C:\Program Files (x86)\Google\Chrome\Application\chrome.exe
  (Driver info: chromedriver=94.0.4606.61 (418b78f5838ed0b1c69bb4e51ea0252171854915-refs/branch-heads/4606@{#1204}),platform=Windows NT 10.0.19043 x86_64) (WARNING: The server did not provide any stacktrace information)
Command duration or timeout: 1.30 seconds
Build info: version: '2.53.1', revision: 'a36b8b1cd5757287168e54b817830adce9b0158d', time: '2016-06-30 19:26:09'
System info: host: 'DESKTOP-FJ710P4', ip: '192.168.5.36', os.name: 'Windows 10', os.arch: 'amd64', os.version: '10.0', java.version: '1.8.0_162'
Driver info: org.openqa.selenium.chrome.ChromeDriver
	at sun.reflect.NativeConstructorAccessorImpl.newInstance0(Native Method)
	at sun.reflect.NativeConstructorAccessorImpl.newInstance(NativeConstructorAccessorImpl.java:62)
	at sun.reflect.DelegatingConstructorAccessorImpl.newInstance(DelegatingConstructorAccessorImpl.java:45)
	at java.lang.reflect.Constructor.newInstance(Constructor.java:423)
	at org.openqa.selenium.remote.ErrorHandler.createThrowable(ErrorHandler.java:206)
	at org.openqa.selenium.remote.ErrorHandler.throwIfResponseFailed(ErrorHandler.java:158)
	at org.openqa.selenium.remote.RemoteWebDriver.execute(RemoteWebDriver.java:678)
	at org.openqa.selenium.remote.RemoteWebDriver.startSession(RemoteWebDriver.java:249)
	at org.openqa.selenium.remote.RemoteWebDriver.<init>(RemoteWebDriver.java:131)
	at org.openqa.selenium.remote.RemoteWebDriver.<init>(RemoteWebDriver.java:144)
	at org.openqa.selenium.chrome.ChromeDriver.<init>(ChromeDriver.java:170)
	at org.openqa.selenium.chrome.ChromeDriver.<init>(ChromeDriver.java:159)
	at org.openqa.selenium.chrome.ChromeDriver.<init>(ChromeDriver.java:148)
	at com.beilie.test.seleniums.core.Engine.<init>(Engine.java:43)
	at com.beilie.test.seleniums.core.Engine.getInstance(Engine.java:21)
	at com.beilie.test.seleniums.core.TestCaseBase.init(TestCaseBase.java:11)
	at sun.reflect.NativeMethodAccessorImpl.invoke0(Native Method)
	at sun.reflect.NativeMethodAccessorImpl.invoke(NativeMethodAccessorImpl.java:62)
	at sun.reflect.DelegatingMethodAccessorImpl.invoke(DelegatingMethodAccessorImpl.java:43)
	at java.lang.reflect.Method.invoke(Method.java:498)
	at org.junit.runners.model.FrameworkMethod$1.runReflectiveCall(FrameworkMethod.java:50)
	at org.junit.internal.runners.model.ReflectiveCallable.run(ReflectiveCallable.java:12)
	at org.junit.runners.model.FrameworkMethod.invokeExplosively(FrameworkMethod.java:47)
	at org.junit.internal.runners.statements.RunBefores.evaluate(RunBefores.java:24)
	at org.junit.internal.runners.statements.RunAfters.evaluate(RunAfters.java:27)
	at org.junit.runners.ParentRunner.run(ParentRunner.java:363)
	at org.junit.runner.JUnitCore.run(JUnitCore.java:137)
	at org.junit.runner.JUnitCore.run(JUnitCore.java:115)
	at org.testng.junit.JUnit4TestRunner.start(JUnit4TestRunner.java:74)
	at org.testng.junit.JUnit4TestRunner.run(JUnit4TestRunner.java:65)
	at org.testng.TestRunner$1.run(TestRunner.java:656)
	at java.util.ArrayList.forEach(ArrayList.java:1257)
	at org.testng.TestRunner.runJUnitWorkers(TestRunner.java:847)
	at org.testng.TestRunner.privateRunJUnit(TestRunner.java:685)
	at org.testng.TestRunner.run(TestRunner.java:589)
	at org.testng.SuiteRunner.runTest(SuiteRunner.java:402)
	at org.testng.SuiteRunner.runSequentially(SuiteRunner.java:396)
	at org.testng.SuiteRunner.privateRun(SuiteRunner.java:355)
	at org.testng.SuiteRunner.run(SuiteRunner.java:304)
	at org.testng.SuiteRunnerWorker.runSuite(SuiteRunnerWorker.java:53)
	at org.testng.SuiteRunnerWorker.run(SuiteRunnerWorker.java:96)
	at org.testng.TestNG.runSuitesSequentially(TestNG.java:1180)
	at org.testng.TestNG.runSuitesLocally(TestNG.java:1102)
	at org.testng.TestNG.runSuites(TestNG.java:1032)
	at org.testng.TestNG.run(TestNG.java:1000)
	at org.apache.maven.surefire.testng.TestNGExecutor.run(TestNGExecutor.java:115)
	at org.apache.maven.surefire.testng.TestNGDirectoryTestSuite.executeMulti(TestNGDirectoryTestSuite.java:212)
	at org.apache.maven.surefire.testng.TestNGDirectoryTestSuite.execute(TestNGDirectoryTestSuite.java:108)
	at org.apache.maven.surefire.testng.TestNGProvider.invoke(TestNGProvider.java:111)
	at org.apache.maven.surefire.booter.ForkedBooter.invokeProviderInSameClassLoader(ForkedBooter.java:203)
	at org.apache.maven.surefire.booter.ForkedBooter.runSuitesInProcess(ForkedBooter.java:155)
	at org.apache.maven.surefire.booter.ForkedBooter.main(ForkedBooter.java:103)

null on com.beilie.test.bole.cases.项目部._01项目详情.设置职位状态.GP10项目详情_关闭职位Test(com.beilie.test.bole.cases.项目部._01项目详情.设置职位状态.GP10项目详情_关闭职位Test)  Time elapsed: 14.243 sec  <<< FAILURE!
java.lang.NullPointerException: null
	at com.beilie.test.seleniums.core.Engine.quit(Engine.java:88)
	at com.beilie.test.seleniums.core.TestCaseBase.clear(TestCaseBase.java:16)
	at sun.reflect.NativeMethodAccessorImpl.invoke0(Native Method)
	at sun.reflect.NativeMethodAccessorImpl.invoke(NativeMethodAccessorImpl.java:62)
	at sun.reflect.DelegatingMethodAccessorImpl.invoke(DelegatingMethodAccessorImpl.java:43)
	at java.lang.reflect.Method.invoke(Method.java:498)
	at org.junit.runners.model.FrameworkMethod$1.runReflectiveCall(FrameworkMethod.java:50)
	at org.junit.internal.runners.model.ReflectiveCallable.run(ReflectiveCallable.java:12)
	at org.junit.runners.model.FrameworkMethod.invokeExplosively(FrameworkMethod.java:47)
	at org.junit.internal.runners.statements.RunAfters.evaluate(RunAfters.java:33)
	at org.junit.runners.ParentRunner.run(ParentRunner.java:363)
	at org.junit.runner.JUnitCore.run(JUnitCore.java:137)
	at org.junit.runner.JUnitCore.run(JUnitCore.java:115)
	at org.testng.junit.JUnit4TestRunner.start(JUnit4TestRunner.java:74)
	at org.testng.junit.JUnit4TestRunner.run(JUnit4TestRunner.java:65)
	at org.testng.TestRunner$1.run(TestRunner.java:656)
	at java.util.ArrayList.forEach(ArrayList.java:1257)
	at org.testng.TestRunner.runJUnitWorkers(TestRunner.java:847)
	at org.testng.TestRunner.privateRunJUnit(TestRunner.java:685)
	at org.testng.TestRunner.run(TestRunner.java:589)
	at org.testng.SuiteRunner.runTest(SuiteRunner.java:402)
	at org.testng.SuiteRunner.runSequentially(SuiteRunner.java:396)
	at org.testng.SuiteRunner.privateRun(SuiteRunner.java:355)
	at org.testng.SuiteRunner.run(SuiteRunner.java:304)
	at org.testng.SuiteRunnerWorker.runSuite(SuiteRunnerWorker.java:53)
	at org.testng.SuiteRunnerWorker.run(SuiteRunnerWorker.java:96)
	at org.testng.TestNG.runSuitesSequentially(TestNG.java:1180)
	at org.testng.TestNG.runSuitesLocally(TestNG.java:1102)
	at org.testng.TestNG.runSuites(TestNG.java:1032)
	at org.testng.TestNG.run(TestNG.java:1000)
	at org.apache.maven.surefire.testng.TestNGExecutor.run(TestNGExecutor.java:115)
	at org.apache.maven.surefire.testng.TestNGDirectoryTestSuite.executeMulti(TestNGDirectoryTestSuite.java:212)
	at org.apache.maven.surefire.testng.TestNGDirectoryTestSuite.execute(TestNGDirectoryTestSuite.java:108)
	at org.apache.maven.surefire.testng.TestNGProvider.invoke(TestNGProvider.java:111)
	at org.apache.maven.surefire.booter.ForkedBooter.invokeProviderInSameClassLoader(ForkedBooter.java:203)
	at org.apache.maven.surefire.booter.ForkedBooter.runSuitesInProcess(ForkedBooter.java:155)
	at org.apache.maven.surefire.booter.ForkedBooter.main(ForkedBooter.java:103)

null on com.beilie.test.bole.cases.项目部._01项目详情.设置职位状态.GP10项目详情_恢复职位Test(com.beilie.test.bole.cases.项目部._01项目详情.设置职位状态.GP10项目详情_恢复职位Test)  Time elapsed: 16.61 sec  <<< FAILURE!
org.openqa.selenium.SessionNotCreatedException: session not created: This version of ChromeDriver only supports Chrome version 94
Current browser version is 96.0.4664.45 with binary path C:\Program Files (x86)\Google\Chrome\Application\chrome.exe
  (Driver info: chromedriver=94.0.4606.61 (418b78f5838ed0b1c69bb4e51ea0252171854915-refs/branch-heads/4606@{#1204}),platform=Windows NT 10.0.19043 x86_64) (WARNING: The server did not provide any stacktrace information)
Command duration or timeout: 1.70 seconds
Build info: version: '2.53.1', revision: 'a36b8b1cd5757287168e54b817830adce9b0158d', time: '2016-06-30 19:26:09'
System info: host: 'DESKTOP-FJ710P4', ip: '192.168.5.36', os.name: 'Windows 10', os.arch: 'amd64', os.version: '10.0', java.version: '1.8.0_162'
Driver info: org.openqa.selenium.chrome.ChromeDriver
	at sun.reflect.NativeConstructorAccessorImpl.newInstance0(Native Method)
	at sun.reflect.NativeConstructorAccessorImpl.newInstance(NativeConstructorAccessorImpl.java:62)
	at sun.reflect.DelegatingConstructorAccessorImpl.newInstance(DelegatingConstructorAccessorImpl.java:45)
	at java.lang.reflect.Constructor.newInstance(Constructor.java:423)
	at org.openqa.selenium.remote.ErrorHandler.createThrowable(ErrorHandler.java:206)
	at org.openqa.selenium.remote.ErrorHandler.throwIfResponseFailed(ErrorHandler.java:158)
	at org.openqa.selenium.remote.RemoteWebDriver.execute(RemoteWebDriver.java:678)
	at org.openqa.selenium.remote.RemoteWebDriver.startSession(RemoteWebDriver.java:249)
	at org.openqa.selenium.remote.RemoteWebDriver.<init>(RemoteWebDriver.java:131)
	at org.openqa.selenium.remote.RemoteWebDriver.<init>(RemoteWebDriver.java:144)
	at org.openqa.selenium.chrome.ChromeDriver.<init>(ChromeDriver.java:170)
	at org.openqa.selenium.chrome.ChromeDriver.<init>(ChromeDriver.java:159)
	at org.openqa.selenium.chrome.ChromeDriver.<init>(ChromeDriver.java:148)
	at com.beilie.test.seleniums.core.Engine.<init>(Engine.java:43)
	at com.beilie.test.seleniums.core.Engine.getInstance(Engine.java:21)
	at com.beilie.test.seleniums.core.TestCaseBase.init(TestCaseBase.java:11)
	at sun.reflect.NativeMethodAccessorImpl.invoke0(Native Method)
	at sun.reflect.NativeMethodAccessorImpl.invoke(NativeMethodAccessorImpl.java:62)
	at sun.reflect.DelegatingMethodAccessorImpl.invoke(DelegatingMethodAccessorImpl.java:43)
	at java.lang.reflect.Method.invoke(Method.java:498)
	at org.junit.runners.model.FrameworkMethod$1.runReflectiveCall(FrameworkMethod.java:50)
	at org.junit.internal.runners.model.ReflectiveCallable.run(ReflectiveCallable.java:12)
	at org.junit.runners.model.FrameworkMethod.invokeExplosively(FrameworkMethod.java:47)
	at org.junit.internal.runners.statements.RunBefores.evaluate(RunBefores.java:24)
	at org.junit.internal.runners.statements.RunAfters.evaluate(RunAfters.java:27)
	at org.junit.runners.ParentRunner.run(ParentRunner.java:363)
	at org.junit.runner.JUnitCore.run(JUnitCore.java:137)
	at org.junit.runner.JUnitCore.run(JUnitCore.java:115)
	at org.testng.junit.JUnit4TestRunner.start(JUnit4TestRunner.java:74)
	at org.testng.junit.JUnit4TestRunner.run(JUnit4TestRunner.java:65)
	at org.testng.TestRunner$1.run(TestRunner.java:656)
	at java.util.ArrayList.forEach(ArrayList.java:1257)
	at org.testng.TestRunner.runJUnitWorkers(TestRunner.java:847)
	at org.testng.TestRunner.privateRunJUnit(TestRunner.java:685)
	at org.testng.TestRunner.run(TestRunner.java:589)
	at org.testng.SuiteRunner.runTest(SuiteRunner.java:402)
	at org.testng.SuiteRunner.runSequentially(SuiteRunner.java:396)
	at org.testng.SuiteRunner.privateRun(SuiteRunner.java:355)
	at org.testng.SuiteRunner.run(SuiteRunner.java:304)
	at org.testng.SuiteRunnerWorker.runSuite(SuiteRunnerWorker.java:53)
	at org.testng.SuiteRunnerWorker.run(SuiteRunnerWorker.java:96)
	at org.testng.TestNG.runSuitesSequentially(TestNG.java:1180)
	at org.testng.TestNG.runSuitesLocally(TestNG.java:1102)
	at org.testng.TestNG.runSuites(TestNG.java:1032)
	at org.testng.TestNG.run(TestNG.java:1000)
	at org.apache.maven.surefire.testng.TestNGExecutor.run(TestNGExecutor.java:115)
	at org.apache.maven.surefire.testng.TestNGDirectoryTestSuite.executeMulti(TestNGDirectoryTestSuite.java:212)
	at org.apache.maven.surefire.testng.TestNGDirectoryTestSuite.execute(TestNGDirectoryTestSuite.java:108)
	at org.apache.maven.surefire.testng.TestNGProvider.invoke(TestNGProvider.java:111)
	at org.apache.maven.surefire.booter.ForkedBooter.invokeProviderInSameClassLoader(ForkedBooter.java:203)
	at org.apache.maven.surefire.booter.ForkedBooter.runSuitesInProcess(ForkedBooter.java:155)
	at org.apache.maven.surefire.booter.ForkedBooter.main(ForkedBooter.java:103)

null on com.beilie.test.bole.cases.项目部._01项目详情.设置职位状态.GP10项目详情_恢复职位Test(com.beilie.test.bole.cases.项目部._01项目详情.设置职位状态.GP10项目详情_恢复职位Test)  Time elapsed: 16.611 sec  <<< FAILURE!
java.lang.NullPointerException: null
	at com.beilie.test.seleniums.core.Engine.quit(Engine.java:88)
	at com.beilie.test.seleniums.core.TestCaseBase.clear(TestCaseBase.java:16)
	at sun.reflect.NativeMethodAccessorImpl.invoke0(Native Method)
	at sun.reflect.NativeMethodAccessorImpl.invoke(NativeMethodAccessorImpl.java:62)
	at sun.reflect.DelegatingMethodAccessorImpl.invoke(DelegatingMethodAccessorImpl.java:43)
	at java.lang.reflect.Method.invoke(Method.java:498)
	at org.junit.runners.model.FrameworkMethod$1.runReflectiveCall(FrameworkMethod.java:50)
	at org.junit.internal.runners.model.ReflectiveCallable.run(ReflectiveCallable.java:12)
	at org.junit.runners.model.FrameworkMethod.invokeExplosively(FrameworkMethod.java:47)
	at org.junit.internal.runners.statements.RunAfters.evaluate(RunAfters.java:33)
	at org.junit.runners.ParentRunner.run(ParentRunner.java:363)
	at org.junit.runner.JUnitCore.run(JUnitCore.java:137)
	at org.junit.runner.JUnitCore.run(JUnitCore.java:115)
	at org.testng.junit.JUnit4TestRunner.start(JUnit4TestRunner.java:74)
	at org.testng.junit.JUnit4TestRunner.run(JUnit4TestRunner.java:65)
	at org.testng.TestRunner$1.run(TestRunner.java:656)
	at java.util.ArrayList.forEach(ArrayList.java:1257)
	at org.testng.TestRunner.runJUnitWorkers(TestRunner.java:847)
	at org.testng.TestRunner.privateRunJUnit(TestRunner.java:685)
	at org.testng.TestRunner.run(TestRunner.java:589)
	at org.testng.SuiteRunner.runTest(SuiteRunner.java:402)
	at org.testng.SuiteRunner.runSequentially(SuiteRunner.java:396)
	at org.testng.SuiteRunner.privateRun(SuiteRunner.java:355)
	at org.testng.SuiteRunner.run(SuiteRunner.java:304)
	at org.testng.SuiteRunnerWorker.runSuite(SuiteRunnerWorker.java:53)
	at org.testng.SuiteRunnerWorker.run(SuiteRunnerWorker.java:96)
	at org.testng.TestNG.runSuitesSequentially(TestNG.java:1180)
	at org.testng.TestNG.runSuitesLocally(TestNG.java:1102)
	at org.testng.TestNG.runSuites(TestNG.java:1032)
	at org.testng.TestNG.run(TestNG.java:1000)
	at org.apache.maven.surefire.testng.TestNGExecutor.run(TestNGExecutor.java:115)
	at org.apache.maven.surefire.testng.TestNGDirectoryTestSuite.executeMulti(TestNGDirectoryTestSuite.java:212)
	at org.apache.maven.surefire.testng.TestNGDirectoryTestSuite.execute(TestNGDirectoryTestSuite.java:108)
	at org.apache.maven.surefire.testng.TestNGProvider.invoke(TestNGProvider.java:111)
	at org.apache.maven.surefire.booter.ForkedBooter.invokeProviderInSameClassLoader(ForkedBooter.java:203)
	at org.apache.maven.surefire.booter.ForkedBooter.runSuitesInProcess(ForkedBooter.java:155)
	at org.apache.maven.surefire.booter.ForkedBooter.main(ForkedBooter.java:103)

null on com.beilie.test.bole.cases.项目部._01项目详情.设置职位状态.GP10项目详情_暂停职位Test(com.beilie.test.bole.cases.项目部._01项目详情.设置职位状态.GP10项目详情_暂停职位Test)  Time elapsed: 18.636 sec  <<< FAILURE!
org.openqa.selenium.SessionNotCreatedException: session not created: This version of ChromeDriver only supports Chrome version 94
Current browser version is 96.0.4664.45 with binary path C:\Program Files (x86)\Google\Chrome\Application\chrome.exe
  (Driver info: chromedriver=94.0.4606.61 (418b78f5838ed0b1c69bb4e51ea0252171854915-refs/branch-heads/4606@{#1204}),platform=Windows NT 10.0.19043 x86_64) (WARNING: The server did not provide any stacktrace information)
Command duration or timeout: 1.37 seconds
Build info: version: '2.53.1', revision: 'a36b8b1cd5757287168e54b817830adce9b0158d', time: '2016-06-30 19:26:09'
System info: host: 'DESKTOP-FJ710P4', ip: '192.168.5.36', os.name: 'Windows 10', os.arch: 'amd64', os.version: '10.0', java.version: '1.8.0_162'
Driver info: org.openqa.selenium.chrome.ChromeDriver
	at sun.reflect.NativeConstructorAccessorImpl.newInstance0(Native Method)
	at sun.reflect.NativeConstructorAccessorImpl.newInstance(NativeConstructorAccessorImpl.java:62)
	at sun.reflect.DelegatingConstructorAccessorImpl.newInstance(DelegatingConstructorAccessorImpl.java:45)
	at java.lang.reflect.Constructor.newInstance(Constructor.java:423)
	at org.openqa.selenium.remote.ErrorHandler.createThrowable(ErrorHandler.java:206)
	at org.openqa.selenium.remote.ErrorHandler.throwIfResponseFailed(ErrorHandler.java:158)
	at org.openqa.selenium.remote.RemoteWebDriver.execute(RemoteWebDriver.java:678)
	at org.openqa.selenium.remote.RemoteWebDriver.startSession(RemoteWebDriver.java:249)
	at org.openqa.selenium.remote.RemoteWebDriver.<init>(RemoteWebDriver.java:131)
	at org.openqa.selenium.remote.RemoteWebDriver.<init>(RemoteWebDriver.java:144)
	at org.openqa.selenium.chrome.ChromeDriver.<init>(ChromeDriver.java:170)
	at org.openqa.selenium.chrome.ChromeDriver.<init>(ChromeDriver.java:159)
	at org.openqa.selenium.chrome.ChromeDriver.<init>(ChromeDriver.java:148)
	at com.beilie.test.seleniums.core.Engine.<init>(Engine.java:43)
	at com.beilie.test.seleniums.core.Engine.getInstance(Engine.java:21)
	at com.beilie.test.seleniums.core.TestCaseBase.init(TestCaseBase.java:11)
	at sun.reflect.NativeMethodAccessorImpl.invoke0(Native Method)
	at sun.reflect.NativeMethodAccessorImpl.invoke(NativeMethodAccessorImpl.java:62)
	at sun.reflect.DelegatingMethodAccessorImpl.invoke(DelegatingMethodAccessorImpl.java:43)
	at java.lang.reflect.Method.invoke(Method.java:498)
	at org.junit.runners.model.FrameworkMethod$1.runReflectiveCall(FrameworkMethod.java:50)
	at org.junit.internal.runners.model.ReflectiveCallable.run(ReflectiveCallable.java:12)
	at org.junit.runners.model.FrameworkMethod.invokeExplosively(FrameworkMethod.java:47)
	at org.junit.internal.runners.statements.RunBefores.evaluate(RunBefores.java:24)
	at org.junit.internal.runners.statements.RunAfters.evaluate(RunAfters.java:27)
	at org.junit.runners.ParentRunner.run(ParentRunner.java:363)
	at org.junit.runner.JUnitCore.run(JUnitCore.java:137)
	at org.junit.runner.JUnitCore.run(JUnitCore.java:115)
	at org.testng.junit.JUnit4TestRunner.start(JUnit4TestRunner.java:74)
	at org.testng.junit.JUnit4TestRunner.run(JUnit4TestRunner.java:65)
	at org.testng.TestRunner$1.run(TestRunner.java:656)
	at java.util.ArrayList.forEach(ArrayList.java:1257)
	at org.testng.TestRunner.runJUnitWorkers(TestRunner.java:847)
	at org.testng.TestRunner.privateRunJUnit(TestRunner.java:685)
	at org.testng.TestRunner.run(TestRunner.java:589)
	at org.testng.SuiteRunner.runTest(SuiteRunner.java:402)
	at org.testng.SuiteRunner.runSequentially(SuiteRunner.java:396)
	at org.testng.SuiteRunner.privateRun(SuiteRunner.java:355)
	at org.testng.SuiteRunner.run(SuiteRunner.java:304)
	at org.testng.SuiteRunnerWorker.runSuite(SuiteRunnerWorker.java:53)
	at org.testng.SuiteRunnerWorker.run(SuiteRunnerWorker.java:96)
	at org.testng.TestNG.runSuitesSequentially(TestNG.java:1180)
	at org.testng.TestNG.runSuitesLocally(TestNG.java:1102)
	at org.testng.TestNG.runSuites(TestNG.java:1032)
	at org.testng.TestNG.run(TestNG.java:1000)
	at org.apache.maven.surefire.testng.TestNGExecutor.run(TestNGExecutor.java:115)
	at org.apache.maven.surefire.testng.TestNGDirectoryTestSuite.executeMulti(TestNGDirectoryTestSuite.java:212)
	at org.apache.maven.surefire.testng.TestNGDirectoryTestSuite.execute(TestNGDirectoryTestSuite.java:108)
	at org.apache.maven.surefire.testng.TestNGProvider.invoke(TestNGProvider.java:111)
	at org.apache.maven.surefire.booter.ForkedBooter.invokeProviderInSameClassLoader(ForkedBooter.java:203)
	at org.apache.maven.surefire.booter.ForkedBooter.runSuitesInProcess(ForkedBooter.java:155)
	at org.apache.maven.surefire.booter.ForkedBooter.main(ForkedBooter.java:103)

null on com.beilie.test.bole.cases.项目部._01项目详情.设置职位状态.GP10项目详情_暂停职位Test(com.beilie.test.bole.cases.项目部._01项目详情.设置职位状态.GP10项目详情_暂停职位Test)  Time elapsed: 18.637 sec  <<< FAILURE!
java.lang.NullPointerException: null
	at com.beilie.test.seleniums.core.Engine.quit(Engine.java:88)
	at com.beilie.test.seleniums.core.TestCaseBase.clear(TestCaseBase.java:16)
	at sun.reflect.NativeMethodAccessorImpl.invoke0(Native Method)
	at sun.reflect.NativeMethodAccessorImpl.invoke(NativeMethodAccessorImpl.java:62)
	at sun.reflect.DelegatingMethodAccessorImpl.invoke(DelegatingMethodAccessorImpl.java:43)
	at java.lang.reflect.Method.invoke(Method.java:498)
	at org.junit.runners.model.FrameworkMethod$1.runReflectiveCall(FrameworkMethod.java:50)
	at org.junit.internal.runners.model.ReflectiveCallable.run(ReflectiveCallable.java:12)
	at org.junit.runners.model.FrameworkMethod.invokeExplosively(FrameworkMethod.java:47)
	at org.junit.internal.runners.statements.RunAfters.evaluate(RunAfters.java:33)
	at org.junit.runners.ParentRunner.run(ParentRunner.java:363)
	at org.junit.runner.JUnitCore.run(JUnitCore.java:137)
	at org.junit.runner.JUnitCore.run(JUnitCore.java:115)
	at org.testng.junit.JUnit4TestRunner.start(JUnit4TestRunner.java:74)
	at org.testng.junit.JUnit4TestRunner.run(JUnit4TestRunner.java:65)
	at org.testng.TestRunner$1.run(TestRunner.java:656)
	at java.util.ArrayList.forEach(ArrayList.java:1257)
	at org.testng.TestRunner.runJUnitWorkers(TestRunner.java:847)
	at org.testng.TestRunner.privateRunJUnit(TestRunner.java:685)
	at org.testng.TestRunner.run(TestRunner.java:589)
	at org.testng.SuiteRunner.runTest(SuiteRunner.java:402)
	at org.testng.SuiteRunner.runSequentially(SuiteRunner.java:396)
	at org.testng.SuiteRunner.privateRun(SuiteRunner.java:355)
	at org.testng.SuiteRunner.run(SuiteRunner.java:304)
	at org.testng.SuiteRunnerWorker.runSuite(SuiteRunnerWorker.java:53)
	at org.testng.SuiteRunnerWorker.run(SuiteRunnerWorker.java:96)
	at org.testng.TestNG.runSuitesSequentially(TestNG.java:1180)
	at org.testng.TestNG.runSuitesLocally(TestNG.java:1102)
	at org.testng.TestNG.runSuites(TestNG.java:1032)
	at org.testng.TestNG.run(TestNG.java:1000)
	at org.apache.maven.surefire.testng.TestNGExecutor.run(TestNGExecutor.java:115)
	at org.apache.maven.surefire.testng.TestNGDirectoryTestSuite.executeMulti(TestNGDirectoryTestSuite.java:212)
	at org.apache.maven.surefire.testng.TestNGDirectoryTestSuite.execute(TestNGDirectoryTestSuite.java:108)
	at org.apache.maven.surefire.testng.TestNGProvider.invoke(TestNGProvider.java:111)
	at org.apache.maven.surefire.booter.ForkedBooter.invokeProviderInSameClassLoader(ForkedBooter.java:203)
	at org.apache.maven.surefire.booter.ForkedBooter.runSuitesInProcess(ForkedBooter.java:155)
	at org.apache.maven.surefire.booter.ForkedBooter.main(ForkedBooter.java:103)

null on com.beilie.test.bole.cases.项目部._01项目详情.设置项目进程.GP10项目详情_offer谈判中Test(com.beilie.test.bole.cases.项目部._01项目详情.设置项目进程.GP10项目详情_offer谈判中Test)  Time elapsed: 20.659 sec  <<< FAILURE!
org.openqa.selenium.SessionNotCreatedException: session not created: This version of ChromeDriver only supports Chrome version 94
Current browser version is 96.0.4664.45 with binary path C:\Program Files (x86)\Google\Chrome\Application\chrome.exe
  (Driver info: chromedriver=94.0.4606.61 (418b78f5838ed0b1c69bb4e51ea0252171854915-refs/branch-heads/4606@{#1204}),platform=Windows NT 10.0.19043 x86_64) (WARNING: The server did not provide any stacktrace information)
Command duration or timeout: 1.36 seconds
Build info: version: '2.53.1', revision: 'a36b8b1cd5757287168e54b817830adce9b0158d', time: '2016-06-30 19:26:09'
System info: host: 'DESKTOP-FJ710P4', ip: '192.168.5.36', os.name: 'Windows 10', os.arch: 'amd64', os.version: '10.0', java.version: '1.8.0_162'
Driver info: org.openqa.selenium.chrome.ChromeDriver
	at sun.reflect.NativeConstructorAccessorImpl.newInstance0(Native Method)
	at sun.reflect.NativeConstructorAccessorImpl.newInstance(NativeConstructorAccessorImpl.java:62)
	at sun.reflect.DelegatingConstructorAccessorImpl.newInstance(DelegatingConstructorAccessorImpl.java:45)
	at java.lang.reflect.Constructor.newInstance(Constructor.java:423)
	at org.openqa.selenium.remote.ErrorHandler.createThrowable(ErrorHandler.java:206)
	at org.openqa.selenium.remote.ErrorHandler.throwIfResponseFailed(ErrorHandler.java:158)
	at org.openqa.selenium.remote.RemoteWebDriver.execute(RemoteWebDriver.java:678)
	at org.openqa.selenium.remote.RemoteWebDriver.startSession(RemoteWebDriver.java:249)
	at org.openqa.selenium.remote.RemoteWebDriver.<init>(RemoteWebDriver.java:131)
	at org.openqa.selenium.remote.RemoteWebDriver.<init>(RemoteWebDriver.java:144)
	at org.openqa.selenium.chrome.ChromeDriver.<init>(ChromeDriver.java:170)
	at org.openqa.selenium.chrome.ChromeDriver.<init>(ChromeDriver.java:159)
	at org.openqa.selenium.chrome.ChromeDriver.<init>(ChromeDriver.java:148)
	at com.beilie.test.seleniums.core.Engine.<init>(Engine.java:43)
	at com.beilie.test.seleniums.core.Engine.getInstance(Engine.java:21)
	at com.beilie.test.seleniums.core.TestCaseBase.init(TestCaseBase.java:11)
	at sun.reflect.NativeMethodAccessorImpl.invoke0(Native Method)
	at sun.reflect.NativeMethodAccessorImpl.invoke(NativeMethodAccessorImpl.java:62)
	at sun.reflect.DelegatingMethodAccessorImpl.invoke(DelegatingMethodAccessorImpl.java:43)
	at java.lang.reflect.Method.invoke(Method.java:498)
	at org.junit.runners.model.FrameworkMethod$1.runReflectiveCall(FrameworkMethod.java:50)
	at org.junit.internal.runners.model.ReflectiveCallable.run(ReflectiveCallable.java:12)
	at org.junit.runners.model.FrameworkMethod.invokeExplosively(FrameworkMethod.java:47)
	at org.junit.internal.runners.statements.RunBefores.evaluate(RunBefores.java:24)
	at org.junit.internal.runners.statements.RunAfters.evaluate(RunAfters.java:27)
	at org.junit.runners.ParentRunner.run(ParentRunner.java:363)
	at org.junit.runner.JUnitCore.run(JUnitCore.java:137)
	at org.junit.runner.JUnitCore.run(JUnitCore.java:115)
	at org.testng.junit.JUnit4TestRunner.start(JUnit4TestRunner.java:74)
	at org.testng.junit.JUnit4TestRunner.run(JUnit4TestRunner.java:65)
	at org.testng.TestRunner$1.run(TestRunner.java:656)
	at java.util.ArrayList.forEach(ArrayList.java:1257)
	at org.testng.TestRunner.runJUnitWorkers(TestRunner.java:847)
	at org.testng.TestRunner.privateRunJUnit(TestRunner.java:685)
	at org.testng.TestRunner.run(TestRunner.java:589)
	at org.testng.SuiteRunner.runTest(SuiteRunner.java:402)
	at org.testng.SuiteRunner.runSequentially(SuiteRunner.java:396)
	at org.testng.SuiteRunner.privateRun(SuiteRunner.java:355)
	at org.testng.SuiteRunner.run(SuiteRunner.java:304)
	at org.testng.SuiteRunnerWorker.runSuite(SuiteRunnerWorker.java:53)
	at org.testng.SuiteRunnerWorker.run(SuiteRunnerWorker.java:96)
	at org.testng.TestNG.runSuitesSequentially(TestNG.java:1180)
	at org.testng.TestNG.runSuitesLocally(TestNG.java:1102)
	at org.testng.TestNG.runSuites(TestNG.java:1032)
	at org.testng.TestNG.run(TestNG.java:1000)
	at org.apache.maven.surefire.testng.TestNGExecutor.run(TestNGExecutor.java:115)
	at org.apache.maven.surefire.testng.TestNGDirectoryTestSuite.executeMulti(TestNGDirectoryTestSuite.java:212)
	at org.apache.maven.surefire.testng.TestNGDirectoryTestSuite.execute(TestNGDirectoryTestSuite.java:108)
	at org.apache.maven.surefire.testng.TestNGProvider.invoke(TestNGProvider.java:111)
	at org.apache.maven.surefire.booter.ForkedBooter.invokeProviderInSameClassLoader(ForkedBooter.java:203)
	at org.apache.maven.surefire.booter.ForkedBooter.runSuitesInProcess(ForkedBooter.java:155)
	at org.apache.maven.surefire.booter.ForkedBooter.main(ForkedBooter.java:103)

null on com.beilie.test.bole.cases.项目部._01项目详情.设置项目进程.GP10项目详情_offer谈判中Test(com.beilie.test.bole.cases.项目部._01项目详情.设置项目进程.GP10项目详情_offer谈判中Test)  Time elapsed: 20.66 sec  <<< FAILURE!
java.lang.NullPointerException: null
	at com.beilie.test.seleniums.core.Engine.quit(Engine.java:88)
	at com.beilie.test.seleniums.core.TestCaseBase.clear(TestCaseBase.java:16)
	at sun.reflect.NativeMethodAccessorImpl.invoke0(Native Method)
	at sun.reflect.NativeMethodAccessorImpl.invoke(NativeMethodAccessorImpl.java:62)
	at sun.reflect.DelegatingMethodAccessorImpl.invoke(DelegatingMethodAccessorImpl.java:43)
	at java.lang.reflect.Method.invoke(Method.java:498)
	at org.junit.runners.model.FrameworkMethod$1.runReflectiveCall(FrameworkMethod.java:50)
	at org.junit.internal.runners.model.ReflectiveCallable.run(ReflectiveCallable.java:12)
	at org.junit.runners.model.FrameworkMethod.invokeExplosively(FrameworkMethod.java:47)
	at org.junit.internal.runners.statements.RunAfters.evaluate(RunAfters.java:33)
	at org.junit.runners.ParentRunner.run(ParentRunner.java:363)
	at org.junit.runner.JUnitCore.run(JUnitCore.java:137)
	at org.junit.runner.JUnitCore.run(JUnitCore.java:115)
	at org.testng.junit.JUnit4TestRunner.start(JUnit4TestRunner.java:74)
	at org.testng.junit.JUnit4TestRunner.run(JUnit4TestRunner.java:65)
	at org.testng.TestRunner$1.run(TestRunner.java:656)
	at java.util.ArrayList.forEach(ArrayList.java:1257)
	at org.testng.TestRunner.runJUnitWorkers(TestRunner.java:847)
	at org.testng.TestRunner.privateRunJUnit(TestRunner.java:685)
	at org.testng.TestRunner.run(TestRunner.java:589)
	at org.testng.SuiteRunner.runTest(SuiteRunner.java:402)
	at org.testng.SuiteRunner.runSequentially(SuiteRunner.java:396)
	at org.testng.SuiteRunner.privateRun(SuiteRunner.java:355)
	at org.testng.SuiteRunner.run(SuiteRunner.java:304)
	at org.testng.SuiteRunnerWorker.runSuite(SuiteRunnerWorker.java:53)
	at org.testng.SuiteRunnerWorker.run(SuiteRunnerWorker.java:96)
	at org.testng.TestNG.runSuitesSequentially(TestNG.java:1180)
	at org.testng.TestNG.runSuitesLocally(TestNG.java:1102)
	at org.testng.TestNG.runSuites(TestNG.java:1032)
	at org.testng.TestNG.run(TestNG.java:1000)
	at org.apache.maven.surefire.testng.TestNGExecutor.run(TestNGExecutor.java:115)
	at org.apache.maven.surefire.testng.TestNGDirectoryTestSuite.executeMulti(TestNGDirectoryTestSuite.java:212)
	at org.apache.maven.surefire.testng.TestNGDirectoryTestSuite.execute(TestNGDirectoryTestSuite.java:108)
	at org.apache.maven.surefire.testng.TestNGProvider.invoke(TestNGProvider.java:111)
	at org.apache.maven.surefire.booter.ForkedBooter.invokeProviderInSameClassLoader(ForkedBooter.java:203)
	at org.apache.maven.surefire.booter.ForkedBooter.runSuitesInProcess(ForkedBooter.java:155)
	at org.apache.maven.surefire.booter.ForkedBooter.main(ForkedBooter.java:103)

null on com.beilie.test.bole.cases.项目部._01项目详情.设置项目进程.GP10项目详情_上班保证期Test(com.beilie.test.bole.cases.项目部._01项目详情.设置项目进程.GP10项目详情_上班保证期Test)  Time elapsed: 22.804 sec  <<< FAILURE!
org.openqa.selenium.SessionNotCreatedException: session not created: This version of ChromeDriver only supports Chrome version 94
Current browser version is 96.0.4664.45 with binary path C:\Program Files (x86)\Google\Chrome\Application\chrome.exe
  (Driver info: chromedriver=94.0.4606.61 (418b78f5838ed0b1c69bb4e51ea0252171854915-refs/branch-heads/4606@{#1204}),platform=Windows NT 10.0.19043 x86_64) (WARNING: The server did not provide any stacktrace information)
Command duration or timeout: 1.48 seconds
Build info: version: '2.53.1', revision: 'a36b8b1cd5757287168e54b817830adce9b0158d', time: '2016-06-30 19:26:09'
System info: host: 'DESKTOP-FJ710P4', ip: '192.168.5.36', os.name: 'Windows 10', os.arch: 'amd64', os.version: '10.0', java.version: '1.8.0_162'
Driver info: org.openqa.selenium.chrome.ChromeDriver
	at sun.reflect.NativeConstructorAccessorImpl.newInstance0(Native Method)
	at sun.reflect.NativeConstructorAccessorImpl.newInstance(NativeConstructorAccessorImpl.java:62)
	at sun.reflect.DelegatingConstructorAccessorImpl.newInstance(DelegatingConstructorAccessorImpl.java:45)
	at java.lang.reflect.Constructor.newInstance(Constructor.java:423)
	at org.openqa.selenium.remote.ErrorHandler.createThrowable(ErrorHandler.java:206)
	at org.openqa.selenium.remote.ErrorHandler.throwIfResponseFailed(ErrorHandler.java:158)
	at org.openqa.selenium.remote.RemoteWebDriver.execute(RemoteWebDriver.java:678)
	at org.openqa.selenium.remote.RemoteWebDriver.startSession(RemoteWebDriver.java:249)
	at org.openqa.selenium.remote.RemoteWebDriver.<init>(RemoteWebDriver.java:131)
	at org.openqa.selenium.remote.RemoteWebDriver.<init>(RemoteWebDriver.java:144)
	at org.openqa.selenium.chrome.ChromeDriver.<init>(ChromeDriver.java:170)
	at org.openqa.selenium.chrome.ChromeDriver.<init>(ChromeDriver.java:159)
	at org.openqa.selenium.chrome.ChromeDriver.<init>(ChromeDriver.java:148)
	at com.beilie.test.seleniums.core.Engine.<init>(Engine.java:43)
	at com.beilie.test.seleniums.core.Engine.getInstance(Engine.java:21)
	at com.beilie.test.seleniums.core.TestCaseBase.init(TestCaseBase.java:11)
	at sun.reflect.NativeMethodAccessorImpl.invoke0(Native Method)
	at sun.reflect.NativeMethodAccessorImpl.invoke(NativeMethodAccessorImpl.java:62)
	at sun.reflect.DelegatingMethodAccessorImpl.invoke(DelegatingMethodAccessorImpl.java:43)
	at java.lang.reflect.Method.invoke(Method.java:498)
	at org.junit.runners.model.FrameworkMethod$1.runReflectiveCall(FrameworkMethod.java:50)
	at org.junit.internal.runners.model.ReflectiveCallable.run(ReflectiveCallable.java:12)
	at org.junit.runners.model.FrameworkMethod.invokeExplosively(FrameworkMethod.java:47)
	at org.junit.internal.runners.statements.RunBefores.evaluate(RunBefores.java:24)
	at org.junit.internal.runners.statements.RunAfters.evaluate(RunAfters.java:27)
	at org.junit.runners.ParentRunner.run(ParentRunner.java:363)
	at org.junit.runner.JUnitCore.run(JUnitCore.java:137)
	at org.junit.runner.JUnitCore.run(JUnitCore.java:115)
	at org.testng.junit.JUnit4TestRunner.start(JUnit4TestRunner.java:74)
	at org.testng.junit.JUnit4TestRunner.run(JUnit4TestRunner.java:65)
	at org.testng.TestRunner$1.run(TestRunner.java:656)
	at java.util.ArrayList.forEach(ArrayList.java:1257)
	at org.testng.TestRunner.runJUnitWorkers(TestRunner.java:847)
	at org.testng.TestRunner.privateRunJUnit(TestRunner.java:685)
	at org.testng.TestRunner.run(TestRunner.java:589)
	at org.testng.SuiteRunner.runTest(SuiteRunner.java:402)
	at org.testng.SuiteRunner.runSequentially(SuiteRunner.java:396)
	at org.testng.SuiteRunner.privateRun(SuiteRunner.java:355)
	at org.testng.SuiteRunner.run(SuiteRunner.java:304)
	at org.testng.SuiteRunnerWorker.runSuite(SuiteRunnerWorker.java:53)
	at org.testng.SuiteRunnerWorker.run(SuiteRunnerWorker.java:96)
	at org.testng.TestNG.runSuitesSequentially(TestNG.java:1180)
	at org.testng.TestNG.runSuitesLocally(TestNG.java:1102)
	at org.testng.TestNG.runSuites(TestNG.java:1032)
	at org.testng.TestNG.run(TestNG.java:1000)
	at org.apache.maven.surefire.testng.TestNGExecutor.run(TestNGExecutor.java:115)
	at org.apache.maven.surefire.testng.TestNGDirectoryTestSuite.executeMulti(TestNGDirectoryTestSuite.java:212)
	at org.apache.maven.surefire.testng.TestNGDirectoryTestSuite.execute(TestNGDirectoryTestSuite.java:108)
	at org.apache.maven.surefire.testng.TestNGProvider.invoke(TestNGProvider.java:111)
	at org.apache.maven.surefire.booter.ForkedBooter.invokeProviderInSameClassLoader(ForkedBooter.java:203)
	at org.apache.maven.surefire.booter.ForkedBooter.runSuitesInProcess(ForkedBooter.java:155)
	at org.apache.maven.surefire.booter.ForkedBooter.main(ForkedBooter.java:103)

null on com.beilie.test.bole.cases.项目部._01项目详情.设置项目进程.GP10项目详情_上班保证期Test(com.beilie.test.bole.cases.项目部._01项目详情.设置项目进程.GP10项目详情_上班保证期Test)  Time elapsed: 22.805 sec  <<< FAILURE!
java.lang.NullPointerException: null
	at com.beilie.test.seleniums.core.Engine.quit(Engine.java:88)
	at com.beilie.test.seleniums.core.TestCaseBase.clear(TestCaseBase.java:16)
	at sun.reflect.NativeMethodAccessorImpl.invoke0(Native Method)
	at sun.reflect.NativeMethodAccessorImpl.invoke(NativeMethodAccessorImpl.java:62)
	at sun.reflect.DelegatingMethodAccessorImpl.invoke(DelegatingMethodAccessorImpl.java:43)
	at java.lang.reflect.Method.invoke(Method.java:498)
	at org.junit.runners.model.FrameworkMethod$1.runReflectiveCall(FrameworkMethod.java:50)
	at org.junit.internal.runners.model.ReflectiveCallable.run(ReflectiveCallable.java:12)
	at org.junit.runners.model.FrameworkMethod.invokeExplosively(FrameworkMethod.java:47)
	at org.junit.internal.runners.statements.RunAfters.evaluate(RunAfters.java:33)
	at org.junit.runners.ParentRunner.run(ParentRunner.java:363)
	at org.junit.runner.JUnitCore.run(JUnitCore.java:137)
	at org.junit.runner.JUnitCore.run(JUnitCore.java:115)
	at org.testng.junit.JUnit4TestRunner.start(JUnit4TestRunner.java:74)
	at org.testng.junit.JUnit4TestRunner.run(JUnit4TestRunner.java:65)
	at org.testng.TestRunner$1.run(TestRunner.java:656)
	at java.util.ArrayList.forEach(ArrayList.java:1257)
	at org.testng.TestRunner.runJUnitWorkers(TestRunner.java:847)
	at org.testng.TestRunner.privateRunJUnit(TestRunner.java:685)
	at org.testng.TestRunner.run(TestRunner.java:589)
	at org.testng.SuiteRunner.runTest(SuiteRunner.java:402)
	at org.testng.SuiteRunner.runSequentially(SuiteRunner.java:396)
	at org.testng.SuiteRunner.privateRun(SuiteRunner.java:355)
	at org.testng.SuiteRunner.run(SuiteRunner.java:304)
	at org.testng.SuiteRunnerWorker.runSuite(SuiteRunnerWorker.java:53)
	at org.testng.SuiteRunnerWorker.run(SuiteRunnerWorker.java:96)
	at org.testng.TestNG.runSuitesSequentially(TestNG.java:1180)
	at org.testng.TestNG.runSuitesLocally(TestNG.java:1102)
	at org.testng.TestNG.runSuites(TestNG.java:1032)
	at org.testng.TestNG.run(TestNG.java:1000)
	at org.apache.maven.surefire.testng.TestNGExecutor.run(TestNGExecutor.java:115)
	at org.apache.maven.surefire.testng.TestNGDirectoryTestSuite.executeMulti(TestNGDirectoryTestSuite.java:212)
	at org.apache.maven.surefire.testng.TestNGDirectoryTestSuite.execute(TestNGDirectoryTestSuite.java:108)
	at org.apache.maven.surefire.testng.TestNGProvider.invoke(TestNGProvider.java:111)
	at org.apache.maven.surefire.booter.ForkedBooter.invokeProviderInSameClassLoader(ForkedBooter.java:203)
	at org.apache.maven.surefire.booter.ForkedBooter.runSuitesInProcess(ForkedBooter.java:155)
	at org.apache.maven.surefire.booter.ForkedBooter.main(ForkedBooter.java:103)

null on com.beilie.test.bole.cases.项目部._01项目详情.设置项目进程.GP10项目详情_中止Test(com.beilie.test.bole.cases.项目部._01项目详情.设置项目进程.GP10项目详情_中止Test)  Time elapsed: 24.804 sec  <<< FAILURE!
org.openqa.selenium.SessionNotCreatedException: session not created: This version of ChromeDriver only supports Chrome version 94
Current browser version is 96.0.4664.45 with binary path C:\Program Files (x86)\Google\Chrome\Application\chrome.exe
  (Driver info: chromedriver=94.0.4606.61 (418b78f5838ed0b1c69bb4e51ea0252171854915-refs/branch-heads/4606@{#1204}),platform=Windows NT 10.0.19043 x86_64) (WARNING: The server did not provide any stacktrace information)
Command duration or timeout: 1.34 seconds
Build info: version: '2.53.1', revision: 'a36b8b1cd5757287168e54b817830adce9b0158d', time: '2016-06-30 19:26:09'
System info: host: 'DESKTOP-FJ710P4', ip: '192.168.5.36', os.name: 'Windows 10', os.arch: 'amd64', os.version: '10.0', java.version: '1.8.0_162'
Driver info: org.openqa.selenium.chrome.ChromeDriver
	at sun.reflect.NativeConstructorAccessorImpl.newInstance0(Native Method)
	at sun.reflect.NativeConstructorAccessorImpl.newInstance(NativeConstructorAccessorImpl.java:62)
	at sun.reflect.DelegatingConstructorAccessorImpl.newInstance(DelegatingConstructorAccessorImpl.java:45)
	at java.lang.reflect.Constructor.newInstance(Constructor.java:423)
	at org.openqa.selenium.remote.ErrorHandler.createThrowable(ErrorHandler.java:206)
	at org.openqa.selenium.remote.ErrorHandler.throwIfResponseFailed(ErrorHandler.java:158)
	at org.openqa.selenium.remote.RemoteWebDriver.execute(RemoteWebDriver.java:678)
	at org.openqa.selenium.remote.RemoteWebDriver.startSession(RemoteWebDriver.java:249)
	at org.openqa.selenium.remote.RemoteWebDriver.<init>(RemoteWebDriver.java:131)
	at org.openqa.selenium.remote.RemoteWebDriver.<init>(RemoteWebDriver.java:144)
	at org.openqa.selenium.chrome.ChromeDriver.<init>(ChromeDriver.java:170)
	at org.openqa.selenium.chrome.ChromeDriver.<init>(ChromeDriver.java:159)
	at org.openqa.selenium.chrome.ChromeDriver.<init>(ChromeDriver.java:148)
	at com.beilie.test.seleniums.core.Engine.<init>(Engine.java:43)
	at com.beilie.test.seleniums.core.Engine.getInstance(Engine.java:21)
	at com.beilie.test.seleniums.core.TestCaseBase.init(TestCaseBase.java:11)
	at sun.reflect.NativeMethodAccessorImpl.invoke0(Native Method)
	at sun.reflect.NativeMethodAccessorImpl.invoke(NativeMethodAccessorImpl.java:62)
	at sun.reflect.DelegatingMethodAccessorImpl.invoke(DelegatingMethodAccessorImpl.java:43)
	at java.lang.reflect.Method.invoke(Method.java:498)
	at org.junit.runners.model.FrameworkMethod$1.runReflectiveCall(FrameworkMethod.java:50)
	at org.junit.internal.runners.model.ReflectiveCallable.run(ReflectiveCallable.java:12)
	at org.junit.runners.model.FrameworkMethod.invokeExplosively(FrameworkMethod.java:47)
	at org.junit.internal.runners.statements.RunBefores.evaluate(RunBefores.java:24)
	at org.junit.internal.runners.statements.RunAfters.evaluate(RunAfters.java:27)
	at org.junit.runners.ParentRunner.run(ParentRunner.java:363)
	at org.junit.runner.JUnitCore.run(JUnitCore.java:137)
	at org.junit.runner.JUnitCore.run(JUnitCore.java:115)
	at org.testng.junit.JUnit4TestRunner.start(JUnit4TestRunner.java:74)
	at org.testng.junit.JUnit4TestRunner.run(JUnit4TestRunner.java:65)
	at org.testng.TestRunner$1.run(TestRunner.java:656)
	at java.util.ArrayList.forEach(ArrayList.java:1257)
	at org.testng.TestRunner.runJUnitWorkers(TestRunner.java:847)
	at org.testng.TestRunner.privateRunJUnit(TestRunner.java:685)
	at org.testng.TestRunner.run(TestRunner.java:589)
	at org.testng.SuiteRunner.runTest(SuiteRunner.java:402)
	at org.testng.SuiteRunner.runSequentially(SuiteRunner.java:396)
	at org.testng.SuiteRunner.privateRun(SuiteRunner.java:355)
	at org.testng.SuiteRunner.run(SuiteRunner.java:304)
	at org.testng.SuiteRunnerWorker.runSuite(SuiteRunnerWorker.java:53)
	at org.testng.SuiteRunnerWorker.run(SuiteRunnerWorker.java:96)
	at org.testng.TestNG.runSuitesSequentially(TestNG.java:1180)
	at org.testng.TestNG.runSuitesLocally(TestNG.java:1102)
	at org.testng.TestNG.runSuites(TestNG.java:1032)
	at org.testng.TestNG.run(TestNG.java:1000)
	at org.apache.maven.surefire.testng.TestNGExecutor.run(TestNGExecutor.java:115)
	at org.apache.maven.surefire.testng.TestNGDirectoryTestSuite.executeMulti(TestNGDirectoryTestSuite.java:212)
	at org.apache.maven.surefire.testng.TestNGDirectoryTestSuite.execute(TestNGDirectoryTestSuite.java:108)
	at org.apache.maven.surefire.testng.TestNGProvider.invoke(TestNGProvider.java:111)
	at org.apache.maven.surefire.booter.ForkedBooter.invokeProviderInSameClassLoader(ForkedBooter.java:203)
	at org.apache.maven.surefire.booter.ForkedBooter.runSuitesInProcess(ForkedBooter.java:155)
	at org.apache.maven.surefire.booter.ForkedBooter.main(ForkedBooter.java:103)

null on com.beilie.test.bole.cases.项目部._01项目详情.设置项目进程.GP10项目详情_中止Test(com.beilie.test.bole.cases.项目部._01项目详情.设置项目进程.GP10项目详情_中止Test)  Time elapsed: 24.804 sec  <<< FAILURE!
java.lang.NullPointerException: null
	at com.beilie.test.seleniums.core.Engine.quit(Engine.java:88)
	at com.beilie.test.seleniums.core.TestCaseBase.clear(TestCaseBase.java:16)
	at sun.reflect.NativeMethodAccessorImpl.invoke0(Native Method)
	at sun.reflect.NativeMethodAccessorImpl.invoke(NativeMethodAccessorImpl.java:62)
	at sun.reflect.DelegatingMethodAccessorImpl.invoke(DelegatingMethodAccessorImpl.java:43)
	at java.lang.reflect.Method.invoke(Method.java:498)
	at org.junit.runners.model.FrameworkMethod$1.runReflectiveCall(FrameworkMethod.java:50)
	at org.junit.internal.runners.model.ReflectiveCallable.run(ReflectiveCallable.java:12)
	at org.junit.runners.model.FrameworkMethod.invokeExplosively(FrameworkMethod.java:47)
	at org.junit.internal.runners.statements.RunAfters.evaluate(RunAfters.java:33)
	at org.junit.runners.ParentRunner.run(ParentRunner.java:363)
	at org.junit.runner.JUnitCore.run(JUnitCore.java:137)
	at org.junit.runner.JUnitCore.run(JUnitCore.java:115)
	at org.testng.junit.JUnit4TestRunner.start(JUnit4TestRunner.java:74)
	at org.testng.junit.JUnit4TestRunner.run(JUnit4TestRunner.java:65)
	at org.testng.TestRunner$1.run(TestRunner.java:656)
	at java.util.ArrayList.forEach(ArrayList.java:1257)
	at org.testng.TestRunner.runJUnitWorkers(TestRunner.java:847)
	at org.testng.TestRunner.privateRunJUnit(TestRunner.java:685)
	at org.testng.TestRunner.run(TestRunner.java:589)
	at org.testng.SuiteRunner.runTest(SuiteRunner.java:402)
	at org.testng.SuiteRunner.runSequentially(SuiteRunner.java:396)
	at org.testng.SuiteRunner.privateRun(SuiteRunner.java:355)
	at org.testng.SuiteRunner.run(SuiteRunner.java:304)
	at org.testng.SuiteRunnerWorker.runSuite(SuiteRunnerWorker.java:53)
	at org.testng.SuiteRunnerWorker.run(SuiteRunnerWorker.java:96)
	at org.testng.TestNG.runSuitesSequentially(TestNG.java:1180)
	at org.testng.TestNG.runSuitesLocally(TestNG.java:1102)
	at org.testng.TestNG.runSuites(TestNG.java:1032)
	at org.testng.TestNG.run(TestNG.java:1000)
	at org.apache.maven.surefire.testng.TestNGExecutor.run(TestNGExecutor.java:115)
	at org.apache.maven.surefire.testng.TestNGDirectoryTestSuite.executeMulti(TestNGDirectoryTestSuite.java:212)
	at org.apache.maven.surefire.testng.TestNGDirectoryTestSuite.execute(TestNGDirectoryTestSuite.java:108)
	at org.apache.maven.surefire.testng.TestNGProvider.invoke(TestNGProvider.java:111)
	at org.apache.maven.surefire.booter.ForkedBooter.invokeProviderInSameClassLoader(ForkedBooter.java:203)
	at org.apache.maven.surefire.booter.ForkedBooter.runSuitesInProcess(ForkedBooter.java:155)
	at org.apache.maven.surefire.booter.ForkedBooter.main(ForkedBooter.java:103)

null on com.beilie.test.bole.cases.项目部._01项目详情.设置项目进程.GP10项目详情_已完成Test(com.beilie.test.bole.cases.项目部._01项目详情.设置项目进程.GP10项目详情_已完成Test)  Time elapsed: 26.789 sec  <<< FAILURE!
org.openqa.selenium.SessionNotCreatedException: session not created: This version of ChromeDriver only supports Chrome version 94
Current browser version is 96.0.4664.45 with binary path C:\Program Files (x86)\Google\Chrome\Application\chrome.exe
  (Driver info: chromedriver=94.0.4606.61 (418b78f5838ed0b1c69bb4e51ea0252171854915-refs/branch-heads/4606@{#1204}),platform=Windows NT 10.0.19043 x86_64) (WARNING: The server did not provide any stacktrace information)
Command duration or timeout: 1.33 seconds
Build info: version: '2.53.1', revision: 'a36b8b1cd5757287168e54b817830adce9b0158d', time: '2016-06-30 19:26:09'
System info: host: 'DESKTOP-FJ710P4', ip: '192.168.5.36', os.name: 'Windows 10', os.arch: 'amd64', os.version: '10.0', java.version: '1.8.0_162'
Driver info: org.openqa.selenium.chrome.ChromeDriver
	at sun.reflect.NativeConstructorAccessorImpl.newInstance0(Native Method)
	at sun.reflect.NativeConstructorAccessorImpl.newInstance(NativeConstructorAccessorImpl.java:62)
	at sun.reflect.DelegatingConstructorAccessorImpl.newInstance(DelegatingConstructorAccessorImpl.java:45)
	at java.lang.reflect.Constructor.newInstance(Constructor.java:423)
	at org.openqa.selenium.remote.ErrorHandler.createThrowable(ErrorHandler.java:206)
	at org.openqa.selenium.remote.ErrorHandler.throwIfResponseFailed(ErrorHandler.java:158)
	at org.openqa.selenium.remote.RemoteWebDriver.execute(RemoteWebDriver.java:678)
	at org.openqa.selenium.remote.RemoteWebDriver.startSession(RemoteWebDriver.java:249)
	at org.openqa.selenium.remote.RemoteWebDriver.<init>(RemoteWebDriver.java:131)
	at org.openqa.selenium.remote.RemoteWebDriver.<init>(RemoteWebDriver.java:144)
	at org.openqa.selenium.chrome.ChromeDriver.<init>(ChromeDriver.java:170)
	at org.openqa.selenium.chrome.ChromeDriver.<init>(ChromeDriver.java:159)
	at org.openqa.selenium.chrome.ChromeDriver.<init>(ChromeDriver.java:148)
	at com.beilie.test.seleniums.core.Engine.<init>(Engine.java:43)
	at com.beilie.test.seleniums.core.Engine.getInstance(Engine.java:21)
	at com.beilie.test.seleniums.core.TestCaseBase.init(TestCaseBase.java:11)
	at sun.reflect.NativeMethodAccessorImpl.invoke0(Native Method)
	at sun.reflect.NativeMethodAccessorImpl.invoke(NativeMethodAccessorImpl.java:62)
	at sun.reflect.DelegatingMethodAccessorImpl.invoke(DelegatingMethodAccessorImpl.java:43)
	at java.lang.reflect.Method.invoke(Method.java:498)
	at org.junit.runners.model.FrameworkMethod$1.runReflectiveCall(FrameworkMethod.java:50)
	at org.junit.internal.runners.model.ReflectiveCallable.run(ReflectiveCallable.java:12)
	at org.junit.runners.model.FrameworkMethod.invokeExplosively(FrameworkMethod.java:47)
	at org.junit.internal.runners.statements.RunBefores.evaluate(RunBefores.java:24)
	at org.junit.internal.runners.statements.RunAfters.evaluate(RunAfters.java:27)
	at org.junit.runners.ParentRunner.run(ParentRunner.java:363)
	at org.junit.runner.JUnitCore.run(JUnitCore.java:137)
	at org.junit.runner.JUnitCore.run(JUnitCore.java:115)
	at org.testng.junit.JUnit4TestRunner.start(JUnit4TestRunner.java:74)
	at org.testng.junit.JUnit4TestRunner.run(JUnit4TestRunner.java:65)
	at org.testng.TestRunner$1.run(TestRunner.java:656)
	at java.util.ArrayList.forEach(ArrayList.java:1257)
	at org.testng.TestRunner.runJUnitWorkers(TestRunner.java:847)
	at org.testng.TestRunner.privateRunJUnit(TestRunner.java:685)
	at org.testng.TestRunner.run(TestRunner.java:589)
	at org.testng.SuiteRunner.runTest(SuiteRunner.java:402)
	at org.testng.SuiteRunner.runSequentially(SuiteRunner.java:396)
	at org.testng.SuiteRunner.privateRun(SuiteRunner.java:355)
	at org.testng.SuiteRunner.run(SuiteRunner.java:304)
	at org.testng.SuiteRunnerWorker.runSuite(SuiteRunnerWorker.java:53)
	at org.testng.SuiteRunnerWorker.run(SuiteRunnerWorker.java:96)
	at org.testng.TestNG.runSuitesSequentially(TestNG.java:1180)
	at org.testng.TestNG.runSuitesLocally(TestNG.java:1102)
	at org.testng.TestNG.runSuites(TestNG.java:1032)
	at org.testng.TestNG.run(TestNG.java:1000)
	at org.apache.maven.surefire.testng.TestNGExecutor.run(TestNGExecutor.java:115)
	at org.apache.maven.surefire.testng.TestNGDirectoryTestSuite.executeMulti(TestNGDirectoryTestSuite.java:212)
	at org.apache.maven.surefire.testng.TestNGDirectoryTestSuite.execute(TestNGDirectoryTestSuite.java:108)
	at org.apache.maven.surefire.testng.TestNGProvider.invoke(TestNGProvider.java:111)
	at org.apache.maven.surefire.booter.ForkedBooter.invokeProviderInSameClassLoader(ForkedBooter.java:203)
	at org.apache.maven.surefire.booter.ForkedBooter.runSuitesInProcess(ForkedBooter.java:155)
	at org.apache.maven.surefire.booter.ForkedBooter.main(ForkedBooter.java:103)

null on com.beilie.test.bole.cases.项目部._01项目详情.设置项目进程.GP10项目详情_已完成Test(com.beilie.test.bole.cases.项目部._01项目详情.设置项目进程.GP10项目详情_已完成Test)  Time elapsed: 26.79 sec  <<< FAILURE!
java.lang.NullPointerException: null
	at com.beilie.test.seleniums.core.Engine.quit(Engine.java:88)
	at com.beilie.test.seleniums.core.TestCaseBase.clear(TestCaseBase.java:16)
	at sun.reflect.NativeMethodAccessorImpl.invoke0(Native Method)
	at sun.reflect.NativeMethodAccessorImpl.invoke(NativeMethodAccessorImpl.java:62)
	at sun.reflect.DelegatingMethodAccessorImpl.invoke(DelegatingMethodAccessorImpl.java:43)
	at java.lang.reflect.Method.invoke(Method.java:498)
	at org.junit.runners.model.FrameworkMethod$1.runReflectiveCall(FrameworkMethod.java:50)
	at org.junit.internal.runners.model.ReflectiveCallable.run(ReflectiveCallable.java:12)
	at org.junit.runners.model.FrameworkMethod.invokeExplosively(FrameworkMethod.java:47)
	at org.junit.internal.runners.statements.RunAfters.evaluate(RunAfters.java:33)
	at org.junit.runners.ParentRunner.run(ParentRunner.java:363)
	at org.junit.runner.JUnitCore.run(JUnitCore.java:137)
	at org.junit.runner.JUnitCore.run(JUnitCore.java:115)
	at org.testng.junit.JUnit4TestRunner.start(JUnit4TestRunner.java:74)
	at org.testng.junit.JUnit4TestRunner.run(JUnit4TestRunner.java:65)
	at org.testng.TestRunner$1.run(TestRunner.java:656)
	at java.util.ArrayList.forEach(ArrayList.java:1257)
	at org.testng.TestRunner.runJUnitWorkers(TestRunner.java:847)
	at org.testng.TestRunner.privateRunJUnit(TestRunner.java:685)
	at org.testng.TestRunner.run(TestRunner.java:589)
	at org.testng.SuiteRunner.runTest(SuiteRunner.java:402)
	at org.testng.SuiteRunner.runSequentially(SuiteRunner.java:396)
	at org.testng.SuiteRunner.privateRun(SuiteRunner.java:355)
	at org.testng.SuiteRunner.run(SuiteRunner.java:304)
	at org.testng.SuiteRunnerWorker.runSuite(SuiteRunnerWorker.java:53)
	at org.testng.SuiteRunnerWorker.run(SuiteRunnerWorker.java:96)
	at org.testng.TestNG.runSuitesSequentially(TestNG.java:1180)
	at org.testng.TestNG.runSuitesLocally(TestNG.java:1102)
	at org.testng.TestNG.runSuites(TestNG.java:1032)
	at org.testng.TestNG.run(TestNG.java:1000)
	at org.apache.maven.surefire.testng.TestNGExecutor.run(TestNGExecutor.java:115)
	at org.apache.maven.surefire.testng.TestNGDirectoryTestSuite.executeMulti(TestNGDirectoryTestSuite.java:212)
	at org.apache.maven.surefire.testng.TestNGDirectoryTestSuite.execute(TestNGDirectoryTestSuite.java:108)
	at org.apache.maven.surefire.testng.TestNGProvider.invoke(TestNGProvider.java:111)
	at org.apache.maven.surefire.booter.ForkedBooter.invokeProviderInSameClassLoader(ForkedBooter.java:203)
	at org.apache.maven.surefire.booter.ForkedBooter.runSuitesInProcess(ForkedBooter.java:155)
	at org.apache.maven.surefire.booter.ForkedBooter.main(ForkedBooter.java:103)

null on com.beilie.test.bole.cases.项目部._01项目详情.设置项目进程.GP10项目详情_暂停Test(com.beilie.test.bole.cases.项目部._01项目详情.设置项目进程.GP10项目详情_暂停Test)  Time elapsed: 28.925 sec  <<< FAILURE!
org.openqa.selenium.SessionNotCreatedException: session not created: This version of ChromeDriver only supports Chrome version 94
Current browser version is 96.0.4664.45 with binary path C:\Program Files (x86)\Google\Chrome\Application\chrome.exe
  (Driver info: chromedriver=94.0.4606.61 (418b78f5838ed0b1c69bb4e51ea0252171854915-refs/branch-heads/4606@{#1204}),platform=Windows NT 10.0.19043 x86_64) (WARNING: The server did not provide any stacktrace information)
Command duration or timeout: 1.53 seconds
Build info: version: '2.53.1', revision: 'a36b8b1cd5757287168e54b817830adce9b0158d', time: '2016-06-30 19:26:09'
System info: host: 'DESKTOP-FJ710P4', ip: '192.168.5.36', os.name: 'Windows 10', os.arch: 'amd64', os.version: '10.0', java.version: '1.8.0_162'
Driver info: org.openqa.selenium.chrome.ChromeDriver
	at sun.reflect.NativeConstructorAccessorImpl.newInstance0(Native Method)
	at sun.reflect.NativeConstructorAccessorImpl.newInstance(NativeConstructorAccessorImpl.java:62)
	at sun.reflect.DelegatingConstructorAccessorImpl.newInstance(DelegatingConstructorAccessorImpl.java:45)
	at java.lang.reflect.Constructor.newInstance(Constructor.java:423)
	at org.openqa.selenium.remote.ErrorHandler.createThrowable(ErrorHandler.java:206)
	at org.openqa.selenium.remote.ErrorHandler.throwIfResponseFailed(ErrorHandler.java:158)
	at org.openqa.selenium.remote.RemoteWebDriver.execute(RemoteWebDriver.java:678)
	at org.openqa.selenium.remote.RemoteWebDriver.startSession(RemoteWebDriver.java:249)
	at org.openqa.selenium.remote.RemoteWebDriver.<init>(RemoteWebDriver.java:131)
	at org.openqa.selenium.remote.RemoteWebDriver.<init>(RemoteWebDriver.java:144)
	at org.openqa.selenium.chrome.ChromeDriver.<init>(ChromeDriver.java:170)
	at org.openqa.selenium.chrome.ChromeDriver.<init>(ChromeDriver.java:159)
	at org.openqa.selenium.chrome.ChromeDriver.<init>(ChromeDriver.java:148)
	at com.beilie.test.seleniums.core.Engine.<init>(Engine.java:43)
	at com.beilie.test.seleniums.core.Engine.getInstance(Engine.java:21)
	at com.beilie.test.seleniums.core.TestCaseBase.init(TestCaseBase.java:11)
	at sun.reflect.NativeMethodAccessorImpl.invoke0(Native Method)
	at sun.reflect.NativeMethodAccessorImpl.invoke(NativeMethodAccessorImpl.java:62)
	at sun.reflect.DelegatingMethodAccessorImpl.invoke(DelegatingMethodAccessorImpl.java:43)
	at java.lang.reflect.Method.invoke(Method.java:498)
	at org.junit.runners.model.FrameworkMethod$1.runReflectiveCall(FrameworkMethod.java:50)
	at org.junit.internal.runners.model.ReflectiveCallable.run(ReflectiveCallable.java:12)
	at org.junit.runners.model.FrameworkMethod.invokeExplosively(FrameworkMethod.java:47)
	at org.junit.internal.runners.statements.RunBefores.evaluate(RunBefores.java:24)
	at org.junit.internal.runners.statements.RunAfters.evaluate(RunAfters.java:27)
	at org.junit.runners.ParentRunner.run(ParentRunner.java:363)
	at org.junit.runner.JUnitCore.run(JUnitCore.java:137)
	at org.junit.runner.JUnitCore.run(JUnitCore.java:115)
	at org.testng.junit.JUnit4TestRunner.start(JUnit4TestRunner.java:74)
	at org.testng.junit.JUnit4TestRunner.run(JUnit4TestRunner.java:65)
	at org.testng.TestRunner$1.run(TestRunner.java:656)
	at java.util.ArrayList.forEach(ArrayList.java:1257)
	at org.testng.TestRunner.runJUnitWorkers(TestRunner.java:847)
	at org.testng.TestRunner.privateRunJUnit(TestRunner.java:685)
	at org.testng.TestRunner.run(TestRunner.java:589)
	at org.testng.SuiteRunner.runTest(SuiteRunner.java:402)
	at org.testng.SuiteRunner.runSequentially(SuiteRunner.java:396)
	at org.testng.SuiteRunner.privateRun(SuiteRunner.java:355)
	at org.testng.SuiteRunner.run(SuiteRunner.java:304)
	at org.testng.SuiteRunnerWorker.runSuite(SuiteRunnerWorker.java:53)
	at org.testng.SuiteRunnerWorker.run(SuiteRunnerWorker.java:96)
	at org.testng.TestNG.runSuitesSequentially(TestNG.java:1180)
	at org.testng.TestNG.runSuitesLocally(TestNG.java:1102)
	at org.testng.TestNG.runSuites(TestNG.java:1032)
	at org.testng.TestNG.run(TestNG.java:1000)
	at org.apache.maven.surefire.testng.TestNGExecutor.run(TestNGExecutor.java:115)
	at org.apache.maven.surefire.testng.TestNGDirectoryTestSuite.executeMulti(TestNGDirectoryTestSuite.java:212)
	at org.apache.maven.surefire.testng.TestNGDirectoryTestSuite.execute(TestNGDirectoryTestSuite.java:108)
	at org.apache.maven.surefire.testng.TestNGProvider.invoke(TestNGProvider.java:111)
	at org.apache.maven.surefire.booter.ForkedBooter.invokeProviderInSameClassLoader(ForkedBooter.java:203)
	at org.apache.maven.surefire.booter.ForkedBooter.runSuitesInProcess(ForkedBooter.java:155)
	at org.apache.maven.surefire.booter.ForkedBooter.main(ForkedBooter.java:103)

null on com.beilie.test.bole.cases.项目部._01项目详情.设置项目进程.GP10项目详情_暂停Test(com.beilie.test.bole.cases.项目部._01项目详情.设置项目进程.GP10项目详情_暂停Test)  Time elapsed: 28.926 sec  <<< FAILURE!
java.lang.NullPointerException: null
	at com.beilie.test.seleniums.core.Engine.quit(Engine.java:88)
	at com.beilie.test.seleniums.core.TestCaseBase.clear(TestCaseBase.java:16)
	at sun.reflect.NativeMethodAccessorImpl.invoke0(Native Method)
	at sun.reflect.NativeMethodAccessorImpl.invoke(NativeMethodAccessorImpl.java:62)
	at sun.reflect.DelegatingMethodAccessorImpl.invoke(DelegatingMethodAccessorImpl.java:43)
	at java.lang.reflect.Method.invoke(Method.java:498)
	at org.junit.runners.model.FrameworkMethod$1.runReflectiveCall(FrameworkMethod.java:50)
	at org.junit.internal.runners.model.ReflectiveCallable.run(ReflectiveCallable.java:12)
	at org.junit.runners.model.FrameworkMethod.invokeExplosively(FrameworkMethod.java:47)
	at org.junit.internal.runners.statements.RunAfters.evaluate(RunAfters.java:33)
	at org.junit.runners.ParentRunner.run(ParentRunner.java:363)
	at org.junit.runner.JUnitCore.run(JUnitCore.java:137)
	at org.junit.runner.JUnitCore.run(JUnitCore.java:115)
	at org.testng.junit.JUnit4TestRunner.start(JUnit4TestRunner.java:74)
	at org.testng.junit.JUnit4TestRunner.run(JUnit4TestRunner.java:65)
	at org.testng.TestRunner$1.run(TestRunner.java:656)
	at java.util.ArrayList.forEach(ArrayList.java:1257)
	at org.testng.TestRunner.runJUnitWorkers(TestRunner.java:847)
	at org.testng.TestRunner.privateRunJUnit(TestRunner.java:685)
	at org.testng.TestRunner.run(TestRunner.java:589)
	at org.testng.SuiteRunner.runTest(SuiteRunner.java:402)
	at org.testng.SuiteRunner.runSequentially(SuiteRunner.java:396)
	at org.testng.SuiteRunner.privateRun(SuiteRunner.java:355)
	at org.testng.SuiteRunner.run(SuiteRunner.java:304)
	at org.testng.SuiteRunnerWorker.runSuite(SuiteRunnerWorker.java:53)
	at org.testng.SuiteRunnerWorker.run(SuiteRunnerWorker.java:96)
	at org.testng.TestNG.runSuitesSequentially(TestNG.java:1180)
	at org.testng.TestNG.runSuitesLocally(TestNG.java:1102)
	at org.testng.TestNG.runSuites(TestNG.java:1032)
	at org.testng.TestNG.run(TestNG.java:1000)
	at org.apache.maven.surefire.testng.TestNGExecutor.run(TestNGExecutor.java:115)
	at org.apache.maven.surefire.testng.TestNGDirectoryTestSuite.executeMulti(TestNGDirectoryTestSuite.java:212)
	at org.apache.maven.surefire.testng.TestNGDirectoryTestSuite.execute(TestNGDirectoryTestSuite.java:108)
	at org.apache.maven.surefire.testng.TestNGProvider.invoke(TestNGProvider.java:111)
	at org.apache.maven.surefire.booter.ForkedBooter.invokeProviderInSameClassLoader(ForkedBooter.java:203)
	at org.apache.maven.surefire.booter.ForkedBooter.runSuitesInProcess(ForkedBooter.java:155)
	at org.apache.maven.surefire.booter.ForkedBooter.main(ForkedBooter.java:103)

null on com.beilie.test.bole.cases.项目部.项目执行._01GP10项目详情_项目执行_到发送推荐报告Test(com.beilie.test.bole.cases.项目部.项目执行._01GP10项目详情_项目执行_到发送推荐报告Test)  Time elapsed: 30.975 sec  <<< FAILURE!
org.openqa.selenium.SessionNotCreatedException: session not created: This version of ChromeDriver only supports Chrome version 94
Current browser version is 96.0.4664.45 with binary path C:\Program Files (x86)\Google\Chrome\Application\chrome.exe
  (Driver info: chromedriver=94.0.4606.61 (418b78f5838ed0b1c69bb4e51ea0252171854915-refs/branch-heads/4606@{#1204}),platform=Windows NT 10.0.19043 x86_64) (WARNING: The server did not provide any stacktrace information)
Command duration or timeout: 1.39 seconds
Build info: version: '2.53.1', revision: 'a36b8b1cd5757287168e54b817830adce9b0158d', time: '2016-06-30 19:26:09'
System info: host: 'DESKTOP-FJ710P4', ip: '192.168.5.36', os.name: 'Windows 10', os.arch: 'amd64', os.version: '10.0', java.version: '1.8.0_162'
Driver info: org.openqa.selenium.chrome.ChromeDriver
	at sun.reflect.NativeConstructorAccessorImpl.newInstance0(Native Method)
	at sun.reflect.NativeConstructorAccessorImpl.newInstance(NativeConstructorAccessorImpl.java:62)
	at sun.reflect.DelegatingConstructorAccessorImpl.newInstance(DelegatingConstructorAccessorImpl.java:45)
	at java.lang.reflect.Constructor.newInstance(Constructor.java:423)
	at org.openqa.selenium.remote.ErrorHandler.createThrowable(ErrorHandler.java:206)
	at org.openqa.selenium.remote.ErrorHandler.throwIfResponseFailed(ErrorHandler.java:158)
	at org.openqa.selenium.remote.RemoteWebDriver.execute(RemoteWebDriver.java:678)
	at org.openqa.selenium.remote.RemoteWebDriver.startSession(RemoteWebDriver.java:249)
	at org.openqa.selenium.remote.RemoteWebDriver.<init>(RemoteWebDriver.java:131)
	at org.openqa.selenium.remote.RemoteWebDriver.<init>(RemoteWebDriver.java:144)
	at org.openqa.selenium.chrome.ChromeDriver.<init>(ChromeDriver.java:170)
	at org.openqa.selenium.chrome.ChromeDriver.<init>(ChromeDriver.java:159)
	at org.openqa.selenium.chrome.ChromeDriver.<init>(ChromeDriver.java:148)
	at com.beilie.test.seleniums.core.Engine.<init>(Engine.java:43)
	at com.beilie.test.seleniums.core.Engine.getInstance(Engine.java:21)
	at com.beilie.test.seleniums.core.TestCaseBase.init(TestCaseBase.java:11)
	at sun.reflect.NativeMethodAccessorImpl.invoke0(Native Method)
	at sun.reflect.NativeMethodAccessorImpl.invoke(NativeMethodAccessorImpl.java:62)
	at sun.reflect.DelegatingMethodAccessorImpl.invoke(DelegatingMethodAccessorImpl.java:43)
	at java.lang.reflect.Method.invoke(Method.java:498)
	at org.junit.runners.model.FrameworkMethod$1.runReflectiveCall(FrameworkMethod.java:50)
	at org.junit.internal.runners.model.ReflectiveCallable.run(ReflectiveCallable.java:12)
	at org.junit.runners.model.FrameworkMethod.invokeExplosively(FrameworkMethod.java:47)
	at org.junit.internal.runners.statements.RunBefores.evaluate(RunBefores.java:24)
	at org.junit.internal.runners.statements.RunAfters.evaluate(RunAfters.java:27)
	at org.junit.runners.ParentRunner.run(ParentRunner.java:363)
	at org.junit.runner.JUnitCore.run(JUnitCore.java:137)
	at org.junit.runner.JUnitCore.run(JUnitCore.java:115)
	at org.testng.junit.JUnit4TestRunner.start(JUnit4TestRunner.java:74)
	at org.testng.junit.JUnit4TestRunner.run(JUnit4TestRunner.java:65)
	at org.testng.TestRunner$1.run(TestRunner.java:656)
	at java.util.ArrayList.forEach(ArrayList.java:1257)
	at org.testng.TestRunner.runJUnitWorkers(TestRunner.java:847)
	at org.testng.TestRunner.privateRunJUnit(TestRunner.java:685)
	at org.testng.TestRunner.run(TestRunner.java:589)
	at org.testng.SuiteRunner.runTest(SuiteRunner.java:402)
	at org.testng.SuiteRunner.runSequentially(SuiteRunner.java:396)
	at org.testng.SuiteRunner.privateRun(SuiteRunner.java:355)
	at org.testng.SuiteRunner.run(SuiteRunner.java:304)
	at org.testng.SuiteRunnerWorker.runSuite(SuiteRunnerWorker.java:53)
	at org.testng.SuiteRunnerWorker.run(SuiteRunnerWorker.java:96)
	at org.testng.TestNG.runSuitesSequentially(TestNG.java:1180)
	at org.testng.TestNG.runSuitesLocally(TestNG.java:1102)
	at org.testng.TestNG.runSuites(TestNG.java:1032)
	at org.testng.TestNG.run(TestNG.java:1000)
	at org.apache.maven.surefire.testng.TestNGExecutor.run(TestNGExecutor.java:115)
	at org.apache.maven.surefire.testng.TestNGDirectoryTestSuite.executeMulti(TestNGDirectoryTestSuite.java:212)
	at org.apache.maven.surefire.testng.TestNGDirectoryTestSuite.execute(TestNGDirectoryTestSuite.java:108)
	at org.apache.maven.surefire.testng.TestNGProvider.invoke(TestNGProvider.java:111)
	at org.apache.maven.surefire.booter.ForkedBooter.invokeProviderInSameClassLoader(ForkedBooter.java:203)
	at org.apache.maven.surefire.booter.ForkedBooter.runSuitesInProcess(ForkedBooter.java:155)
	at org.apache.maven.surefire.booter.ForkedBooter.main(ForkedBooter.java:103)

null on com.beilie.test.bole.cases.项目部.项目执行._01GP10项目详情_项目执行_到发送推荐报告Test(com.beilie.test.bole.cases.项目部.项目执行._01GP10项目详情_项目执行_到发送推荐报告Test)  Time elapsed: 30.977 sec  <<< FAILURE!
java.lang.NullPointerException: null
	at com.beilie.test.seleniums.core.Engine.quit(Engine.java:88)
	at com.beilie.test.seleniums.core.TestCaseBase.clear(TestCaseBase.java:16)
	at sun.reflect.NativeMethodAccessorImpl.invoke0(Native Method)
	at sun.reflect.NativeMethodAccessorImpl.invoke(NativeMethodAccessorImpl.java:62)
	at sun.reflect.DelegatingMethodAccessorImpl.invoke(DelegatingMethodAccessorImpl.java:43)
	at java.lang.reflect.Method.invoke(Method.java:498)
	at org.junit.runners.model.FrameworkMethod$1.runReflectiveCall(FrameworkMethod.java:50)
	at org.junit.internal.runners.model.ReflectiveCallable.run(ReflectiveCallable.java:12)
	at org.junit.runners.model.FrameworkMethod.invokeExplosively(FrameworkMethod.java:47)
	at org.junit.internal.runners.statements.RunAfters.evaluate(RunAfters.java:33)
	at org.junit.runners.ParentRunner.run(ParentRunner.java:363)
	at org.junit.runner.JUnitCore.run(JUnitCore.java:137)
	at org.junit.runner.JUnitCore.run(JUnitCore.java:115)
	at org.testng.junit.JUnit4TestRunner.start(JUnit4TestRunner.java:74)
	at org.testng.junit.JUnit4TestRunner.run(JUnit4TestRunner.java:65)
	at org.testng.TestRunner$1.run(TestRunner.java:656)
	at java.util.ArrayList.forEach(ArrayList.java:1257)
	at org.testng.TestRunner.runJUnitWorkers(TestRunner.java:847)
	at org.testng.TestRunner.privateRunJUnit(TestRunner.java:685)
	at org.testng.TestRunner.run(TestRunner.java:589)
	at org.testng.SuiteRunner.runTest(SuiteRunner.java:402)
	at org.testng.SuiteRunner.runSequentially(SuiteRunner.java:396)
	at org.testng.SuiteRunner.privateRun(SuiteRunner.java:355)
	at org.testng.SuiteRunner.run(SuiteRunner.java:304)
	at org.testng.SuiteRunnerWorker.runSuite(SuiteRunnerWorker.java:53)
	at org.testng.SuiteRunnerWorker.run(SuiteRunnerWorker.java:96)
	at org.testng.TestNG.runSuitesSequentially(TestNG.java:1180)
	at org.testng.TestNG.runSuitesLocally(TestNG.java:1102)
	at org.testng.TestNG.runSuites(TestNG.java:1032)
	at org.testng.TestNG.run(TestNG.java:1000)
	at org.apache.maven.surefire.testng.TestNGExecutor.run(TestNGExecutor.java:115)
	at org.apache.maven.surefire.testng.TestNGDirectoryTestSuite.executeMulti(TestNGDirectoryTestSuite.java:212)
	at org.apache.maven.surefire.testng.TestNGDirectoryTestSuite.execute(TestNGDirectoryTestSuite.java:108)
	at org.apache.maven.surefire.testng.TestNGProvider.invoke(TestNGProvider.java:111)
	at org.apache.maven.surefire.booter.ForkedBooter.invokeProviderInSameClassLoader(ForkedBooter.java:203)
	at org.apache.maven.surefire.booter.ForkedBooter.runSuitesInProcess(ForkedBooter.java:155)
	at org.apache.maven.surefire.booter.ForkedBooter.main(ForkedBooter.java:103)

null on com.beilie.test.open.applicants.cases.MyResume.编辑简历Test(com.beilie.test.open.applicants.cases.MyResume.编辑简历Test)  Time elapsed: 32.88 sec  <<< FAILURE!
org.openqa.selenium.SessionNotCreatedException: session not created: This version of ChromeDriver only supports Chrome version 94
Current browser version is 96.0.4664.45 with binary path C:\Program Files (x86)\Google\Chrome\Application\chrome.exe
  (Driver info: chromedriver=94.0.4606.61 (418b78f5838ed0b1c69bb4e51ea0252171854915-refs/branch-heads/4606@{#1204}),platform=Windows NT 10.0.19043 x86_64) (WARNING: The server did not provide any stacktrace information)
Command duration or timeout: 1.21 seconds
Build info: version: '2.53.1', revision: 'a36b8b1cd5757287168e54b817830adce9b0158d', time: '2016-06-30 19:26:09'
System info: host: 'DESKTOP-FJ710P4', ip: '192.168.5.36', os.name: 'Windows 10', os.arch: 'amd64', os.version: '10.0', java.version: '1.8.0_162'
Driver info: org.openqa.selenium.chrome.ChromeDriver
	at sun.reflect.NativeConstructorAccessorImpl.newInstance0(Native Method)
	at sun.reflect.NativeConstructorAccessorImpl.newInstance(NativeConstructorAccessorImpl.java:62)
	at sun.reflect.DelegatingConstructorAccessorImpl.newInstance(DelegatingConstructorAccessorImpl.java:45)
	at java.lang.reflect.Constructor.newInstance(Constructor.java:423)
	at org.openqa.selenium.remote.ErrorHandler.createThrowable(ErrorHandler.java:206)
	at org.openqa.selenium.remote.ErrorHandler.throwIfResponseFailed(ErrorHandler.java:158)
	at org.openqa.selenium.remote.RemoteWebDriver.execute(RemoteWebDriver.java:678)
	at org.openqa.selenium.remote.RemoteWebDriver.startSession(RemoteWebDriver.java:249)
	at org.openqa.selenium.remote.RemoteWebDriver.<init>(RemoteWebDriver.java:131)
	at org.openqa.selenium.remote.RemoteWebDriver.<init>(RemoteWebDriver.java:144)
	at org.openqa.selenium.chrome.ChromeDriver.<init>(ChromeDriver.java:170)
	at org.openqa.selenium.chrome.ChromeDriver.<init>(ChromeDriver.java:159)
	at org.openqa.selenium.chrome.ChromeDriver.<init>(ChromeDriver.java:148)
	at com.beilie.test.seleniums.core.Engine.<init>(Engine.java:43)
	at com.beilie.test.seleniums.core.Engine.getInstance(Engine.java:21)
	at com.beilie.test.seleniums.core.TestCaseBase.init(TestCaseBase.java:11)
	at sun.reflect.NativeMethodAccessorImpl.invoke0(Native Method)
	at sun.reflect.NativeMethodAccessorImpl.invoke(NativeMethodAccessorImpl.java:62)
	at sun.reflect.DelegatingMethodAccessorImpl.invoke(DelegatingMethodAccessorImpl.java:43)
	at java.lang.reflect.Method.invoke(Method.java:498)
	at org.junit.runners.model.FrameworkMethod$1.runReflectiveCall(FrameworkMethod.java:50)
	at org.junit.internal.runners.model.ReflectiveCallable.run(ReflectiveCallable.java:12)
	at org.junit.runners.model.FrameworkMethod.invokeExplosively(FrameworkMethod.java:47)
	at org.junit.internal.runners.statements.RunBefores.evaluate(RunBefores.java:24)
	at org.junit.internal.runners.statements.RunAfters.evaluate(RunAfters.java:27)
	at org.junit.runners.ParentRunner.run(ParentRunner.java:363)
	at org.junit.runner.JUnitCore.run(JUnitCore.java:137)
	at org.junit.runner.JUnitCore.run(JUnitCore.java:115)
	at org.testng.junit.JUnit4TestRunner.start(JUnit4TestRunner.java:74)
	at org.testng.junit.JUnit4TestRunner.run(JUnit4TestRunner.java:65)
	at org.testng.TestRunner$1.run(TestRunner.java:656)
	at java.util.ArrayList.forEach(ArrayList.java:1257)
	at org.testng.TestRunner.runJUnitWorkers(TestRunner.java:847)
	at org.testng.TestRunner.privateRunJUnit(TestRunner.java:685)
	at org.testng.TestRunner.run(TestRunner.java:589)
	at org.testng.SuiteRunner.runTest(SuiteRunner.java:402)
	at org.testng.SuiteRunner.runSequentially(SuiteRunner.java:396)
	at org.testng.SuiteRunner.privateRun(SuiteRunner.java:355)
	at org.testng.SuiteRunner.run(SuiteRunner.java:304)
	at org.testng.SuiteRunnerWorker.runSuite(SuiteRunnerWorker.java:53)
	at org.testng.SuiteRunnerWorker.run(SuiteRunnerWorker.java:96)
	at org.testng.TestNG.runSuitesSequentially(TestNG.java:1180)
	at org.testng.TestNG.runSuitesLocally(TestNG.java:1102)
	at org.testng.TestNG.runSuites(TestNG.java:1032)
	at org.testng.TestNG.run(TestNG.java:1000)
	at org.apache.maven.surefire.testng.TestNGExecutor.run(TestNGExecutor.java:115)
	at org.apache.maven.surefire.testng.TestNGDirectoryTestSuite.executeMulti(TestNGDirectoryTestSuite.java:212)
	at org.apache.maven.surefire.testng.TestNGDirectoryTestSuite.execute(TestNGDirectoryTestSuite.java:108)
	at org.apache.maven.surefire.testng.TestNGProvider.invoke(TestNGProvider.java:111)
	at org.apache.maven.surefire.booter.ForkedBooter.invokeProviderInSameClassLoader(ForkedBooter.java:203)
	at org.apache.maven.surefire.booter.ForkedBooter.runSuitesInProcess(ForkedBooter.java:155)
	at org.apache.maven.surefire.booter.ForkedBooter.main(ForkedBooter.java:103)

null on com.beilie.test.open.applicants.cases.MyResume.编辑简历Test(com.beilie.test.open.applicants.cases.MyResume.编辑简历Test)  Time elapsed: 32.881 sec  <<< FAILURE!
java.lang.NullPointerException: null
	at com.beilie.test.seleniums.core.Engine.quit(Engine.java:88)
	at com.beilie.test.seleniums.core.TestCaseBase.clear(TestCaseBase.java:16)
	at sun.reflect.NativeMethodAccessorImpl.invoke0(Native Method)
	at sun.reflect.NativeMethodAccessorImpl.invoke(NativeMethodAccessorImpl.java:62)
	at sun.reflect.DelegatingMethodAccessorImpl.invoke(DelegatingMethodAccessorImpl.java:43)
	at java.lang.reflect.Method.invoke(Method.java:498)
	at org.junit.runners.model.FrameworkMethod$1.runReflectiveCall(FrameworkMethod.java:50)
	at org.junit.internal.runners.model.ReflectiveCallable.run(ReflectiveCallable.java:12)
	at org.junit.runners.model.FrameworkMethod.invokeExplosively(FrameworkMethod.java:47)
	at org.junit.internal.runners.statements.RunAfters.evaluate(RunAfters.java:33)
	at org.junit.runners.ParentRunner.run(ParentRunner.java:363)
	at org.junit.runner.JUnitCore.run(JUnitCore.java:137)
	at org.junit.runner.JUnitCore.run(JUnitCore.java:115)
	at org.testng.junit.JUnit4TestRunner.start(JUnit4TestRunner.java:74)
	at org.testng.junit.JUnit4TestRunner.run(JUnit4TestRunner.java:65)
	at org.testng.TestRunner$1.run(TestRunner.java:656)
	at java.util.ArrayList.forEach(ArrayList.java:1257)
	at org.testng.TestRunner.runJUnitWorkers(TestRunner.java:847)
	at org.testng.TestRunner.privateRunJUnit(TestRunner.java:685)
	at org.testng.TestRunner.run(TestRunner.java:589)
	at org.testng.SuiteRunner.runTest(SuiteRunner.java:402)
	at org.testng.SuiteRunner.runSequentially(SuiteRunner.java:396)
	at org.testng.SuiteRunner.privateRun(SuiteRunner.java:355)
	at org.testng.SuiteRunner.run(SuiteRunner.java:304)
	at org.testng.SuiteRunnerWorker.runSuite(SuiteRunnerWorker.java:53)
	at org.testng.SuiteRunnerWorker.run(SuiteRunnerWorker.java:96)
	at org.testng.TestNG.runSuitesSequentially(TestNG.java:1180)
	at org.testng.TestNG.runSuitesLocally(TestNG.java:1102)
	at org.testng.TestNG.runSuites(TestNG.java:1032)
	at org.testng.TestNG.run(TestNG.java:1000)
	at org.apache.maven.surefire.testng.TestNGExecutor.run(TestNGExecutor.java:115)
	at org.apache.maven.surefire.testng.TestNGDirectoryTestSuite.executeMulti(TestNGDirectoryTestSuite.java:212)
	at org.apache.maven.surefire.testng.TestNGDirectoryTestSuite.execute(TestNGDirectoryTestSuite.java:108)
	at org.apache.maven.surefire.testng.TestNGProvider.invoke(TestNGProvider.java:111)
	at org.apache.maven.surefire.booter.ForkedBooter.invokeProviderInSameClassLoader(ForkedBooter.java:203)
	at org.apache.maven.surefire.booter.ForkedBooter.runSuitesInProcess(ForkedBooter.java:155)
	at org.apache.maven.surefire.booter.ForkedBooter.main(ForkedBooter.java:103)

null on com.beilie.test.open.applicants.cases.Positions.SearchPositionTest(com.beilie.test.open.applicants.cases.Positions.SearchPositionTest)  Time elapsed: 34.847 sec  <<< FAILURE!
org.openqa.selenium.SessionNotCreatedException: session not created: This version of ChromeDriver only supports Chrome version 94
Current browser version is 96.0.4664.45 with binary path C:\Program Files (x86)\Google\Chrome\Application\chrome.exe
  (Driver info: chromedriver=94.0.4606.61 (418b78f5838ed0b1c69bb4e51ea0252171854915-refs/branch-heads/4606@{#1204}),platform=Windows NT 10.0.19043 x86_64) (WARNING: The server did not provide any stacktrace information)
Command duration or timeout: 1.31 seconds
Build info: version: '2.53.1', revision: 'a36b8b1cd5757287168e54b817830adce9b0158d', time: '2016-06-30 19:26:09'
System info: host: 'DESKTOP-FJ710P4', ip: '192.168.5.36', os.name: 'Windows 10', os.arch: 'amd64', os.version: '10.0', java.version: '1.8.0_162'
Driver info: org.openqa.selenium.chrome.ChromeDriver
	at sun.reflect.NativeConstructorAccessorImpl.newInstance0(Native Method)
	at sun.reflect.NativeConstructorAccessorImpl.newInstance(NativeConstructorAccessorImpl.java:62)
	at sun.reflect.DelegatingConstructorAccessorImpl.newInstance(DelegatingConstructorAccessorImpl.java:45)
	at java.lang.reflect.Constructor.newInstance(Constructor.java:423)
	at org.openqa.selenium.remote.ErrorHandler.createThrowable(ErrorHandler.java:206)
	at org.openqa.selenium.remote.ErrorHandler.throwIfResponseFailed(ErrorHandler.java:158)
	at org.openqa.selenium.remote.RemoteWebDriver.execute(RemoteWebDriver.java:678)
	at org.openqa.selenium.remote.RemoteWebDriver.startSession(RemoteWebDriver.java:249)
	at org.openqa.selenium.remote.RemoteWebDriver.<init>(RemoteWebDriver.java:131)
	at org.openqa.selenium.remote.RemoteWebDriver.<init>(RemoteWebDriver.java:144)
	at org.openqa.selenium.chrome.ChromeDriver.<init>(ChromeDriver.java:170)
	at org.openqa.selenium.chrome.ChromeDriver.<init>(ChromeDriver.java:159)
	at org.openqa.selenium.chrome.ChromeDriver.<init>(ChromeDriver.java:148)
	at com.beilie.test.seleniums.core.Engine.<init>(Engine.java:43)
	at com.beilie.test.seleniums.core.Engine.getInstance(Engine.java:21)
	at com.beilie.test.seleniums.core.TestCaseBase.init(TestCaseBase.java:11)
	at sun.reflect.NativeMethodAccessorImpl.invoke0(Native Method)
	at sun.reflect.NativeMethodAccessorImpl.invoke(NativeMethodAccessorImpl.java:62)
	at sun.reflect.DelegatingMethodAccessorImpl.invoke(DelegatingMethodAccessorImpl.java:43)
	at java.lang.reflect.Method.invoke(Method.java:498)
	at org.junit.runners.model.FrameworkMethod$1.runReflectiveCall(FrameworkMethod.java:50)
	at org.junit.internal.runners.model.ReflectiveCallable.run(ReflectiveCallable.java:12)
	at org.junit.runners.model.FrameworkMethod.invokeExplosively(FrameworkMethod.java:47)
	at org.junit.internal.runners.statements.RunBefores.evaluate(RunBefores.java:24)
	at org.junit.internal.runners.statements.RunAfters.evaluate(RunAfters.java:27)
	at org.junit.runners.ParentRunner.run(ParentRunner.java:363)
	at org.junit.runner.JUnitCore.run(JUnitCore.java:137)
	at org.junit.runner.JUnitCore.run(JUnitCore.java:115)
	at org.testng.junit.JUnit4TestRunner.start(JUnit4TestRunner.java:74)
	at org.testng.junit.JUnit4TestRunner.run(JUnit4TestRunner.java:65)
	at org.testng.TestRunner$1.run(TestRunner.java:656)
	at java.util.ArrayList.forEach(ArrayList.java:1257)
	at org.testng.TestRunner.runJUnitWorkers(TestRunner.java:847)
	at org.testng.TestRunner.privateRunJUnit(TestRunner.java:685)
	at org.testng.TestRunner.run(TestRunner.java:589)
	at org.testng.SuiteRunner.runTest(SuiteRunner.java:402)
	at org.testng.SuiteRunner.runSequentially(SuiteRunner.java:396)
	at org.testng.SuiteRunner.privateRun(SuiteRunner.java:355)
	at org.testng.SuiteRunner.run(SuiteRunner.java:304)
	at org.testng.SuiteRunnerWorker.runSuite(SuiteRunnerWorker.java:53)
	at org.testng.SuiteRunnerWorker.run(SuiteRunnerWorker.java:96)
	at org.testng.TestNG.runSuitesSequentially(TestNG.java:1180)
	at org.testng.TestNG.runSuitesLocally(TestNG.java:1102)
	at org.testng.TestNG.runSuites(TestNG.java:1032)
	at org.testng.TestNG.run(TestNG.java:1000)
	at org.apache.maven.surefire.testng.TestNGExecutor.run(TestNGExecutor.java:115)
	at org.apache.maven.surefire.testng.TestNGDirectoryTestSuite.executeMulti(TestNGDirectoryTestSuite.java:212)
	at org.apache.maven.surefire.testng.TestNGDirectoryTestSuite.execute(TestNGDirectoryTestSuite.java:108)
	at org.apache.maven.surefire.testng.TestNGProvider.invoke(TestNGProvider.java:111)
	at org.apache.maven.surefire.booter.ForkedBooter.invokeProviderInSameClassLoader(ForkedBooter.java:203)
	at org.apache.maven.surefire.booter.ForkedBooter.runSuitesInProcess(ForkedBooter.java:155)
	at org.apache.maven.surefire.booter.ForkedBooter.main(ForkedBooter.java:103)

null on com.beilie.test.open.applicants.cases.Positions.SearchPositionTest(com.beilie.test.open.applicants.cases.Positions.SearchPositionTest)  Time elapsed: 34.848 sec  <<< FAILURE!
java.lang.NullPointerException: null
	at com.beilie.test.seleniums.core.Engine.quit(Engine.java:88)
	at com.beilie.test.seleniums.core.TestCaseBase.clear(TestCaseBase.java:16)
	at sun.reflect.NativeMethodAccessorImpl.invoke0(Native Method)
	at sun.reflect.NativeMethodAccessorImpl.invoke(NativeMethodAccessorImpl.java:62)
	at sun.reflect.DelegatingMethodAccessorImpl.invoke(DelegatingMethodAccessorImpl.java:43)
	at java.lang.reflect.Method.invoke(Method.java:498)
	at org.junit.runners.model.FrameworkMethod$1.runReflectiveCall(FrameworkMethod.java:50)
	at org.junit.internal.runners.model.ReflectiveCallable.run(ReflectiveCallable.java:12)
	at org.junit.runners.model.FrameworkMethod.invokeExplosively(FrameworkMethod.java:47)
	at org.junit.internal.runners.statements.RunAfters.evaluate(RunAfters.java:33)
	at org.junit.runners.ParentRunner.run(ParentRunner.java:363)
	at org.junit.runner.JUnitCore.run(JUnitCore.java:137)
	at org.junit.runner.JUnitCore.run(JUnitCore.java:115)
	at org.testng.junit.JUnit4TestRunner.start(JUnit4TestRunner.java:74)
	at org.testng.junit.JUnit4TestRunner.run(JUnit4TestRunner.java:65)
	at org.testng.TestRunner$1.run(TestRunner.java:656)
	at java.util.ArrayList.forEach(ArrayList.java:1257)
	at org.testng.TestRunner.runJUnitWorkers(TestRunner.java:847)
	at org.testng.TestRunner.privateRunJUnit(TestRunner.java:685)
	at org.testng.TestRunner.run(TestRunner.java:589)
	at org.testng.SuiteRunner.runTest(SuiteRunner.java:402)
	at org.testng.SuiteRunner.runSequentially(SuiteRunner.java:396)
	at org.testng.SuiteRunner.privateRun(SuiteRunner.java:355)
	at org.testng.SuiteRunner.run(SuiteRunner.java:304)
	at org.testng.SuiteRunnerWorker.runSuite(SuiteRunnerWorker.java:53)
	at org.testng.SuiteRunnerWorker.run(SuiteRunnerWorker.java:96)
	at org.testng.TestNG.runSuitesSequentially(TestNG.java:1180)
	at org.testng.TestNG.runSuitesLocally(TestNG.java:1102)
	at org.testng.TestNG.runSuites(TestNG.java:1032)
	at org.testng.TestNG.run(TestNG.java:1000)
	at org.apache.maven.surefire.testng.TestNGExecutor.run(TestNGExecutor.java:115)
	at org.apache.maven.surefire.testng.TestNGDirectoryTestSuite.executeMulti(TestNGDirectoryTestSuite.java:212)
	at org.apache.maven.surefire.testng.TestNGDirectoryTestSuite.execute(TestNGDirectoryTestSuite.java:108)
	at org.apache.maven.surefire.testng.TestNGProvider.invoke(TestNGProvider.java:111)
	at org.apache.maven.surefire.booter.ForkedBooter.invokeProviderInSameClassLoader(ForkedBooter.java:203)
	at org.apache.maven.surefire.booter.ForkedBooter.runSuitesInProcess(ForkedBooter.java:155)
	at org.apache.maven.surefire.booter.ForkedBooter.main(ForkedBooter.java:103)


Results :

Failed tests: 
com.beilie.test.bole.cases.项目部._01项目详情.团队人选.GP10项目详情_新增简历_加入项目Test.null on com.beilie.test.bole.cases.项目部._01项目详情.团队人选.GP10项目详情_新增简历_加入项目Test(com.beilie.test.bole.cases.项目部._01项目详情.团队人选.GP10项目详情_新增简历_加入项目Test)
  Run 1: GP10项目详情_新增简历_加入项目Test>TestCaseBase.init:11 ? SessionNotCreated session not cr...
  Run 2: GP10项目详情_新增简历_加入项目Test>TestCaseBase.clear:16 ? NullPointer

com.beilie.test.bole.cases.项目部._01项目详情.团队人选.GP10项目详情_添加备注Test.null on com.beilie.test.bole.cases.项目部._01项目详情.团队人选.GP10项目详情_添加备注Test(com.beilie.test.bole.cases.项目部._01项目详情.团队人选.GP10项目详情_添加备注Test)
  Run 1: GP10项目详情_添加备注Test>TestCaseBase.init:11 ? SessionNotCreated session not created...
  Run 2: GP10项目详情_添加备注Test>TestCaseBase.clear:16 ? NullPointer

com.beilie.test.bole.cases.项目部._01项目详情.设置职位状态.GP10项目详情_关闭职位Test.null on com.beilie.test.bole.cases.项目部._01项目详情.设置职位状态.GP10项目详情_关闭职位Test(com.beilie.test.bole.cases.项目部._01项目详情.设置职位状态.GP10项目详情_关闭职位Test)
  Run 1: GP10项目详情_关闭职位Test>TestCaseBase.init:11 ? SessionNotCreated session not created...
  Run 2: GP10项目详情_关闭职位Test>TestCaseBase.clear:16 ? NullPointer

com.beilie.test.bole.cases.项目部._01项目详情.设置职位状态.GP10项目详情_恢复职位Test.null on com.beilie.test.bole.cases.项目部._01项目详情.设置职位状态.GP10项目详情_恢复职位Test(com.beilie.test.bole.cases.项目部._01项目详情.设置职位状态.GP10项目详情_恢复职位Test)
  Run 1: GP10项目详情_恢复职位Test>TestCaseBase.init:11 ? SessionNotCreated session not created...
  Run 2: GP10项目详情_恢复职位Test>TestCaseBase.clear:16 ? NullPointer

com.beilie.test.bole.cases.项目部._01项目详情.设置职位状态.GP10项目详情_暂停职位Test.null on com.beilie.test.bole.cases.项目部._01项目详情.设置职位状态.GP10项目详情_暂停职位Test(com.beilie.test.bole.cases.项目部._01项目详情.设置职位状态.GP10项目详情_暂停职位Test)
  Run 1: GP10项目详情_暂停职位Test>TestCaseBase.init:11 ? SessionNotCreated session not created...
  Run 2: GP10项目详情_暂停职位Test>TestCaseBase.clear:16 ? NullPointer

com.beilie.test.bole.cases.项目部._01项目详情.设置项目进程.GP10项目详情_offer谈判中Test.null on com.beilie.test.bole.cases.项目部._01项目详情.设置项目进程.GP10项目详情_offer谈判中Test(com.beilie.test.bole.cases.项目部._01项目详情.设置项目进程.GP10项目详情_offer谈判中Test)
  Run 1: GP10项目详情_offer谈判中Test>TestCaseBase.init:11 ? SessionNotCreated session not cre...
  Run 2: GP10项目详情_offer谈判中Test>TestCaseBase.clear:16 ? NullPointer

com.beilie.test.bole.cases.项目部._01项目详情.设置项目进程.GP10项目详情_上班保证期Test.null on com.beilie.test.bole.cases.项目部._01项目详情.设置项目进程.GP10项目详情_上班保证期Test(com.beilie.test.bole.cases.项目部._01项目详情.设置项目进程.GP10项目详情_上班保证期Test)
  Run 1: GP10项目详情_上班保证期Test>TestCaseBase.init:11 ? SessionNotCreated session not create...
  Run 2: GP10项目详情_上班保证期Test>TestCaseBase.clear:16 ? NullPointer

com.beilie.test.bole.cases.项目部._01项目详情.设置项目进程.GP10项目详情_中止Test.null on com.beilie.test.bole.cases.项目部._01项目详情.设置项目进程.GP10项目详情_中止Test(com.beilie.test.bole.cases.项目部._01项目详情.设置项目进程.GP10项目详情_中止Test)
  Run 1: GP10项目详情_中止Test>TestCaseBase.init:11 ? SessionNotCreated session not created: ...
  Run 2: GP10项目详情_中止Test>TestCaseBase.clear:16 ? NullPointer

com.beilie.test.bole.cases.项目部._01项目详情.设置项目进程.GP10项目详情_已完成Test.null on com.beilie.test.bole.cases.项目部._01项目详情.设置项目进程.GP10项目详情_已完成Test(com.beilie.test.bole.cases.项目部._01项目详情.设置项目进程.GP10项目详情_已完成Test)
  Run 1: GP10项目详情_已完成Test>TestCaseBase.init:11 ? SessionNotCreated session not created:...
  Run 2: GP10项目详情_已完成Test>TestCaseBase.clear:16 ? NullPointer

com.beilie.test.bole.cases.项目部._01项目详情.设置项目进程.GP10项目详情_暂停Test.null on com.beilie.test.bole.cases.项目部._01项目详情.设置项目进程.GP10项目详情_暂停Test(com.beilie.test.bole.cases.项目部._01项目详情.设置项目进程.GP10项目详情_暂停Test)
  Run 1: GP10项目详情_暂停Test>TestCaseBase.init:11 ? SessionNotCreated session not created: ...
  Run 2: GP10项目详情_暂停Test>TestCaseBase.clear:16 ? NullPointer

com.beilie.test.bole.cases.项目部.项目执行._01GP10项目详情_项目执行_到发送推荐报告Test.null on com.beilie.test.bole.cases.项目部.项目执行._01GP10项目详情_项目执行_到发送推荐报告Test(com.beilie.test.bole.cases.项目部.项目执行._01GP10项目详情_项目执行_到发送推荐报告Test)
  Run 1: _01GP10项目详情_项目执行_到发送推荐报告Test>TestCaseBase.init:11 ? SessionNotCreated session ...
  Run 2: _01GP10项目详情_项目执行_到发送推荐报告Test>TestCaseBase.clear:16 ? NullPointer

com.beilie.test.open.applicants.cases.MyResume.编辑简历Test.null on com.beilie.test.open.applicants.cases.MyResume.编辑简历Test(com.beilie.test.open.applicants.cases.MyResume.编辑简历Test)
  Run 1: 编辑简历Test>TestCaseBase.init:11 ? SessionNotCreated session not created: This ve...
  Run 2: 编辑简历Test>TestCaseBase.clear:16 ? NullPointer

com.beilie.test.open.applicants.cases.Positions.SearchPositionTest.null on com.beilie.test.open.applicants.cases.Positions.SearchPositionTest(com.beilie.test.open.applicants.cases.Positions.SearchPositionTest)
  Run 1: SearchPositionTest>TestCaseBase.init:11 ? SessionNotCreated session not create...
  Run 2: SearchPositionTest>TestCaseBase.clear:16 ? NullPointer


Tests run: 32, Failures: 13, Errors: 0, Skipped: 13

[INFO] ------------------------------------------------------------------------
[INFO] BUILD FAILURE
[INFO] ------------------------------------------------------------------------
[INFO] Total time: 01:23 min
[INFO] Finished at: 2021-11-26T02:56:49+08:00
[INFO] Final Memory: 50M/275M
[INFO] ------------------------------------------------------------------------
[ERROR] Failed to execute goal org.apache.maven.plugins:maven-surefire-plugin:2.18.1:test (default-test) on project com-beilie-test: There are test failures.
[ERROR] 
[ERROR] Please refer to D:\workPlace\trunk\autoTest\src\com-beilie-test\target\surefire-reports for the individual test results.
[ERROR] -> [Help 1]
[ERROR] 
[ERROR] To see the full stack trace of the errors, re-run Maven with the -e switch.
[ERROR] Re-run Maven using the -X switch to enable full debug logging.
[ERROR] 
[ERROR] For more information about the errors and possible solutions, please read the following articles:
[ERROR] [Help 1] http://cwiki.apache.org/confluence/display/MAVEN/MojoFailureException
