[INFO] Scanning for projects...
Downloading: http://devs.beilie.com:8081/repository/wasp-public/com/beilie/com-beilie-parent/1.0.3-SNAPSHOT/maven-metadata.xml
610/610 B               Downloaded: http://devs.beilie.com:8081/repository/wasp-public/com/beilie/com-beilie-parent/1.0.3-SNAPSHOT/maven-metadata.xml (610 B at 2.6 KB/sec)
Downloading: http://devs.beilie.com:8081/repository/wasp-public/com/beilie/com-beilie-parent/1.0.3-SNAPSHOT/com-beilie-parent-1.0.3-20211123.034621-1167.pom
3/5 KB      5/5 KB            Downloaded: http://devs.beilie.com:8081/repository/wasp-public/com/beilie/com-beilie-parent/1.0.3-SNAPSHOT/com-beilie-parent-1.0.3-20211123.034621-1167.pom (5 KB at 74.3 KB/sec)
[INFO]                                                                         
[INFO] ------------------------------------------------------------------------
[INFO] Building com-beilie-test 1.0.3-SNAPSHOT
[INFO] ------------------------------------------------------------------------
Downloading: http://devs.beilie.com:8081/repository/wasp-public/com/beilie/com-beilie-data-mybatis/1.0.3-SNAPSHOT/maven-metadata.xml
792/792 B               Downloaded: http://devs.beilie.com:8081/repository/wasp-public/com/beilie/com-beilie-data-mybatis/1.0.3-SNAPSHOT/maven-metadata.xml (792 B at 5.5 KB/sec)
Downloading: http://devs.beilie.com:8081/repository/wasp-public/com/beilie/com-beilie-data-mybatis/1.0.3-SNAPSHOT/com-beilie-data-mybatis-1.0.3-20211123.034644-1051.pom
4/6 KB      6/6 KB            Downloaded: http://devs.beilie.com:8081/repository/wasp-public/com/beilie/com-beilie-data-mybatis/1.0.3-SNAPSHOT/com-beilie-data-mybatis-1.0.3-20211123.034644-1051.pom (6 KB at 80.4 KB/sec)
Downloading: http://devs.beilie.com:8081/repository/wasp-public/com/beilie/com-beilie-core/1.0.3-SNAPSHOT/maven-metadata.xml
784/784 B               Downloaded: http://devs.beilie.com:8081/repository/wasp-public/com/beilie/com-beilie-core/1.0.3-SNAPSHOT/maven-metadata.xml (784 B at 1.3 KB/sec)
Downloading: http://devs.beilie.com:8081/repository/wasp-public/com/beilie/com-beilie-core/1.0.3-SNAPSHOT/com-beilie-core-1.0.3-20211123.034641-1168.pom
3/9 KB      7/9 KB   9/9 KB            Downloaded: http://devs.beilie.com:8081/repository/wasp-public/com/beilie/com-beilie-core/1.0.3-SNAPSHOT/com-beilie-core-1.0.3-20211123.034641-1168.pom (9 KB at 159.0 KB/sec)
Downloading: http://devs.beilie.com:8081/repository/wasp-public/com/beilie/com-beilie-platform-api/1.0.3-SNAPSHOT/maven-metadata.xml
792/792 B               Downloaded: http://devs.beilie.com:8081/repository/wasp-public/com/beilie/com-beilie-platform-api/1.0.3-SNAPSHOT/maven-metadata.xml (792 B at 9.9 KB/sec)
Downloading: http://devs.beilie.com:8081/repository/wasp-public/com/beilie/com-beilie-platform-api/1.0.3-SNAPSHOT/com-beilie-platform-api-1.0.3-20211123.034703-1041.pom
2/6 KB      6/6 KB   6/6 KB            Downloaded: http://devs.beilie.com:8081/repository/wasp-public/com/beilie/com-beilie-platform-api/1.0.3-SNAPSHOT/com-beilie-platform-api-1.0.3-20211123.034703-1041.pom (6 KB at 87.1 KB/sec)
Downloading: http://devs.beilie.com:8081/repository/wasp-public/com/beilie/com-beilie-core-zookeeper/1.0.3-SNAPSHOT/maven-metadata.xml
791/791 B               Downloaded: http://devs.beilie.com:8081/repository/wasp-public/com/beilie/com-beilie-core-zookeeper/1.0.3-SNAPSHOT/maven-metadata.xml (791 B at 9.0 KB/sec)
Downloading: http://devs.beilie.com:8081/repository/wasp-public/com/beilie/com-beilie-core-zookeeper/1.0.3-SNAPSHOT/com-beilie-core-zookeeper-1.0.3-20211123.034642-103.pom
4/4 KB               Downloaded: http://devs.beilie.com:8081/repository/wasp-public/com/beilie/com-beilie-core-zookeeper/1.0.3-SNAPSHOT/com-beilie-core-zookeeper-1.0.3-20211123.034642-103.pom (4 KB at 57.8 KB/sec)
Downloading: http://devs.beilie.com:8081/repository/wasp-public/com/beilie/com-beilie-core-kafka/1.0.3-SNAPSHOT/maven-metadata.xml
787/787 B               Downloaded: http://devs.beilie.com:8081/repository/wasp-public/com/beilie/com-beilie-core-kafka/1.0.3-SNAPSHOT/maven-metadata.xml (787 B at 7.6 KB/sec)
Downloading: http://devs.beilie.com:8081/repository/wasp-public/com/beilie/com-beilie-core-kafka/1.0.3-SNAPSHOT/com-beilie-core-kafka-1.0.3-20211123.034643-103.pom
4/4 KB               Downloaded: http://devs.beilie.com:8081/repository/wasp-public/com/beilie/com-beilie-core-kafka/1.0.3-SNAPSHOT/com-beilie-core-kafka-1.0.3-20211123.034643-103.pom (4 KB at 59.3 KB/sec)
Downloading: http://devs.beilie.com:8081/repository/wasp-public/com/beilie/com-beilie-gaohr/1.0.3-SNAPSHOT/maven-metadata.xml
782/782 B               Downloaded: http://devs.beilie.com:8081/repository/wasp-public/com/beilie/com-beilie-gaohr/1.0.3-SNAPSHOT/maven-metadata.xml (782 B at 0.9 KB/sec)
Downloading: http://devs.beilie.com:8081/repository/wasp-public/com/beilie/com-beilie-talents/1.0.4-SNAPSHOT/maven-metadata.xml
784/784 B               Downloaded: http://devs.beilie.com:8081/repository/wasp-public/com/beilie/com-beilie-talents/1.0.4-SNAPSHOT/maven-metadata.xml (784 B at 9.8 KB/sec)
Downloading: http://devs.beilie.com:8081/repository/wasp-public/org/jetbrains/annotations/maven-metadata.xml
Downloading: https://repo.maven.apache.org/maven2/org/jetbrains/annotations/maven-metadata.xml
767/767 B               Downloaded: http://devs.beilie.com:8081/repository/wasp-public/org/jetbrains/annotations/maven-metadata.xml (767 B at 5.4 KB/sec)
746/746 B               Downloaded: https://repo.maven.apache.org/maven2/org/jetbrains/annotations/maven-metadata.xml (746 B at 0.6 KB/sec)
Downloading: http://devs.beilie.com:8081/repository/wasp-public/com/beilie/com-beilie-data-mybatis/1.0.3-SNAPSHOT/com-beilie-data-mybatis-1.0.3-20211123.034644-1051.jar
Downloading: http://devs.beilie.com:8081/repository/wasp-public/com/beilie/com-beilie-core/1.0.3-SNAPSHOT/com-beilie-core-1.0.3-20211123.034641-1168.jar
Downloading: http://devs.beilie.com:8081/repository/wasp-public/com/beilie/com-beilie-platform-api/1.0.3-SNAPSHOT/com-beilie-platform-api-1.0.3-20211123.034703-1041.jar
Downloading: http://devs.beilie.com:8081/repository/wasp-public/com/beilie/com-beilie-core-zookeeper/1.0.3-SNAPSHOT/com-beilie-core-zookeeper-1.0.3-20211123.034642-103.jar
Downloading: http://devs.beilie.com:8081/repository/wasp-public/com/beilie/com-beilie-core-kafka/1.0.3-SNAPSHOT/com-beilie-core-kafka-1.0.3-20211123.034643-103.jar
2/577 KB    3/577 KB   2/28 KB   3/577 KB   3/28 KB   3/577 KB   2/17 KB   3/28 KB   3/577 KB   3/17 KB   3/28 KB   3/577 KB   3/17 KB   3/28 KB   4/577 KB   3/17 KB   3/28 KB   3/323 KB   4/577 KB   3/17 KB   3/28 KB   7/323 KB   4/577 KB   3/17 KB   3/28 KB   11/323 KB   4/577 KB   3/17 KB   3/28 KB   15/323 KB   4/577 KB   3/17 KB   3/28 KB   19/323 KB   4/577 KB   3/17 KB   3/28 KB   23/323 KB   4/577 KB   3/17 KB   3/28 KB   27/323 KB   4/577 KB   3/17 KB   3/28 KB   27/323 KB   6/577 KB   3/17 KB   3/28 KB   29/323 KB   6/577 KB   3/17 KB   3/28 KB   32/323 KB   6/577 KB   3/17 KB   3/28 KB   32/323 KB   6/577 KB   3/17 KB   3/28 KB   32/323 KB   7/577 KB   3/17 KB   3/28 KB   34/323 KB   7/577 KB   3/17 KB   3/28 KB   34/323 KB   8/577 KB   3/17 KB   3/28 KB   37/323 KB   8/577 KB   3/17 KB   3/28 KB   38/323 KB   8/577 KB   3/17 KB   3/28 KB   39/323 KB   8/577 KB   3/17 KB   3/28 KB   41/323 KB   8/577 KB   3/17 KB   3/28 KB   42/323 KB   8/577 KB   3/17 KB   3/28 KB   43/323 KB   8/577 KB   3/17 KB   3/28 KB   45/323 KB   8/577 KB   3/17 KB   3/28 KB   46/323 KB   8/577 KB   3/17 KB   3/28 KB   48/323 KB   8/577 KB   3/17 KB   3/28 KB   2/9 KB   48/323 KB   8/577 KB   3/17 KB   3/28 KB   3/9 KB   48/323 KB   8/577 KB   3/17 KB   4/28 KB   3/9 KB   48/323 KB   8/577 KB   3/17 KB   8/28 KB   3/9 KB   48/323 KB   8/577 KB   3/17 KB   8/28 KB   3/9 KB   48/323 KB   8/577 KB   4/17 KB   8/28 KB   3/9 KB   48/323 KB   8/577 KB   8/17 KB   8/28 KB   3/9 KB   48/323 KB   8/577 KB   8/17 KB   8/28 KB   3/9 KB   48/323 KB   8/577 KB   8/17 KB   8/28 KB   3/9 KB   49/323 KB   8/577 KB   8/17 KB   8/28 KB   3/9 KB   50/323 KB   8/577 KB   8/17 KB   8/28 KB   3/9 KB   52/323 KB   8/577 KB   8/17 KB   8/28 KB   3/9 KB   53/323 KB   8/577 KB   8/17 KB   8/28 KB   3/9 KB   54/323 KB   8/577 KB   8/17 KB   8/28 KB   3/9 KB   56/323 KB   8/577 KB   8/17 KB   8/28 KB   3/9 KB   57/323 KB   8/577 KB   8/17 KB   8/28 KB   3/9 KB   58/323 KB   8/577 KB   8/17 KB   8/28 KB   3/9 KB   60/323 KB   8/577 KB   8/17 KB   8/28 KB   3/9 KB   61/323 KB   8/577 KB   8/17 KB   8/28 KB   3/9 KB   63/323 KB   8/577 KB   8/17 KB   8/28 KB   3/9 KB   64/323 KB   8/577 KB   8/17 KB   8/28 KB   3/9 KB   64/323 KB   8/577 KB   8/17 KB   8/28 KB   3/9 KB   64/323 KB   10/577 KB   8/17 KB   8/28 KB   3/9 KB   64/323 KB   12/577 KB   8/17 KB   8/28 KB   3/9 KB   64/323 KB   14/577 KB   8/17 KB   8/28 KB   3/9 KB   64/323 KB   18/577 KB   8/17 KB   8/28 KB   3/9 KB   64/323 KB   18/577 KB   8/17 KB   8/28 KB   3/9 KB   66/323 KB   18/577 KB   8/17 KB   8/28 KB   3/9 KB   66/323 KB   19/577 KB   8/17 KB   8/28 KB   3/9 KB   69/323 KB   19/577 KB   8/17 KB   8/28 KB   3/9 KB   71/323 KB   19/577 KB   8/17 KB   8/28 KB   3/9 KB   74/323 KB   19/577 KB   8/17 KB   8/28 KB   3/9 KB   75/323 KB   19/577 KB   8/17 KB   8/28 KB   3/9 KB   78/323 KB   19/577 KB   8/17 KB   8/28 KB   3/9 KB   81/323 KB   19/577 KB   8/17 KB   8/28 KB   3/9 KB   82/323 KB   19/577 KB   8/17 KB   8/28 KB   3/9 KB   85/323 KB   19/577 KB   8/17 KB   8/28 KB   3/9 KB   88/323 KB   19/577 KB   8/17 KB   8/28 KB   3/9 KB   89/323 KB   19/577 KB   8/17 KB   8/28 KB   3/9 KB   92/323 KB   19/577 KB   8/17 KB   8/28 KB   3/9 KB   95/323 KB   19/577 KB   8/17 KB   8/28 KB   3/9 KB   96/323 KB   19/577 KB   8/17 KB   8/28 KB   4/9 KB   96/323 KB   19/577 KB   8/17 KB   8/28 KB   7/9 KB   96/323 KB   19/577 KB   8/17 KB   8/28 KB   8/9 KB   96/323 KB   19/577 KB   8/17 KB   8/28 KB   8/9 KB   96/323 KB   21/577 KB   8/17 KB   8/28 KB   8/9 KB   96/323 KB   23/577 KB   8/17 KB   8/28 KB   8/9 KB   96/323 KB   27/577 KB   8/17 KB   8/28 KB   8/9 KB   96/323 KB   28/577 KB   8/17 KB   8/28 KB   8/9 KB   96/323 KB   30/577 KB   8/17 KB   12/28 KB   8/9 KB   96/323 KB   30/577 KB   8/17 KB   12/28 KB   8/9 KB   96/323 KB   30/577 KB   8/17 KB   15/28 KB   8/9 KB   96/323 KB   30/577 KB   8/17 KB   18/28 KB   8/9 KB   96/323 KB   30/577 KB   8/17 KB   19/28 KB   8/9 KB   96/323 KB   30/577 KB   8/17 KB   19/28 KB   8/9 KB   96/323 KB   33/577 KB   8/17 KB   19/28 KB   8/9 KB   96/323 KB   34/577 KB   8/17 KB   19/28 KB   8/9 KB   96/323 KB   36/577 KB   8/17 KB   19/28 KB   8/9 KB   96/323 KB   38/577 KB   8/17 KB   19/28 KB   8/9 KB   99/323 KB   38/577 KB   8/17 KB   19/28 KB   8/9 KB   101/323 KB   38/577 KB   8/17 KB   19/28 KB   8/9 KB   103/323 KB   38/577 KB   8/17 KB   19/28 KB   8/9 KB   105/323 KB   38/577 KB   8/17 KB   19/28 KB   8/9 KB   106/323 KB   38/577 KB   8/17 KB   19/28 KB   8/9 KB   107/323 KB   38/577 KB   8/17 KB   19/28 KB   8/9 KB   109/323 KB   38/577 KB   8/17 KB   19/28 KB   8/9 KB   110/323 KB   38/577 KB   8/17 KB   19/28 KB   8/9 KB   112/323 KB   38/577 KB   8/17 KB   19/28 KB   8/9 KB   113/323 KB   38/577 KB   8/17 KB   19/28 KB   8/9 KB   114/323 KB   38/577 KB   8/17 KB   19/28 KB   8/9 KB   116/323 KB   38/577 KB   8/17 KB   19/28 KB   8/9 KB   117/323 KB   38/577 KB   8/17 KB   19/28 KB   8/9 KB   118/323 KB   38/577 KB   8/17 KB   19/28 KB   8/9 KB   120/323 KB   38/577 KB   8/17 KB   19/28 KB   8/9 KB   121/323 KB   38/577 KB   8/17 KB   19/28 KB   8/9 KB   122/323 KB   38/577 KB   8/17 KB   19/28 KB   8/9 KB   124/323 KB   38/577 KB   8/17 KB   19/28 KB   8/9 KB   125/323 KB   38/577 KB   8/17 KB   19/28 KB   8/9 KB   127/323 KB   38/577 KB   8/17 KB   19/28 KB   8/9 KB   128/323 KB   38/577 KB   8/17 KB   19/28 KB   8/9 KB   128/323 KB   40/577 KB   8/17 KB   19/28 KB   8/9 KB   128/323 KB   41/577 KB   10/17 KB   19/28 KB   8/9 KB   128/323 KB   41/577 KB   11/17 KB   19/28 KB   8/9 KB   128/323 KB   41/577 KB   12/17 KB   19/28 KB   8/9 KB   128/323 KB   41/577 KB   15/17 KB   19/28 KB   8/9 KB   128/323 KB   41/577 KB   17/17 KB   19/28 KB   8/9 KB   128/323 KB   41/577 KB   17/17 KB   19/28 KB   8/9 KB   131/323 KB   41/577 KB   17/17 KB   19/28 KB   8/9 KB   133/323 KB   41/577 KB   17/17 KB   19/28 KB   8/9 KB   134/323 KB   41/577 KB   17/17 KB   19/28 KB   8/9 KB   135/323 KB   41/577 KB   17/17 KB   19/28 KB   8/9 KB   137/323 KB   41/577 KB   17/17 KB   19/28 KB   8/9 KB   138/323 KB   41/577 KB   17/17 KB   19/28 KB   8/9 KB   139/323 KB   41/577 KB   17/17 KB   19/28 KB   8/9 KB   141/323 KB   41/577 KB   17/17 KB   19/28 KB   8/9 KB   142/323 KB   41/577 KB   17/17 KB   19/28 KB   8/9 KB   144/323 KB   41/577 KB   17/17 KB   19/28 KB   8/9 KB   145/323 KB   41/577 KB   17/17 KB   19/28 KB   8/9 KB   146/323 KB   41/577 KB   17/17 KB   19/28 KB   8/9 KB   148/323 KB   41/577 KB   17/17 KB   19/28 KB   8/9 KB   149/323 KB   41/577 KB   17/17 KB   19/28 KB   8/9 KB   150/323 KB   41/577 KB   17/17 KB   19/28 KB   8/9 KB   152/323 KB   41/577 KB   17/17 KB   19/28 KB   8/9 KB   153/323 KB   41/577 KB   17/17 KB   19/28 KB   8/9 KB   154/323 KB   41/577 KB   17/17 KB   19/28 KB   8/9 KB   156/323 KB   41/577 KB   17/17 KB   19/28 KB   8/9 KB   157/323 KB   41/577 KB   17/17 KB   19/28 KB   8/9 KB   159/323 KB   41/577 KB   17/17 KB   19/28 KB   8/9 KB   160/323 KB   41/577 KB   17/17 KB   19/28 KB   8/9 KB   160/323 KB   41/577 KB   17/17 KB   19/28 KB   8/9 KB   160/323 KB   43/577 KB   17/17 KB   19/28 KB   8/9 KB   160/323 KB   45/577 KB   17/17 KB   19/28 KB   8/9 KB   160/323 KB   47/577 KB   17/17 KB   19/28 KB   8/9 KB   160/323 KB   49/577 KB   17/17 KB   19/28 KB   8/9 KB   160/323 KB   52/577 KB   17/17 KB   19/28 KB   8/9 KB   160/323 KB   55/577 KB   17/17 KB   19/28 KB   8/9 KB   160/323 KB   56/577 KB   17/17 KB   19/28 KB   8/9 KB   160/323 KB   59/577 KB   17/17 KB   19/28 KB   8/9 KB   160/323 KB   62/577 KB   17/17 KB   19/28 KB   8/9 KB   160/323 KB   63/577 KB   17/17 KB   19/28 KB   8/9 KB   160/323 KB   66/577 KB   17/17 KB   19/28 KB   8/9 KB   160/323 KB   69/577 KB   17/17 KB   19/28 KB   8/9 KB   160/323 KB   70/577 KB   17/17 KB   19/28 KB   8/9 KB   160/323 KB   73/577 KB   17/17 KB   19/28 KB   8/9 KB   160/323 KB   75/577 KB   17/17 KB   19/28 KB   8/9 KB   160/323 KB   77/577 KB   17/17 KB   19/28 KB   8/9 KB   160/323 KB   78/577 KB   17/17 KB   19/28 KB   9/9 KB   160/323 KB   78/577 KB   17/17 KB   22/28 KB   9/9 KB   160/323 KB   78/577 KB   17/17 KB   25/28 KB   9/9 KB   160/323 KB   78/577 KB   17/17 KB   26/28 KB   9/9 KB   160/323 KB   78/577 KB   17/17 KB   28/28 KB   9/9 KB   160/323 KB   78/577 KB   17/17 KB   28/28 KB   9/9 KB   160/323 KB   80/577 KB   17/17 KB   28/28 KB   9/9 KB   160/323 KB   81/577 KB   17/17 KB   28/28 KB   9/9 KB   160/323 KB   84/577 KB   17/17 KB   28/28 KB   9/9 KB   162/323 KB   84/577 KB   17/17 KB   28/28 KB   9/9 KB   165/323 KB   84/577 KB   17/17 KB   28/28 KB   9/9 KB   167/323 KB   84/577 KB   17/17 KB   28/28 KB   9/9 KB   169/323 KB   84/577 KB   17/17 KB   28/28 KB   9/9 KB   171/323 KB   84/577 KB   17/17 KB   28/28 KB   9/9 KB   174/323 KB   84/577 KB   17/17 KB   28/28 KB   9/9 KB   177/323 KB   84/577 KB   17/17 KB   28/28 KB   9/9 KB   178/323 KB   84/577 KB   17/17 KB   28/28 KB   9/9 KB   181/323 KB   84/577 KB   17/17 KB   28/28 KB   9/9 KB   184/323 KB   84/577 KB   17/17 KB   28/28 KB   9/9 KB   185/323 KB   84/577 KB   17/17 KB   28/28 KB   9/9 KB   188/323 KB   84/577 KB   17/17 KB   28/28 KB   9/9 KB   191/323 KB   84/577 KB   17/17 KB   28/28 KB   9/9 KB   192/323 KB   84/577 KB   17/17 KB   28/28 KB   9/9 KB   192/323 KB   86/577 KB   17/17 KB   28/28 KB   9/9 KB   192/323 KB   88/577 KB   17/17 KB   28/28 KB   9/9 KB   192/323 KB   90/577 KB   17/17 KB   28/28 KB   9/9 KB   192/323 KB   93/577 KB   17/17 KB   28/28 KB   9/9 KB   192/323 KB   96/577 KB   17/17 KB   28/28 KB   9/9 KB   194/323 KB   96/577 KB   17/17 KB   28/28 KB   9/9 KB   194/323 KB   96/577 KB   17/17 KB   28/28 KB   9/9 KB   195/323 KB   96/577 KB   17/17 KB   28/28 KB   9/9 KB   198/323 KB   96/577 KB   17/17 KB   28/28 KB   9/9 KB   201/323 KB   96/577 KB   17/17 KB   28/28 KB   9/9 KB   203/323 KB   96/577 KB   17/17 KB   28/28 KB   9/9 KB   206/323 KB   96/577 KB   17/17 KB   28/28 KB   9/9 KB   208/323 KB   96/577 KB   17/17 KB   28/28 KB   9/9 KB   210/323 KB   96/577 KB   17/17 KB   28/28 KB   9/9 KB   212/323 KB   96/577 KB   17/17 KB   28/28 KB   9/9 KB   214/323 KB   96/577 KB   17/17 KB   28/28 KB   9/9 KB   217/323 KB   96/577 KB   17/17 KB   28/28 KB   9/9 KB   218/323 KB   96/577 KB   17/17 KB   28/28 KB   9/9 KB   221/323 KB   96/577 KB   17/17 KB   28/28 KB   9/9 KB   224/323 KB   96/577 KB   17/17 KB   28/28 KB   9/9 KB   224/323 KB   98/577 KB   17/17 KB   28/28 KB   9/9 KB   224/323 KB   101/577 KB   17/17 KB   28/28 KB   9/9 KB   224/323 KB   103/577 KB   17/17 KB   28/28 KB   9/9 KB   224/323 KB   105/577 KB   17/17 KB   28/28 KB   9/9 KB   224/323 KB   107/577 KB   17/17 KB   28/28 KB   9/9 KB   224/323 KB   110/577 KB   17/17 KB   28/28 KB   9/9 KB   224/323 KB   112/577 KB   17/17 KB   28/28 KB   9/9 KB   224/323 KB   114/577 KB   17/17 KB   28/28 KB   9/9 KB   224/323 KB   117/577 KB   17/17 KB   28/28 KB   9/9 KB   224/323 KB   120/577 KB   17/17 KB   28/28 KB   9/9 KB   224/323 KB   121/577 KB   17/17 KB   28/28 KB   9/9 KB   224/323 KB   124/577 KB   17/17 KB   28/28 KB   9/9 KB   224/323 KB   127/577 KB   17/17 KB   28/28 KB   9/9 KB   224/323 KB   128/577 KB   17/17 KB   28/28 KB   9/9 KB   226/323 KB   128/577 KB   17/17 KB   28/28 KB   9/9 KB   227/323 KB   128/577 KB   17/17 KB   28/28 KB   9/9 KB   229/323 KB   128/577 KB   17/17 KB   28/28 KB   9/9 KB   230/323 KB   128/577 KB   17/17 KB   28/28 KB   9/9 KB   231/323 KB   128/577 KB   17/17 KB   28/28 KB   9/9 KB   233/323 KB   128/577 KB   17/17 KB   28/28 KB   9/9 KB   234/323 KB   128/577 KB   17/17 KB   28/28 KB   9/9 KB   235/323 KB   128/577 KB   17/17 KB   28/28 KB   9/9 KB   237/323 KB   128/577 KB   17/17 KB   28/28 KB   9/9 KB   238/323 KB   128/577 KB   17/17 KB   28/28 KB   9/9 KB   240/323 KB   128/577 KB   17/17 KB   28/28 KB   9/9 KB   241/323 KB   128/577 KB   17/17 KB   28/28 KB   9/9 KB   242/323 KB   128/577 KB   17/17 KB   28/28 KB   9/9 KB   244/323 KB   128/577 KB   17/17 KB   28/28 KB   9/9 KB   245/323 KB   128/577 KB   17/17 KB   28/28 KB   9/9 KB   246/323 KB   128/577 KB   17/17 KB   28/28 KB   9/9 KB   248/323 KB   128/577 KB   17/17 KB   28/28 KB   9/9 KB   249/323 KB   128/577 KB   17/17 KB   28/28 KB   9/9 KB   250/323 KB   128/577 KB   17/17 KB   28/28 KB   9/9 KB   252/323 KB   128/577 KB   17/17 KB   28/28 KB   9/9 KB   253/323 KB   128/577 KB   17/17 KB   28/28 KB   9/9 KB   255/323 KB   128/577 KB   17/17 KB   28/28 KB   9/9 KB   256/323 KB   128/577 KB   17/17 KB   28/28 KB   9/9 KB   256/323 KB   128/577 KB   17/17 KB   28/28 KB   9/9 KB   256/323 KB   130/577 KB   17/17 KB   28/28 KB   9/9 KB   256/323 KB   131/577 KB   17/17 KB   28/28 KB   9/9 KB   256/323 KB   134/577 KB   17/17 KB   28/28 KB   9/9 KB   256/323 KB   135/577 KB   17/17 KB   28/28 KB   9/9 KB   256/323 KB   137/577 KB   17/17 KB   28/28 KB   9/9 KB   256/323 KB   139/577 KB   17/17 KB   28/28 KB   9/9 KB   256/323 KB   141/577 KB   17/17 KB   28/28 KB   9/9 KB   256/323 KB   144/577 KB   17/17 KB   28/28 KB   9/9 KB   256/323 KB   146/577 KB   17/17 KB   28/28 KB   9/9 KB   256/323 KB   149/577 KB   17/17 KB   28/28 KB   9/9 KB   256/323 KB   150/577 KB   17/17 KB   28/28 KB   9/9 KB   256/323 KB   152/577 KB   17/17 KB   28/28 KB   9/9 KB   256/323 KB   153/577 KB   17/17 KB   28/28 KB   9/9 KB   256/323 KB   154/577 KB   17/17 KB   28/28 KB   9/9 KB   256/323 KB   157/577 KB   17/17 KB   28/28 KB   9/9 KB   256/323 KB   160/577 KB   17/17 KB   28/28 KB   9/9 KB   258/323 KB   160/577 KB   17/17 KB   28/28 KB   9/9 KB   258/323 KB   160/577 KB   17/17 KB   28/28 KB   9/9 KB   261/323 KB   160/577 KB   17/17 KB   28/28 KB   9/9 KB   262/323 KB   160/577 KB   17/17 KB   28/28 KB   9/9 KB   263/323 KB   160/577 KB   17/17 KB   28/28 KB   9/9 KB   265/323 KB   160/577 KB   17/17 KB   28/28 KB   9/9 KB   266/323 KB   160/577 KB   17/17 KB   28/28 KB   9/9 KB   267/323 KB   160/577 KB   17/17 KB   28/28 KB   9/9 KB   269/323 KB   160/577 KB   17/17 KB   28/28 KB   9/9 KB   270/323 KB   160/577 KB   17/17 KB   28/28 KB   9/9 KB   272/323 KB   160/577 KB   17/17 KB   28/28 KB   9/9 KB   273/323 KB   160/577 KB   17/17 KB   28/28 KB   9/9 KB   274/323 KB   160/577 KB   17/17 KB   28/28 KB   9/9 KB   276/323 KB   160/577 KB   17/17 KB   28/28 KB   9/9 KB   277/323 KB   160/577 KB   17/17 KB   28/28 KB   9/9 KB   278/323 KB   160/577 KB   17/17 KB   28/28 KB   9/9 KB   280/323 KB   160/577 KB   17/17 KB   28/28 KB   9/9 KB   281/323 KB   160/577 KB   17/17 KB   28/28 KB   9/9 KB   282/323 KB   160/577 KB   17/17 KB   28/28 KB   9/9 KB   284/323 KB   160/577 KB   17/17 KB   28/28 KB   9/9 KB   285/323 KB   160/577 KB   17/17 KB   28/28 KB   9/9 KB   287/323 KB   160/577 KB   17/17 KB   28/28 KB   9/9 KB   288/323 KB   160/577 KB   17/17 KB   28/28 KB   9/9 KB   288/323 KB   160/577 KB   17/17 KB   28/28 KB   9/9 KB   288/323 KB   162/577 KB   17/17 KB   28/28 KB   9/9 KB   288/323 KB   165/577 KB   17/17 KB   28/28 KB   9/9 KB   288/323 KB   167/577 KB   17/17 KB   28/28 KB   9/9 KB   288/323 KB   170/577 KB   17/17 KB   28/28 KB   9/9 KB   288/323 KB   173/577 KB   17/17 KB   28/28 KB   9/9 KB   288/323 KB   176/577 KB   17/17 KB   28/28 KB   9/9 KB   288/323 KB   178/577 KB   17/17 KB   28/28 KB   9/9 KB   288/323 KB   181/577 KB   17/17 KB   28/28 KB   9/9 KB   288/323 KB   184/577 KB   17/17 KB   28/28 KB   9/9 KB   288/323 KB   186/577 KB   17/17 KB   28/28 KB   9/9 KB   288/323 KB   188/577 KB   17/17 KB   28/28 KB   9/9 KB   288/323 KB   191/577 KB   17/17 KB   28/28 KB   9/9 KB   288/323 KB   192/577 KB   17/17 KB   28/28 KB   9/9 KB   290/323 KB   192/577 KB   17/17 KB   28/28 KB   9/9 KB   293/323 KB   192/577 KB   17/17 KB   28/28 KB   9/9 KB   295/323 KB   192/577 KB   17/17 KB   28/28 KB   9/9 KB   297/323 KB   192/577 KB   17/17 KB   28/28 KB   9/9 KB   299/323 KB   192/577 KB   17/17 KB   28/28 KB   9/9 KB   302/323 KB   192/577 KB   17/17 KB   28/28 KB   9/9 KB   305/323 KB   192/577 KB   17/17 KB   28/28 KB   9/9 KB   306/323 KB   192/577 KB   17/17 KB   28/28 KB   9/9 KB   309/323 KB   192/577 KB   17/17 KB   28/28 KB   9/9 KB   312/323 KB   192/577 KB   17/17 KB   28/28 KB   9/9 KB   313/323 KB   192/577 KB   17/17 KB   28/28 KB   9/9 KB   316/323 KB   192/577 KB   17/17 KB   28/28 KB   9/9 KB   319/323 KB   192/577 KB   17/17 KB   28/28 KB   9/9 KB   320/323 KB   192/577 KB   17/17 KB   28/28 KB   9/9 KB   320/323 KB   195/577 KB   17/17 KB   28/28 KB   9/9 KB   320/323 KB   197/577 KB   17/17 KB   28/28 KB   9/9 KB   320/323 KB   199/577 KB   17/17 KB   28/28 KB   9/9 KB   320/323 KB   202/577 KB   17/17 KB   28/28 KB   9/9 KB   320/323 KB   205/577 KB   17/17 KB   28/28 KB   9/9 KB   320/323 KB   208/577 KB   17/17 KB   28/28 KB   9/9 KB   320/323 KB   210/577 KB   17/17 KB   28/28 KB   9/9 KB   320/323 KB   213/577 KB   17/17 KB   28/28 KB   9/9 KB   320/323 KB   216/577 KB   17/17 KB   28/28 KB   9/9 KB   320/323 KB   218/577 KB   17/17 KB   28/28 KB   9/9 KB   320/323 KB   221/577 KB   17/17 KB   28/28 KB   9/9 KB   320/323 KB   224/577 KB   17/17 KB   28/28 KB   9/9 KB   320/323 KB   224/577 KB   17/17 KB   28/28 KB   9/9 KB   323/323 KB   224/577 KB                                                                                                                     Downloaded: http://devs.beilie.com:8081/repository/wasp-public/com/beilie/com-beilie-core-kafka/1.0.3-SNAPSHOT/com-beilie-core-kafka-1.0.3-20211123.034643-103.jar (17 KB at 147.9 KB/sec)
Downloaded: http://devs.beilie.com:8081/repository/wasp-public/com/beilie/com-beilie-core-zookeeper/1.0.3-SNAPSHOT/com-beilie-core-zookeeper-1.0.3-20211123.034642-103.jar (9 KB at 79.7 KB/sec)
28/28 KB   323/323 KB   226/577 KB                       28/28 KB   323/323 KB   229/577 KB   28/28 KB   323/323 KB   230/577 KB   28/28 KB   323/323 KB   231/577 KB   28/28 KB   323/323 KB   233/577 KB   28/28 KB   323/323 KB   234/577 KB   28/28 KB   323/323 KB   237/577 KB   28/28 KB   323/323 KB   240/577 KB   28/28 KB   323/323 KB   241/577 KB   28/28 KB   323/323 KB   244/577 KB   28/28 KB   323/323 KB   246/577 KB   28/28 KB   323/323 KB   249/577 KB   28/28 KB   323/323 KB   250/577 KB   28/28 KB   323/323 KB   252/577 KB                                        323/323 KB   253/577 KB              Downloaded: http://devs.beilie.com:8081/repository/wasp-public/com/beilie/com-beilie-data-mybatis/1.0.3-SNAPSHOT/com-beilie-data-mybatis-1.0.3-20211123.034644-1051.jar (28 KB at 241.6 KB/sec)
323/323 KB   255/577 KB   323/323 KB   256/577 KB   323/323 KB   258/577 KB   323/323 KB   262/577 KB   323/323 KB   262/577 KB   323/323 KB   265/577 KB   323/323 KB   266/577 KB   323/323 KB   269/577 KB   323/323 KB   270/577 KB   323/323 KB   273/577 KB   323/323 KB   274/577 KB   323/323 KB   277/577 KB   323/323 KB   280/577 KB   323/323 KB   282/577 KB   323/323 KB   286/577 KB   323/323 KB   287/577 KB   323/323 KB   288/577 KB   323/323 KB   290/577 KB   323/323 KB   291/577 KB   323/323 KB   294/577 KB   323/323 KB   297/577 KB   323/323 KB   299/577 KB   323/323 KB   301/577 KB   323/323 KB   302/577 KB   323/323 KB   304/577 KB   323/323 KB   305/577 KB   323/323 KB   306/577 KB   323/323 KB   309/577 KB   323/323 KB   312/577 KB   323/323 KB   314/577 KB   323/323 KB   316/577 KB   323/323 KB   319/577 KB   323/323 KB   320/577 KB   323/323 KB   322/577 KB   323/323 KB   325/577 KB   323/323 KB   327/577 KB   323/323 KB   329/577 KB   323/323 KB   331/577 KB   323/323 KB   334/577 KB   323/323 KB   336/577 KB   323/323 KB   338/577 KB   323/323 KB   341/577 KB   323/323 KB   344/577 KB   323/323 KB   346/577 KB   323/323 KB   349/577 KB   323/323 KB   351/577 KB   323/323 KB   352/577 KB   323/323 KB   354/577 KB   323/323 KB   357/577 KB   323/323 KB   359/577 KB   323/323 KB   362/577 KB   323/323 KB   365/577 KB   323/323 KB   368/577 KB   323/323 KB   370/577 KB   323/323 KB   373/577 KB   323/323 KB   376/577 KB   323/323 KB   378/577 KB   323/323 KB   381/577 KB   323/323 KB   384/577 KB   323/323 KB   386/577 KB   323/323 KB   389/577 KB   323/323 KB   391/577 KB                             394/577 KB                Downloaded: http://devs.beilie.com:8081/repository/wasp-public/com/beilie/com-beilie-core/1.0.3-SNAPSHOT/com-beilie-core-1.0.3-20211123.034641-1168.jar (323 KB at 2237.7 KB/sec)
398/577 KB   398/577 KB   401/577 KB   404/577 KB   406/577 KB   408/577 KB   410/577 KB   413/577 KB   416/577 KB   418/577 KB   421/577 KB   423/577 KB   425/577 KB   427/577 KB   430/577 KB   433/577 KB   434/577 KB   437/577 KB   438/577 KB   441/577 KB   444/577 KB   447/577 KB   448/577 KB   450/577 KB   454/577 KB   454/577 KB   457/577 KB   461/577 KB   461/577 KB   464/577 KB   465/577 KB   468/577 KB   470/577 KB   473/577 KB   476/577 KB   479/577 KB   480/577 KB   483/577 KB   486/577 KB   489/577 KB   491/577 KB   493/577 KB   494/577 KB   497/577 KB   498/577 KB   501/577 KB   504/577 KB   506/577 KB   509/577 KB   511/577 KB   512/577 KB   515/577 KB   519/577 KB   519/577 KB   523/577 KB   525/577 KB   529/577 KB   530/577 KB   534/577 KB   536/577 KB   540/577 KB   540/577 KB   544/577 KB   544/577 KB   547/577 KB   550/577 KB   553/577 KB   555/577 KB   558/577 KB   560/577 KB   562/577 KB   565/577 KB   568/577 KB   570/577 KB   573/577 KB   576/577 KB   577/577 KB                Downloaded: http://devs.beilie.com:8081/repository/wasp-public/com/beilie/com-beilie-platform-api/1.0.3-SNAPSHOT/com-beilie-platform-api-1.0.3-20211123.034703-1041.jar (577 KB at 2797.9 KB/sec)
[INFO] 
[INFO] --- maven-resources-plugin:2.6:resources (default-resources) @ com-beilie-test ---
[INFO] Using 'UTF-8' encoding to copy filtered resources.
[INFO] Copying 2 resources
[INFO] 
[INFO] --- maven-compiler-plugin:3.1:compile (default-compile) @ com-beilie-test ---
[INFO] Changes detected - recompiling the module!
[INFO] Compiling 22 source files to D:\workPlace\trunk\autoTest\src\com-beilie-test\target\classes
[WARNING] /D:/workPlace/trunk/autoTest/src/com-beilie-test/src/main/java/com/beilie/test/seleniums/core/SearchTemplate.java: 某些输入文件使用了未经检查或不安全的操作。
[WARNING] /D:/workPlace/trunk/autoTest/src/com-beilie-test/src/main/java/com/beilie/test/seleniums/core/SearchTemplate.java: 有关详细信息, 请使用 -Xlint:unchecked 重新编译。
[INFO] 
[INFO] --- maven-resources-plugin:2.6:testResources (default-testResources) @ com-beilie-test ---
[INFO] Using 'UTF-8' encoding to copy filtered resources.
[INFO] Copying 3 resources
[INFO] 
[INFO] --- maven-compiler-plugin:3.1:testCompile (default-testCompile) @ com-beilie-test ---
[INFO] Changes detected - recompiling the module!
[INFO] Compiling 275 source files to D:\workPlace\trunk\autoTest\src\com-beilie-test\target\test-classes
[WARNING] /D:/workPlace/trunk/autoTest/src/com-beilie-test/src/test/java/com/beilie/test/bole/pages/BbpiPage/BapiHomePage.java: 某些输入文件使用了未经检查或不安全的操作。
[WARNING] /D:/workPlace/trunk/autoTest/src/com-beilie-test/src/test/java/com/beilie/test/bole/pages/BbpiPage/BapiHomePage.java: 有关详细信息, 请使用 -Xlint:unchecked 重新编译。
[INFO] 
[INFO] --- maven-surefire-plugin:2.18.1:test (default-test) @ com-beilie-test ---
[INFO] Surefire report directory: D:\workPlace\trunk\autoTest\src\com-beilie-test\target\surefire-reports

-------------------------------------------------------
 T E S T S
-------------------------------------------------------
Running TestSuite
Configuring TestNG with: TestNG652Configurator
111111111  10  hary
111111111  15  jack
222222222  20  aa
222222222  25  bb
登录成功
支付成功
Configuring TestNG with: TestNG652Configurator
02:56:08.759 [Forwarding newSession on session null to remote] DEBUG org.apache.http.client.protocol.RequestAddCookies - CookieSpec selected: default
02:56:08.770 [Forwarding newSession on session null to remote] DEBUG org.apache.http.client.protocol.RequestAuthCache - Auth cache not set in the context
02:56:08.771 [Forwarding newSession on session null to remote] DEBUG org.apache.http.impl.conn.PoolingHttpClientConnectionManager - Connection request: [route: {}->http://localhost:8254][total kept alive: 0; route allocated: 0 of 2000; total allocated: 0 of 2000]
02:56:08.780 [Forwarding newSession on session null to remote] DEBUG org.apache.http.impl.conn.PoolingHttpClientConnectionManager - Connection leased: [id: 0][route: {}->http://localhost:8254][total kept alive: 0; route allocated: 1 of 2000; total allocated: 1 of 2000]
02:56:08.780 [Forwarding newSession on session null to remote] DEBUG org.apache.http.impl.execchain.MainClientExec - Opening connection {}->http://localhost:8254
02:56:08.780 [Forwarding newSession on session null to remote] DEBUG org.apache.http.impl.conn.DefaultHttpClientConnectionOperator - Connecting to localhost/127.0.0.1:8254
02:56:08.780 [Forwarding newSession on session null to remote] DEBUG org.apache.http.impl.conn.DefaultHttpClientConnectionOperator - Connection established 127.0.0.1:61332<->127.0.0.1:8254
02:56:08.780 [Forwarding newSession on session null to remote] DEBUG org.apache.http.impl.conn.DefaultManagedHttpClientConnection - http-outgoing-0: set socket timeout to 10800000
02:56:08.780 [Forwarding newSession on session null to remote] DEBUG org.apache.http.impl.execchain.MainClientExec - Executing request POST /session HTTP/1.1
02:56:08.780 [Forwarding newSession on session null to remote] DEBUG org.apache.http.impl.execchain.MainClientExec - Target auth state: UNCHALLENGED
02:56:08.780 [Forwarding newSession on session null to remote] DEBUG org.apache.http.impl.execchain.MainClientExec - Proxy auth state: UNCHALLENGED
02:56:08.780 [Forwarding newSession on session null to remote] DEBUG org.apache.http.headers - http-outgoing-0 >> POST /session HTTP/1.1
02:56:08.780 [Forwarding newSession on session null to remote] DEBUG org.apache.http.headers - http-outgoing-0 >> Content-Type: application/json; charset=utf-8
02:56:08.780 [Forwarding newSession on session null to remote] DEBUG org.apache.http.headers - http-outgoing-0 >> Content-Length: 141
02:56:08.780 [Forwarding newSession on session null to remote] DEBUG org.apache.http.headers - http-outgoing-0 >> Host: localhost:8254
02:56:08.780 [Forwarding newSession on session null to remote] DEBUG org.apache.http.headers - http-outgoing-0 >> Connection: Keep-Alive
02:56:08.780 [Forwarding newSession on session null to remote] DEBUG org.apache.http.headers - http-outgoing-0 >> User-Agent: Apache-HttpClient/4.5.2 (Java/1.8.0_162)
02:56:08.780 [Forwarding newSession on session null to remote] DEBUG org.apache.http.headers - http-outgoing-0 >> Accept-Encoding: gzip,deflate
02:56:08.780 [Forwarding newSession on session null to remote] DEBUG org.apache.http.wire - http-outgoing-0 >> "POST /session HTTP/1.1[\r][\n]"
02:56:08.780 [Forwarding newSession on session null to remote] DEBUG org.apache.http.wire - http-outgoing-0 >> "Content-Type: application/json; charset=utf-8[\r][\n]"
02:56:08.780 [Forwarding newSession on session null to remote] DEBUG org.apache.http.wire - http-outgoing-0 >> "Content-Length: 141[\r][\n]"
02:56:08.780 [Forwarding newSession on session null to remote] DEBUG org.apache.http.wire - http-outgoing-0 >> "Host: localhost:8254[\r][\n]"
02:56:08.780 [Forwarding newSession on session null to remote] DEBUG org.apache.http.wire - http-outgoing-0 >> "Connection: Keep-Alive[\r][\n]"
02:56:08.780 [Forwarding newSession on session null to remote] DEBUG org.apache.http.wire - http-outgoing-0 >> "User-Agent: Apache-HttpClient/4.5.2 (Java/1.8.0_162)[\r][\n]"
02:56:08.780 [Forwarding newSession on session null to remote] DEBUG org.apache.http.wire - http-outgoing-0 >> "Accept-Encoding: gzip,deflate[\r][\n]"
02:56:08.780 [Forwarding newSession on session null to remote] DEBUG org.apache.http.wire - http-outgoing-0 >> "[\r][\n]"
02:56:08.780 [Forwarding newSession on session null to remote] DEBUG org.apache.http.wire - http-outgoing-0 >> "{"desiredCapabilities":{"browserName":"chrome","chromeOptions":{"args":["--start-maximized"],"extensions":[]},"version":"","platform":"ANY"}}"
02:56:10.776 [Forwarding newSession on session null to remote] DEBUG org.apache.http.wire - http-outgoing-0 << "HTTP/1.1 200 OK[\r][\n]"
02:56:10.776 [Forwarding newSession on session null to remote] DEBUG org.apache.http.wire - http-outgoing-0 << "Content-Length:443[\r][\n]"
02:56:10.776 [Forwarding newSession on session null to remote] DEBUG org.apache.http.wire - http-outgoing-0 << "Content-Type:application/json; charset=utf-8[\r][\n]"
02:56:10.776 [Forwarding newSession on session null to remote] DEBUG org.apache.http.wire - http-outgoing-0 << "[\r][\n]"
02:56:10.776 [Forwarding newSession on session null to remote] DEBUG org.apache.http.wire - http-outgoing-0 << "{"sessionId":"b1c8ad4b6583eb17f05578bb6ce319e4","status":33,"value":{"message":"session not created: This version of ChromeDriver only supports Chrome version 94\nCurrent browser version is 96.0.4664.45 with binary path C:\\Program Files (x86)\\Google\\Chrome\\Application\\chrome.exe\n  (Driver info: chromedriver=94.0.4606.61 (418b78f5838ed0b1c69bb4e51ea0252171854915-refs/branch-heads/4606@{#1204}),platform=Windows NT 10.0.19043 x86_64)"}}"
02:56:10.808 [Forwarding newSession on session null to remote] DEBUG org.apache.http.headers - http-outgoing-0 << HTTP/1.1 200 OK
02:56:10.808 [Forwarding newSession on session null to remote] DEBUG org.apache.http.headers - http-outgoing-0 << Content-Length:443
02:56:10.808 [Forwarding newSession on session null to remote] DEBUG org.apache.http.headers - http-outgoing-0 << Content-Type:application/json; charset=utf-8
02:56:10.808 [Forwarding newSession on session null to remote] DEBUG org.apache.http.impl.execchain.MainClientExec - Connection can be kept alive indefinitely
02:56:10.823 [Forwarding newSession on session null to remote] DEBUG org.apache.http.impl.conn.PoolingHttpClientConnectionManager - Connection [id: 0][route: {}->http://localhost:8254] can be kept alive indefinitely
02:56:10.823 [Forwarding newSession on session null to remote] DEBUG org.apache.http.impl.conn.PoolingHttpClientConnectionManager - Connection released: [id: 0][route: {}->http://localhost:8254][total kept alive: 1; route allocated: 1 of 2000; total allocated: 1 of 2000]
02:56:12.455 [Forwarding newSession on session null to remote] DEBUG org.apache.http.client.protocol.RequestAddCookies - CookieSpec selected: default
02:56:12.456 [Forwarding newSession on session null to remote] DEBUG org.apache.http.client.protocol.RequestAuthCache - Auth cache not set in the context
02:56:12.456 [Forwarding newSession on session null to remote] DEBUG org.apache.http.impl.conn.PoolingHttpClientConnectionManager - Connection request: [route: {}->http://localhost:26093][total kept alive: 1; route allocated: 0 of 2000; total allocated: 1 of 2000]
02:56:12.456 [Forwarding newSession on session null to remote] DEBUG org.apache.http.impl.conn.PoolingHttpClientConnectionManager - Connection leased: [id: 1][route: {}->http://localhost:26093][total kept alive: 1; route allocated: 1 of 2000; total allocated: 2 of 2000]
02:56:12.456 [Forwarding newSession on session null to remote] DEBUG org.apache.http.impl.execchain.MainClientExec - Opening connection {}->http://localhost:26093
02:56:12.457 [Forwarding newSession on session null to remote] DEBUG org.apache.http.impl.conn.DefaultHttpClientConnectionOperator - Connecting to localhost/127.0.0.1:26093
02:56:12.457 [Forwarding newSession on session null to remote] DEBUG org.apache.http.impl.conn.DefaultHttpClientConnectionOperator - Connection established 127.0.0.1:57669<->127.0.0.1:26093
02:56:12.457 [Forwarding newSession on session null to remote] DEBUG org.apache.http.impl.conn.DefaultManagedHttpClientConnection - http-outgoing-1: set socket timeout to 10800000
02:56:12.458 [Forwarding newSession on session null to remote] DEBUG org.apache.http.impl.execchain.MainClientExec - Executing request POST /session HTTP/1.1
02:56:12.458 [Forwarding newSession on session null to remote] DEBUG org.apache.http.impl.execchain.MainClientExec - Target auth state: UNCHALLENGED
02:56:12.458 [Forwarding newSession on session null to remote] DEBUG org.apache.http.impl.execchain.MainClientExec - Proxy auth state: UNCHALLENGED
02:56:12.458 [Forwarding newSession on session null to remote] DEBUG org.apache.http.headers - http-outgoing-1 >> POST /session HTTP/1.1
02:56:12.458 [Forwarding newSession on session null to remote] DEBUG org.apache.http.headers - http-outgoing-1 >> Content-Type: application/json; charset=utf-8
02:56:12.458 [Forwarding newSession on session null to remote] DEBUG org.apache.http.headers - http-outgoing-1 >> Content-Length: 141
02:56:12.458 [Forwarding newSession on session null to remote] DEBUG org.apache.http.headers - http-outgoing-1 >> Host: localhost:26093
02:56:12.458 [Forwarding newSession on session null to remote] DEBUG org.apache.http.headers - http-outgoing-1 >> Connection: Keep-Alive
02:56:12.458 [Forwarding newSession on session null to remote] DEBUG org.apache.http.headers - http-outgoing-1 >> User-Agent: Apache-HttpClient/4.5.2 (Java/1.8.0_162)
02:56:12.458 [Forwarding newSession on session null to remote] DEBUG org.apache.http.headers - http-outgoing-1 >> Accept-Encoding: gzip,deflate
02:56:12.459 [Forwarding newSession on session null to remote] DEBUG org.apache.http.wire - http-outgoing-1 >> "POST /session HTTP/1.1[\r][\n]"
02:56:12.459 [Forwarding newSession on session null to remote] DEBUG org.apache.http.wire - http-outgoing-1 >> "Content-Type: application/json; charset=utf-8[\r][\n]"
02:56:12.459 [Forwarding newSession on session null to remote] DEBUG org.apache.http.wire - http-outgoing-1 >> "Content-Length: 141[\r][\n]"
02:56:12.459 [Forwarding newSession on session null to remote] DEBUG org.apache.http.wire - http-outgoing-1 >> "Host: localhost:26093[\r][\n]"
02:56:12.459 [Forwarding newSession on session null to remote] DEBUG org.apache.http.wire - http-outgoing-1 >> "Connection: Keep-Alive[\r][\n]"
02:56:12.459 [Forwarding newSession on session null to remote] DEBUG org.apache.http.wire - http-outgoing-1 >> "User-Agent: Apache-HttpClient/4.5.2 (Java/1.8.0_162)[\r][\n]"
02:56:12.459 [Forwarding newSession on session null to remote] DEBUG org.apache.http.wire - http-outgoing-1 >> "Accept-Encoding: gzip,deflate[\r][\n]"
02:56:12.459 [Forwarding newSession on session null to remote] DEBUG org.apache.http.wire - http-outgoing-1 >> "[\r][\n]"
02:56:12.459 [Forwarding newSession on session null to remote] DEBUG org.apache.http.wire - http-outgoing-1 >> "{"desiredCapabilities":{"browserName":"chrome","chromeOptions":{"args":["--start-maximized"],"extensions":[]},"version":"","platform":"ANY"}}"
02:56:13.428 [Forwarding newSession on session null to remote] DEBUG org.apache.http.wire - http-outgoing-1 << "HTTP/1.1 200 OK[\r][\n]"
02:56:13.428 [Forwarding newSession on session null to remote] DEBUG org.apache.http.wire - http-outgoing-1 << "Content-Length:443[\r][\n]"
02:56:13.428 [Forwarding newSession on session null to remote] DEBUG org.apache.http.wire - http-outgoing-1 << "Content-Type:application/json; charset=utf-8[\r][\n]"
02:56:13.428 [Forwarding newSession on session null to remote] DEBUG org.apache.http.wire - http-outgoing-1 << "[\r][\n]"
02:56:13.428 [Forwarding newSession on session null to remote] DEBUG org.apache.http.wire - http-outgoing-1 << "{"sessionId":"f381120a8c29ed972acdf066fd0e8f82","status":33,"value":{"message":"session not created: This version of ChromeDriver only supports Chrome version 94\nCurrent browser version is 96.0.4664.45 with binary path C:\\Program Files (x86)\\Google\\Chrome\\Application\\chrome.exe\n  (Driver info: chromedriver=94.0.4606.61 (418b78f5838ed0b1c69bb4e51ea0252171854915-refs/branch-heads/4606@{#1204}),platform=Windows NT 10.0.19043 x86_64)"}}"
02:56:13.428 [Forwarding newSession on session null to remote] DEBUG org.apache.http.headers - http-outgoing-1 << HTTP/1.1 200 OK
02:56:13.428 [Forwarding newSession on session null to remote] DEBUG org.apache.http.headers - http-outgoing-1 << Content-Length:443
02:56:13.428 [Forwarding newSession on session null to remote] DEBUG org.apache.http.headers - http-outgoing-1 << Content-Type:application/json; charset=utf-8
02:56:13.428 [Forwarding newSession on session null to remote] DEBUG org.apache.http.impl.execchain.MainClientExec - Connection can be kept alive indefinitely
02:56:13.428 [Forwarding newSession on session null to remote] DEBUG org.apache.http.impl.conn.PoolingHttpClientConnectionManager - Connection [id: 1][route: {}->http://localhost:26093] can be kept alive indefinitely
02:56:13.428 [Forwarding newSession on session null to remote] DEBUG org.apache.http.impl.conn.PoolingHttpClientConnectionManager - Connection released: [id: 1][route: {}->http://localhost:26093][total kept alive: 2; route allocated: 1 of 2000; total allocated: 2 of 2000]
02:56:14.686 [Forwarding newSession on session null to remote] DEBUG org.apache.http.client.protocol.RequestAddCookies - CookieSpec selected: default
02:56:14.686 [Forwarding newSession on session null to remote] DEBUG org.apache.http.client.protocol.RequestAuthCache - Auth cache not set in the context
02:56:14.686 [Forwarding newSession on session null to remote] DEBUG org.apache.http.impl.conn.PoolingHttpClientConnectionManager - Connection request: [route: {}->http://localhost:7318][total kept alive: 2; route allocated: 0 of 2000; total allocated: 2 of 2000]
02:56:14.686 [Forwarding newSession on session null to remote] DEBUG org.apache.http.impl.conn.PoolingHttpClientConnectionManager - Connection leased: [id: 2][route: {}->http://localhost:7318][total kept alive: 2; route allocated: 1 of 2000; total allocated: 3 of 2000]
02:56:14.686 [Forwarding newSession on session null to remote] DEBUG org.apache.http.impl.execchain.MainClientExec - Opening connection {}->http://localhost:7318
02:56:14.686 [Forwarding newSession on session null to remote] DEBUG org.apache.http.impl.conn.DefaultHttpClientConnectionOperator - Connecting to localhost/127.0.0.1:7318
02:56:14.686 [Forwarding newSession on session null to remote] DEBUG org.apache.http.impl.conn.DefaultHttpClientConnectionOperator - Connection established 127.0.0.1:62747<->127.0.0.1:7318
02:56:14.686 [Forwarding newSession on session null to remote] DEBUG org.apache.http.impl.conn.DefaultManagedHttpClientConnection - http-outgoing-2: set socket timeout to 10800000
02:56:14.686 [Forwarding newSession on session null to remote] DEBUG org.apache.http.impl.execchain.MainClientExec - Executing request POST /session HTTP/1.1
02:56:14.686 [Forwarding newSession on session null to remote] DEBUG org.apache.http.impl.execchain.MainClientExec - Target auth state: UNCHALLENGED
02:56:14.686 [Forwarding newSession on session null to remote] DEBUG org.apache.http.impl.execchain.MainClientExec - Proxy auth state: UNCHALLENGED
02:56:14.686 [Forwarding newSession on session null to remote] DEBUG org.apache.http.headers - http-outgoing-2 >> POST /session HTTP/1.1
02:56:14.686 [Forwarding newSession on session null to remote] DEBUG org.apache.http.headers - http-outgoing-2 >> Content-Type: application/json; charset=utf-8
02:56:14.686 [Forwarding newSession on session null to remote] DEBUG org.apache.http.headers - http-outgoing-2 >> Content-Length: 141
02:56:14.686 [Forwarding newSession on session null to remote] DEBUG org.apache.http.headers - http-outgoing-2 >> Host: localhost:7318
02:56:14.686 [Forwarding newSession on session null to remote] DEBUG org.apache.http.headers - http-outgoing-2 >> Connection: Keep-Alive
02:56:14.686 [Forwarding newSession on session null to remote] DEBUG org.apache.http.headers - http-outgoing-2 >> User-Agent: Apache-HttpClient/4.5.2 (Java/1.8.0_162)
02:56:14.686 [Forwarding newSession on session null to remote] DEBUG org.apache.http.headers - http-outgoing-2 >> Accept-Encoding: gzip,deflate
02:56:14.686 [Forwarding newSession on session null to remote] DEBUG org.apache.http.wire - http-outgoing-2 >> "POST /session HTTP/1.1[\r][\n]"
02:56:14.686 [Forwarding newSession on session null to remote] DEBUG org.apache.http.wire - http-outgoing-2 >> "Content-Type: application/json; charset=utf-8[\r][\n]"
02:56:14.686 [Forwarding newSession on session null to remote] DEBUG org.apache.http.wire - http-outgoing-2 >> "Content-Length: 141[\r][\n]"
02:56:14.686 [Forwarding newSession on session null to remote] DEBUG org.apache.http.wire - http-outgoing-2 >> "Host: localhost:7318[\r][\n]"
02:56:14.686 [Forwarding newSession on session null to remote] DEBUG org.apache.http.wire - http-outgoing-2 >> "Connection: Keep-Alive[\r][\n]"
02:56:14.686 [Forwarding newSession on session null to remote] DEBUG org.apache.http.wire - http-outgoing-2 >> "User-Agent: Apache-HttpClient/4.5.2 (Java/1.8.0_162)[\r][\n]"
02:56:14.686 [Forwarding newSession on session null to remote] DEBUG org.apache.http.wire - http-outgoing-2 >> "Accept-Encoding: gzip,deflate[\r][\n]"
02:56:14.686 [Forwarding newSession on session null to remote] DEBUG org.apache.http.wire - http-outgoing-2 >> "[\r][\n]"
02:56:14.686 [Forwarding newSession on session null to remote] DEBUG org.apache.http.wire - http-outgoing-2 >> "{"desiredCapabilities":{"browserName":"chrome","chromeOptions":{"args":["--start-maximized"],"extensions":[]},"version":"","platform":"ANY"}}"
02:56:15.688 [Forwarding newSession on session null to remote] DEBUG org.apache.http.wire - http-outgoing-2 << "HTTP/1.1 200 OK[\r][\n]"
02:56:15.688 [Forwarding newSession on session null to remote] DEBUG org.apache.http.wire - http-outgoing-2 << "Content-Length:443[\r][\n]"
02:56:15.688 [Forwarding newSession on session null to remote] DEBUG org.apache.http.wire - http-outgoing-2 << "Content-Type:application/json; charset=utf-8[\r][\n]"
02:56:15.688 [Forwarding newSession on session null to remote] DEBUG org.apache.http.wire - http-outgoing-2 << "[\r][\n]"
02:56:15.688 [Forwarding newSession on session null to remote] DEBUG org.apache.http.wire - http-outgoing-2 << "{"sessionId":"2e5d9e540539029d481eb9ff197cdd74","status":33,"value":{"message":"session not created: This version of ChromeDriver only supports Chrome version 94\nCurrent browser version is 96.0.4664.45 with binary path C:\\Program Files (x86)\\Google\\Chrome\\Application\\chrome.exe\n  (Driver info: chromedriver=94.0.4606.61 (418b78f5838ed0b1c69bb4e51ea0252171854915-refs/branch-heads/4606@{#1204}),platform=Windows NT 10.0.19043 x86_64)"}}"
02:56:15.688 [Forwarding newSession on session null to remote] DEBUG org.apache.http.headers - http-outgoing-2 << HTTP/1.1 200 OK
02:56:15.688 [Forwarding newSession on session null to remote] DEBUG org.apache.http.headers - http-outgoing-2 << Content-Length:443
02:56:15.688 [Forwarding newSession on session null to remote] DEBUG org.apache.http.headers - http-outgoing-2 << Content-Type:application/json; charset=utf-8
02:56:15.688 [Forwarding newSession on session null to remote] DEBUG org.apache.http.impl.execchain.MainClientExec - Connection can be kept alive indefinitely
02:56:15.688 [Forwarding newSession on session null to remote] DEBUG org.apache.http.impl.conn.PoolingHttpClientConnectionManager - Connection [id: 2][route: {}->http://localhost:7318] can be kept alive indefinitely
02:56:15.688 [Forwarding newSession on session null to remote] DEBUG org.apache.http.impl.conn.PoolingHttpClientConnectionManager - Connection released: [id: 2][route: {}->http://localhost:7318][total kept alive: 3; route allocated: 1 of 2000; total allocated: 3 of 2000]
02:56:16.868 [Forwarding newSession on session null to remote] DEBUG org.apache.http.client.protocol.RequestAddCookies - CookieSpec selected: default
02:56:16.868 [Forwarding newSession on session null to remote] DEBUG org.apache.http.client.protocol.RequestAuthCache - Auth cache not set in the context
02:56:16.868 [Forwarding newSession on session null to remote] DEBUG org.apache.http.impl.conn.PoolingHttpClientConnectionManager - Connection request: [route: {}->http://localhost:48618][total kept alive: 3; route allocated: 0 of 2000; total allocated: 3 of 2000]
02:56:16.868 [Forwarding newSession on session null to remote] DEBUG org.apache.http.impl.conn.PoolingHttpClientConnectionManager - Connection leased: [id: 3][route: {}->http://localhost:48618][total kept alive: 3; route allocated: 1 of 2000; total allocated: 4 of 2000]
02:56:16.868 [Forwarding newSession on session null to remote] DEBUG org.apache.http.impl.execchain.MainClientExec - Opening connection {}->http://localhost:48618
02:56:16.868 [Forwarding newSession on session null to remote] DEBUG org.apache.http.impl.conn.DefaultHttpClientConnectionOperator - Connecting to localhost/127.0.0.1:48618
02:56:16.868 [Forwarding newSession on session null to remote] DEBUG org.apache.http.impl.conn.DefaultHttpClientConnectionOperator - Connection established 127.0.0.1:53067<->127.0.0.1:48618
02:56:16.868 [Forwarding newSession on session null to remote] DEBUG org.apache.http.impl.conn.DefaultManagedHttpClientConnection - http-outgoing-3: set socket timeout to 10800000
02:56:16.868 [Forwarding newSession on session null to remote] DEBUG org.apache.http.impl.execchain.MainClientExec - Executing request POST /session HTTP/1.1
02:56:16.868 [Forwarding newSession on session null to remote] DEBUG org.apache.http.impl.execchain.MainClientExec - Target auth state: UNCHALLENGED
02:56:16.868 [Forwarding newSession on session null to remote] DEBUG org.apache.http.impl.execchain.MainClientExec - Proxy auth state: UNCHALLENGED
02:56:16.868 [Forwarding newSession on session null to remote] DEBUG org.apache.http.headers - http-outgoing-3 >> POST /session HTTP/1.1
02:56:16.868 [Forwarding newSession on session null to remote] DEBUG org.apache.http.headers - http-outgoing-3 >> Content-Type: application/json; charset=utf-8
02:56:16.868 [Forwarding newSession on session null to remote] DEBUG org.apache.http.headers - http-outgoing-3 >> Content-Length: 141
02:56:16.868 [Forwarding newSession on session null to remote] DEBUG org.apache.http.headers - http-outgoing-3 >> Host: localhost:48618
02:56:16.868 [Forwarding newSession on session null to remote] DEBUG org.apache.http.headers - http-outgoing-3 >> Connection: Keep-Alive
02:56:16.868 [Forwarding newSession on session null to remote] DEBUG org.apache.http.headers - http-outgoing-3 >> User-Agent: Apache-HttpClient/4.5.2 (Java/1.8.0_162)
02:56:16.868 [Forwarding newSession on session null to remote] DEBUG org.apache.http.headers - http-outgoing-3 >> Accept-Encoding: gzip,deflate
02:56:16.868 [Forwarding newSession on session null to remote] DEBUG org.apache.http.wire - http-outgoing-3 >> "POST /session HTTP/1.1[\r][\n]"
02:56:16.868 [Forwarding newSession on session null to remote] DEBUG org.apache.http.wire - http-outgoing-3 >> "Content-Type: application/json; charset=utf-8[\r][\n]"
02:56:16.868 [Forwarding newSession on session null to remote] DEBUG org.apache.http.wire - http-outgoing-3 >> "Content-Length: 141[\r][\n]"
02:56:16.868 [Forwarding newSession on session null to remote] DEBUG org.apache.http.wire - http-outgoing-3 >> "Host: localhost:48618[\r][\n]"
02:56:16.868 [Forwarding newSession on session null to remote] DEBUG org.apache.http.wire - http-outgoing-3 >> "Connection: Keep-Alive[\r][\n]"
02:56:16.868 [Forwarding newSession on session null to remote] DEBUG org.apache.http.wire - http-outgoing-3 >> "User-Agent: Apache-HttpClient/4.5.2 (Java/1.8.0_162)[\r][\n]"
02:56:16.868 [Forwarding newSession on session null to remote] DEBUG org.apache.http.wire - http-outgoing-3 >> "Accept-Encoding: gzip,deflate[\r][\n]"
02:56:16.868 [Forwarding newSession on session null to remote] DEBUG org.apache.http.wire - http-outgoing-3 >> "[\r][\n]"
02:56:16.868 [Forwarding newSession on session null to remote] DEBUG org.apache.http.wire - http-outgoing-3 >> "{"desiredCapabilities":{"browserName":"chrome","chromeOptions":{"args":["--start-maximized"],"extensions":[]},"version":"","platform":"ANY"}}"
02:56:18.013 [Forwarding newSession on session null to remote] DEBUG org.apache.http.wire - http-outgoing-3 << "HTTP/1.1 200 OK[\r][\n]"
02:56:18.013 [Forwarding newSession on session null to remote] DEBUG org.apache.http.wire - http-outgoing-3 << "Content-Length:443[\r][\n]"
02:56:18.013 [Forwarding newSession on session null to remote] DEBUG org.apache.http.wire - http-outgoing-3 << "Content-Type:application/json; charset=utf-8[\r][\n]"
02:56:18.013 [Forwarding newSession on session null to remote] DEBUG org.apache.http.wire - http-outgoing-3 << "[\r][\n]"
02:56:18.013 [Forwarding newSession on session null to remote] DEBUG org.apache.http.wire - http-outgoing-3 << "{"sessionId":"33263710e525792c397cf5ecde1a71f1","status":33,"value":{"message":"session not created: This version of ChromeDriver only supports Chrome version 94\nCurrent browser version is 96.0.4664.45 with binary path C:\\Program Files (x86)\\Google\\Chrome\\Application\\chrome.exe\n  (Driver info: chromedriver=94.0.4606.61 (418b78f5838ed0b1c69bb4e51ea0252171854915-refs/branch-heads/4606@{#1204}),platform=Windows NT 10.0.19043 x86_64)"}}"
02:56:18.013 [Forwarding newSession on session null to remote] DEBUG org.apache.http.headers - http-outgoing-3 << HTTP/1.1 200 OK
02:56:18.013 [Forwarding newSession on session null to remote] DEBUG org.apache.http.headers - http-outgoing-3 << Content-Length:443
02:56:18.013 [Forwarding newSession on session null to remote] DEBUG org.apache.http.headers - http-outgoing-3 << Content-Type:application/json; charset=utf-8
02:56:18.013 [Forwarding newSession on session null to remote] DEBUG org.apache.http.impl.execchain.MainClientExec - Connection can be kept alive indefinitely
02:56:18.013 [Forwarding newSession on session null to remote] DEBUG org.apache.http.impl.conn.PoolingHttpClientConnectionManager - Connection [id: 3][route: {}->http://localhost:48618] can be kept alive indefinitely
02:56:18.013 [Forwarding newSession on session null to remote] DEBUG org.apache.http.impl.conn.PoolingHttpClientConnectionManager - Connection released: [id: 3][route: {}->http://localhost:48618][total kept alive: 4; route allocated: 1 of 2000; total allocated: 4 of 2000]
02:56:19.238 [Forwarding newSession on session null to remote] DEBUG org.apache.http.client.protocol.RequestAddCookies - CookieSpec selected: default
02:56:19.238 [Forwarding newSession on session null to remote] DEBUG org.apache.http.client.protocol.RequestAuthCache - Auth cache not set in the context
02:56:19.238 [Forwarding newSession on session null to remote] DEBUG org.apache.http.impl.conn.PoolingHttpClientConnectionManager - Connection request: [route: {}->http://localhost:22058][total kept alive: 4; route allocated: 0 of 2000; total allocated: 4 of 2000]
02:56:19.238 [Forwarding newSession on session null to remote] DEBUG org.apache.http.impl.conn.PoolingHttpClientConnectionManager - Connection leased: [id: 4][route: {}->http://localhost:22058][total kept alive: 4; route allocated: 1 of 2000; total allocated: 5 of 2000]
02:56:19.238 [Forwarding newSession on session null to remote] DEBUG org.apache.http.impl.execchain.MainClientExec - Opening connection {}->http://localhost:22058
02:56:19.238 [Forwarding newSession on session null to remote] DEBUG org.apache.http.impl.conn.DefaultHttpClientConnectionOperator - Connecting to localhost/127.0.0.1:22058
02:56:19.238 [Forwarding newSession on session null to remote] DEBUG org.apache.http.impl.conn.DefaultHttpClientConnectionOperator - Connection established 127.0.0.1:53704<->127.0.0.1:22058
02:56:19.238 [Forwarding newSession on session null to remote] DEBUG org.apache.http.impl.conn.DefaultManagedHttpClientConnection - http-outgoing-4: set socket timeout to 10800000
02:56:19.238 [Forwarding newSession on session null to remote] DEBUG org.apache.http.impl.execchain.MainClientExec - Executing request POST /session HTTP/1.1
02:56:19.238 [Forwarding newSession on session null to remote] DEBUG org.apache.http.impl.execchain.MainClientExec - Target auth state: UNCHALLENGED
02:56:19.238 [Forwarding newSession on session null to remote] DEBUG org.apache.http.impl.execchain.MainClientExec - Proxy auth state: UNCHALLENGED
02:56:19.238 [Forwarding newSession on session null to remote] DEBUG org.apache.http.headers - http-outgoing-4 >> POST /session HTTP/1.1
02:56:19.238 [Forwarding newSession on session null to remote] DEBUG org.apache.http.headers - http-outgoing-4 >> Content-Type: application/json; charset=utf-8
02:56:19.238 [Forwarding newSession on session null to remote] DEBUG org.apache.http.headers - http-outgoing-4 >> Content-Length: 141
02:56:19.238 [Forwarding newSession on session null to remote] DEBUG org.apache.http.headers - http-outgoing-4 >> Host: localhost:22058
02:56:19.238 [Forwarding newSession on session null to remote] DEBUG org.apache.http.headers - http-outgoing-4 >> Connection: Keep-Alive
02:56:19.238 [Forwarding newSession on session null to remote] DEBUG org.apache.http.headers - http-outgoing-4 >> User-Agent: Apache-HttpClient/4.5.2 (Java/1.8.0_162)
02:56:19.238 [Forwarding newSession on session null to remote] DEBUG org.apache.http.headers - http-outgoing-4 >> Accept-Encoding: gzip,deflate
02:56:19.238 [Forwarding newSession on session null to remote] DEBUG org.apache.http.wire - http-outgoing-4 >> "POST /session HTTP/1.1[\r][\n]"
02:56:19.238 [Forwarding newSession on session null to remote] DEBUG org.apache.http.wire - http-outgoing-4 >> "Content-Type: application/json; charset=utf-8[\r][\n]"
02:56:19.238 [Forwarding newSession on session null to remote] DEBUG org.apache.http.wire - http-outgoing-4 >> "Content-Length: 141[\r][\n]"
02:56:19.238 [Forwarding newSession on session null to remote] DEBUG org.apache.http.wire - http-outgoing-4 >> "Host: localhost:22058[\r][\n]"
02:56:19.238 [Forwarding newSession on session null to remote] DEBUG org.apache.http.wire - http-outgoing-4 >> "Connection: Keep-Alive[\r][\n]"
02:56:19.238 [Forwarding newSession on session null to remote] DEBUG org.apache.http.wire - http-outgoing-4 >> "User-Agent: Apache-HttpClient/4.5.2 (Java/1.8.0_162)[\r][\n]"
02:56:19.238 [Forwarding newSession on session null to remote] DEBUG org.apache.http.wire - http-outgoing-4 >> "Accept-Encoding: gzip,deflate[\r][\n]"
02:56:19.238 [Forwarding newSession on session null to remote] DEBUG org.apache.http.wire - http-outgoing-4 >> "[\r][\n]"
02:56:19.238 [Forwarding newSession on session null to remote] DEBUG org.apache.http.wire - http-outgoing-4 >> "{"desiredCapabilities":{"browserName":"chrome","chromeOptions":{"args":["--start-maximized"],"extensions":[]},"version":"","platform":"ANY"}}"
02:56:20.160 [Forwarding newSession on session null to remote] DEBUG org.apache.http.wire - http-outgoing-4 << "HTTP/1.1 200 OK[\r][\n]"
02:56:20.160 [Forwarding newSession on session null to remote] DEBUG org.apache.http.wire - http-outgoing-4 << "Content-Length:443[\r][\n]"
02:56:20.160 [Forwarding newSession on session null to remote] DEBUG org.apache.http.wire - http-outgoing-4 << "Content-Type:application/json; charset=utf-8[\r][\n]"
02:56:20.160 [Forwarding newSession on session null to remote] DEBUG org.apache.http.wire - http-outgoing-4 << "[\r][\n]"
02:56:20.160 [Forwarding newSession on session null to remote] DEBUG org.apache.http.wire - http-outgoing-4 << "{"sessionId":"71acf87b454b776ef1aa473bd69fc903","status":33,"value":{"message":"session not created: This version of ChromeDriver only supports Chrome version 94\nCurrent browser version is 96.0.4664.45 with binary path C:\\Program Files (x86)\\Google\\Chrome\\Application\\chrome.exe\n  (Driver info: chromedriver=94.0.4606.61 (418b78f5838ed0b1c69bb4e51ea0252171854915-refs/branch-heads/4606@{#1204}),platform=Windows NT 10.0.19043 x86_64)"}}"
02:56:20.160 [Forwarding newSession on session null to remote] DEBUG org.apache.http.headers - http-outgoing-4 << HTTP/1.1 200 OK
02:56:20.160 [Forwarding newSession on session null to remote] DEBUG org.apache.http.headers - http-outgoing-4 << Content-Length:443
02:56:20.160 [Forwarding newSession on session null to remote] DEBUG org.apache.http.headers - http-outgoing-4 << Content-Type:application/json; charset=utf-8
02:56:20.160 [Forwarding newSession on session null to remote] DEBUG org.apache.http.impl.execchain.MainClientExec - Connection can be kept alive indefinitely
02:56:20.160 [Forwarding newSession on session null to remote] DEBUG org.apache.http.impl.conn.PoolingHttpClientConnectionManager - Connection [id: 4][route: {}->http://localhost:22058] can be kept alive indefinitely
02:56:20.160 [Forwarding newSession on session null to remote] DEBUG org.apache.http.impl.conn.PoolingHttpClientConnectionManager - Connection released: [id: 4][route: {}->http://localhost:22058][total kept alive: 5; route allocated: 1 of 2000; total allocated: 5 of 2000]
02:56:21.326 [Forwarding newSession on session null to remote] DEBUG org.apache.http.client.protocol.RequestAddCookies - CookieSpec selected: default
02:56:21.326 [Forwarding newSession on session null to remote] DEBUG org.apache.http.client.protocol.RequestAuthCache - Auth cache not set in the context
02:56:21.326 [Forwarding newSession on session null to remote] DEBUG org.apache.http.impl.conn.PoolingHttpClientConnectionManager - Connection request: [route: {}->http://localhost:26289][total kept alive: 5; route allocated: 0 of 2000; total allocated: 5 of 2000]
02:56:21.326 [Forwarding newSession on session null to remote] DEBUG org.apache.http.impl.conn.PoolingHttpClientConnectionManager - Connection leased: [id: 5][route: {}->http://localhost:26289][total kept alive: 5; route allocated: 1 of 2000; total allocated: 6 of 2000]
02:56:21.326 [Forwarding newSession on session null to remote] DEBUG org.apache.http.impl.execchain.MainClientExec - Opening connection {}->http://localhost:26289
02:56:21.326 [Forwarding newSession on session null to remote] DEBUG org.apache.http.impl.conn.DefaultHttpClientConnectionOperator - Connecting to localhost/127.0.0.1:26289
02:56:21.326 [Forwarding newSession on session null to remote] DEBUG org.apache.http.impl.conn.DefaultHttpClientConnectionOperator - Connection established 127.0.0.1:59845<->127.0.0.1:26289
02:56:21.326 [Forwarding newSession on session null to remote] DEBUG org.apache.http.impl.conn.DefaultManagedHttpClientConnection - http-outgoing-5: set socket timeout to 10800000
02:56:21.326 [Forwarding newSession on session null to remote] DEBUG org.apache.http.impl.execchain.MainClientExec - Executing request POST /session HTTP/1.1
02:56:21.326 [Forwarding newSession on session null to remote] DEBUG org.apache.http.impl.execchain.MainClientExec - Target auth state: UNCHALLENGED
02:56:21.326 [Forwarding newSession on session null to remote] DEBUG org.apache.http.impl.execchain.MainClientExec - Proxy auth state: UNCHALLENGED
02:56:21.326 [Forwarding newSession on session null to remote] DEBUG org.apache.http.headers - http-outgoing-5 >> POST /session HTTP/1.1
02:56:21.326 [Forwarding newSession on session null to remote] DEBUG org.apache.http.headers - http-outgoing-5 >> Content-Type: application/json; charset=utf-8
02:56:21.326 [Forwarding newSession on session null to remote] DEBUG org.apache.http.headers - http-outgoing-5 >> Content-Length: 141
02:56:21.326 [Forwarding newSession on session null to remote] DEBUG org.apache.http.headers - http-outgoing-5 >> Host: localhost:26289
02:56:21.326 [Forwarding newSession on session null to remote] DEBUG org.apache.http.headers - http-outgoing-5 >> Connection: Keep-Alive
02:56:21.326 [Forwarding newSession on session null to remote] DEBUG org.apache.http.headers - http-outgoing-5 >> User-Agent: Apache-HttpClient/4.5.2 (Java/1.8.0_162)
02:56:21.326 [Forwarding newSession on session null to remote] DEBUG org.apache.http.headers - http-outgoing-5 >> Accept-Encoding: gzip,deflate
02:56:21.326 [Forwarding newSession on session null to remote] DEBUG org.apache.http.wire - http-outgoing-5 >> "POST /session HTTP/1.1[\r][\n]"
02:56:21.326 [Forwarding newSession on session null to remote] DEBUG org.apache.http.wire - http-outgoing-5 >> "Content-Type: application/json; charset=utf-8[\r][\n]"
02:56:21.326 [Forwarding newSession on session null to remote] DEBUG org.apache.http.wire - http-outgoing-5 >> "Content-Length: 141[\r][\n]"
02:56:21.326 [Forwarding newSession on session null to remote] DEBUG org.apache.http.wire - http-outgoing-5 >> "Host: localhost:26289[\r][\n]"
02:56:21.326 [Forwarding newSession on session null to remote] DEBUG org.apache.http.wire - http-outgoing-5 >> "Connection: Keep-Alive[\r][\n]"
02:56:21.326 [Forwarding newSession on session null to remote] DEBUG org.apache.http.wire - http-outgoing-5 >> "User-Agent: Apache-HttpClient/4.5.2 (Java/1.8.0_162)[\r][\n]"
02:56:21.326 [Forwarding newSession on session null to remote] DEBUG org.apache.http.wire - http-outgoing-5 >> "Accept-Encoding: gzip,deflate[\r][\n]"
02:56:21.326 [Forwarding newSession on session null to remote] DEBUG org.apache.http.wire - http-outgoing-5 >> "[\r][\n]"
02:56:21.326 [Forwarding newSession on session null to remote] DEBUG org.apache.http.wire - http-outgoing-5 >> "{"desiredCapabilities":{"browserName":"chrome","chromeOptions":{"args":["--start-maximized"],"extensions":[]},"version":"","platform":"ANY"}}"
02:56:22.276 [Forwarding newSession on session null to remote] DEBUG org.apache.http.wire - http-outgoing-5 << "HTTP/1.1 200 OK[\r][\n]"
02:56:22.276 [Forwarding newSession on session null to remote] DEBUG org.apache.http.wire - http-outgoing-5 << "Content-Length:443[\r][\n]"
02:56:22.276 [Forwarding newSession on session null to remote] DEBUG org.apache.http.wire - http-outgoing-5 << "Content-Type:application/json; charset=utf-8[\r][\n]"
02:56:22.276 [Forwarding newSession on session null to remote] DEBUG org.apache.http.wire - http-outgoing-5 << "[\r][\n]"
02:56:22.276 [Forwarding newSession on session null to remote] DEBUG org.apache.http.wire - http-outgoing-5 << "{"sessionId":"c273319e81129731f7f1d188e8fffdc8","status":33,"value":{"message":"session not created: This version of ChromeDriver only supports Chrome version 94\nCurrent browser version is 96.0.4664.45 with binary path C:\\Program Files (x86)\\Google\\Chrome\\Application\\chrome.exe\n  (Driver info: chromedriver=94.0.4606.61 (418b78f5838ed0b1c69bb4e51ea0252171854915-refs/branch-heads/4606@{#1204}),platform=Windows NT 10.0.19043 x86_64)"}}"
02:56:22.276 [Forwarding newSession on session null to remote] DEBUG org.apache.http.headers - http-outgoing-5 << HTTP/1.1 200 OK
02:56:22.276 [Forwarding newSession on session null to remote] DEBUG org.apache.http.headers - http-outgoing-5 << Content-Length:443
02:56:22.276 [Forwarding newSession on session null to remote] DEBUG org.apache.http.headers - http-outgoing-5 << Content-Type:application/json; charset=utf-8
02:56:22.276 [Forwarding newSession on session null to remote] DEBUG org.apache.http.impl.execchain.MainClientExec - Connection can be kept alive indefinitely
02:56:22.276 [Forwarding newSession on session null to remote] DEBUG org.apache.http.impl.conn.PoolingHttpClientConnectionManager - Connection [id: 5][route: {}->http://localhost:26289] can be kept alive indefinitely
02:56:22.276 [Forwarding newSession on session null to remote] DEBUG org.apache.http.impl.conn.PoolingHttpClientConnectionManager - Connection released: [id: 5][route: {}->http://localhost:26289][total kept alive: 6; route allocated: 1 of 2000; total allocated: 6 of 2000]
02:56:23.446 [Forwarding newSession on session null to remote] DEBUG org.apache.http.client.protocol.RequestAddCookies - CookieSpec selected: default
02:56:23.446 [Forwarding newSession on session null to remote] DEBUG org.apache.http.client.protocol.RequestAuthCache - Auth cache not set in the context
02:56:23.446 [Forwarding newSession on session null to remote] DEBUG org.apache.http.impl.conn.PoolingHttpClientConnectionManager - Connection request: [route: {}->http://localhost:24088][total kept alive: 6; route allocated: 0 of 2000; total allocated: 6 of 2000]
02:56:23.446 [Forwarding newSession on session null to remote] DEBUG org.apache.http.impl.conn.PoolingHttpClientConnectionManager - Connection leased: [id: 6][route: {}->http://localhost:24088][total kept alive: 6; route allocated: 1 of 2000; total allocated: 7 of 2000]
02:56:23.446 [Forwarding newSession on session null to remote] DEBUG org.apache.http.impl.execchain.MainClientExec - Opening connection {}->http://localhost:24088
02:56:23.446 [Forwarding newSession on session null to remote] DEBUG org.apache.http.impl.conn.DefaultHttpClientConnectionOperator - Connecting to localhost/127.0.0.1:24088
02:56:23.446 [Forwarding newSession on session null to remote] DEBUG org.apache.http.impl.conn.DefaultHttpClientConnectionOperator - Connection established 127.0.0.1:63470<->127.0.0.1:24088
02:56:23.446 [Forwarding newSession on session null to remote] DEBUG org.apache.http.impl.conn.DefaultManagedHttpClientConnection - http-outgoing-6: set socket timeout to 10800000
02:56:23.446 [Forwarding newSession on session null to remote] DEBUG org.apache.http.impl.execchain.MainClientExec - Executing request POST /session HTTP/1.1
02:56:23.446 [Forwarding newSession on session null to remote] DEBUG org.apache.http.impl.execchain.MainClientExec - Target auth state: UNCHALLENGED
02:56:23.446 [Forwarding newSession on session null to remote] DEBUG org.apache.http.impl.execchain.MainClientExec - Proxy auth state: UNCHALLENGED
02:56:23.446 [Forwarding newSession on session null to remote] DEBUG org.apache.http.headers - http-outgoing-6 >> POST /session HTTP/1.1
02:56:23.446 [Forwarding newSession on session null to remote] DEBUG org.apache.http.headers - http-outgoing-6 >> Content-Type: application/json; charset=utf-8
02:56:23.446 [Forwarding newSession on session null to remote] DEBUG org.apache.http.headers - http-outgoing-6 >> Content-Length: 141
02:56:23.446 [Forwarding newSession on session null to remote] DEBUG org.apache.http.headers - http-outgoing-6 >> Host: localhost:24088
02:56:23.446 [Forwarding newSession on session null to remote] DEBUG org.apache.http.headers - http-outgoing-6 >> Connection: Keep-Alive
02:56:23.446 [Forwarding newSession on session null to remote] DEBUG org.apache.http.headers - http-outgoing-6 >> User-Agent: Apache-HttpClient/4.5.2 (Java/1.8.0_162)
02:56:23.446 [Forwarding newSession on session null to remote] DEBUG org.apache.http.headers - http-outgoing-6 >> Accept-Encoding: gzip,deflate
02:56:23.446 [Forwarding newSession on session null to remote] DEBUG org.apache.http.wire - http-outgoing-6 >> "POST /session HTTP/1.1[\r][\n]"
02:56:23.446 [Forwarding newSession on session null to remote] DEBUG org.apache.http.wire - http-outgoing-6 >> "Content-Type: application/json; charset=utf-8[\r][\n]"
02:56:23.446 [Forwarding newSession on session null to remote] DEBUG org.apache.http.wire - http-outgoing-6 >> "Content-Length: 141[\r][\n]"
02:56:23.446 [Forwarding newSession on session null to remote] DEBUG org.apache.http.wire - http-outgoing-6 >> "Host: localhost:24088[\r][\n]"
02:56:23.446 [Forwarding newSession on session null to remote] DEBUG org.apache.http.wire - http-outgoing-6 >> "Connection: Keep-Alive[\r][\n]"
02:56:23.446 [Forwarding newSession on session null to remote] DEBUG org.apache.http.wire - http-outgoing-6 >> "User-Agent: Apache-HttpClient/4.5.2 (Java/1.8.0_162)[\r][\n]"
02:56:23.446 [Forwarding newSession on session null to remote] DEBUG org.apache.http.wire - http-outgoing-6 >> "Accept-Encoding: gzip,deflate[\r][\n]"
02:56:23.446 [Forwarding newSession on session null to remote] DEBUG org.apache.http.wire - http-outgoing-6 >> "[\r][\n]"
02:56:23.446 [Forwarding newSession on session null to remote] DEBUG org.apache.http.wire - http-outgoing-6 >> "{"desiredCapabilities":{"browserName":"chrome","chromeOptions":{"args":["--start-maximized"],"extensions":[]},"version":"","platform":"ANY"}}"
02:56:26.215 [Forwarding newSession on session null to remote] DEBUG org.apache.http.wire - http-outgoing-6 << "HTTP/1.1 200 OK[\r][\n]"
02:56:26.215 [Forwarding newSession on session null to remote] DEBUG org.apache.http.wire - http-outgoing-6 << "Content-Length:443[\r][\n]"
02:56:26.215 [Forwarding newSession on session null to remote] DEBUG org.apache.http.wire - http-outgoing-6 << "Content-Type:application/json; charset=utf-8[\r][\n]"
02:56:26.215 [Forwarding newSession on session null to remote] DEBUG org.apache.http.wire - http-outgoing-6 << "[\r][\n]"
02:56:26.215 [Forwarding newSession on session null to remote] DEBUG org.apache.http.wire - http-outgoing-6 << "{"sessionId":"c2357b35765ea47731ccd07a2523f95a","status":33,"value":{"message":"session not created: This version of ChromeDriver only supports Chrome version 94\nCurrent browser version is 96.0.4664.45 with binary path C:\\Program Files (x86)\\Google\\Chrome\\Application\\chrome.exe\n  (Driver info: chromedriver=94.0.4606.61 (418b78f5838ed0b1c69bb4e51ea0252171854915-refs/branch-heads/4606@{#1204}),platform=Windows NT 10.0.19043 x86_64)"}}"
02:56:26.215 [Forwarding newSession on session null to remote] DEBUG org.apache.http.headers - http-outgoing-6 << HTTP/1.1 200 OK
02:56:26.215 [Forwarding newSession on session null to remote] DEBUG org.apache.http.headers - http-outgoing-6 << Content-Length:443
02:56:26.215 [Forwarding newSession on session null to remote] DEBUG org.apache.http.headers - http-outgoing-6 << Content-Type:application/json; charset=utf-8
02:56:26.215 [Forwarding newSession on session null to remote] DEBUG org.apache.http.impl.execchain.MainClientExec - Connection can be kept alive indefinitely
02:56:26.215 [Forwarding newSession on session null to remote] DEBUG org.apache.http.impl.conn.PoolingHttpClientConnectionManager - Connection [id: 6][route: {}->http://localhost:24088] can be kept alive indefinitely
02:56:26.215 [Forwarding newSession on session null to remote] DEBUG org.apache.http.impl.conn.PoolingHttpClientConnectionManager - Connection released: [id: 6][route: {}->http://localhost:24088][total kept alive: 7; route allocated: 1 of 2000; total allocated: 7 of 2000]
02:56:27.484 [Forwarding newSession on session null to remote] DEBUG org.apache.http.client.protocol.RequestAddCookies - CookieSpec selected: default
02:56:27.484 [Forwarding newSession on session null to remote] DEBUG org.apache.http.client.protocol.RequestAuthCache - Auth cache not set in the context
02:56:27.484 [Forwarding newSession on session null to remote] DEBUG org.apache.http.impl.conn.PoolingHttpClientConnectionManager - Connection request: [route: {}->http://localhost:36768][total kept alive: 7; route allocated: 0 of 2000; total allocated: 7 of 2000]
02:56:27.484 [Forwarding newSession on session null to remote] DEBUG org.apache.http.impl.conn.PoolingHttpClientConnectionManager - Connection leased: [id: 7][route: {}->http://localhost:36768][total kept alive: 7; route allocated: 1 of 2000; total allocated: 8 of 2000]
02:56:27.484 [Forwarding newSession on session null to remote] DEBUG org.apache.http.impl.execchain.MainClientExec - Opening connection {}->http://localhost:36768
02:56:27.484 [Forwarding newSession on session null to remote] DEBUG org.apache.http.impl.conn.DefaultHttpClientConnectionOperator - Connecting to localhost/127.0.0.1:36768
02:56:27.484 [Forwarding newSession on session null to remote] DEBUG org.apache.http.impl.conn.DefaultHttpClientConnectionOperator - Connection established 127.0.0.1:51434<->127.0.0.1:36768
02:56:27.484 [Forwarding newSession on session null to remote] DEBUG org.apache.http.impl.conn.DefaultManagedHttpClientConnection - http-outgoing-7: set socket timeout to 10800000
02:56:27.484 [Forwarding newSession on session null to remote] DEBUG org.apache.http.impl.execchain.MainClientExec - Executing request POST /session HTTP/1.1
02:56:27.484 [Forwarding newSession on session null to remote] DEBUG org.apache.http.impl.execchain.MainClientExec - Target auth state: UNCHALLENGED
02:56:27.484 [Forwarding newSession on session null to remote] DEBUG org.apache.http.impl.execchain.MainClientExec - Proxy auth state: UNCHALLENGED
02:56:27.484 [Forwarding newSession on session null to remote] DEBUG org.apache.http.headers - http-outgoing-7 >> POST /session HTTP/1.1
02:56:27.484 [Forwarding newSession on session null to remote] DEBUG org.apache.http.headers - http-outgoing-7 >> Content-Type: application/json; charset=utf-8
02:56:27.484 [Forwarding newSession on session null to remote] DEBUG org.apache.http.headers - http-outgoing-7 >> Content-Length: 141
02:56:27.484 [Forwarding newSession on session null to remote] DEBUG org.apache.http.headers - http-outgoing-7 >> Host: localhost:36768
02:56:27.484 [Forwarding newSession on session null to remote] DEBUG org.apache.http.headers - http-outgoing-7 >> Connection: Keep-Alive
02:56:27.484 [Forwarding newSession on session null to remote] DEBUG org.apache.http.headers - http-outgoing-7 >> User-Agent: Apache-HttpClient/4.5.2 (Java/1.8.0_162)
02:56:27.484 [Forwarding newSession on session null to remote] DEBUG org.apache.http.headers - http-outgoing-7 >> Accept-Encoding: gzip,deflate
02:56:27.484 [Forwarding newSession on session null to remote] DEBUG org.apache.http.wire - http-outgoing-7 >> "POST /session HTTP/1.1[\r][\n]"
02:56:27.484 [Forwarding newSession on session null to remote] DEBUG org.apache.http.wire - http-outgoing-7 >> "Content-Type: application/json; charset=utf-8[\r][\n]"
02:56:27.484 [Forwarding newSession on session null to remote] DEBUG org.apache.http.wire - http-outgoing-7 >> "Content-Length: 141[\r][\n]"
02:56:27.484 [Forwarding newSession on session null to remote] DEBUG org.apache.http.wire - http-outgoing-7 >> "Host: localhost:36768[\r][\n]"
02:56:27.484 [Forwarding newSession on session null to remote] DEBUG org.apache.http.wire - http-outgoing-7 >> "Connection: Keep-Alive[\r][\n]"
02:56:27.484 [Forwarding newSession on session null to remote] DEBUG org.apache.http.wire - http-outgoing-7 >> "User-Agent: Apache-HttpClient/4.5.2 (Java/1.8.0_162)[\r][\n]"
02:56:27.484 [Forwarding newSession on session null to remote] DEBUG org.apache.http.wire - http-outgoing-7 >> "Accept-Encoding: gzip,deflate[\r][\n]"
02:56:27.484 [Forwarding newSession on session null to remote] DEBUG org.apache.http.wire - http-outgoing-7 >> "[\r][\n]"
02:56:27.484 [Forwarding newSession on session null to remote] DEBUG org.apache.http.wire - http-outgoing-7 >> "{"desiredCapabilities":{"browserName":"chrome","chromeOptions":{"args":["--start-maximized"],"extensions":[]},"version":"","platform":"ANY"}}"
02:56:31.280 [Forwarding newSession on session null to remote] DEBUG org.apache.http.wire - http-outgoing-7 << "HTTP/1.1 200 OK[\r][\n]"
02:56:31.280 [Forwarding newSession on session null to remote] DEBUG org.apache.http.wire - http-outgoing-7 << "Content-Length:443[\r][\n]"
02:56:31.280 [Forwarding newSession on session null to remote] DEBUG org.apache.http.wire - http-outgoing-7 << "Content-Type:application/json; charset=utf-8[\r][\n]"
02:56:31.280 [Forwarding newSession on session null to remote] DEBUG org.apache.http.wire - http-outgoing-7 << "[\r][\n]"
02:56:31.280 [Forwarding newSession on session null to remote] DEBUG org.apache.http.wire - http-outgoing-7 << "{"sessionId":"bf5d09e6623332018b4a57e8666012ce","status":33,"value":{"message":"session not created: This version of ChromeDriver only supports Chrome version 94\nCurrent browser version is 96.0.4664.45 with binary path C:\\Program Files (x86)\\Google\\Chrome\\Application\\chrome.exe\n  (Driver info: chromedriver=94.0.4606.61 (418b78f5838ed0b1c69bb4e51ea0252171854915-refs/branch-heads/4606@{#1204}),platform=Windows NT 10.0.19043 x86_64)"}}"
02:56:31.280 [Forwarding newSession on session null to remote] DEBUG org.apache.http.headers - http-outgoing-7 << HTTP/1.1 200 OK
02:56:31.280 [Forwarding newSession on session null to remote] DEBUG org.apache.http.headers - http-outgoing-7 << Content-Length:443
02:56:31.280 [Forwarding newSession on session null to remote] DEBUG org.apache.http.headers - http-outgoing-7 << Content-Type:application/json; charset=utf-8
02:56:31.280 [Forwarding newSession on session null to remote] DEBUG org.apache.http.impl.execchain.MainClientExec - Connection can be kept alive indefinitely
02:56:31.280 [Forwarding newSession on session null to remote] DEBUG org.apache.http.impl.conn.PoolingHttpClientConnectionManager - Connection [id: 7][route: {}->http://localhost:36768] can be kept alive indefinitely
02:56:31.280 [Forwarding newSession on session null to remote] DEBUG org.apache.http.impl.conn.PoolingHttpClientConnectionManager - Connection released: [id: 7][route: {}->http://localhost:36768][total kept alive: 8; route allocated: 1 of 2000; total allocated: 8 of 2000]
02:56:32.462 [Forwarding newSession on session null to remote] DEBUG org.apache.http.client.protocol.RequestAddCookies - CookieSpec selected: default
02:56:32.462 [Forwarding newSession on session null to remote] DEBUG org.apache.http.client.protocol.RequestAuthCache - Auth cache not set in the context
02:56:32.462 [Forwarding newSession on session null to remote] DEBUG org.apache.http.impl.conn.PoolingHttpClientConnectionManager - Connection request: [route: {}->http://localhost:11395][total kept alive: 8; route allocated: 0 of 2000; total allocated: 8 of 2000]
02:56:32.462 [Forwarding newSession on session null to remote] DEBUG org.apache.http.impl.conn.PoolingHttpClientConnectionManager - Connection leased: [id: 8][route: {}->http://localhost:11395][total kept alive: 8; route allocated: 1 of 2000; total allocated: 9 of 2000]
02:56:32.462 [Forwarding newSession on session null to remote] DEBUG org.apache.http.impl.execchain.MainClientExec - Opening connection {}->http://localhost:11395
02:56:32.462 [Forwarding newSession on session null to remote] DEBUG org.apache.http.impl.conn.DefaultHttpClientConnectionOperator - Connecting to localhost/127.0.0.1:11395
02:56:32.462 [Forwarding newSession on session null to remote] DEBUG org.apache.http.impl.conn.DefaultHttpClientConnectionOperator - Connection established 127.0.0.1:50194<->127.0.0.1:11395
02:56:32.462 [Forwarding newSession on session null to remote] DEBUG org.apache.http.impl.conn.DefaultManagedHttpClientConnection - http-outgoing-8: set socket timeout to 10800000
02:56:32.462 [Forwarding newSession on session null to remote] DEBUG org.apache.http.impl.execchain.MainClientExec - Executing request POST /session HTTP/1.1
02:56:32.462 [Forwarding newSession on session null to remote] DEBUG org.apache.http.impl.execchain.MainClientExec - Target auth state: UNCHALLENGED
02:56:32.462 [Forwarding newSession on session null to remote] DEBUG org.apache.http.impl.execchain.MainClientExec - Proxy auth state: UNCHALLENGED
02:56:32.462 [Forwarding newSession on session null to remote] DEBUG org.apache.http.headers - http-outgoing-8 >> POST /session HTTP/1.1
02:56:32.462 [Forwarding newSession on session null to remote] DEBUG org.apache.http.headers - http-outgoing-8 >> Content-Type: application/json; charset=utf-8
02:56:32.462 [Forwarding newSession on session null to remote] DEBUG org.apache.http.headers - http-outgoing-8 >> Content-Length: 141
02:56:32.462 [Forwarding newSession on session null to remote] DEBUG org.apache.http.headers - http-outgoing-8 >> Host: localhost:11395
02:56:32.462 [Forwarding newSession on session null to remote] DEBUG org.apache.http.headers - http-outgoing-8 >> Connection: Keep-Alive
02:56:32.462 [Forwarding newSession on session null to remote] DEBUG org.apache.http.headers - http-outgoing-8 >> User-Agent: Apache-HttpClient/4.5.2 (Java/1.8.0_162)
02:56:32.462 [Forwarding newSession on session null to remote] DEBUG org.apache.http.headers - http-outgoing-8 >> Accept-Encoding: gzip,deflate
02:56:32.462 [Forwarding newSession on session null to remote] DEBUG org.apache.http.wire - http-outgoing-8 >> "POST /session HTTP/1.1[\r][\n]"
02:56:32.462 [Forwarding newSession on session null to remote] DEBUG org.apache.http.wire - http-outgoing-8 >> "Content-Type: application/json; charset=utf-8[\r][\n]"
02:56:32.462 [Forwarding newSession on session null to remote] DEBUG org.apache.http.wire - http-outgoing-8 >> "Content-Length: 141[\r][\n]"
02:56:32.462 [Forwarding newSession on session null to remote] DEBUG org.apache.http.wire - http-outgoing-8 >> "Host: localhost:11395[\r][\n]"
02:56:32.462 [Forwarding newSession on session null to remote] DEBUG org.apache.http.wire - http-outgoing-8 >> "Connection: Keep-Alive[\r][\n]"
02:56:32.462 [Forwarding newSession on session null to remote] DEBUG org.apache.http.wire - http-outgoing-8 >> "User-Agent: Apache-HttpClient/4.5.2 (Java/1.8.0_162)[\r][\n]"
02:56:32.462 [Forwarding newSession on session null to remote] DEBUG org.apache.http.wire - http-outgoing-8 >> "Accept-Encoding: gzip,deflate[\r][\n]"
02:56:32.462 [Forwarding newSession on session null to remote] DEBUG org.apache.http.wire - http-outgoing-8 >> "[\r][\n]"
02:56:32.462 [Forwarding newSession on session null to remote] DEBUG org.apache.http.wire - http-outgoing-8 >> "{"desiredCapabilities":{"browserName":"chrome","chromeOptions":{"args":["--start-maximized"],"extensions":[]},"version":"","platform":"ANY"}}"
02:56:33.466 [Forwarding newSession on session null to remote] DEBUG org.apache.http.wire - http-outgoing-8 << "HTTP/1.1 200 OK[\r][\n]"
02:56:33.466 [Forwarding newSession on session null to remote] DEBUG org.apache.http.wire - http-outgoing-8 << "Content-Length:443[\r][\n]"
02:56:33.466 [Forwarding newSession on session null to remote] DEBUG org.apache.http.wire - http-outgoing-8 << "Content-Type:application/json; charset=utf-8[\r][\n]"
02:56:33.466 [Forwarding newSession on session null to remote] DEBUG org.apache.http.wire - http-outgoing-8 << "[\r][\n]"
02:56:33.466 [Forwarding newSession on session null to remote] DEBUG org.apache.http.wire - http-outgoing-8 << "{"sessionId":"fa61f231219e596b0a01e51943b47b22","status":33,"value":{"message":"session not created: This version of ChromeDriver only supports Chrome version 94\nCurrent browser version is 96.0.4664.45 with binary path C:\\Program Files (x86)\\Google\\Chrome\\Application\\chrome.exe\n  (Driver info: chromedriver=94.0.4606.61 (418b78f5838ed0b1c69bb4e51ea0252171854915-refs/branch-heads/4606@{#1204}),platform=Windows NT 10.0.19043 x86_64)"}}"
02:56:33.466 [Forwarding newSession on session null to remote] DEBUG org.apache.http.headers - http-outgoing-8 << HTTP/1.1 200 OK
02:56:33.466 [Forwarding newSession on session null to remote] DEBUG org.apache.http.headers - http-outgoing-8 << Content-Length:443
02:56:33.466 [Forwarding newSession on session null to remote] DEBUG org.apache.http.headers - http-outgoing-8 << Content-Type:application/json; charset=utf-8
02:56:33.466 [Forwarding newSession on session null to remote] DEBUG org.apache.http.impl.execchain.MainClientExec - Connection can be kept alive indefinitely
02:56:33.466 [Forwarding newSession on session null to remote] DEBUG org.apache.http.impl.conn.PoolingHttpClientConnectionManager - Connection [id: 8][route: {}->http://localhost:11395] can be kept alive indefinitely
02:56:33.466 [Forwarding newSession on session null to remote] DEBUG org.apache.http.impl.conn.PoolingHttpClientConnectionManager - Connection released: [id: 8][route: {}->http://localhost:11395][total kept alive: 9; route allocated: 1 of 2000; total allocated: 9 of 2000]
02:56:34.630 [Forwarding newSession on session null to remote] DEBUG org.apache.http.client.protocol.RequestAddCookies - CookieSpec selected: default
02:56:34.630 [Forwarding newSession on session null to remote] DEBUG org.apache.http.client.protocol.RequestAuthCache - Auth cache not set in the context
02:56:34.630 [Forwarding newSession on session null to remote] DEBUG org.apache.http.impl.conn.PoolingHttpClientConnectionManager - Connection request: [route: {}->http://localhost:15542][total kept alive: 9; route allocated: 0 of 2000; total allocated: 9 of 2000]
02:56:34.630 [Forwarding newSession on session null to remote] DEBUG org.apache.http.impl.conn.PoolingHttpClientConnectionManager - Connection leased: [id: 9][route: {}->http://localhost:15542][total kept alive: 9; route allocated: 1 of 2000; total allocated: 10 of 2000]
02:56:34.630 [Forwarding newSession on session null to remote] DEBUG org.apache.http.impl.execchain.MainClientExec - Opening connection {}->http://localhost:15542
02:56:34.630 [Forwarding newSession on session null to remote] DEBUG org.apache.http.impl.conn.DefaultHttpClientConnectionOperator - Connecting to localhost/127.0.0.1:15542
02:56:34.630 [Forwarding newSession on session null to remote] DEBUG org.apache.http.impl.conn.DefaultHttpClientConnectionOperator - Connection established 127.0.0.1:53043<->127.0.0.1:15542
02:56:34.630 [Forwarding newSession on session null to remote] DEBUG org.apache.http.impl.conn.DefaultManagedHttpClientConnection - http-outgoing-9: set socket timeout to 10800000
02:56:34.630 [Forwarding newSession on session null to remote] DEBUG org.apache.http.impl.execchain.MainClientExec - Executing request POST /session HTTP/1.1
02:56:34.630 [Forwarding newSession on session null to remote] DEBUG org.apache.http.impl.execchain.MainClientExec - Target auth state: UNCHALLENGED
02:56:34.630 [Forwarding newSession on session null to remote] DEBUG org.apache.http.impl.execchain.MainClientExec - Proxy auth state: UNCHALLENGED
02:56:34.630 [Forwarding newSession on session null to remote] DEBUG org.apache.http.headers - http-outgoing-9 >> POST /session HTTP/1.1
02:56:34.630 [Forwarding newSession on session null to remote] DEBUG org.apache.http.headers - http-outgoing-9 >> Content-Type: application/json; charset=utf-8
02:56:34.630 [Forwarding newSession on session null to remote] DEBUG org.apache.http.headers - http-outgoing-9 >> Content-Length: 141
02:56:34.630 [Forwarding newSession on session null to remote] DEBUG org.apache.http.headers - http-outgoing-9 >> Host: localhost:15542
02:56:34.630 [Forwarding newSession on session null to remote] DEBUG org.apache.http.headers - http-outgoing-9 >> Connection: Keep-Alive
02:56:34.630 [Forwarding newSession on session null to remote] DEBUG org.apache.http.headers - http-outgoing-9 >> User-Agent: Apache-HttpClient/4.5.2 (Java/1.8.0_162)
02:56:34.630 [Forwarding newSession on session null to remote] DEBUG org.apache.http.headers - http-outgoing-9 >> Accept-Encoding: gzip,deflate
02:56:34.630 [Forwarding newSession on session null to remote] DEBUG org.apache.http.wire - http-outgoing-9 >> "POST /session HTTP/1.1[\r][\n]"
02:56:34.630 [Forwarding newSession on session null to remote] DEBUG org.apache.http.wire - http-outgoing-9 >> "Content-Type: application/json; charset=utf-8[\r][\n]"
02:56:34.630 [Forwarding newSession on session null to remote] DEBUG org.apache.http.wire - http-outgoing-9 >> "Content-Length: 141[\r][\n]"
02:56:34.630 [Forwarding newSession on session null to remote] DEBUG org.apache.http.wire - http-outgoing-9 >> "Host: localhost:15542[\r][\n]"
02:56:34.630 [Forwarding newSession on session null to remote] DEBUG org.apache.http.wire - http-outgoing-9 >> "Connection: Keep-Alive[\r][\n]"
02:56:34.630 [Forwarding newSession on session null to remote] DEBUG org.apache.http.wire - http-outgoing-9 >> "User-Agent: Apache-HttpClient/4.5.2 (Java/1.8.0_162)[\r][\n]"
02:56:34.630 [Forwarding newSession on session null to remote] DEBUG org.apache.http.wire - http-outgoing-9 >> "Accept-Encoding: gzip,deflate[\r][\n]"
02:56:34.630 [Forwarding newSession on session null to remote] DEBUG org.apache.http.wire - http-outgoing-9 >> "[\r][\n]"
02:56:34.630 [Forwarding newSession on session null to remote] DEBUG org.apache.http.wire - http-outgoing-9 >> "{"desiredCapabilities":{"browserName":"chrome","chromeOptions":{"args":["--start-maximized"],"extensions":[]},"version":"","platform":"ANY"}}"
02:56:35.514 [Forwarding newSession on session null to remote] DEBUG org.apache.http.wire - http-outgoing-9 << "HTTP/1.1 200 OK[\r][\n]"
02:56:35.515 [Forwarding newSession on session null to remote] DEBUG org.apache.http.wire - http-outgoing-9 << "Content-Length:443[\r][\n]"
02:56:35.515 [Forwarding newSession on session null to remote] DEBUG org.apache.http.wire - http-outgoing-9 << "Content-Type:application/json; charset=utf-8[\r][\n]"
02:56:35.515 [Forwarding newSession on session null to remote] DEBUG org.apache.http.wire - http-outgoing-9 << "[\r][\n]"
02:56:35.515 [Forwarding newSession on session null to remote] DEBUG org.apache.http.wire - http-outgoing-9 << "{"sessionId":"7ec83a8a9100ccd9e5dfcb82207a4cd0","status":33,"value":{"message":"session not created: This version of ChromeDriver only supports Chrome version 94\nCurrent browser version is 96.0.4664.45 with binary path C:\\Program Files (x86)\\Google\\Chrome\\Application\\chrome.exe\n  (Driver info: chromedriver=94.0.4606.61 (418b78f5838ed0b1c69bb4e51ea0252171854915-refs/branch-heads/4606@{#1204}),platform=Windows NT 10.0.19043 x86_64)"}}"
02:56:35.515 [Forwarding newSession on session null to remote] DEBUG org.apache.http.headers - http-outgoing-9 << HTTP/1.1 200 OK
02:56:35.515 [Forwarding newSession on session null to remote] DEBUG org.apache.http.headers - http-outgoing-9 << Content-Length:443
02:56:35.515 [Forwarding newSession on session null to remote] DEBUG org.apache.http.headers - http-outgoing-9 << Content-Type:application/json; charset=utf-8
02:56:35.515 [Forwarding newSession on session null to remote] DEBUG org.apache.http.impl.execchain.MainClientExec - Connection can be kept alive indefinitely
02:56:35.515 [Forwarding newSession on session null to remote] DEBUG org.apache.http.impl.conn.PoolingHttpClientConnectionManager - Connection [id: 9][route: {}->http://localhost:15542] can be kept alive indefinitely
02:56:35.515 [Forwarding newSession on session null to remote] DEBUG org.apache.http.impl.conn.PoolingHttpClientConnectionManager - Connection released: [id: 9][route: {}->http://localhost:15542][total kept alive: 10; route allocated: 1 of 2000; total allocated: 10 of 2000]
02:56:36.703 [Forwarding newSession on session null to remote] DEBUG org.apache.http.client.protocol.RequestAddCookies - CookieSpec selected: default
02:56:36.703 [Forwarding newSession on session null to remote] DEBUG org.apache.http.client.protocol.RequestAuthCache - Auth cache not set in the context
02:56:36.703 [Forwarding newSession on session null to remote] DEBUG org.apache.http.impl.conn.PoolingHttpClientConnectionManager - Connection request: [route: {}->http://localhost:36554][total kept alive: 10; route allocated: 0 of 2000; total allocated: 10 of 2000]
02:56:36.703 [Forwarding newSession on session null to remote] DEBUG org.apache.http.impl.conn.PoolingHttpClientConnectionManager - Connection leased: [id: 10][route: {}->http://localhost:36554][total kept alive: 10; route allocated: 1 of 2000; total allocated: 11 of 2000]
02:56:36.703 [Forwarding newSession on session null to remote] DEBUG org.apache.http.impl.execchain.MainClientExec - Opening connection {}->http://localhost:36554
02:56:36.703 [Forwarding newSession on session null to remote] DEBUG org.apache.http.impl.conn.DefaultHttpClientConnectionOperator - Connecting to localhost/127.0.0.1:36554
02:56:36.703 [Forwarding newSession on session null to remote] DEBUG org.apache.http.impl.conn.DefaultHttpClientConnectionOperator - Connection established 127.0.0.1:64032<->127.0.0.1:36554
02:56:36.703 [Forwarding newSession on session null to remote] DEBUG org.apache.http.impl.conn.DefaultManagedHttpClientConnection - http-outgoing-10: set socket timeout to 10800000
02:56:36.703 [Forwarding newSession on session null to remote] DEBUG org.apache.http.impl.execchain.MainClientExec - Executing request POST /session HTTP/1.1
02:56:36.703 [Forwarding newSession on session null to remote] DEBUG org.apache.http.impl.execchain.MainClientExec - Target auth state: UNCHALLENGED
02:56:36.703 [Forwarding newSession on session null to remote] DEBUG org.apache.http.impl.execchain.MainClientExec - Proxy auth state: UNCHALLENGED
02:56:36.703 [Forwarding newSession on session null to remote] DEBUG org.apache.http.headers - http-outgoing-10 >> POST /session HTTP/1.1
02:56:36.703 [Forwarding newSession on session null to remote] DEBUG org.apache.http.headers - http-outgoing-10 >> Content-Type: application/json; charset=utf-8
02:56:36.703 [Forwarding newSession on session null to remote] DEBUG org.apache.http.headers - http-outgoing-10 >> Content-Length: 141
02:56:36.703 [Forwarding newSession on session null to remote] DEBUG org.apache.http.headers - http-outgoing-10 >> Host: localhost:36554
02:56:36.703 [Forwarding newSession on session null to remote] DEBUG org.apache.http.headers - http-outgoing-10 >> Connection: Keep-Alive
02:56:36.703 [Forwarding newSession on session null to remote] DEBUG org.apache.http.headers - http-outgoing-10 >> User-Agent: Apache-HttpClient/4.5.2 (Java/1.8.0_162)
02:56:36.703 [Forwarding newSession on session null to remote] DEBUG org.apache.http.headers - http-outgoing-10 >> Accept-Encoding: gzip,deflate
02:56:36.703 [Forwarding newSession on session null to remote] DEBUG org.apache.http.wire - http-outgoing-10 >> "POST /session HTTP/1.1[\r][\n]"
02:56:36.703 [Forwarding newSession on session null to remote] DEBUG org.apache.http.wire - http-outgoing-10 >> "Content-Type: application/json; charset=utf-8[\r][\n]"
02:56:36.703 [Forwarding newSession on session null to remote] DEBUG org.apache.http.wire - http-outgoing-10 >> "Content-Length: 141[\r][\n]"
02:56:36.703 [Forwarding newSession on session null to remote] DEBUG org.apache.http.wire - http-outgoing-10 >> "Host: localhost:36554[\r][\n]"
02:56:36.703 [Forwarding newSession on session null to remote] DEBUG org.apache.http.wire - http-outgoing-10 >> "Connection: Keep-Alive[\r][\n]"
02:56:36.703 [Forwarding newSession on session null to remote] DEBUG org.apache.http.wire - http-outgoing-10 >> "User-Agent: Apache-HttpClient/4.5.2 (Java/1.8.0_162)[\r][\n]"
02:56:36.703 [Forwarding newSession on session null to remote] DEBUG org.apache.http.wire - http-outgoing-10 >> "Accept-Encoding: gzip,deflate[\r][\n]"
02:56:36.703 [Forwarding newSession on session null to remote] DEBUG org.apache.http.wire - http-outgoing-10 >> "[\r][\n]"
02:56:36.703 [Forwarding newSession on session null to remote] DEBUG org.apache.http.wire - http-outgoing-10 >> "{"desiredCapabilities":{"browserName":"chrome","chromeOptions":{"args":["--start-maximized"],"extensions":[]},"version":"","platform":"ANY"}}"
02:56:37.534 [Forwarding newSession on session null to remote] DEBUG org.apache.http.wire - http-outgoing-10 << "HTTP/1.1 200 OK[\r][\n]"
02:56:37.534 [Forwarding newSession on session null to remote] DEBUG org.apache.http.wire - http-outgoing-10 << "Content-Length:443[\r][\n]"
02:56:37.534 [Forwarding newSession on session null to remote] DEBUG org.apache.http.wire - http-outgoing-10 << "Content-Type:application/json; charset=utf-8[\r][\n]"
02:56:37.534 [Forwarding newSession on session null to remote] DEBUG org.apache.http.wire - http-outgoing-10 << "[\r][\n]"
02:56:37.534 [Forwarding newSession on session null to remote] DEBUG org.apache.http.wire - http-outgoing-10 << "{"sessionId":"9ff435770edec4daea56b1cdf968cb35","status":33,"value":{"message":"session not created: This version of ChromeDriver only supports Chrome version 94\nCurrent browser version is 96.0.4664.45 with binary path C:\\Program Files (x86)\\Google\\Chrome\\Application\\chrome.exe\n  (Driver info: chromedriver=94.0.4606.61 (418b78f5838ed0b1c69bb4e51ea0252171854915-refs/branch-heads/4606@{#1204}),platform=Windows NT 10.0.19043 x86_64)"}}"
02:56:37.534 [Forwarding newSession on session null to remote] DEBUG org.apache.http.headers - http-outgoing-10 << HTTP/1.1 200 OK
02:56:37.534 [Forwarding newSession on session null to remote] DEBUG org.apache.http.headers - http-outgoing-10 << Content-Length:443
02:56:37.534 [Forwarding newSession on session null to remote] DEBUG org.apache.http.headers - http-outgoing-10 << Content-Type:application/json; charset=utf-8
02:56:37.534 [Forwarding newSession on session null to remote] DEBUG org.apache.http.impl.execchain.MainClientExec - Connection can be kept alive indefinitely
02:56:37.534 [Forwarding newSession on session null to remote] DEBUG org.apache.http.impl.conn.PoolingHttpClientConnectionManager - Connection [id: 10][route: {}->http://localhost:36554] can be kept alive indefinitely
02:56:37.534 [Forwarding newSession on session null to remote] DEBUG org.apache.http.impl.conn.PoolingHttpClientConnectionManager - Connection released: [id: 10][route: {}->http://localhost:36554][total kept alive: 11; route allocated: 1 of 2000; total allocated: 11 of 2000]
02:56:38.665 [Forwarding newSession on session null to remote] DEBUG org.apache.http.client.protocol.RequestAddCookies - CookieSpec selected: default
02:56:38.665 [Forwarding newSession on session null to remote] DEBUG org.apache.http.client.protocol.RequestAuthCache - Auth cache not set in the context
02:56:38.665 [Forwarding newSession on session null to remote] DEBUG org.apache.http.impl.conn.PoolingHttpClientConnectionManager - Connection request: [route: {}->http://localhost:9856][total kept alive: 11; route allocated: 0 of 2000; total allocated: 11 of 2000]
02:56:38.665 [Forwarding newSession on session null to remote] DEBUG org.apache.http.impl.conn.PoolingHttpClientConnectionManager - Connection leased: [id: 11][route: {}->http://localhost:9856][total kept alive: 11; route allocated: 1 of 2000; total allocated: 12 of 2000]
02:56:38.665 [Forwarding newSession on session null to remote] DEBUG org.apache.http.impl.execchain.MainClientExec - Opening connection {}->http://localhost:9856
02:56:38.665 [Forwarding newSession on session null to remote] DEBUG org.apache.http.impl.conn.DefaultHttpClientConnectionOperator - Connecting to localhost/127.0.0.1:9856
02:56:38.665 [Forwarding newSession on session null to remote] DEBUG org.apache.http.impl.conn.DefaultHttpClientConnectionOperator - Connection established 127.0.0.1:52018<->127.0.0.1:9856
02:56:38.665 [Forwarding newSession on session null to remote] DEBUG org.apache.http.impl.conn.DefaultManagedHttpClientConnection - http-outgoing-11: set socket timeout to 10800000
02:56:38.665 [Forwarding newSession on session null to remote] DEBUG org.apache.http.impl.execchain.MainClientExec - Executing request POST /session HTTP/1.1
02:56:38.665 [Forwarding newSession on session null to remote] DEBUG org.apache.http.impl.execchain.MainClientExec - Target auth state: UNCHALLENGED
02:56:38.665 [Forwarding newSession on session null to remote] DEBUG org.apache.http.impl.execchain.MainClientExec - Proxy auth state: UNCHALLENGED
02:56:38.665 [Forwarding newSession on session null to remote] DEBUG org.apache.http.headers - http-outgoing-11 >> POST /session HTTP/1.1
02:56:38.665 [Forwarding newSession on session null to remote] DEBUG org.apache.http.headers - http-outgoing-11 >> Content-Type: application/json; charset=utf-8
02:56:38.665 [Forwarding newSession on session null to remote] DEBUG org.apache.http.headers - http-outgoing-11 >> Content-Length: 141
02:56:38.665 [Forwarding newSession on session null to remote] DEBUG org.apache.http.headers - http-outgoing-11 >> Host: localhost:9856
02:56:38.665 [Forwarding newSession on session null to remote] DEBUG org.apache.http.headers - http-outgoing-11 >> Connection: Keep-Alive
02:56:38.665 [Forwarding newSession on session null to remote] DEBUG org.apache.http.headers - http-outgoing-11 >> User-Agent: Apache-HttpClient/4.5.2 (Java/1.8.0_162)
02:56:38.665 [Forwarding newSession on session null to remote] DEBUG org.apache.http.headers - http-outgoing-11 >> Accept-Encoding: gzip,deflate
02:56:38.665 [Forwarding newSession on session null to remote] DEBUG org.apache.http.wire - http-outgoing-11 >> "POST /session HTTP/1.1[\r][\n]"
02:56:38.665 [Forwarding newSession on session null to remote] DEBUG org.apache.http.wire - http-outgoing-11 >> "Content-Type: application/json; charset=utf-8[\r][\n]"
02:56:38.665 [Forwarding newSession on session null to remote] DEBUG org.apache.http.wire - http-outgoing-11 >> "Content-Length: 141[\r][\n]"
02:56:38.665 [Forwarding newSession on session null to remote] DEBUG org.apache.http.wire - http-outgoing-11 >> "Host: localhost:9856[\r][\n]"
02:56:38.665 [Forwarding newSession on session null to remote] DEBUG org.apache.http.wire - http-outgoing-11 >> "Connection: Keep-Alive[\r][\n]"
02:56:38.665 [Forwarding newSession on session null to remote] DEBUG org.apache.http.wire - http-outgoing-11 >> "User-Agent: Apache-HttpClient/4.5.2 (Java/1.8.0_162)[\r][\n]"
02:56:38.665 [Forwarding newSession on session null to remote] DEBUG org.apache.http.wire - http-outgoing-11 >> "Accept-Encoding: gzip,deflate[\r][\n]"
02:56:38.665 [Forwarding newSession on session null to remote] DEBUG org.apache.http.wire - http-outgoing-11 >> "[\r][\n]"
02:56:38.665 [Forwarding newSession on session null to remote] DEBUG org.apache.http.wire - http-outgoing-11 >> "{"desiredCapabilities":{"browserName":"chrome","chromeOptions":{"args":["--start-maximized"],"extensions":[]},"version":"","platform":"ANY"}}"
02:56:39.616 [Forwarding newSession on session null to remote] DEBUG org.apache.http.wire - http-outgoing-11 << "HTTP/1.1 200 OK[\r][\n]"
02:56:39.616 [Forwarding newSession on session null to remote] DEBUG org.apache.http.wire - http-outgoing-11 << "Content-Length:443[\r][\n]"
02:56:39.616 [Forwarding newSession on session null to remote] DEBUG org.apache.http.wire - http-outgoing-11 << "Content-Type:application/json; charset=utf-8[\r][\n]"
02:56:39.616 [Forwarding newSession on session null to remote] DEBUG org.apache.http.wire - http-outgoing-11 << "[\r][\n]"
02:56:39.616 [Forwarding newSession on session null to remote] DEBUG org.apache.http.wire - http-outgoing-11 << "{"sessionId":"efa14a8b9c46fdb30f1196298a1a528b","status":33,"value":{"message":"session not created: This version of ChromeDriver only supports Chrome version 94\nCurrent browser version is 96.0.4664.45 with binary path C:\\Program Files (x86)\\Google\\Chrome\\Application\\chrome.exe\n  (Driver info: chromedriver=94.0.4606.61 (418b78f5838ed0b1c69bb4e51ea0252171854915-refs/branch-heads/4606@{#1204}),platform=Windows NT 10.0.19043 x86_64)"}}"
02:56:39.616 [Forwarding newSession on session null to remote] DEBUG org.apache.http.headers - http-outgoing-11 << HTTP/1.1 200 OK
02:56:39.616 [Forwarding newSession on session null to remote] DEBUG org.apache.http.headers - http-outgoing-11 << Content-Length:443
02:56:39.616 [Forwarding newSession on session null to remote] DEBUG org.apache.http.headers - http-outgoing-11 << Content-Type:application/json; charset=utf-8
02:56:39.616 [Forwarding newSession on session null to remote] DEBUG org.apache.http.impl.execchain.MainClientExec - Connection can be kept alive indefinitely
02:56:39.616 [Forwarding newSession on session null to remote] DEBUG org.apache.http.impl.conn.PoolingHttpClientConnectionManager - Connection [id: 11][route: {}->http://localhost:9856] can be kept alive indefinitely
02:56:39.616 [Forwarding newSession on session null to remote] DEBUG org.apache.http.impl.conn.PoolingHttpClientConnectionManager - Connection released: [id: 11][route: {}->http://localhost:9856][total kept alive: 12; route allocated: 1 of 2000; total allocated: 12 of 2000]
02:56:40.787 [Forwarding newSession on session null to remote] DEBUG org.apache.http.client.protocol.RequestAddCookies - CookieSpec selected: default
02:56:40.787 [Forwarding newSession on session null to remote] DEBUG org.apache.http.client.protocol.RequestAuthCache - Auth cache not set in the context
02:56:40.787 [Forwarding newSession on session null to remote] DEBUG org.apache.http.impl.conn.PoolingHttpClientConnectionManager - Connection request: [route: {}->http://localhost:5342][total kept alive: 12; route allocated: 0 of 2000; total allocated: 12 of 2000]
02:56:40.787 [Forwarding newSession on session null to remote] DEBUG org.apache.http.impl.conn.PoolingHttpClientConnectionManager - Connection leased: [id: 12][route: {}->http://localhost:5342][total kept alive: 12; route allocated: 1 of 2000; total allocated: 13 of 2000]
02:56:40.787 [Forwarding newSession on session null to remote] DEBUG org.apache.http.impl.execchain.MainClientExec - Opening connection {}->http://localhost:5342
02:56:40.787 [Forwarding newSession on session null to remote] DEBUG org.apache.http.impl.conn.DefaultHttpClientConnectionOperator - Connecting to localhost/127.0.0.1:5342
02:56:40.787 [Forwarding newSession on session null to remote] DEBUG org.apache.http.impl.conn.DefaultHttpClientConnectionOperator - Connection established 127.0.0.1:56033<->127.0.0.1:5342
02:56:40.787 [Forwarding newSession on session null to remote] DEBUG org.apache.http.impl.conn.DefaultManagedHttpClientConnection - http-outgoing-12: set socket timeout to 10800000
02:56:40.787 [Forwarding newSession on session null to remote] DEBUG org.apache.http.impl.execchain.MainClientExec - Executing request POST /session HTTP/1.1
02:56:40.787 [Forwarding newSession on session null to remote] DEBUG org.apache.http.impl.execchain.MainClientExec - Target auth state: UNCHALLENGED
02:56:40.787 [Forwarding newSession on session null to remote] DEBUG org.apache.http.impl.execchain.MainClientExec - Proxy auth state: UNCHALLENGED
02:56:40.787 [Forwarding newSession on session null to remote] DEBUG org.apache.http.headers - http-outgoing-12 >> POST /session HTTP/1.1
02:56:40.787 [Forwarding newSession on session null to remote] DEBUG org.apache.http.headers - http-outgoing-12 >> Content-Type: application/json; charset=utf-8
02:56:40.787 [Forwarding newSession on session null to remote] DEBUG org.apache.http.headers - http-outgoing-12 >> Content-Length: 141
02:56:40.787 [Forwarding newSession on session null to remote] DEBUG org.apache.http.headers - http-outgoing-12 >> Host: localhost:5342
02:56:40.787 [Forwarding newSession on session null to remote] DEBUG org.apache.http.headers - http-outgoing-12 >> Connection: Keep-Alive
02:56:40.787 [Forwarding newSession on session null to remote] DEBUG org.apache.http.headers - http-outgoing-12 >> User-Agent: Apache-HttpClient/4.5.2 (Java/1.8.0_162)
02:56:40.787 [Forwarding newSession on session null to remote] DEBUG org.apache.http.headers - http-outgoing-12 >> Accept-Encoding: gzip,deflate
02:56:40.787 [Forwarding newSession on session null to remote] DEBUG org.apache.http.wire - http-outgoing-12 >> "POST /session HTTP/1.1[\r][\n]"
02:56:40.787 [Forwarding newSession on session null to remote] DEBUG org.apache.http.wire - http-outgoing-12 >> "Content-Type: application/json; charset=utf-8[\r][\n]"
02:56:40.787 [Forwarding newSession on session null to remote] DEBUG org.apache.http.wire - http-outgoing-12 >> "Content-Length: 141[\r][\n]"
02:56:40.787 [Forwarding newSession on session null to remote] DEBUG org.apache.http.wire - http-outgoing-12 >> "Host: localhost:5342[\r][\n]"
02:56:40.787 [Forwarding newSession on session null to remote] DEBUG org.apache.http.wire - http-outgoing-12 >> "Connection: Keep-Alive[\r][\n]"
02:56:40.787 [Forwarding newSession on session null to remote] DEBUG org.apache.http.wire - http-outgoing-12 >> "User-Agent: Apache-HttpClient/4.5.2 (Java/1.8.0_162)[\r][\n]"
02:56:40.787 [Forwarding newSession on session null to remote] DEBUG org.apache.http.wire - http-outgoing-12 >> "Accept-Encoding: gzip,deflate[\r][\n]"
02:56:40.787 [Forwarding newSession on session null to remote] DEBUG org.apache.http.wire - http-outgoing-12 >> "[\r][\n]"
02:56:40.787 [Forwarding newSession on session null to remote] DEBUG org.apache.http.wire - http-outgoing-12 >> "{"desiredCapabilities":{"browserName":"chrome","chromeOptions":{"args":["--start-maximized"],"extensions":[]},"version":"","platform":"ANY"}}"
02:56:41.623 [Forwarding newSession on session null to remote] DEBUG org.apache.http.wire - http-outgoing-12 << "HTTP/1.1 200 OK[\r][\n]"
02:56:41.623 [Forwarding newSession on session null to remote] DEBUG org.apache.http.wire - http-outgoing-12 << "Content-Length:443[\r][\n]"
02:56:41.623 [Forwarding newSession on session null to remote] DEBUG org.apache.http.wire - http-outgoing-12 << "Content-Type:application/json; charset=utf-8[\r][\n]"
02:56:41.623 [Forwarding newSession on session null to remote] DEBUG org.apache.http.wire - http-outgoing-12 << "[\r][\n]"
02:56:41.623 [Forwarding newSession on session null to remote] DEBUG org.apache.http.wire - http-outgoing-12 << "{"sessionId":"427e3c3a0066599989804966a7eb78de","status":33,"value":{"message":"session not created: This version of ChromeDriver only supports Chrome version 94\nCurrent browser version is 96.0.4664.45 with binary path C:\\Program Files (x86)\\Google\\Chrome\\Application\\chrome.exe\n  (Driver info: chromedriver=94.0.4606.61 (418b78f5838ed0b1c69bb4e51ea0252171854915-refs/branch-heads/4606@{#1204}),platform=Windows NT 10.0.19043 x86_64)"}}"
02:56:41.623 [Forwarding newSession on session null to remote] DEBUG org.apache.http.headers - http-outgoing-12 << HTTP/1.1 200 OK
02:56:41.623 [Forwarding newSession on session null to remote] DEBUG org.apache.http.headers - http-outgoing-12 << Content-Length:443
02:56:41.623 [Forwarding newSession on session null to remote] DEBUG org.apache.http.headers - http-outgoing-12 << Content-Type:application/json; charset=utf-8
02:56:41.623 [Forwarding newSession on session null to remote] DEBUG org.apache.http.impl.execchain.MainClientExec - Connection can be kept alive indefinitely
02:56:41.623 [Forwarding newSession on session null to remote] DEBUG org.apache.http.impl.conn.PoolingHttpClientConnectionManager - Connection [id: 12][route: {}->http://localhost:5342] can be kept alive indefinitely
02:56:41.623 [Forwarding newSession on session null to remote] DEBUG org.apache.http.impl.conn.PoolingHttpClientConnectionManager - Connection released: [id: 12][route: {}->http://localhost:5342][total kept alive: 13; route allocated: 1 of 2000; total allocated: 13 of 2000]
Tests run: 45, Failures: 26, Errors: 0, Skipped: 13, Time elapsed: 37.521 sec <<< FAILURE! - in TestSuite
null on com.beilie.test.bole.cases.项目部._01项目详情.团队人选.GP10项目详情_新增简历_加入项目Test(com.beilie.test.bole.cases.项目部._01项目详情.团队人选.GP10项目详情_新增简历_加入项目Test)  Time elapsed: 6.345 sec  <<< FAILURE!
org.openqa.selenium.SessionNotCreatedException: session not created: This version of ChromeDriver only supports Chrome version 94
Current browser version is 96.0.4664.45 with binary path C:\Program Files (x86)\Google\Chrome\Application\chrome.exe
  (Driver info: chromedriver=94.0.4606.61 (418b78f5838ed0b1c69bb4e51ea0252171854915-refs/branch-heads/4606@{#1204}),platform=Windows NT 10.0.19043 x86_64) (WARNING: The server did not provide any stacktrace information)
Command duration or timeout: 4.16 seconds
Build info: version: '2.53.1', revision: 'a36b8b1cd5757287168e54b817830adce9b0158d', time: '2016-06-30 19:26:09'
System info: host: 'DESKTOP-FJ710P4', ip: '192.168.5.36', os.name: 'Windows 10', os.arch: 'amd64', os.version: '10.0', java.version: '1.8.0_162'
Driver info: org.openqa.selenium.chrome.ChromeDriver
	at sun.reflect.NativeConstructorAccessorImpl.newInstance0(Native Method)
	at sun.reflect.NativeConstructorAccessorImpl.newInstance(NativeConstructorAccessorImpl.java:62)
	at sun.reflect.DelegatingConstructorAccessorImpl.newInstance(DelegatingConstructorAccessorImpl.java:45)
	at java.lang.reflect.Constructor.newInstance(Constructor.java:423)
	at org.openqa.selenium.remote.ErrorHandler.createThrowable(ErrorHandler.java:206)
	at org.openqa.selenium.remote.ErrorHandler.throwIfResponseFailed(ErrorHandler.java:158)
	at org.openqa.selenium.remote.RemoteWebDriver.execute(RemoteWebDriver.java:678)
	at org.openqa.selenium.remote.RemoteWebDriver.startSession(RemoteWebDriver.java:249)
	at org.openqa.selenium.remote.RemoteWebDriver.<init>(RemoteWebDriver.java:131)
	at org.openqa.selenium.remote.RemoteWebDriver.<init>(RemoteWebDriver.java:144)
	at org.openqa.selenium.chrome.ChromeDriver.<init>(ChromeDriver.java:170)
	at org.openqa.selenium.chrome.ChromeDriver.<init>(ChromeDriver.java:159)
	at org.openqa.selenium.chrome.ChromeDriver.<init>(ChromeDriver.java:148)
	at com.beilie.test.seleniums.core.Engine.<init>(Engine.java:43)
	at com.beilie.test.seleniums.core.Engine.getInstance(Engine.java:21)
	at com.beilie.test.seleniums.core.TestCaseBase.init(TestCaseBase.java:11)
	at sun.reflect.NativeMethodAccessorImpl.invoke0(Native Method)
	at sun.reflect.NativeMethodAccessorImpl.invoke(NativeMethodAccessorImpl.java:62)
	at sun.reflect.DelegatingMethodAccessorImpl.invoke(DelegatingMethodAccessorImpl.java:43)
	at java.lang.reflect.Method.invoke(Method.java:498)
	at org.junit.runners.model.FrameworkMethod$1.runReflectiveCall(FrameworkMethod.java:50)
	at org.junit.internal.runners.model.ReflectiveCallable.run(ReflectiveCallable.java:12)
	at org.junit.runners.model.FrameworkMethod.invokeExplosively(FrameworkMethod.java:47)
	at org.junit.internal.runners.statements.RunBefores.evaluate(RunBefores.java:24)
	at org.junit.internal.runners.statements.RunAfters.evaluate(RunAfters.java:27)
	at org.junit.runners.ParentRunner.run(ParentRunner.java:363)
	at org.junit.runner.JUnitCore.run(JUnitCore.java:137)
	at org.junit.runner.JUnitCore.run(JUnitCore.java:115)
	at org.testng.junit.JUnit4TestRunner.start(JUnit4TestRunner.java:74)
	at org.testng.junit.JUnit4TestRunner.run(JUnit4TestRunner.java:65)
	at org.testng.TestRunner$1.run(TestRunner.java:656)
	at java.util.ArrayList.forEach(ArrayList.java:1257)
	at org.testng.TestRunner.runJUnitWorkers(TestRunner.java:847)
	at org.testng.TestRunner.privateRunJUnit(TestRunner.java:685)
	at org.testng.TestRunner.run(TestRunner.java:589)
	at org.testng.SuiteRunner.runTest(SuiteRunner.java:402)
	at org.testng.SuiteRunner.runSequentially(SuiteRunner.java:396)
	at org.testng.SuiteRunner.privateRun(SuiteRunner.java:355)
	at org.testng.SuiteRunner.run(SuiteRunner.java:304)
	at org.testng.SuiteRunnerWorker.runSuite(SuiteRunnerWorker.java:53)
	at org.testng.SuiteRunnerWorker.run(SuiteRunnerWorker.java:96)
	at org.testng.TestNG.runSuitesSequentially(TestNG.java:1180)
	at org.testng.TestNG.runSuitesLocally(TestNG.java:1102)
	at org.testng.TestNG.runSuites(TestNG.java:1032)
	at org.testng.TestNG.run(TestNG.java:1000)
	at org.apache.maven.surefire.testng.TestNGExecutor.run(TestNGExecutor.java:115)
	at org.apache.maven.surefire.testng.TestNGDirectoryTestSuite.executeMulti(TestNGDirectoryTestSuite.java:212)
	at org.apache.maven.surefire.testng.TestNGDirectoryTestSuite.execute(TestNGDirectoryTestSuite.java:108)
	at org.apache.maven.surefire.testng.TestNGProvider.invoke(TestNGProvider.java:111)
	at org.apache.maven.surefire.booter.ForkedBooter.invokeProviderInSameClassLoader(ForkedBooter.java:203)
	at org.apache.maven.surefire.booter.ForkedBooter.runSuitesInProcess(ForkedBooter.java:155)
	at org.apache.maven.surefire.booter.ForkedBooter.main(ForkedBooter.java:103)

null on com.beilie.test.bole.cases.项目部._01项目详情.团队人选.GP10项目详情_新增简历_加入项目Test(com.beilie.test.bole.cases.项目部._01项目详情.团队人选.GP10项目详情_新增简历_加入项目Test)  Time elapsed: 6.345 sec  <<< FAILURE!
java.lang.NullPointerException: null
	at com.beilie.test.seleniums.core.Engine.quit(Engine.java:88)
	at com.beilie.test.seleniums.core.TestCaseBase.clear(TestCaseBase.java:16)
	at sun.reflect.NativeMethodAccessorImpl.invoke0(Native Method)
	at sun.reflect.NativeMethodAccessorImpl.invoke(NativeMethodAccessorImpl.java:62)
	at sun.reflect.DelegatingMethodAccessorImpl.invoke(DelegatingMethodAccessorImpl.java:43)
	at java.lang.reflect.Method.invoke(Method.java:498)
	at org.junit.runners.model.FrameworkMethod$1.runReflectiveCall(FrameworkMethod.java:50)
	at org.junit.internal.runners.model.ReflectiveCallable.run(ReflectiveCallable.java:12)
	at org.junit.runners.model.FrameworkMethod.invokeExplosively(FrameworkMethod.java:47)
	at org.junit.internal.runners.statements.RunAfters.evaluate(RunAfters.java:33)
	at org.junit.runners.ParentRunner.run(ParentRunner.java:363)
	at org.junit.runner.JUnitCore.run(JUnitCore.java:137)
	at org.junit.runner.JUnitCore.run(JUnitCore.java:115)
	at org.testng.junit.JUnit4TestRunner.start(JUnit4TestRunner.java:74)
	at org.testng.junit.JUnit4TestRunner.run(JUnit4TestRunner.java:65)
	at org.testng.TestRunner$1.run(TestRunner.java:656)
	at java.util.ArrayList.forEach(ArrayList.java:1257)
	at org.testng.TestRunner.runJUnitWorkers(TestRunner.java:847)
	at org.testng.TestRunner.privateRunJUnit(TestRunner.java:685)
	at org.testng.TestRunner.run(TestRunner.java:589)
	at org.testng.SuiteRunner.runTest(SuiteRunner.java:402)
	at org.testng.SuiteRunner.runSequentially(SuiteRunner.java:396)
	at org.testng.SuiteRunner.privateRun(SuiteRunner.java:355)
	at org.testng.SuiteRunner.run(SuiteRunner.java:304)
	at org.testng.SuiteRunnerWorker.runSuite(SuiteRunnerWorker.java:53)
	at org.testng.SuiteRunnerWorker.run(SuiteRunnerWorker.java:96)
	at org.testng.TestNG.runSuitesSequentially(TestNG.java:1180)
	at org.testng.TestNG.runSuitesLocally(TestNG.java:1102)
	at org.testng.TestNG.runSuites(TestNG.java:1032)
	at org.testng.TestNG.run(TestNG.java:1000)
	at org.apache.maven.surefire.testng.TestNGExecutor.run(TestNGExecutor.java:115)
	at org.apache.maven.surefire.testng.TestNGDirectoryTestSuite.executeMulti(TestNGDirectoryTestSuite.java:212)
	at org.apache.maven.surefire.testng.TestNGDirectoryTestSuite.execute(TestNGDirectoryTestSuite.java:108)
	at org.apache.maven.surefire.testng.TestNGProvider.invoke(TestNGProvider.java:111)
	at org.apache.maven.surefire.booter.ForkedBooter.invokeProviderInSameClassLoader(ForkedBooter.java:203)
	at org.apache.maven.surefire.booter.ForkedBooter.runSuitesInProcess(ForkedBooter.java:155)
	at org.apache.maven.surefire.booter.ForkedBooter.main(ForkedBooter.java:103)

null on com.beilie.test.bole.cases.项目部._01项目详情.团队人选.GP10项目详情_添加备注Test(com.beilie.test.bole.cases.项目部._01项目详情.团队人选.GP10项目详情_添加备注Test)  Time elapsed: 8.59 sec  <<< FAILURE!
org.openqa.selenium.SessionNotCreatedException: session not created: This version of ChromeDriver only supports Chrome version 94
Current browser version is 96.0.4664.45 with binary path C:\Program Files (x86)\Google\Chrome\Application\chrome.exe
  (Driver info: chromedriver=94.0.4606.61 (418b78f5838ed0b1c69bb4e51ea0252171854915-refs/branch-heads/4606@{#1204}),platform=Windows NT 10.0.19043 x86_64) (WARNING: The server did not provide any stacktrace information)
Command duration or timeout: 1.52 seconds
Build info: version: '2.53.1', revision: 'a36b8b1cd5757287168e54b817830adce9b0158d', time: '2016-06-30 19:26:09'
System info: host: 'DESKTOP-FJ710P4', ip: '192.168.5.36', os.name: 'Windows 10', os.arch: 'amd64', os.version: '10.0', java.version: '1.8.0_162'
Driver info: org.openqa.selenium.chrome.ChromeDriver
	at sun.reflect.NativeConstructorAccessorImpl.newInstance0(Native Method)
	at sun.reflect.NativeConstructorAccessorImpl.newInstance(NativeConstructorAccessorImpl.java:62)
	at sun.reflect.DelegatingConstructorAccessorImpl.newInstance(DelegatingConstructorAccessorImpl.java:45)
	at java.lang.reflect.Constructor.newInstance(Constructor.java:423)
	at org.openqa.selenium.remote.ErrorHandler.createThrowable(ErrorHandler.java:206)
	at org.openqa.selenium.remote.ErrorHandler.throwIfResponseFailed(ErrorHandler.java:158)
	at org.openqa.selenium.remote.RemoteWebDriver.execute(RemoteWebDriver.java:678)
	at org.openqa.selenium.remote.RemoteWebDriver.startSession(RemoteWebDriver.java:249)
	at org.openqa.selenium.remote.RemoteWebDriver.<init>(RemoteWebDriver.java:131)
	at org.openqa.selenium.remote.RemoteWebDriver.<init>(RemoteWebDriver.java:144)
	at org.openqa.selenium.chrome.ChromeDriver.<init>(ChromeDriver.java:170)
	at org.openqa.selenium.chrome.ChromeDriver.<init>(ChromeDriver.java:159)
	at org.openqa.selenium.chrome.ChromeDriver.<init>(ChromeDriver.java:148)
	at com.beilie.test.seleniums.core.Engine.<init>(Engine.java:43)
	at com.beilie.test.seleniums.core.Engine.getInstance(Engine.java:21)
	at com.beilie.test.seleniums.core.TestCaseBase.init(TestCaseBase.java:11)
	at sun.reflect.NativeMethodAccessorImpl.invoke0(Native Method)
	at sun.reflect.NativeMethodAccessorImpl.invoke(NativeMethodAccessorImpl.java:62)
	at sun.reflect.DelegatingMethodAccessorImpl.invoke(DelegatingMethodAccessorImpl.java:43)
	at java.lang.reflect.Method.invoke(Method.java:498)
	at org.junit.runners.model.FrameworkMethod$1.runReflectiveCall(FrameworkMethod.java:50)
	at org.junit.internal.runners.model.ReflectiveCallable.run(ReflectiveCallable.java:12)
	at org.junit.runners.model.FrameworkMethod.invokeExplosively(FrameworkMethod.java:47)
	at org.junit.internal.runners.statements.RunBefores.evaluate(RunBefores.java:24)
	at org.junit.internal.runners.statements.RunAfters.evaluate(RunAfters.java:27)
	at org.junit.runners.ParentRunner.run(ParentRunner.java:363)
	at org.junit.runner.JUnitCore.run(JUnitCore.java:137)
	at org.junit.runner.JUnitCore.run(JUnitCore.java:115)
	at org.testng.junit.JUnit4TestRunner.start(JUnit4TestRunner.java:74)
	at org.testng.junit.JUnit4TestRunner.run(JUnit4TestRunner.java:65)
	at org.testng.TestRunner$1.run(TestRunner.java:656)
	at java.util.ArrayList.forEach(ArrayList.java:1257)
	at org.testng.TestRunner.runJUnitWorkers(TestRunner.java:847)
	at org.testng.TestRunner.privateRunJUnit(TestRunner.java:685)
	at org.testng.TestRunner.run(TestRunner.java:589)
	at org.testng.SuiteRunner.runTest(SuiteRunner.java:402)
	at org.testng.SuiteRunner.runSequentially(SuiteRunner.java:396)
	at org.testng.SuiteRunner.privateRun(SuiteRunner.java:355)
	at org.testng.SuiteRunner.run(SuiteRunner.java:304)
	at org.testng.SuiteRunnerWorker.runSuite(SuiteRunnerWorker.java:53)
	at org.testng.SuiteRunnerWorker.run(SuiteRunnerWorker.java:96)
	at org.testng.TestNG.runSuitesSequentially(TestNG.java:1180)
	at org.testng.TestNG.runSuitesLocally(TestNG.java:1102)
	at org.testng.TestNG.runSuites(TestNG.java:1032)
	at org.testng.TestNG.run(TestNG.java:1000)
	at org.apache.maven.surefire.testng.TestNGExecutor.run(TestNGExecutor.java:115)
	at org.apache.maven.surefire.testng.TestNGDirectoryTestSuite.executeMulti(TestNGDirectoryTestSuite.java:212)
	at org.apache.maven.surefire.testng.TestNGDirectoryTestSuite.execute(TestNGDirectoryTestSuite.java:108)
	at org.apache.maven.surefire.testng.TestNGProvider.invoke(TestNGProvider.java:111)
	at org.apache.maven.surefire.booter.ForkedBooter.invokeProviderInSameClassLoader(ForkedBooter.java:203)
	at org.apache.maven.surefire.booter.ForkedBooter.runSuitesInProcess(ForkedBooter.java:155)
	at org.apache.maven.surefire.booter.ForkedBooter.main(ForkedBooter.java:103)

null on com.beilie.test.bole.cases.项目部._01项目详情.团队人选.GP10项目详情_添加备注Test(com.beilie.test.bole.cases.项目部._01项目详情.团队人选.GP10项目详情_添加备注Test)  Time elapsed: 8.59 sec  <<< FAILURE!
java.lang.NullPointerException: null
	at com.beilie.test.seleniums.core.Engine.quit(Engine.java:88)
	at com.beilie.test.seleniums.core.TestCaseBase.clear(TestCaseBase.java:16)
	at sun.reflect.NativeMethodAccessorImpl.invoke0(Native Method)
	at sun.reflect.NativeMethodAccessorImpl.invoke(NativeMethodAccessorImpl.java:62)
	at sun.reflect.DelegatingMethodAccessorImpl.invoke(DelegatingMethodAccessorImpl.java:43)
	at java.lang.reflect.Method.invoke(Method.java:498)
	at org.junit.runners.model.FrameworkMethod$1.runReflectiveCall(FrameworkMethod.java:50)
	at org.junit.internal.runners.model.ReflectiveCallable.run(ReflectiveCallable.java:12)
	at org.junit.runners.model.FrameworkMethod.invokeExplosively(FrameworkMethod.java:47)
	at org.junit.internal.runners.statements.RunAfters.evaluate(RunAfters.java:33)
	at org.junit.runners.ParentRunner.run(ParentRunner.java:363)
	at org.junit.runner.JUnitCore.run(JUnitCore.java:137)
	at org.junit.runner.JUnitCore.run(JUnitCore.java:115)
	at org.testng.junit.JUnit4TestRunner.start(JUnit4TestRunner.java:74)
	at org.testng.junit.JUnit4TestRunner.run(JUnit4TestRunner.java:65)
	at org.testng.TestRunner$1.run(TestRunner.java:656)
	at java.util.ArrayList.forEach(ArrayList.java:1257)
	at org.testng.TestRunner.runJUnitWorkers(TestRunner.java:847)
	at org.testng.TestRunner.privateRunJUnit(TestRunner.java:685)
	at org.testng.TestRunner.run(TestRunner.java:589)
	at org.testng.SuiteRunner.runTest(SuiteRunner.java:402)
	at org.testng.SuiteRunner.runSequentially(SuiteRunner.java:396)
	at org.testng.SuiteRunner.privateRun(SuiteRunner.java:355)
	at org.testng.SuiteRunner.run(SuiteRunner.java:304)
	at org.testng.SuiteRunnerWorker.runSuite(SuiteRunnerWorker.java:53)
	at org.testng.SuiteRunnerWorker.run(SuiteRunnerWorker.java:96)
	at org.testng.TestNG.runSuitesSequentially(TestNG.java:1180)
	at org.testng.TestNG.runSuitesLocally(TestNG.java:1102)
	at org.testng.TestNG.runSuites(TestNG.java:1032)
	at org.testng.TestNG.run(TestNG.java:1000)
	at org.apache.maven.surefire.testng.TestNGExecutor.run(TestNGExecutor.java:115)
	at org.apache.maven.surefire.testng.TestNGDirectoryTestSuite.executeMulti(TestNGDirectoryTestSuite.java:212)
	at org.apache.maven.surefire.testng.TestNGDirectoryTestSuite.execute(TestNGDirectoryTestSuite.java:108)
	at org.apache.maven.surefire.testng.TestNGProvider.invoke(TestNGProvider.java:111)
	at org.apache.maven.surefire.booter.ForkedBooter.invokeProviderInSameClassLoader(ForkedBooter.java:203)
	at org.apache.maven.surefire.booter.ForkedBooter.runSuitesInProcess(ForkedBooter.java:155)
	at org.apache.maven.surefire.booter.ForkedBooter.main(ForkedBooter.java:103)

null on com.beilie.test.bole.cases.项目部._01项目详情.设置职位状态.GP10项目详情_关闭职位Test(com.beilie.test.bole.cases.项目部._01项目详情.设置职位状态.GP10项目详情_关闭职位Test)  Time elapsed: 10.773 sec  <<< FAILURE!
org.openqa.selenium.SessionNotCreatedException: session not created: This version of ChromeDriver only supports Chrome version 94
Current browser version is 96.0.4664.45 with binary path C:\Program Files (x86)\Google\Chrome\Application\chrome.exe
  (Driver info: chromedriver=94.0.4606.61 (418b78f5838ed0b1c69bb4e51ea0252171854915-refs/branch-heads/4606@{#1204}),platform=Windows NT 10.0.19043 x86_64) (WARNING: The server did not provide any stacktrace information)
Command duration or timeout: 1.52 seconds
Build info: version: '2.53.1', revision: 'a36b8b1cd5757287168e54b817830adce9b0158d', time: '2016-06-30 19:26:09'
System info: host: 'DESKTOP-FJ710P4', ip: '192.168.5.36', os.name: 'Windows 10', os.arch: 'amd64', os.version: '10.0', java.version: '1.8.0_162'
Driver info: org.openqa.selenium.chrome.ChromeDriver
	at sun.reflect.NativeConstructorAccessorImpl.newInstance0(Native Method)
	at sun.reflect.NativeConstructorAccessorImpl.newInstance(NativeConstructorAccessorImpl.java:62)
	at sun.reflect.DelegatingConstructorAccessorImpl.newInstance(DelegatingConstructorAccessorImpl.java:45)
	at java.lang.reflect.Constructor.newInstance(Constructor.java:423)
	at org.openqa.selenium.remote.ErrorHandler.createThrowable(ErrorHandler.java:206)
	at org.openqa.selenium.remote.ErrorHandler.throwIfResponseFailed(ErrorHandler.java:158)
	at org.openqa.selenium.remote.RemoteWebDriver.execute(RemoteWebDriver.java:678)
	at org.openqa.selenium.remote.RemoteWebDriver.startSession(RemoteWebDriver.java:249)
	at org.openqa.selenium.remote.RemoteWebDriver.<init>(RemoteWebDriver.java:131)
	at org.openqa.selenium.remote.RemoteWebDriver.<init>(RemoteWebDriver.java:144)
	at org.openqa.selenium.chrome.ChromeDriver.<init>(ChromeDriver.java:170)
	at org.openqa.selenium.chrome.ChromeDriver.<init>(ChromeDriver.java:159)
	at org.openqa.selenium.chrome.ChromeDriver.<init>(ChromeDriver.java:148)
	at com.beilie.test.seleniums.core.Engine.<init>(Engine.java:43)
	at com.beilie.test.seleniums.core.Engine.getInstance(Engine.java:21)
	at com.beilie.test.seleniums.core.TestCaseBase.init(TestCaseBase.java:11)
	at sun.reflect.NativeMethodAccessorImpl.invoke0(Native Method)
	at sun.reflect.NativeMethodAccessorImpl.invoke(NativeMethodAccessorImpl.java:62)
	at sun.reflect.DelegatingMethodAccessorImpl.invoke(DelegatingMethodAccessorImpl.java:43)
	at java.lang.reflect.Method.invoke(Method.java:498)
	at org.junit.runners.model.FrameworkMethod$1.runReflectiveCall(FrameworkMethod.java:50)
	at org.junit.internal.runners.model.ReflectiveCallable.run(ReflectiveCallable.java:12)
	at org.junit.runners.model.FrameworkMethod.invokeExplosively(FrameworkMethod.java:47)
	at org.junit.internal.runners.statements.RunBefores.evaluate(RunBefores.java:24)
	at org.junit.internal.runners.statements.RunAfters.evaluate(RunAfters.java:27)
	at org.junit.runners.ParentRunner.run(ParentRunner.java:363)
	at org.junit.runner.JUnitCore.run(JUnitCore.java:137)
	at org.junit.runner.JUnitCore.run(JUnitCore.java:115)
	at org.testng.junit.JUnit4TestRunner.start(JUnit4TestRunner.java:74)
	at org.testng.junit.JUnit4TestRunner.run(JUnit4TestRunner.java:65)
	at org.testng.TestRunner$1.run(TestRunner.java:656)
	at java.util.ArrayList.forEach(ArrayList.java:1257)
	at org.testng.TestRunner.runJUnitWorkers(TestRunner.java:847)
	at org.testng.TestRunner.privateRunJUnit(TestRunner.java:685)
	at org.testng.TestRunner.run(TestRunner.java:589)
	at org.testng.SuiteRunner.runTest(SuiteRunner.java:402)
	at org.testng.SuiteRunner.runSequentially(SuiteRunner.java:396)
	at org.testng.SuiteRunner.privateRun(SuiteRunner.java:355)
	at org.testng.SuiteRunner.run(SuiteRunner.java:304)
	at org.testng.SuiteRunnerWorker.runSuite(SuiteRunnerWorker.java:53)
	at org.testng.SuiteRunnerWorker.run(SuiteRunnerWorker.java:96)
	at org.testng.TestNG.runSuitesSequentially(TestNG.java:1180)
	at org.testng.TestNG.runSuitesLocally(TestNG.java:1102)
	at org.testng.TestNG.runSuites(TestNG.java:1032)
	at org.testng.TestNG.run(TestNG.java:1000)
	at org.apache.maven.surefire.testng.TestNGExecutor.run(TestNGExecutor.java:115)
	at org.apache.maven.surefire.testng.TestNGDirectoryTestSuite.executeMulti(TestNGDirectoryTestSuite.java:212)
	at org.apache.maven.surefire.testng.TestNGDirectoryTestSuite.execute(TestNGDirectoryTestSuite.java:108)
	at org.apache.maven.surefire.testng.TestNGProvider.invoke(TestNGProvider.java:111)
	at org.apache.maven.surefire.booter.ForkedBooter.invokeProviderInSameClassLoader(ForkedBooter.java:203)
	at org.apache.maven.surefire.booter.ForkedBooter.runSuitesInProcess(ForkedBooter.java:155)
	at org.apache.maven.surefire.booter.ForkedBooter.main(ForkedBooter.java:103)

null on com.beilie.test.bole.cases.项目部._01项目详情.设置职位状态.GP10项目详情_关闭职位Test(com.beilie.test.bole.cases.项目部._01项目详情.设置职位状态.GP10项目详情_关闭职位Test)  Time elapsed: 10.773 sec  <<< FAILURE!
java.lang.NullPointerException: null
	at com.beilie.test.seleniums.core.Engine.quit(Engine.java:88)
	at com.beilie.test.seleniums.core.TestCaseBase.clear(TestCaseBase.java:16)
	at sun.reflect.NativeMethodAccessorImpl.invoke0(Native Method)
	at sun.reflect.NativeMethodAccessorImpl.invoke(NativeMethodAccessorImpl.java:62)
	at sun.reflect.DelegatingMethodAccessorImpl.invoke(DelegatingMethodAccessorImpl.java:43)
	at java.lang.reflect.Method.invoke(Method.java:498)
	at org.junit.runners.model.FrameworkMethod$1.runReflectiveCall(FrameworkMethod.java:50)
	at org.junit.internal.runners.model.ReflectiveCallable.run(ReflectiveCallable.java:12)
	at org.junit.runners.model.FrameworkMethod.invokeExplosively(FrameworkMethod.java:47)
	at org.junit.internal.runners.statements.RunAfters.evaluate(RunAfters.java:33)
	at org.junit.runners.ParentRunner.run(ParentRunner.java:363)
	at org.junit.runner.JUnitCore.run(JUnitCore.java:137)
	at org.junit.runner.JUnitCore.run(JUnitCore.java:115)
	at org.testng.junit.JUnit4TestRunner.start(JUnit4TestRunner.java:74)
	at org.testng.junit.JUnit4TestRunner.run(JUnit4TestRunner.java:65)
	at org.testng.TestRunner$1.run(TestRunner.java:656)
	at java.util.ArrayList.forEach(ArrayList.java:1257)
	at org.testng.TestRunner.runJUnitWorkers(TestRunner.java:847)
	at org.testng.TestRunner.privateRunJUnit(TestRunner.java:685)
	at org.testng.TestRunner.run(TestRunner.java:589)
	at org.testng.SuiteRunner.runTest(SuiteRunner.java:402)
	at org.testng.SuiteRunner.runSequentially(SuiteRunner.java:396)
	at org.testng.SuiteRunner.privateRun(SuiteRunner.java:355)
	at org.testng.SuiteRunner.run(SuiteRunner.java:304)
	at org.testng.SuiteRunnerWorker.runSuite(SuiteRunnerWorker.java:53)
	at org.testng.SuiteRunnerWorker.run(SuiteRunnerWorker.java:96)
	at org.testng.TestNG.runSuitesSequentially(TestNG.java:1180)
	at org.testng.TestNG.runSuitesLocally(TestNG.java:1102)
	at org.testng.TestNG.runSuites(TestNG.java:1032)
	at org.testng.TestNG.run(TestNG.java:1000)
	at org.apache.maven.surefire.testng.TestNGExecutor.run(TestNGExecutor.java:115)
	at org.apache.maven.surefire.testng.TestNGDirectoryTestSuite.executeMulti(TestNGDirectoryTestSuite.java:212)
	at org.apache.maven.surefire.testng.TestNGDirectoryTestSuite.execute(TestNGDirectoryTestSuite.java:108)
	at org.apache.maven.surefire.testng.TestNGProvider.invoke(TestNGProvider.java:111)
	at org.apache.maven.surefire.booter.ForkedBooter.invokeProviderInSameClassLoader(ForkedBooter.java:203)
	at org.apache.maven.surefire.booter.ForkedBooter.runSuitesInProcess(ForkedBooter.java:155)
	at org.apache.maven.surefire.booter.ForkedBooter.main(ForkedBooter.java:103)

null on com.beilie.test.bole.cases.项目部._01项目详情.设置职位状态.GP10项目详情_恢复职位Test(com.beilie.test.bole.cases.项目部._01项目详情.设置职位状态.GP10项目详情_恢复职位Test)  Time elapsed: 13.143 sec  <<< FAILURE!
org.openqa.selenium.SessionNotCreatedException: session not created: This version of ChromeDriver only supports Chrome version 94
Current browser version is 96.0.4664.45 with binary path C:\Program Files (x86)\Google\Chrome\Application\chrome.exe
  (Driver info: chromedriver=94.0.4606.61 (418b78f5838ed0b1c69bb4e51ea0252171854915-refs/branch-heads/4606@{#1204}),platform=Windows NT 10.0.19043 x86_64) (WARNING: The server did not provide any stacktrace information)
Command duration or timeout: 1.66 seconds
Build info: version: '2.53.1', revision: 'a36b8b1cd5757287168e54b817830adce9b0158d', time: '2016-06-30 19:26:09'
System info: host: 'DESKTOP-FJ710P4', ip: '192.168.5.36', os.name: 'Windows 10', os.arch: 'amd64', os.version: '10.0', java.version: '1.8.0_162'
Driver info: org.openqa.selenium.chrome.ChromeDriver
	at sun.reflect.NativeConstructorAccessorImpl.newInstance0(Native Method)
	at sun.reflect.NativeConstructorAccessorImpl.newInstance(NativeConstructorAccessorImpl.java:62)
	at sun.reflect.DelegatingConstructorAccessorImpl.newInstance(DelegatingConstructorAccessorImpl.java:45)
	at java.lang.reflect.Constructor.newInstance(Constructor.java:423)
	at org.openqa.selenium.remote.ErrorHandler.createThrowable(ErrorHandler.java:206)
	at org.openqa.selenium.remote.ErrorHandler.throwIfResponseFailed(ErrorHandler.java:158)
	at org.openqa.selenium.remote.RemoteWebDriver.execute(RemoteWebDriver.java:678)
	at org.openqa.selenium.remote.RemoteWebDriver.startSession(RemoteWebDriver.java:249)
	at org.openqa.selenium.remote.RemoteWebDriver.<init>(RemoteWebDriver.java:131)
	at org.openqa.selenium.remote.RemoteWebDriver.<init>(RemoteWebDriver.java:144)
	at org.openqa.selenium.chrome.ChromeDriver.<init>(ChromeDriver.java:170)
	at org.openqa.selenium.chrome.ChromeDriver.<init>(ChromeDriver.java:159)
	at org.openqa.selenium.chrome.ChromeDriver.<init>(ChromeDriver.java:148)
	at com.beilie.test.seleniums.core.Engine.<init>(Engine.java:43)
	at com.beilie.test.seleniums.core.Engine.getInstance(Engine.java:21)
	at com.beilie.test.seleniums.core.TestCaseBase.init(TestCaseBase.java:11)
	at sun.reflect.NativeMethodAccessorImpl.invoke0(Native Method)
	at sun.reflect.NativeMethodAccessorImpl.invoke(NativeMethodAccessorImpl.java:62)
	at sun.reflect.DelegatingMethodAccessorImpl.invoke(DelegatingMethodAccessorImpl.java:43)
	at java.lang.reflect.Method.invoke(Method.java:498)
	at org.junit.runners.model.FrameworkMethod$1.runReflectiveCall(FrameworkMethod.java:50)
	at org.junit.internal.runners.model.ReflectiveCallable.run(ReflectiveCallable.java:12)
	at org.junit.runners.model.FrameworkMethod.invokeExplosively(FrameworkMethod.java:47)
	at org.junit.internal.runners.statements.RunBefores.evaluate(RunBefores.java:24)
	at org.junit.internal.runners.statements.RunAfters.evaluate(RunAfters.java:27)
	at org.junit.runners.ParentRunner.run(ParentRunner.java:363)
	at org.junit.runner.JUnitCore.run(JUnitCore.java:137)
	at org.junit.runner.JUnitCore.run(JUnitCore.java:115)
	at org.testng.junit.JUnit4TestRunner.start(JUnit4TestRunner.java:74)
	at org.testng.junit.JUnit4TestRunner.run(JUnit4TestRunner.java:65)
	at org.testng.TestRunner$1.run(TestRunner.java:656)
	at java.util.ArrayList.forEach(ArrayList.java:1257)
	at org.testng.TestRunner.runJUnitWorkers(TestRunner.java:847)
	at org.testng.TestRunner.privateRunJUnit(TestRunner.java:685)
	at org.testng.TestRunner.run(TestRunner.java:589)
	at org.testng.SuiteRunner.runTest(SuiteRunner.java:402)
	at org.testng.SuiteRunner.runSequentially(SuiteRunner.java:396)
	at org.testng.SuiteRunner.privateRun(SuiteRunner.java:355)
	at org.testng.SuiteRunner.run(SuiteRunner.java:304)
	at org.testng.SuiteRunnerWorker.runSuite(SuiteRunnerWorker.java:53)
	at org.testng.SuiteRunnerWorker.run(SuiteRunnerWorker.java:96)
	at org.testng.TestNG.runSuitesSequentially(TestNG.java:1180)
	at org.testng.TestNG.runSuitesLocally(TestNG.java:1102)
	at org.testng.TestNG.runSuites(TestNG.java:1032)
	at org.testng.TestNG.run(TestNG.java:1000)
	at org.apache.maven.surefire.testng.TestNGExecutor.run(TestNGExecutor.java:115)
	at org.apache.maven.surefire.testng.TestNGDirectoryTestSuite.executeMulti(TestNGDirectoryTestSuite.java:212)
	at org.apache.maven.surefire.testng.TestNGDirectoryTestSuite.execute(TestNGDirectoryTestSuite.java:108)
	at org.apache.maven.surefire.testng.TestNGProvider.invoke(TestNGProvider.java:111)
	at org.apache.maven.surefire.booter.ForkedBooter.invokeProviderInSameClassLoader(ForkedBooter.java:203)
	at org.apache.maven.surefire.booter.ForkedBooter.runSuitesInProcess(ForkedBooter.java:155)
	at org.apache.maven.surefire.booter.ForkedBooter.main(ForkedBooter.java:103)

null on com.beilie.test.bole.cases.项目部._01项目详情.设置职位状态.GP10项目详情_恢复职位Test(com.beilie.test.bole.cases.项目部._01项目详情.设置职位状态.GP10项目详情_恢复职位Test)  Time elapsed: 13.143 sec  <<< FAILURE!
java.lang.NullPointerException: null
	at com.beilie.test.seleniums.core.Engine.quit(Engine.java:88)
	at com.beilie.test.seleniums.core.TestCaseBase.clear(TestCaseBase.java:16)
	at sun.reflect.NativeMethodAccessorImpl.invoke0(Native Method)
	at sun.reflect.NativeMethodAccessorImpl.invoke(NativeMethodAccessorImpl.java:62)
	at sun.reflect.DelegatingMethodAccessorImpl.invoke(DelegatingMethodAccessorImpl.java:43)
	at java.lang.reflect.Method.invoke(Method.java:498)
	at org.junit.runners.model.FrameworkMethod$1.runReflectiveCall(FrameworkMethod.java:50)
	at org.junit.internal.runners.model.ReflectiveCallable.run(ReflectiveCallable.java:12)
	at org.junit.runners.model.FrameworkMethod.invokeExplosively(FrameworkMethod.java:47)
	at org.junit.internal.runners.statements.RunAfters.evaluate(RunAfters.java:33)
	at org.junit.runners.ParentRunner.run(ParentRunner.java:363)
	at org.junit.runner.JUnitCore.run(JUnitCore.java:137)
	at org.junit.runner.JUnitCore.run(JUnitCore.java:115)
	at org.testng.junit.JUnit4TestRunner.start(JUnit4TestRunner.java:74)
	at org.testng.junit.JUnit4TestRunner.run(JUnit4TestRunner.java:65)
	at org.testng.TestRunner$1.run(TestRunner.java:656)
	at java.util.ArrayList.forEach(ArrayList.java:1257)
	at org.testng.TestRunner.runJUnitWorkers(TestRunner.java:847)
	at org.testng.TestRunner.privateRunJUnit(TestRunner.java:685)
	at org.testng.TestRunner.run(TestRunner.java:589)
	at org.testng.SuiteRunner.runTest(SuiteRunner.java:402)
	at org.testng.SuiteRunner.runSequentially(SuiteRunner.java:396)
	at org.testng.SuiteRunner.privateRun(SuiteRunner.java:355)
	at org.testng.SuiteRunner.run(SuiteRunner.java:304)
	at org.testng.SuiteRunnerWorker.runSuite(SuiteRunnerWorker.java:53)
	at org.testng.SuiteRunnerWorker.run(SuiteRunnerWorker.java:96)
	at org.testng.TestNG.runSuitesSequentially(TestNG.java:1180)
	at org.testng.TestNG.runSuitesLocally(TestNG.java:1102)
	at org.testng.TestNG.runSuites(TestNG.java:1032)
	at org.testng.TestNG.run(TestNG.java:1000)
	at org.apache.maven.surefire.testng.TestNGExecutor.run(TestNGExecutor.java:115)
	at org.apache.maven.surefire.testng.TestNGDirectoryTestSuite.executeMulti(TestNGDirectoryTestSuite.java:212)
	at org.apache.maven.surefire.testng.TestNGDirectoryTestSuite.execute(TestNGDirectoryTestSuite.java:108)
	at org.apache.maven.surefire.testng.TestNGProvider.invoke(TestNGProvider.java:111)
	at org.apache.maven.surefire.booter.ForkedBooter.invokeProviderInSameClassLoader(ForkedBooter.java:203)
	at org.apache.maven.surefire.booter.ForkedBooter.runSuitesInProcess(ForkedBooter.java:155)
	at org.apache.maven.surefire.booter.ForkedBooter.main(ForkedBooter.java:103)

null on com.beilie.test.bole.cases.项目部._01项目详情.设置职位状态.GP10项目详情_暂停职位Test(com.beilie.test.bole.cases.项目部._01项目详情.设置职位状态.GP10项目详情_暂停职位Test)  Time elapsed: 15.23 sec  <<< FAILURE!
org.openqa.selenium.SessionNotCreatedException: session not created: This version of ChromeDriver only supports Chrome version 94
Current browser version is 96.0.4664.45 with binary path C:\Program Files (x86)\Google\Chrome\Application\chrome.exe
  (Driver info: chromedriver=94.0.4606.61 (418b78f5838ed0b1c69bb4e51ea0252171854915-refs/branch-heads/4606@{#1204}),platform=Windows NT 10.0.19043 x86_64) (WARNING: The server did not provide any stacktrace information)
Command duration or timeout: 1.44 seconds
Build info: version: '2.53.1', revision: 'a36b8b1cd5757287168e54b817830adce9b0158d', time: '2016-06-30 19:26:09'
System info: host: 'DESKTOP-FJ710P4', ip: '192.168.5.36', os.name: 'Windows 10', os.arch: 'amd64', os.version: '10.0', java.version: '1.8.0_162'
Driver info: org.openqa.selenium.chrome.ChromeDriver
	at sun.reflect.NativeConstructorAccessorImpl.newInstance0(Native Method)
	at sun.reflect.NativeConstructorAccessorImpl.newInstance(NativeConstructorAccessorImpl.java:62)
	at sun.reflect.DelegatingConstructorAccessorImpl.newInstance(DelegatingConstructorAccessorImpl.java:45)
	at java.lang.reflect.Constructor.newInstance(Constructor.java:423)
	at org.openqa.selenium.remote.ErrorHandler.createThrowable(ErrorHandler.java:206)
	at org.openqa.selenium.remote.ErrorHandler.throwIfResponseFailed(ErrorHandler.java:158)
	at org.openqa.selenium.remote.RemoteWebDriver.execute(RemoteWebDriver.java:678)
	at org.openqa.selenium.remote.RemoteWebDriver.startSession(RemoteWebDriver.java:249)
	at org.openqa.selenium.remote.RemoteWebDriver.<init>(RemoteWebDriver.java:131)
	at org.openqa.selenium.remote.RemoteWebDriver.<init>(RemoteWebDriver.java:144)
	at org.openqa.selenium.chrome.ChromeDriver.<init>(ChromeDriver.java:170)
	at org.openqa.selenium.chrome.ChromeDriver.<init>(ChromeDriver.java:159)
	at org.openqa.selenium.chrome.ChromeDriver.<init>(ChromeDriver.java:148)
	at com.beilie.test.seleniums.core.Engine.<init>(Engine.java:43)
	at com.beilie.test.seleniums.core.Engine.getInstance(Engine.java:21)
	at com.beilie.test.seleniums.core.TestCaseBase.init(TestCaseBase.java:11)
	at sun.reflect.NativeMethodAccessorImpl.invoke0(Native Method)
	at sun.reflect.NativeMethodAccessorImpl.invoke(NativeMethodAccessorImpl.java:62)
	at sun.reflect.DelegatingMethodAccessorImpl.invoke(DelegatingMethodAccessorImpl.java:43)
	at java.lang.reflect.Method.invoke(Method.java:498)
	at org.junit.runners.model.FrameworkMethod$1.runReflectiveCall(FrameworkMethod.java:50)
	at org.junit.internal.runners.model.ReflectiveCallable.run(ReflectiveCallable.java:12)
	at org.junit.runners.model.FrameworkMethod.invokeExplosively(FrameworkMethod.java:47)
	at org.junit.internal.runners.statements.RunBefores.evaluate(RunBefores.java:24)
	at org.junit.internal.runners.statements.RunAfters.evaluate(RunAfters.java:27)
	at org.junit.runners.ParentRunner.run(ParentRunner.java:363)
	at org.junit.runner.JUnitCore.run(JUnitCore.java:137)
	at org.junit.runner.JUnitCore.run(JUnitCore.java:115)
	at org.testng.junit.JUnit4TestRunner.start(JUnit4TestRunner.java:74)
	at org.testng.junit.JUnit4TestRunner.run(JUnit4TestRunner.java:65)
	at org.testng.TestRunner$1.run(TestRunner.java:656)
	at java.util.ArrayList.forEach(ArrayList.java:1257)
	at org.testng.TestRunner.runJUnitWorkers(TestRunner.java:847)
	at org.testng.TestRunner.privateRunJUnit(TestRunner.java:685)
	at org.testng.TestRunner.run(TestRunner.java:589)
	at org.testng.SuiteRunner.runTest(SuiteRunner.java:402)
	at org.testng.SuiteRunner.runSequentially(SuiteRunner.java:396)
	at org.testng.SuiteRunner.privateRun(SuiteRunner.java:355)
	at org.testng.SuiteRunner.run(SuiteRunner.java:304)
	at org.testng.SuiteRunnerWorker.runSuite(SuiteRunnerWorker.java:53)
	at org.testng.SuiteRunnerWorker.run(SuiteRunnerWorker.java:96)
	at org.testng.TestNG.runSuitesSequentially(TestNG.java:1180)
	at org.testng.TestNG.runSuitesLocally(TestNG.java:1102)
	at org.testng.TestNG.runSuites(TestNG.java:1032)
	at org.testng.TestNG.run(TestNG.java:1000)
	at org.apache.maven.surefire.testng.TestNGExecutor.run(TestNGExecutor.java:115)
	at org.apache.maven.surefire.testng.TestNGDirectoryTestSuite.executeMulti(TestNGDirectoryTestSuite.java:212)
	at org.apache.maven.surefire.testng.TestNGDirectoryTestSuite.execute(TestNGDirectoryTestSuite.java:108)
	at org.apache.maven.surefire.testng.TestNGProvider.invoke(TestNGProvider.java:111)
	at org.apache.maven.surefire.booter.ForkedBooter.invokeProviderInSameClassLoader(ForkedBooter.java:203)
	at org.apache.maven.surefire.booter.ForkedBooter.runSuitesInProcess(ForkedBooter.java:155)
	at org.apache.maven.surefire.booter.ForkedBooter.main(ForkedBooter.java:103)

null on com.beilie.test.bole.cases.项目部._01项目详情.设置职位状态.GP10项目详情_暂停职位Test(com.beilie.test.bole.cases.项目部._01项目详情.设置职位状态.GP10项目详情_暂停职位Test)  Time elapsed: 15.23 sec  <<< FAILURE!
java.lang.NullPointerException: null
	at com.beilie.test.seleniums.core.Engine.quit(Engine.java:88)
	at com.beilie.test.seleniums.core.TestCaseBase.clear(TestCaseBase.java:16)
	at sun.reflect.NativeMethodAccessorImpl.invoke0(Native Method)
	at sun.reflect.NativeMethodAccessorImpl.invoke(NativeMethodAccessorImpl.java:62)
	at sun.reflect.DelegatingMethodAccessorImpl.invoke(DelegatingMethodAccessorImpl.java:43)
	at java.lang.reflect.Method.invoke(Method.java:498)
	at org.junit.runners.model.FrameworkMethod$1.runReflectiveCall(FrameworkMethod.java:50)
	at org.junit.internal.runners.model.ReflectiveCallable.run(ReflectiveCallable.java:12)
	at org.junit.runners.model.FrameworkMethod.invokeExplosively(FrameworkMethod.java:47)
	at org.junit.internal.runners.statements.RunAfters.evaluate(RunAfters.java:33)
	at org.junit.runners.ParentRunner.run(ParentRunner.java:363)
	at org.junit.runner.JUnitCore.run(JUnitCore.java:137)
	at org.junit.runner.JUnitCore.run(JUnitCore.java:115)
	at org.testng.junit.JUnit4TestRunner.start(JUnit4TestRunner.java:74)
	at org.testng.junit.JUnit4TestRunner.run(JUnit4TestRunner.java:65)
	at org.testng.TestRunner$1.run(TestRunner.java:656)
	at java.util.ArrayList.forEach(ArrayList.java:1257)
	at org.testng.TestRunner.runJUnitWorkers(TestRunner.java:847)
	at org.testng.TestRunner.privateRunJUnit(TestRunner.java:685)
	at org.testng.TestRunner.run(TestRunner.java:589)
	at org.testng.SuiteRunner.runTest(SuiteRunner.java:402)
	at org.testng.SuiteRunner.runSequentially(SuiteRunner.java:396)
	at org.testng.SuiteRunner.privateRun(SuiteRunner.java:355)
	at org.testng.SuiteRunner.run(SuiteRunner.java:304)
	at org.testng.SuiteRunnerWorker.runSuite(SuiteRunnerWorker.java:53)
	at org.testng.SuiteRunnerWorker.run(SuiteRunnerWorker.java:96)
	at org.testng.TestNG.runSuitesSequentially(TestNG.java:1180)
	at org.testng.TestNG.runSuitesLocally(TestNG.java:1102)
	at org.testng.TestNG.runSuites(TestNG.java:1032)
	at org.testng.TestNG.run(TestNG.java:1000)
	at org.apache.maven.surefire.testng.TestNGExecutor.run(TestNGExecutor.java:115)
	at org.apache.maven.surefire.testng.TestNGDirectoryTestSuite.executeMulti(TestNGDirectoryTestSuite.java:212)
	at org.apache.maven.surefire.testng.TestNGDirectoryTestSuite.execute(TestNGDirectoryTestSuite.java:108)
	at org.apache.maven.surefire.testng.TestNGProvider.invoke(TestNGProvider.java:111)
	at org.apache.maven.surefire.booter.ForkedBooter.invokeProviderInSameClassLoader(ForkedBooter.java:203)
	at org.apache.maven.surefire.booter.ForkedBooter.runSuitesInProcess(ForkedBooter.java:155)
	at org.apache.maven.surefire.booter.ForkedBooter.main(ForkedBooter.java:103)

null on com.beilie.test.bole.cases.项目部._01项目详情.设置项目进程.GP10项目详情_offer谈判中Test(com.beilie.test.bole.cases.项目部._01项目详情.设置项目进程.GP10项目详情_offer谈判中Test)  Time elapsed: 17.352 sec  <<< FAILURE!
org.openqa.selenium.SessionNotCreatedException: session not created: This version of ChromeDriver only supports Chrome version 94
Current browser version is 96.0.4664.45 with binary path C:\Program Files (x86)\Google\Chrome\Application\chrome.exe
  (Driver info: chromedriver=94.0.4606.61 (418b78f5838ed0b1c69bb4e51ea0252171854915-refs/branch-heads/4606@{#1204}),platform=Windows NT 10.0.19043 x86_64) (WARNING: The server did not provide any stacktrace information)
Command duration or timeout: 1.47 seconds
Build info: version: '2.53.1', revision: 'a36b8b1cd5757287168e54b817830adce9b0158d', time: '2016-06-30 19:26:09'
System info: host: 'DESKTOP-FJ710P4', ip: '192.168.5.36', os.name: 'Windows 10', os.arch: 'amd64', os.version: '10.0', java.version: '1.8.0_162'
Driver info: org.openqa.selenium.chrome.ChromeDriver
	at sun.reflect.NativeConstructorAccessorImpl.newInstance0(Native Method)
	at sun.reflect.NativeConstructorAccessorImpl.newInstance(NativeConstructorAccessorImpl.java:62)
	at sun.reflect.DelegatingConstructorAccessorImpl.newInstance(DelegatingConstructorAccessorImpl.java:45)
	at java.lang.reflect.Constructor.newInstance(Constructor.java:423)
	at org.openqa.selenium.remote.ErrorHandler.createThrowable(ErrorHandler.java:206)
	at org.openqa.selenium.remote.ErrorHandler.throwIfResponseFailed(ErrorHandler.java:158)
	at org.openqa.selenium.remote.RemoteWebDriver.execute(RemoteWebDriver.java:678)
	at org.openqa.selenium.remote.RemoteWebDriver.startSession(RemoteWebDriver.java:249)
	at org.openqa.selenium.remote.RemoteWebDriver.<init>(RemoteWebDriver.java:131)
	at org.openqa.selenium.remote.RemoteWebDriver.<init>(RemoteWebDriver.java:144)
	at org.openqa.selenium.chrome.ChromeDriver.<init>(ChromeDriver.java:170)
	at org.openqa.selenium.chrome.ChromeDriver.<init>(ChromeDriver.java:159)
	at org.openqa.selenium.chrome.ChromeDriver.<init>(ChromeDriver.java:148)
	at com.beilie.test.seleniums.core.Engine.<init>(Engine.java:43)
	at com.beilie.test.seleniums.core.Engine.getInstance(Engine.java:21)
	at com.beilie.test.seleniums.core.TestCaseBase.init(TestCaseBase.java:11)
	at sun.reflect.NativeMethodAccessorImpl.invoke0(Native Method)
	at sun.reflect.NativeMethodAccessorImpl.invoke(NativeMethodAccessorImpl.java:62)
	at sun.reflect.DelegatingMethodAccessorImpl.invoke(DelegatingMethodAccessorImpl.java:43)
	at java.lang.reflect.Method.invoke(Method.java:498)
	at org.junit.runners.model.FrameworkMethod$1.runReflectiveCall(FrameworkMethod.java:50)
	at org.junit.internal.runners.model.ReflectiveCallable.run(ReflectiveCallable.java:12)
	at org.junit.runners.model.FrameworkMethod.invokeExplosively(FrameworkMethod.java:47)
	at org.junit.internal.runners.statements.RunBefores.evaluate(RunBefores.java:24)
	at org.junit.internal.runners.statements.RunAfters.evaluate(RunAfters.java:27)
	at org.junit.runners.ParentRunner.run(ParentRunner.java:363)
	at org.junit.runner.JUnitCore.run(JUnitCore.java:137)
	at org.junit.runner.JUnitCore.run(JUnitCore.java:115)
	at org.testng.junit.JUnit4TestRunner.start(JUnit4TestRunner.java:74)
	at org.testng.junit.JUnit4TestRunner.run(JUnit4TestRunner.java:65)
	at org.testng.TestRunner$1.run(TestRunner.java:656)
	at java.util.ArrayList.forEach(ArrayList.java:1257)
	at org.testng.TestRunner.runJUnitWorkers(TestRunner.java:847)
	at org.testng.TestRunner.privateRunJUnit(TestRunner.java:685)
	at org.testng.TestRunner.run(TestRunner.java:589)
	at org.testng.SuiteRunner.runTest(SuiteRunner.java:402)
	at org.testng.SuiteRunner.runSequentially(SuiteRunner.java:396)
	at org.testng.SuiteRunner.privateRun(SuiteRunner.java:355)
	at org.testng.SuiteRunner.run(SuiteRunner.java:304)
	at org.testng.SuiteRunnerWorker.runSuite(SuiteRunnerWorker.java:53)
	at org.testng.SuiteRunnerWorker.run(SuiteRunnerWorker.java:96)
	at org.testng.TestNG.runSuitesSequentially(TestNG.java:1180)
	at org.testng.TestNG.runSuitesLocally(TestNG.java:1102)
	at org.testng.TestNG.runSuites(TestNG.java:1032)
	at org.testng.TestNG.run(TestNG.java:1000)
	at org.apache.maven.surefire.testng.TestNGExecutor.run(TestNGExecutor.java:115)
	at org.apache.maven.surefire.testng.TestNGDirectoryTestSuite.executeMulti(TestNGDirectoryTestSuite.java:212)
	at org.apache.maven.surefire.testng.TestNGDirectoryTestSuite.execute(TestNGDirectoryTestSuite.java:108)
	at org.apache.maven.surefire.testng.TestNGProvider.invoke(TestNGProvider.java:111)
	at org.apache.maven.surefire.booter.ForkedBooter.invokeProviderInSameClassLoader(ForkedBooter.java:203)
	at org.apache.maven.surefire.booter.ForkedBooter.runSuitesInProcess(ForkedBooter.java:155)
	at org.apache.maven.surefire.booter.ForkedBooter.main(ForkedBooter.java:103)

null on com.beilie.test.bole.cases.项目部._01项目详情.设置项目进程.GP10项目详情_offer谈判中Test(com.beilie.test.bole.cases.项目部._01项目详情.设置项目进程.GP10项目详情_offer谈判中Test)  Time elapsed: 17.352 sec  <<< FAILURE!
java.lang.NullPointerException: null
	at com.beilie.test.seleniums.core.Engine.quit(Engine.java:88)
	at com.beilie.test.seleniums.core.TestCaseBase.clear(TestCaseBase.java:16)
	at sun.reflect.NativeMethodAccessorImpl.invoke0(Native Method)
	at sun.reflect.NativeMethodAccessorImpl.invoke(NativeMethodAccessorImpl.java:62)
	at sun.reflect.DelegatingMethodAccessorImpl.invoke(DelegatingMethodAccessorImpl.java:43)
	at java.lang.reflect.Method.invoke(Method.java:498)
	at org.junit.runners.model.FrameworkMethod$1.runReflectiveCall(FrameworkMethod.java:50)
	at org.junit.internal.runners.model.ReflectiveCallable.run(ReflectiveCallable.java:12)
	at org.junit.runners.model.FrameworkMethod.invokeExplosively(FrameworkMethod.java:47)
	at org.junit.internal.runners.statements.RunAfters.evaluate(RunAfters.java:33)
	at org.junit.runners.ParentRunner.run(ParentRunner.java:363)
	at org.junit.runner.JUnitCore.run(JUnitCore.java:137)
	at org.junit.runner.JUnitCore.run(JUnitCore.java:115)
	at org.testng.junit.JUnit4TestRunner.start(JUnit4TestRunner.java:74)
	at org.testng.junit.JUnit4TestRunner.run(JUnit4TestRunner.java:65)
	at org.testng.TestRunner$1.run(TestRunner.java:656)
	at java.util.ArrayList.forEach(ArrayList.java:1257)
	at org.testng.TestRunner.runJUnitWorkers(TestRunner.java:847)
	at org.testng.TestRunner.privateRunJUnit(TestRunner.java:685)
	at org.testng.TestRunner.run(TestRunner.java:589)
	at org.testng.SuiteRunner.runTest(SuiteRunner.java:402)
	at org.testng.SuiteRunner.runSequentially(SuiteRunner.java:396)
	at org.testng.SuiteRunner.privateRun(SuiteRunner.java:355)
	at org.testng.SuiteRunner.run(SuiteRunner.java:304)
	at org.testng.SuiteRunnerWorker.runSuite(SuiteRunnerWorker.java:53)
	at org.testng.SuiteRunnerWorker.run(SuiteRunnerWorker.java:96)
	at org.testng.TestNG.runSuitesSequentially(TestNG.java:1180)
	at org.testng.TestNG.runSuitesLocally(TestNG.java:1102)
	at org.testng.TestNG.runSuites(TestNG.java:1032)
	at org.testng.TestNG.run(TestNG.java:1000)
	at org.apache.maven.surefire.testng.TestNGExecutor.run(TestNGExecutor.java:115)
	at org.apache.maven.surefire.testng.TestNGDirectoryTestSuite.executeMulti(TestNGDirectoryTestSuite.java:212)
	at org.apache.maven.surefire.testng.TestNGDirectoryTestSuite.execute(TestNGDirectoryTestSuite.java:108)
	at org.apache.maven.surefire.testng.TestNGProvider.invoke(TestNGProvider.java:111)
	at org.apache.maven.surefire.booter.ForkedBooter.invokeProviderInSameClassLoader(ForkedBooter.java:203)
	at org.apache.maven.surefire.booter.ForkedBooter.runSuitesInProcess(ForkedBooter.java:155)
	at org.apache.maven.surefire.booter.ForkedBooter.main(ForkedBooter.java:103)

null on com.beilie.test.bole.cases.项目部._01项目详情.设置项目进程.GP10项目详情_上班保证期Test(com.beilie.test.bole.cases.项目部._01项目详情.设置项目进程.GP10项目详情_上班保证期Test)  Time elapsed: 21.359 sec  <<< FAILURE!
org.openqa.selenium.SessionNotCreatedException: session not created: This version of ChromeDriver only supports Chrome version 94
Current browser version is 96.0.4664.45 with binary path C:\Program Files (x86)\Google\Chrome\Application\chrome.exe
  (Driver info: chromedriver=94.0.4606.61 (418b78f5838ed0b1c69bb4e51ea0252171854915-refs/branch-heads/4606@{#1204}),platform=Windows NT 10.0.19043 x86_64) (WARNING: The server did not provide any stacktrace information)
Command duration or timeout: 3.29 seconds
Build info: version: '2.53.1', revision: 'a36b8b1cd5757287168e54b817830adce9b0158d', time: '2016-06-30 19:26:09'
System info: host: 'DESKTOP-FJ710P4', ip: '192.168.5.36', os.name: 'Windows 10', os.arch: 'amd64', os.version: '10.0', java.version: '1.8.0_162'
Driver info: org.openqa.selenium.chrome.ChromeDriver
	at sun.reflect.NativeConstructorAccessorImpl.newInstance0(Native Method)
	at sun.reflect.NativeConstructorAccessorImpl.newInstance(NativeConstructorAccessorImpl.java:62)
	at sun.reflect.DelegatingConstructorAccessorImpl.newInstance(DelegatingConstructorAccessorImpl.java:45)
	at java.lang.reflect.Constructor.newInstance(Constructor.java:423)
	at org.openqa.selenium.remote.ErrorHandler.createThrowable(ErrorHandler.java:206)
	at org.openqa.selenium.remote.ErrorHandler.throwIfResponseFailed(ErrorHandler.java:158)
	at org.openqa.selenium.remote.RemoteWebDriver.execute(RemoteWebDriver.java:678)
	at org.openqa.selenium.remote.RemoteWebDriver.startSession(RemoteWebDriver.java:249)
	at org.openqa.selenium.remote.RemoteWebDriver.<init>(RemoteWebDriver.java:131)
	at org.openqa.selenium.remote.RemoteWebDriver.<init>(RemoteWebDriver.java:144)
	at org.openqa.selenium.chrome.ChromeDriver.<init>(ChromeDriver.java:170)
	at org.openqa.selenium.chrome.ChromeDriver.<init>(ChromeDriver.java:159)
	at org.openqa.selenium.chrome.ChromeDriver.<init>(ChromeDriver.java:148)
	at com.beilie.test.seleniums.core.Engine.<init>(Engine.java:43)
	at com.beilie.test.seleniums.core.Engine.getInstance(Engine.java:21)
	at com.beilie.test.seleniums.core.TestCaseBase.init(TestCaseBase.java:11)
	at sun.reflect.NativeMethodAccessorImpl.invoke0(Native Method)
	at sun.reflect.NativeMethodAccessorImpl.invoke(NativeMethodAccessorImpl.java:62)
	at sun.reflect.DelegatingMethodAccessorImpl.invoke(DelegatingMethodAccessorImpl.java:43)
	at java.lang.reflect.Method.invoke(Method.java:498)
	at org.junit.runners.model.FrameworkMethod$1.runReflectiveCall(FrameworkMethod.java:50)
	at org.junit.internal.runners.model.ReflectiveCallable.run(ReflectiveCallable.java:12)
	at org.junit.runners.model.FrameworkMethod.invokeExplosively(FrameworkMethod.java:47)
	at org.junit.internal.runners.statements.RunBefores.evaluate(RunBefores.java:24)
	at org.junit.internal.runners.statements.RunAfters.evaluate(RunAfters.java:27)
	at org.junit.runners.ParentRunner.run(ParentRunner.java:363)
	at org.junit.runner.JUnitCore.run(JUnitCore.java:137)
	at org.junit.runner.JUnitCore.run(JUnitCore.java:115)
	at org.testng.junit.JUnit4TestRunner.start(JUnit4TestRunner.java:74)
	at org.testng.junit.JUnit4TestRunner.run(JUnit4TestRunner.java:65)
	at org.testng.TestRunner$1.run(TestRunner.java:656)
	at java.util.ArrayList.forEach(ArrayList.java:1257)
	at org.testng.TestRunner.runJUnitWorkers(TestRunner.java:847)
	at org.testng.TestRunner.privateRunJUnit(TestRunner.java:685)
	at org.testng.TestRunner.run(TestRunner.java:589)
	at org.testng.SuiteRunner.runTest(SuiteRunner.java:402)
	at org.testng.SuiteRunner.runSequentially(SuiteRunner.java:396)
	at org.testng.SuiteRunner.privateRun(SuiteRunner.java:355)
	at org.testng.SuiteRunner.run(SuiteRunner.java:304)
	at org.testng.SuiteRunnerWorker.runSuite(SuiteRunnerWorker.java:53)
	at org.testng.SuiteRunnerWorker.run(SuiteRunnerWorker.java:96)
	at org.testng.TestNG.runSuitesSequentially(TestNG.java:1180)
	at org.testng.TestNG.runSuitesLocally(TestNG.java:1102)
	at org.testng.TestNG.runSuites(TestNG.java:1032)
	at org.testng.TestNG.run(TestNG.java:1000)
	at org.apache.maven.surefire.testng.TestNGExecutor.run(TestNGExecutor.java:115)
	at org.apache.maven.surefire.testng.TestNGDirectoryTestSuite.executeMulti(TestNGDirectoryTestSuite.java:212)
	at org.apache.maven.surefire.testng.TestNGDirectoryTestSuite.execute(TestNGDirectoryTestSuite.java:108)
	at org.apache.maven.surefire.testng.TestNGProvider.invoke(TestNGProvider.java:111)
	at org.apache.maven.surefire.booter.ForkedBooter.invokeProviderInSameClassLoader(ForkedBooter.java:203)
	at org.apache.maven.surefire.booter.ForkedBooter.runSuitesInProcess(ForkedBooter.java:155)
	at org.apache.maven.surefire.booter.ForkedBooter.main(ForkedBooter.java:103)

null on com.beilie.test.bole.cases.项目部._01项目详情.设置项目进程.GP10项目详情_上班保证期Test(com.beilie.test.bole.cases.项目部._01项目详情.设置项目进程.GP10项目详情_上班保证期Test)  Time elapsed: 21.36 sec  <<< FAILURE!
java.lang.NullPointerException: null
	at com.beilie.test.seleniums.core.Engine.quit(Engine.java:88)
	at com.beilie.test.seleniums.core.TestCaseBase.clear(TestCaseBase.java:16)
	at sun.reflect.NativeMethodAccessorImpl.invoke0(Native Method)
	at sun.reflect.NativeMethodAccessorImpl.invoke(NativeMethodAccessorImpl.java:62)
	at sun.reflect.DelegatingMethodAccessorImpl.invoke(DelegatingMethodAccessorImpl.java:43)
	at java.lang.reflect.Method.invoke(Method.java:498)
	at org.junit.runners.model.FrameworkMethod$1.runReflectiveCall(FrameworkMethod.java:50)
	at org.junit.internal.runners.model.ReflectiveCallable.run(ReflectiveCallable.java:12)
	at org.junit.runners.model.FrameworkMethod.invokeExplosively(FrameworkMethod.java:47)
	at org.junit.internal.runners.statements.RunAfters.evaluate(RunAfters.java:33)
	at org.junit.runners.ParentRunner.run(ParentRunner.java:363)
	at org.junit.runner.JUnitCore.run(JUnitCore.java:137)
	at org.junit.runner.JUnitCore.run(JUnitCore.java:115)
	at org.testng.junit.JUnit4TestRunner.start(JUnit4TestRunner.java:74)
	at org.testng.junit.JUnit4TestRunner.run(JUnit4TestRunner.java:65)
	at org.testng.TestRunner$1.run(TestRunner.java:656)
	at java.util.ArrayList.forEach(ArrayList.java:1257)
	at org.testng.TestRunner.runJUnitWorkers(TestRunner.java:847)
	at org.testng.TestRunner.privateRunJUnit(TestRunner.java:685)
	at org.testng.TestRunner.run(TestRunner.java:589)
	at org.testng.SuiteRunner.runTest(SuiteRunner.java:402)
	at org.testng.SuiteRunner.runSequentially(SuiteRunner.java:396)
	at org.testng.SuiteRunner.privateRun(SuiteRunner.java:355)
	at org.testng.SuiteRunner.run(SuiteRunner.java:304)
	at org.testng.SuiteRunnerWorker.runSuite(SuiteRunnerWorker.java:53)
	at org.testng.SuiteRunnerWorker.run(SuiteRunnerWorker.java:96)
	at org.testng.TestNG.runSuitesSequentially(TestNG.java:1180)
	at org.testng.TestNG.runSuitesLocally(TestNG.java:1102)
	at org.testng.TestNG.runSuites(TestNG.java:1032)
	at org.testng.TestNG.run(TestNG.java:1000)
	at org.apache.maven.surefire.testng.TestNGExecutor.run(TestNGExecutor.java:115)
	at org.apache.maven.surefire.testng.TestNGDirectoryTestSuite.executeMulti(TestNGDirectoryTestSuite.java:212)
	at org.apache.maven.surefire.testng.TestNGDirectoryTestSuite.execute(TestNGDirectoryTestSuite.java:108)
	at org.apache.maven.surefire.testng.TestNGProvider.invoke(TestNGProvider.java:111)
	at org.apache.maven.surefire.booter.ForkedBooter.invokeProviderInSameClassLoader(ForkedBooter.java:203)
	at org.apache.maven.surefire.booter.ForkedBooter.runSuitesInProcess(ForkedBooter.java:155)
	at org.apache.maven.surefire.booter.ForkedBooter.main(ForkedBooter.java:103)

null on com.beilie.test.bole.cases.项目部._01项目详情.设置项目进程.GP10项目详情_中止Test(com.beilie.test.bole.cases.项目部._01项目详情.设置项目进程.GP10项目详情_中止Test)  Time elapsed: 26.367 sec  <<< FAILURE!
org.openqa.selenium.SessionNotCreatedException: session not created: This version of ChromeDriver only supports Chrome version 94
Current browser version is 96.0.4664.45 with binary path C:\Program Files (x86)\Google\Chrome\Application\chrome.exe
  (Driver info: chromedriver=94.0.4606.61 (418b78f5838ed0b1c69bb4e51ea0252171854915-refs/branch-heads/4606@{#1204}),platform=Windows NT 10.0.19043 x86_64) (WARNING: The server did not provide any stacktrace information)
Command duration or timeout: 4.34 seconds
Build info: version: '2.53.1', revision: 'a36b8b1cd5757287168e54b817830adce9b0158d', time: '2016-06-30 19:26:09'
System info: host: 'DESKTOP-FJ710P4', ip: '192.168.5.36', os.name: 'Windows 10', os.arch: 'amd64', os.version: '10.0', java.version: '1.8.0_162'
Driver info: org.openqa.selenium.chrome.ChromeDriver
	at sun.reflect.NativeConstructorAccessorImpl.newInstance0(Native Method)
	at sun.reflect.NativeConstructorAccessorImpl.newInstance(NativeConstructorAccessorImpl.java:62)
	at sun.reflect.DelegatingConstructorAccessorImpl.newInstance(DelegatingConstructorAccessorImpl.java:45)
	at java.lang.reflect.Constructor.newInstance(Constructor.java:423)
	at org.openqa.selenium.remote.ErrorHandler.createThrowable(ErrorHandler.java:206)
	at org.openqa.selenium.remote.ErrorHandler.throwIfResponseFailed(ErrorHandler.java:158)
	at org.openqa.selenium.remote.RemoteWebDriver.execute(RemoteWebDriver.java:678)
	at org.openqa.selenium.remote.RemoteWebDriver.startSession(RemoteWebDriver.java:249)
	at org.openqa.selenium.remote.RemoteWebDriver.<init>(RemoteWebDriver.java:131)
	at org.openqa.selenium.remote.RemoteWebDriver.<init>(RemoteWebDriver.java:144)
	at org.openqa.selenium.chrome.ChromeDriver.<init>(ChromeDriver.java:170)
	at org.openqa.selenium.chrome.ChromeDriver.<init>(ChromeDriver.java:159)
	at org.openqa.selenium.chrome.ChromeDriver.<init>(ChromeDriver.java:148)
	at com.beilie.test.seleniums.core.Engine.<init>(Engine.java:43)
	at com.beilie.test.seleniums.core.Engine.getInstance(Engine.java:21)
	at com.beilie.test.seleniums.core.TestCaseBase.init(TestCaseBase.java:11)
	at sun.reflect.NativeMethodAccessorImpl.invoke0(Native Method)
	at sun.reflect.NativeMethodAccessorImpl.invoke(NativeMethodAccessorImpl.java:62)
	at sun.reflect.DelegatingMethodAccessorImpl.invoke(DelegatingMethodAccessorImpl.java:43)
	at java.lang.reflect.Method.invoke(Method.java:498)
	at org.junit.runners.model.FrameworkMethod$1.runReflectiveCall(FrameworkMethod.java:50)
	at org.junit.internal.runners.model.ReflectiveCallable.run(ReflectiveCallable.java:12)
	at org.junit.runners.model.FrameworkMethod.invokeExplosively(FrameworkMethod.java:47)
	at org.junit.internal.runners.statements.RunBefores.evaluate(RunBefores.java:24)
	at org.junit.internal.runners.statements.RunAfters.evaluate(RunAfters.java:27)
	at org.junit.runners.ParentRunner.run(ParentRunner.java:363)
	at org.junit.runner.JUnitCore.run(JUnitCore.java:137)
	at org.junit.runner.JUnitCore.run(JUnitCore.java:115)
	at org.testng.junit.JUnit4TestRunner.start(JUnit4TestRunner.java:74)
	at org.testng.junit.JUnit4TestRunner.run(JUnit4TestRunner.java:65)
	at org.testng.TestRunner$1.run(TestRunner.java:656)
	at java.util.ArrayList.forEach(ArrayList.java:1257)
	at org.testng.TestRunner.runJUnitWorkers(TestRunner.java:847)
	at org.testng.TestRunner.privateRunJUnit(TestRunner.java:685)
	at org.testng.TestRunner.run(TestRunner.java:589)
	at org.testng.SuiteRunner.runTest(SuiteRunner.java:402)
	at org.testng.SuiteRunner.runSequentially(SuiteRunner.java:396)
	at org.testng.SuiteRunner.privateRun(SuiteRunner.java:355)
	at org.testng.SuiteRunner.run(SuiteRunner.java:304)
	at org.testng.SuiteRunnerWorker.runSuite(SuiteRunnerWorker.java:53)
	at org.testng.SuiteRunnerWorker.run(SuiteRunnerWorker.java:96)
	at org.testng.TestNG.runSuitesSequentially(TestNG.java:1180)
	at org.testng.TestNG.runSuitesLocally(TestNG.java:1102)
	at org.testng.TestNG.runSuites(TestNG.java:1032)
	at org.testng.TestNG.run(TestNG.java:1000)
	at org.apache.maven.surefire.testng.TestNGExecutor.run(TestNGExecutor.java:115)
	at org.apache.maven.surefire.testng.TestNGDirectoryTestSuite.executeMulti(TestNGDirectoryTestSuite.java:212)
	at org.apache.maven.surefire.testng.TestNGDirectoryTestSuite.execute(TestNGDirectoryTestSuite.java:108)
	at org.apache.maven.surefire.testng.TestNGProvider.invoke(TestNGProvider.java:111)
	at org.apache.maven.surefire.booter.ForkedBooter.invokeProviderInSameClassLoader(ForkedBooter.java:203)
	at org.apache.maven.surefire.booter.ForkedBooter.runSuitesInProcess(ForkedBooter.java:155)
	at org.apache.maven.surefire.booter.ForkedBooter.main(ForkedBooter.java:103)

null on com.beilie.test.bole.cases.项目部._01项目详情.设置项目进程.GP10项目详情_中止Test(com.beilie.test.bole.cases.项目部._01项目详情.设置项目进程.GP10项目详情_中止Test)  Time elapsed: 26.367 sec  <<< FAILURE!
java.lang.NullPointerException: null
	at com.beilie.test.seleniums.core.Engine.quit(Engine.java:88)
	at com.beilie.test.seleniums.core.TestCaseBase.clear(TestCaseBase.java:16)
	at sun.reflect.NativeMethodAccessorImpl.invoke0(Native Method)
	at sun.reflect.NativeMethodAccessorImpl.invoke(NativeMethodAccessorImpl.java:62)
	at sun.reflect.DelegatingMethodAccessorImpl.invoke(DelegatingMethodAccessorImpl.java:43)
	at java.lang.reflect.Method.invoke(Method.java:498)
	at org.junit.runners.model.FrameworkMethod$1.runReflectiveCall(FrameworkMethod.java:50)
	at org.junit.internal.runners.model.ReflectiveCallable.run(ReflectiveCallable.java:12)
	at org.junit.runners.model.FrameworkMethod.invokeExplosively(FrameworkMethod.java:47)
	at org.junit.internal.runners.statements.RunAfters.evaluate(RunAfters.java:33)
	at org.junit.runners.ParentRunner.run(ParentRunner.java:363)
	at org.junit.runner.JUnitCore.run(JUnitCore.java:137)
	at org.junit.runner.JUnitCore.run(JUnitCore.java:115)
	at org.testng.junit.JUnit4TestRunner.start(JUnit4TestRunner.java:74)
	at org.testng.junit.JUnit4TestRunner.run(JUnit4TestRunner.java:65)
	at org.testng.TestRunner$1.run(TestRunner.java:656)
	at java.util.ArrayList.forEach(ArrayList.java:1257)
	at org.testng.TestRunner.runJUnitWorkers(TestRunner.java:847)
	at org.testng.TestRunner.privateRunJUnit(TestRunner.java:685)
	at org.testng.TestRunner.run(TestRunner.java:589)
	at org.testng.SuiteRunner.runTest(SuiteRunner.java:402)
	at org.testng.SuiteRunner.runSequentially(SuiteRunner.java:396)
	at org.testng.SuiteRunner.privateRun(SuiteRunner.java:355)
	at org.testng.SuiteRunner.run(SuiteRunner.java:304)
	at org.testng.SuiteRunnerWorker.runSuite(SuiteRunnerWorker.java:53)
	at org.testng.SuiteRunnerWorker.run(SuiteRunnerWorker.java:96)
	at org.testng.TestNG.runSuitesSequentially(TestNG.java:1180)
	at org.testng.TestNG.runSuitesLocally(TestNG.java:1102)
	at org.testng.TestNG.runSuites(TestNG.java:1032)
	at org.testng.TestNG.run(TestNG.java:1000)
	at org.apache.maven.surefire.testng.TestNGExecutor.run(TestNGExecutor.java:115)
	at org.apache.maven.surefire.testng.TestNGDirectoryTestSuite.executeMulti(TestNGDirectoryTestSuite.java:212)
	at org.apache.maven.surefire.testng.TestNGDirectoryTestSuite.execute(TestNGDirectoryTestSuite.java:108)
	at org.apache.maven.surefire.testng.TestNGProvider.invoke(TestNGProvider.java:111)
	at org.apache.maven.surefire.booter.ForkedBooter.invokeProviderInSameClassLoader(ForkedBooter.java:203)
	at org.apache.maven.surefire.booter.ForkedBooter.runSuitesInProcess(ForkedBooter.java:155)
	at org.apache.maven.surefire.booter.ForkedBooter.main(ForkedBooter.java:103)

null on com.beilie.test.bole.cases.项目部._01项目详情.设置项目进程.GP10项目详情_已完成Test(com.beilie.test.bole.cases.项目部._01项目详情.设置项目进程.GP10项目详情_已完成Test)  Time elapsed: 28.535 sec  <<< FAILURE!
org.openqa.selenium.SessionNotCreatedException: session not created: This version of ChromeDriver only supports Chrome version 94
Current browser version is 96.0.4664.45 with binary path C:\Program Files (x86)\Google\Chrome\Application\chrome.exe
  (Driver info: chromedriver=94.0.4606.61 (418b78f5838ed0b1c69bb4e51ea0252171854915-refs/branch-heads/4606@{#1204}),platform=Windows NT 10.0.19043 x86_64) (WARNING: The server did not provide any stacktrace information)
Command duration or timeout: 1.52 seconds
Build info: version: '2.53.1', revision: 'a36b8b1cd5757287168e54b817830adce9b0158d', time: '2016-06-30 19:26:09'
System info: host: 'DESKTOP-FJ710P4', ip: '192.168.5.36', os.name: 'Windows 10', os.arch: 'amd64', os.version: '10.0', java.version: '1.8.0_162'
Driver info: org.openqa.selenium.chrome.ChromeDriver
	at sun.reflect.NativeConstructorAccessorImpl.newInstance0(Native Method)
	at sun.reflect.NativeConstructorAccessorImpl.newInstance(NativeConstructorAccessorImpl.java:62)
	at sun.reflect.DelegatingConstructorAccessorImpl.newInstance(DelegatingConstructorAccessorImpl.java:45)
	at java.lang.reflect.Constructor.newInstance(Constructor.java:423)
	at org.openqa.selenium.remote.ErrorHandler.createThrowable(ErrorHandler.java:206)
	at org.openqa.selenium.remote.ErrorHandler.throwIfResponseFailed(ErrorHandler.java:158)
	at org.openqa.selenium.remote.RemoteWebDriver.execute(RemoteWebDriver.java:678)
	at org.openqa.selenium.remote.RemoteWebDriver.startSession(RemoteWebDriver.java:249)
	at org.openqa.selenium.remote.RemoteWebDriver.<init>(RemoteWebDriver.java:131)
	at org.openqa.selenium.remote.RemoteWebDriver.<init>(RemoteWebDriver.java:144)
	at org.openqa.selenium.chrome.ChromeDriver.<init>(ChromeDriver.java:170)
	at org.openqa.selenium.chrome.ChromeDriver.<init>(ChromeDriver.java:159)
	at org.openqa.selenium.chrome.ChromeDriver.<init>(ChromeDriver.java:148)
	at com.beilie.test.seleniums.core.Engine.<init>(Engine.java:43)
	at com.beilie.test.seleniums.core.Engine.getInstance(Engine.java:21)
	at com.beilie.test.seleniums.core.TestCaseBase.init(TestCaseBase.java:11)
	at sun.reflect.NativeMethodAccessorImpl.invoke0(Native Method)
	at sun.reflect.NativeMethodAccessorImpl.invoke(NativeMethodAccessorImpl.java:62)
	at sun.reflect.DelegatingMethodAccessorImpl.invoke(DelegatingMethodAccessorImpl.java:43)
	at java.lang.reflect.Method.invoke(Method.java:498)
	at org.junit.runners.model.FrameworkMethod$1.runReflectiveCall(FrameworkMethod.java:50)
	at org.junit.internal.runners.model.ReflectiveCallable.run(ReflectiveCallable.java:12)
	at org.junit.runners.model.FrameworkMethod.invokeExplosively(FrameworkMethod.java:47)
	at org.junit.internal.runners.statements.RunBefores.evaluate(RunBefores.java:24)
	at org.junit.internal.runners.statements.RunAfters.evaluate(RunAfters.java:27)
	at org.junit.runners.ParentRunner.run(ParentRunner.java:363)
	at org.junit.runner.JUnitCore.run(JUnitCore.java:137)
	at org.junit.runner.JUnitCore.run(JUnitCore.java:115)
	at org.testng.junit.JUnit4TestRunner.start(JUnit4TestRunner.java:74)
	at org.testng.junit.JUnit4TestRunner.run(JUnit4TestRunner.java:65)
	at org.testng.TestRunner$1.run(TestRunner.java:656)
	at java.util.ArrayList.forEach(ArrayList.java:1257)
	at org.testng.TestRunner.runJUnitWorkers(TestRunner.java:847)
	at org.testng.TestRunner.privateRunJUnit(TestRunner.java:685)
	at org.testng.TestRunner.run(TestRunner.java:589)
	at org.testng.SuiteRunner.runTest(SuiteRunner.java:402)
	at org.testng.SuiteRunner.runSequentially(SuiteRunner.java:396)
	at org.testng.SuiteRunner.privateRun(SuiteRunner.java:355)
	at org.testng.SuiteRunner.run(SuiteRunner.java:304)
	at org.testng.SuiteRunnerWorker.runSuite(SuiteRunnerWorker.java:53)
	at org.testng.SuiteRunnerWorker.run(SuiteRunnerWorker.java:96)
	at org.testng.TestNG.runSuitesSequentially(TestNG.java:1180)
	at org.testng.TestNG.runSuitesLocally(TestNG.java:1102)
	at org.testng.TestNG.runSuites(TestNG.java:1032)
	at org.testng.TestNG.run(TestNG.java:1000)
	at org.apache.maven.surefire.testng.TestNGExecutor.run(TestNGExecutor.java:115)
	at org.apache.maven.surefire.testng.TestNGDirectoryTestSuite.executeMulti(TestNGDirectoryTestSuite.java:212)
	at org.apache.maven.surefire.testng.TestNGDirectoryTestSuite.execute(TestNGDirectoryTestSuite.java:108)
	at org.apache.maven.surefire.testng.TestNGProvider.invoke(TestNGProvider.java:111)
	at org.apache.maven.surefire.booter.ForkedBooter.invokeProviderInSameClassLoader(ForkedBooter.java:203)
	at org.apache.maven.surefire.booter.ForkedBooter.runSuitesInProcess(ForkedBooter.java:155)
	at org.apache.maven.surefire.booter.ForkedBooter.main(ForkedBooter.java:103)

null on com.beilie.test.bole.cases.项目部._01项目详情.设置项目进程.GP10项目详情_已完成Test(com.beilie.test.bole.cases.项目部._01项目详情.设置项目进程.GP10项目详情_已完成Test)  Time elapsed: 28.535 sec  <<< FAILURE!
java.lang.NullPointerException: null
	at com.beilie.test.seleniums.core.Engine.quit(Engine.java:88)
	at com.beilie.test.seleniums.core.TestCaseBase.clear(TestCaseBase.java:16)
	at sun.reflect.NativeMethodAccessorImpl.invoke0(Native Method)
	at sun.reflect.NativeMethodAccessorImpl.invoke(NativeMethodAccessorImpl.java:62)
	at sun.reflect.DelegatingMethodAccessorImpl.invoke(DelegatingMethodAccessorImpl.java:43)
	at java.lang.reflect.Method.invoke(Method.java:498)
	at org.junit.runners.model.FrameworkMethod$1.runReflectiveCall(FrameworkMethod.java:50)
	at org.junit.internal.runners.model.ReflectiveCallable.run(ReflectiveCallable.java:12)
	at org.junit.runners.model.FrameworkMethod.invokeExplosively(FrameworkMethod.java:47)
	at org.junit.internal.runners.statements.RunAfters.evaluate(RunAfters.java:33)
	at org.junit.runners.ParentRunner.run(ParentRunner.java:363)
	at org.junit.runner.JUnitCore.run(JUnitCore.java:137)
	at org.junit.runner.JUnitCore.run(JUnitCore.java:115)
	at org.testng.junit.JUnit4TestRunner.start(JUnit4TestRunner.java:74)
	at org.testng.junit.JUnit4TestRunner.run(JUnit4TestRunner.java:65)
	at org.testng.TestRunner$1.run(TestRunner.java:656)
	at java.util.ArrayList.forEach(ArrayList.java:1257)
	at org.testng.TestRunner.runJUnitWorkers(TestRunner.java:847)
	at org.testng.TestRunner.privateRunJUnit(TestRunner.java:685)
	at org.testng.TestRunner.run(TestRunner.java:589)
	at org.testng.SuiteRunner.runTest(SuiteRunner.java:402)
	at org.testng.SuiteRunner.runSequentially(SuiteRunner.java:396)
	at org.testng.SuiteRunner.privateRun(SuiteRunner.java:355)
	at org.testng.SuiteRunner.run(SuiteRunner.java:304)
	at org.testng.SuiteRunnerWorker.runSuite(SuiteRunnerWorker.java:53)
	at org.testng.SuiteRunnerWorker.run(SuiteRunnerWorker.java:96)
	at org.testng.TestNG.runSuitesSequentially(TestNG.java:1180)
	at org.testng.TestNG.runSuitesLocally(TestNG.java:1102)
	at org.testng.TestNG.runSuites(TestNG.java:1032)
	at org.testng.TestNG.run(TestNG.java:1000)
	at org.apache.maven.surefire.testng.TestNGExecutor.run(TestNGExecutor.java:115)
	at org.apache.maven.surefire.testng.TestNGDirectoryTestSuite.executeMulti(TestNGDirectoryTestSuite.java:212)
	at org.apache.maven.surefire.testng.TestNGDirectoryTestSuite.execute(TestNGDirectoryTestSuite.java:108)
	at org.apache.maven.surefire.testng.TestNGProvider.invoke(TestNGProvider.java:111)
	at org.apache.maven.surefire.booter.ForkedBooter.invokeProviderInSameClassLoader(ForkedBooter.java:203)
	at org.apache.maven.surefire.booter.ForkedBooter.runSuitesInProcess(ForkedBooter.java:155)
	at org.apache.maven.surefire.booter.ForkedBooter.main(ForkedBooter.java:103)

null on com.beilie.test.bole.cases.项目部._01项目详情.设置项目进程.GP10项目详情_暂停Test(com.beilie.test.bole.cases.项目部._01项目详情.设置项目进程.GP10项目详情_暂停Test)  Time elapsed: 30.609 sec  <<< FAILURE!
org.openqa.selenium.SessionNotCreatedException: session not created: This version of ChromeDriver only supports Chrome version 94
Current browser version is 96.0.4664.45 with binary path C:\Program Files (x86)\Google\Chrome\Application\chrome.exe
  (Driver info: chromedriver=94.0.4606.61 (418b78f5838ed0b1c69bb4e51ea0252171854915-refs/branch-heads/4606@{#1204}),platform=Windows NT 10.0.19043 x86_64) (WARNING: The server did not provide any stacktrace information)
Command duration or timeout: 1.40 seconds
Build info: version: '2.53.1', revision: 'a36b8b1cd5757287168e54b817830adce9b0158d', time: '2016-06-30 19:26:09'
System info: host: 'DESKTOP-FJ710P4', ip: '192.168.5.36', os.name: 'Windows 10', os.arch: 'amd64', os.version: '10.0', java.version: '1.8.0_162'
Driver info: org.openqa.selenium.chrome.ChromeDriver
	at sun.reflect.NativeConstructorAccessorImpl.newInstance0(Native Method)
	at sun.reflect.NativeConstructorAccessorImpl.newInstance(NativeConstructorAccessorImpl.java:62)
	at sun.reflect.DelegatingConstructorAccessorImpl.newInstance(DelegatingConstructorAccessorImpl.java:45)
	at java.lang.reflect.Constructor.newInstance(Constructor.java:423)
	at org.openqa.selenium.remote.ErrorHandler.createThrowable(ErrorHandler.java:206)
	at org.openqa.selenium.remote.ErrorHandler.throwIfResponseFailed(ErrorHandler.java:158)
	at org.openqa.selenium.remote.RemoteWebDriver.execute(RemoteWebDriver.java:678)
	at org.openqa.selenium.remote.RemoteWebDriver.startSession(RemoteWebDriver.java:249)
	at org.openqa.selenium.remote.RemoteWebDriver.<init>(RemoteWebDriver.java:131)
	at org.openqa.selenium.remote.RemoteWebDriver.<init>(RemoteWebDriver.java:144)
	at org.openqa.selenium.chrome.ChromeDriver.<init>(ChromeDriver.java:170)
	at org.openqa.selenium.chrome.ChromeDriver.<init>(ChromeDriver.java:159)
	at org.openqa.selenium.chrome.ChromeDriver.<init>(ChromeDriver.java:148)
	at com.beilie.test.seleniums.core.Engine.<init>(Engine.java:43)
	at com.beilie.test.seleniums.core.Engine.getInstance(Engine.java:21)
	at com.beilie.test.seleniums.core.TestCaseBase.init(TestCaseBase.java:11)
	at sun.reflect.NativeMethodAccessorImpl.invoke0(Native Method)
	at sun.reflect.NativeMethodAccessorImpl.invoke(NativeMethodAccessorImpl.java:62)
	at sun.reflect.DelegatingMethodAccessorImpl.invoke(DelegatingMethodAccessorImpl.java:43)
	at java.lang.reflect.Method.invoke(Method.java:498)
	at org.junit.runners.model.FrameworkMethod$1.runReflectiveCall(FrameworkMethod.java:50)
	at org.junit.internal.runners.model.ReflectiveCallable.run(ReflectiveCallable.java:12)
	at org.junit.runners.model.FrameworkMethod.invokeExplosively(FrameworkMethod.java:47)
	at org.junit.internal.runners.statements.RunBefores.evaluate(RunBefores.java:24)
	at org.junit.internal.runners.statements.RunAfters.evaluate(RunAfters.java:27)
	at org.junit.runners.ParentRunner.run(ParentRunner.java:363)
	at org.junit.runner.JUnitCore.run(JUnitCore.java:137)
	at org.junit.runner.JUnitCore.run(JUnitCore.java:115)
	at org.testng.junit.JUnit4TestRunner.start(JUnit4TestRunner.java:74)
	at org.testng.junit.JUnit4TestRunner.run(JUnit4TestRunner.java:65)
	at org.testng.TestRunner$1.run(TestRunner.java:656)
	at java.util.ArrayList.forEach(ArrayList.java:1257)
	at org.testng.TestRunner.runJUnitWorkers(TestRunner.java:847)
	at org.testng.TestRunner.privateRunJUnit(TestRunner.java:685)
	at org.testng.TestRunner.run(TestRunner.java:589)
	at org.testng.SuiteRunner.runTest(SuiteRunner.java:402)
	at org.testng.SuiteRunner.runSequentially(SuiteRunner.java:396)
	at org.testng.SuiteRunner.privateRun(SuiteRunner.java:355)
	at org.testng.SuiteRunner.run(SuiteRunner.java:304)
	at org.testng.SuiteRunnerWorker.runSuite(SuiteRunnerWorker.java:53)
	at org.testng.SuiteRunnerWorker.run(SuiteRunnerWorker.java:96)
	at org.testng.TestNG.runSuitesSequentially(TestNG.java:1180)
	at org.testng.TestNG.runSuitesLocally(TestNG.java:1102)
	at org.testng.TestNG.runSuites(TestNG.java:1032)
	at org.testng.TestNG.run(TestNG.java:1000)
	at org.apache.maven.surefire.testng.TestNGExecutor.run(TestNGExecutor.java:115)
	at org.apache.maven.surefire.testng.TestNGDirectoryTestSuite.executeMulti(TestNGDirectoryTestSuite.java:212)
	at org.apache.maven.surefire.testng.TestNGDirectoryTestSuite.execute(TestNGDirectoryTestSuite.java:108)
	at org.apache.maven.surefire.testng.TestNGProvider.invoke(TestNGProvider.java:111)
	at org.apache.maven.surefire.booter.ForkedBooter.invokeProviderInSameClassLoader(ForkedBooter.java:203)
	at org.apache.maven.surefire.booter.ForkedBooter.runSuitesInProcess(ForkedBooter.java:155)
	at org.apache.maven.surefire.booter.ForkedBooter.main(ForkedBooter.java:103)

null on com.beilie.test.bole.cases.项目部._01项目详情.设置项目进程.GP10项目详情_暂停Test(com.beilie.test.bole.cases.项目部._01项目详情.设置项目进程.GP10项目详情_暂停Test)  Time elapsed: 30.609 sec  <<< FAILURE!
java.lang.NullPointerException: null
	at com.beilie.test.seleniums.core.Engine.quit(Engine.java:88)
	at com.beilie.test.seleniums.core.TestCaseBase.clear(TestCaseBase.java:16)
	at sun.reflect.NativeMethodAccessorImpl.invoke0(Native Method)
	at sun.reflect.NativeMethodAccessorImpl.invoke(NativeMethodAccessorImpl.java:62)
	at sun.reflect.DelegatingMethodAccessorImpl.invoke(DelegatingMethodAccessorImpl.java:43)
	at java.lang.reflect.Method.invoke(Method.java:498)
	at org.junit.runners.model.FrameworkMethod$1.runReflectiveCall(FrameworkMethod.java:50)
	at org.junit.internal.runners.model.ReflectiveCallable.run(ReflectiveCallable.java:12)
	at org.junit.runners.model.FrameworkMethod.invokeExplosively(FrameworkMethod.java:47)
	at org.junit.internal.runners.statements.RunAfters.evaluate(RunAfters.java:33)
	at org.junit.runners.ParentRunner.run(ParentRunner.java:363)
	at org.junit.runner.JUnitCore.run(JUnitCore.java:137)
	at org.junit.runner.JUnitCore.run(JUnitCore.java:115)
	at org.testng.junit.JUnit4TestRunner.start(JUnit4TestRunner.java:74)
	at org.testng.junit.JUnit4TestRunner.run(JUnit4TestRunner.java:65)
	at org.testng.TestRunner$1.run(TestRunner.java:656)
	at java.util.ArrayList.forEach(ArrayList.java:1257)
	at org.testng.TestRunner.runJUnitWorkers(TestRunner.java:847)
	at org.testng.TestRunner.privateRunJUnit(TestRunner.java:685)
	at org.testng.TestRunner.run(TestRunner.java:589)
	at org.testng.SuiteRunner.runTest(SuiteRunner.java:402)
	at org.testng.SuiteRunner.runSequentially(SuiteRunner.java:396)
	at org.testng.SuiteRunner.privateRun(SuiteRunner.java:355)
	at org.testng.SuiteRunner.run(SuiteRunner.java:304)
	at org.testng.SuiteRunnerWorker.runSuite(SuiteRunnerWorker.java:53)
	at org.testng.SuiteRunnerWorker.run(SuiteRunnerWorker.java:96)
	at org.testng.TestNG.runSuitesSequentially(TestNG.java:1180)
	at org.testng.TestNG.runSuitesLocally(TestNG.java:1102)
	at org.testng.TestNG.runSuites(TestNG.java:1032)
	at org.testng.TestNG.run(TestNG.java:1000)
	at org.apache.maven.surefire.testng.TestNGExecutor.run(TestNGExecutor.java:115)
	at org.apache.maven.surefire.testng.TestNGDirectoryTestSuite.executeMulti(TestNGDirectoryTestSuite.java:212)
	at org.apache.maven.surefire.testng.TestNGDirectoryTestSuite.execute(TestNGDirectoryTestSuite.java:108)
	at org.apache.maven.surefire.testng.TestNGProvider.invoke(TestNGProvider.java:111)
	at org.apache.maven.surefire.booter.ForkedBooter.invokeProviderInSameClassLoader(ForkedBooter.java:203)
	at org.apache.maven.surefire.booter.ForkedBooter.runSuitesInProcess(ForkedBooter.java:155)
	at org.apache.maven.surefire.booter.ForkedBooter.main(ForkedBooter.java:103)

null on com.beilie.test.bole.cases.项目部.项目执行._01GP10项目详情_项目执行_到发送推荐报告Test(com.beilie.test.bole.cases.项目部.项目执行._01GP10项目详情_项目执行_到发送推荐报告Test)  Time elapsed: 32.54 sec  <<< FAILURE!
org.openqa.selenium.SessionNotCreatedException: session not created: This version of ChromeDriver only supports Chrome version 94
Current browser version is 96.0.4664.45 with binary path C:\Program Files (x86)\Google\Chrome\Application\chrome.exe
  (Driver info: chromedriver=94.0.4606.61 (418b78f5838ed0b1c69bb4e51ea0252171854915-refs/branch-heads/4606@{#1204}),platform=Windows NT 10.0.19043 x86_64) (WARNING: The server did not provide any stacktrace information)
Command duration or timeout: 1.35 seconds
Build info: version: '2.53.1', revision: 'a36b8b1cd5757287168e54b817830adce9b0158d', time: '2016-06-30 19:26:09'
System info: host: 'DESKTOP-FJ710P4', ip: '192.168.5.36', os.name: 'Windows 10', os.arch: 'amd64', os.version: '10.0', java.version: '1.8.0_162'
Driver info: org.openqa.selenium.chrome.ChromeDriver
	at sun.reflect.NativeConstructorAccessorImpl.newInstance0(Native Method)
	at sun.reflect.NativeConstructorAccessorImpl.newInstance(NativeConstructorAccessorImpl.java:62)
	at sun.reflect.DelegatingConstructorAccessorImpl.newInstance(DelegatingConstructorAccessorImpl.java:45)
	at java.lang.reflect.Constructor.newInstance(Constructor.java:423)
	at org.openqa.selenium.remote.ErrorHandler.createThrowable(ErrorHandler.java:206)
	at org.openqa.selenium.remote.ErrorHandler.throwIfResponseFailed(ErrorHandler.java:158)
	at org.openqa.selenium.remote.RemoteWebDriver.execute(RemoteWebDriver.java:678)
	at org.openqa.selenium.remote.RemoteWebDriver.startSession(RemoteWebDriver.java:249)
	at org.openqa.selenium.remote.RemoteWebDriver.<init>(RemoteWebDriver.java:131)
	at org.openqa.selenium.remote.RemoteWebDriver.<init>(RemoteWebDriver.java:144)
	at org.openqa.selenium.chrome.ChromeDriver.<init>(ChromeDriver.java:170)
	at org.openqa.selenium.chrome.ChromeDriver.<init>(ChromeDriver.java:159)
	at org.openqa.selenium.chrome.ChromeDriver.<init>(ChromeDriver.java:148)
	at com.beilie.test.seleniums.core.Engine.<init>(Engine.java:43)
	at com.beilie.test.seleniums.core.Engine.getInstance(Engine.java:21)
	at com.beilie.test.seleniums.core.TestCaseBase.init(TestCaseBase.java:11)
	at sun.reflect.NativeMethodAccessorImpl.invoke0(Native Method)
	at sun.reflect.NativeMethodAccessorImpl.invoke(NativeMethodAccessorImpl.java:62)
	at sun.reflect.DelegatingMethodAccessorImpl.invoke(DelegatingMethodAccessorImpl.java:43)
	at java.lang.reflect.Method.invoke(Method.java:498)
	at org.junit.runners.model.FrameworkMethod$1.runReflectiveCall(FrameworkMethod.java:50)
	at org.junit.internal.runners.model.ReflectiveCallable.run(ReflectiveCallable.java:12)
	at org.junit.runners.model.FrameworkMethod.invokeExplosively(FrameworkMethod.java:47)
	at org.junit.internal.runners.statements.RunBefores.evaluate(RunBefores.java:24)
	at org.junit.internal.runners.statements.RunAfters.evaluate(RunAfters.java:27)
	at org.junit.runners.ParentRunner.run(ParentRunner.java:363)
	at org.junit.runner.JUnitCore.run(JUnitCore.java:137)
	at org.junit.runner.JUnitCore.run(JUnitCore.java:115)
	at org.testng.junit.JUnit4TestRunner.start(JUnit4TestRunner.java:74)
	at org.testng.junit.JUnit4TestRunner.run(JUnit4TestRunner.java:65)
	at org.testng.TestRunner$1.run(TestRunner.java:656)
	at java.util.ArrayList.forEach(ArrayList.java:1257)
	at org.testng.TestRunner.runJUnitWorkers(TestRunner.java:847)
	at org.testng.TestRunner.privateRunJUnit(TestRunner.java:685)
	at org.testng.TestRunner.run(TestRunner.java:589)
	at org.testng.SuiteRunner.runTest(SuiteRunner.java:402)
	at org.testng.SuiteRunner.runSequentially(SuiteRunner.java:396)
	at org.testng.SuiteRunner.privateRun(SuiteRunner.java:355)
	at org.testng.SuiteRunner.run(SuiteRunner.java:304)
	at org.testng.SuiteRunnerWorker.runSuite(SuiteRunnerWorker.java:53)
	at org.testng.SuiteRunnerWorker.run(SuiteRunnerWorker.java:96)
	at org.testng.TestNG.runSuitesSequentially(TestNG.java:1180)
	at org.testng.TestNG.runSuitesLocally(TestNG.java:1102)
	at org.testng.TestNG.runSuites(TestNG.java:1032)
	at org.testng.TestNG.run(TestNG.java:1000)
	at org.apache.maven.surefire.testng.TestNGExecutor.run(TestNGExecutor.java:115)
	at org.apache.maven.surefire.testng.TestNGDirectoryTestSuite.executeMulti(TestNGDirectoryTestSuite.java:212)
	at org.apache.maven.surefire.testng.TestNGDirectoryTestSuite.execute(TestNGDirectoryTestSuite.java:108)
	at org.apache.maven.surefire.testng.TestNGProvider.invoke(TestNGProvider.java:111)
	at org.apache.maven.surefire.booter.ForkedBooter.invokeProviderInSameClassLoader(ForkedBooter.java:203)
	at org.apache.maven.surefire.booter.ForkedBooter.runSuitesInProcess(ForkedBooter.java:155)
	at org.apache.maven.surefire.booter.ForkedBooter.main(ForkedBooter.java:103)

null on com.beilie.test.bole.cases.项目部.项目执行._01GP10项目详情_项目执行_到发送推荐报告Test(com.beilie.test.bole.cases.项目部.项目执行._01GP10项目详情_项目执行_到发送推荐报告Test)  Time elapsed: 32.54 sec  <<< FAILURE!
java.lang.NullPointerException: null
	at com.beilie.test.seleniums.core.Engine.quit(Engine.java:88)
	at com.beilie.test.seleniums.core.TestCaseBase.clear(TestCaseBase.java:16)
	at sun.reflect.NativeMethodAccessorImpl.invoke0(Native Method)
	at sun.reflect.NativeMethodAccessorImpl.invoke(NativeMethodAccessorImpl.java:62)
	at sun.reflect.DelegatingMethodAccessorImpl.invoke(DelegatingMethodAccessorImpl.java:43)
	at java.lang.reflect.Method.invoke(Method.java:498)
	at org.junit.runners.model.FrameworkMethod$1.runReflectiveCall(FrameworkMethod.java:50)
	at org.junit.internal.runners.model.ReflectiveCallable.run(ReflectiveCallable.java:12)
	at org.junit.runners.model.FrameworkMethod.invokeExplosively(FrameworkMethod.java:47)
	at org.junit.internal.runners.statements.RunAfters.evaluate(RunAfters.java:33)
	at org.junit.runners.ParentRunner.run(ParentRunner.java:363)
	at org.junit.runner.JUnitCore.run(JUnitCore.java:137)
	at org.junit.runner.JUnitCore.run(JUnitCore.java:115)
	at org.testng.junit.JUnit4TestRunner.start(JUnit4TestRunner.java:74)
	at org.testng.junit.JUnit4TestRunner.run(JUnit4TestRunner.java:65)
	at org.testng.TestRunner$1.run(TestRunner.java:656)
	at java.util.ArrayList.forEach(ArrayList.java:1257)
	at org.testng.TestRunner.runJUnitWorkers(TestRunner.java:847)
	at org.testng.TestRunner.privateRunJUnit(TestRunner.java:685)
	at org.testng.TestRunner.run(TestRunner.java:589)
	at org.testng.SuiteRunner.runTest(SuiteRunner.java:402)
	at org.testng.SuiteRunner.runSequentially(SuiteRunner.java:396)
	at org.testng.SuiteRunner.privateRun(SuiteRunner.java:355)
	at org.testng.SuiteRunner.run(SuiteRunner.java:304)
	at org.testng.SuiteRunnerWorker.runSuite(SuiteRunnerWorker.java:53)
	at org.testng.SuiteRunnerWorker.run(SuiteRunnerWorker.java:96)
	at org.testng.TestNG.runSuitesSequentially(TestNG.java:1180)
	at org.testng.TestNG.runSuitesLocally(TestNG.java:1102)
	at org.testng.TestNG.runSuites(TestNG.java:1032)
	at org.testng.TestNG.run(TestNG.java:1000)
	at org.apache.maven.surefire.testng.TestNGExecutor.run(TestNGExecutor.java:115)
	at org.apache.maven.surefire.testng.TestNGDirectoryTestSuite.executeMulti(TestNGDirectoryTestSuite.java:212)
	at org.apache.maven.surefire.testng.TestNGDirectoryTestSuite.execute(TestNGDirectoryTestSuite.java:108)
	at org.apache.maven.surefire.testng.TestNGProvider.invoke(TestNGProvider.java:111)
	at org.apache.maven.surefire.booter.ForkedBooter.invokeProviderInSameClassLoader(ForkedBooter.java:203)
	at org.apache.maven.surefire.booter.ForkedBooter.runSuitesInProcess(ForkedBooter.java:155)
	at org.apache.maven.surefire.booter.ForkedBooter.main(ForkedBooter.java:103)

null on com.beilie.test.open.applicants.cases.MyResume.编辑简历Test(com.beilie.test.open.applicants.cases.MyResume.编辑简历Test)  Time elapsed: 34.689 sec  <<< FAILURE!
org.openqa.selenium.SessionNotCreatedException: session not created: This version of ChromeDriver only supports Chrome version 94
Current browser version is 96.0.4664.45 with binary path C:\Program Files (x86)\Google\Chrome\Application\chrome.exe
  (Driver info: chromedriver=94.0.4606.61 (418b78f5838ed0b1c69bb4e51ea0252171854915-refs/branch-heads/4606@{#1204}),platform=Windows NT 10.0.19043 x86_64) (WARNING: The server did not provide any stacktrace information)
Command duration or timeout: 1.47 seconds
Build info: version: '2.53.1', revision: 'a36b8b1cd5757287168e54b817830adce9b0158d', time: '2016-06-30 19:26:09'
System info: host: 'DESKTOP-FJ710P4', ip: '192.168.5.36', os.name: 'Windows 10', os.arch: 'amd64', os.version: '10.0', java.version: '1.8.0_162'
Driver info: org.openqa.selenium.chrome.ChromeDriver
	at sun.reflect.NativeConstructorAccessorImpl.newInstance0(Native Method)
	at sun.reflect.NativeConstructorAccessorImpl.newInstance(NativeConstructorAccessorImpl.java:62)
	at sun.reflect.DelegatingConstructorAccessorImpl.newInstance(DelegatingConstructorAccessorImpl.java:45)
	at java.lang.reflect.Constructor.newInstance(Constructor.java:423)
	at org.openqa.selenium.remote.ErrorHandler.createThrowable(ErrorHandler.java:206)
	at org.openqa.selenium.remote.ErrorHandler.throwIfResponseFailed(ErrorHandler.java:158)
	at org.openqa.selenium.remote.RemoteWebDriver.execute(RemoteWebDriver.java:678)
	at org.openqa.selenium.remote.RemoteWebDriver.startSession(RemoteWebDriver.java:249)
	at org.openqa.selenium.remote.RemoteWebDriver.<init>(RemoteWebDriver.java:131)
	at org.openqa.selenium.remote.RemoteWebDriver.<init>(RemoteWebDriver.java:144)
	at org.openqa.selenium.chrome.ChromeDriver.<init>(ChromeDriver.java:170)
	at org.openqa.selenium.chrome.ChromeDriver.<init>(ChromeDriver.java:159)
	at org.openqa.selenium.chrome.ChromeDriver.<init>(ChromeDriver.java:148)
	at com.beilie.test.seleniums.core.Engine.<init>(Engine.java:43)
	at com.beilie.test.seleniums.core.Engine.getInstance(Engine.java:21)
	at com.beilie.test.seleniums.core.TestCaseBase.init(TestCaseBase.java:11)
	at sun.reflect.NativeMethodAccessorImpl.invoke0(Native Method)
	at sun.reflect.NativeMethodAccessorImpl.invoke(NativeMethodAccessorImpl.java:62)
	at sun.reflect.DelegatingMethodAccessorImpl.invoke(DelegatingMethodAccessorImpl.java:43)
	at java.lang.reflect.Method.invoke(Method.java:498)
	at org.junit.runners.model.FrameworkMethod$1.runReflectiveCall(FrameworkMethod.java:50)
	at org.junit.internal.runners.model.ReflectiveCallable.run(ReflectiveCallable.java:12)
	at org.junit.runners.model.FrameworkMethod.invokeExplosively(FrameworkMethod.java:47)
	at org.junit.internal.runners.statements.RunBefores.evaluate(RunBefores.java:24)
	at org.junit.internal.runners.statements.RunAfters.evaluate(RunAfters.java:27)
	at org.junit.runners.ParentRunner.run(ParentRunner.java:363)
	at org.junit.runner.JUnitCore.run(JUnitCore.java:137)
	at org.junit.runner.JUnitCore.run(JUnitCore.java:115)
	at org.testng.junit.JUnit4TestRunner.start(JUnit4TestRunner.java:74)
	at org.testng.junit.JUnit4TestRunner.run(JUnit4TestRunner.java:65)
	at org.testng.TestRunner$1.run(TestRunner.java:656)
	at java.util.ArrayList.forEach(ArrayList.java:1257)
	at org.testng.TestRunner.runJUnitWorkers(TestRunner.java:847)
	at org.testng.TestRunner.privateRunJUnit(TestRunner.java:685)
	at org.testng.TestRunner.run(TestRunner.java:589)
	at org.testng.SuiteRunner.runTest(SuiteRunner.java:402)
	at org.testng.SuiteRunner.runSequentially(SuiteRunner.java:396)
	at org.testng.SuiteRunner.privateRun(SuiteRunner.java:355)
	at org.testng.SuiteRunner.run(SuiteRunner.java:304)
	at org.testng.SuiteRunnerWorker.runSuite(SuiteRunnerWorker.java:53)
	at org.testng.SuiteRunnerWorker.run(SuiteRunnerWorker.java:96)
	at org.testng.TestNG.runSuitesSequentially(TestNG.java:1180)
	at org.testng.TestNG.runSuitesLocally(TestNG.java:1102)
	at org.testng.TestNG.runSuites(TestNG.java:1032)
	at org.testng.TestNG.run(TestNG.java:1000)
	at org.apache.maven.surefire.testng.TestNGExecutor.run(TestNGExecutor.java:115)
	at org.apache.maven.surefire.testng.TestNGDirectoryTestSuite.executeMulti(TestNGDirectoryTestSuite.java:212)
	at org.apache.maven.surefire.testng.TestNGDirectoryTestSuite.execute(TestNGDirectoryTestSuite.java:108)
	at org.apache.maven.surefire.testng.TestNGProvider.invoke(TestNGProvider.java:111)
	at org.apache.maven.surefire.booter.ForkedBooter.invokeProviderInSameClassLoader(ForkedBooter.java:203)
	at org.apache.maven.surefire.booter.ForkedBooter.runSuitesInProcess(ForkedBooter.java:155)
	at org.apache.maven.surefire.booter.ForkedBooter.main(ForkedBooter.java:103)

null on com.beilie.test.open.applicants.cases.MyResume.编辑简历Test(com.beilie.test.open.applicants.cases.MyResume.编辑简历Test)  Time elapsed: 34.689 sec  <<< FAILURE!
java.lang.NullPointerException: null
	at com.beilie.test.seleniums.core.Engine.quit(Engine.java:88)
	at com.beilie.test.seleniums.core.TestCaseBase.clear(TestCaseBase.java:16)
	at sun.reflect.NativeMethodAccessorImpl.invoke0(Native Method)
	at sun.reflect.NativeMethodAccessorImpl.invoke(NativeMethodAccessorImpl.java:62)
	at sun.reflect.DelegatingMethodAccessorImpl.invoke(DelegatingMethodAccessorImpl.java:43)
	at java.lang.reflect.Method.invoke(Method.java:498)
	at org.junit.runners.model.FrameworkMethod$1.runReflectiveCall(FrameworkMethod.java:50)
	at org.junit.internal.runners.model.ReflectiveCallable.run(ReflectiveCallable.java:12)
	at org.junit.runners.model.FrameworkMethod.invokeExplosively(FrameworkMethod.java:47)
	at org.junit.internal.runners.statements.RunAfters.evaluate(RunAfters.java:33)
	at org.junit.runners.ParentRunner.run(ParentRunner.java:363)
	at org.junit.runner.JUnitCore.run(JUnitCore.java:137)
	at org.junit.runner.JUnitCore.run(JUnitCore.java:115)
	at org.testng.junit.JUnit4TestRunner.start(JUnit4TestRunner.java:74)
	at org.testng.junit.JUnit4TestRunner.run(JUnit4TestRunner.java:65)
	at org.testng.TestRunner$1.run(TestRunner.java:656)
	at java.util.ArrayList.forEach(ArrayList.java:1257)
	at org.testng.TestRunner.runJUnitWorkers(TestRunner.java:847)
	at org.testng.TestRunner.privateRunJUnit(TestRunner.java:685)
	at org.testng.TestRunner.run(TestRunner.java:589)
	at org.testng.SuiteRunner.runTest(SuiteRunner.java:402)
	at org.testng.SuiteRunner.runSequentially(SuiteRunner.java:396)
	at org.testng.SuiteRunner.privateRun(SuiteRunner.java:355)
	at org.testng.SuiteRunner.run(SuiteRunner.java:304)
	at org.testng.SuiteRunnerWorker.runSuite(SuiteRunnerWorker.java:53)
	at org.testng.SuiteRunnerWorker.run(SuiteRunnerWorker.java:96)
	at org.testng.TestNG.runSuitesSequentially(TestNG.java:1180)
	at org.testng.TestNG.runSuitesLocally(TestNG.java:1102)
	at org.testng.TestNG.runSuites(TestNG.java:1032)
	at org.testng.TestNG.run(TestNG.java:1000)
	at org.apache.maven.surefire.testng.TestNGExecutor.run(TestNGExecutor.java:115)
	at org.apache.maven.surefire.testng.TestNGDirectoryTestSuite.executeMulti(TestNGDirectoryTestSuite.java:212)
	at org.apache.maven.surefire.testng.TestNGDirectoryTestSuite.execute(TestNGDirectoryTestSuite.java:108)
	at org.apache.maven.surefire.testng.TestNGProvider.invoke(TestNGProvider.java:111)
	at org.apache.maven.surefire.booter.ForkedBooter.invokeProviderInSameClassLoader(ForkedBooter.java:203)
	at org.apache.maven.surefire.booter.ForkedBooter.runSuitesInProcess(ForkedBooter.java:155)
	at org.apache.maven.surefire.booter.ForkedBooter.main(ForkedBooter.java:103)

null on com.beilie.test.open.applicants.cases.Positions.SearchPositionTest(com.beilie.test.open.applicants.cases.Positions.SearchPositionTest)  Time elapsed: 36.641 sec  <<< FAILURE!
org.openqa.selenium.SessionNotCreatedException: session not created: This version of ChromeDriver only supports Chrome version 94
Current browser version is 96.0.4664.45 with binary path C:\Program Files (x86)\Google\Chrome\Application\chrome.exe
  (Driver info: chromedriver=94.0.4606.61 (418b78f5838ed0b1c69bb4e51ea0252171854915-refs/branch-heads/4606@{#1204}),platform=Windows NT 10.0.19043 x86_64) (WARNING: The server did not provide any stacktrace information)
Command duration or timeout: 1.36 seconds
Build info: version: '2.53.1', revision: 'a36b8b1cd5757287168e54b817830adce9b0158d', time: '2016-06-30 19:26:09'
System info: host: 'DESKTOP-FJ710P4', ip: '192.168.5.36', os.name: 'Windows 10', os.arch: 'amd64', os.version: '10.0', java.version: '1.8.0_162'
Driver info: org.openqa.selenium.chrome.ChromeDriver
	at sun.reflect.NativeConstructorAccessorImpl.newInstance0(Native Method)
	at sun.reflect.NativeConstructorAccessorImpl.newInstance(NativeConstructorAccessorImpl.java:62)
	at sun.reflect.DelegatingConstructorAccessorImpl.newInstance(DelegatingConstructorAccessorImpl.java:45)
	at java.lang.reflect.Constructor.newInstance(Constructor.java:423)
	at org.openqa.selenium.remote.ErrorHandler.createThrowable(ErrorHandler.java:206)
	at org.openqa.selenium.remote.ErrorHandler.throwIfResponseFailed(ErrorHandler.java:158)
	at org.openqa.selenium.remote.RemoteWebDriver.execute(RemoteWebDriver.java:678)
	at org.openqa.selenium.remote.RemoteWebDriver.startSession(RemoteWebDriver.java:249)
	at org.openqa.selenium.remote.RemoteWebDriver.<init>(RemoteWebDriver.java:131)
	at org.openqa.selenium.remote.RemoteWebDriver.<init>(RemoteWebDriver.java:144)
	at org.openqa.selenium.chrome.ChromeDriver.<init>(ChromeDriver.java:170)
	at org.openqa.selenium.chrome.ChromeDriver.<init>(ChromeDriver.java:159)
	at org.openqa.selenium.chrome.ChromeDriver.<init>(ChromeDriver.java:148)
	at com.beilie.test.seleniums.core.Engine.<init>(Engine.java:43)
	at com.beilie.test.seleniums.core.Engine.getInstance(Engine.java:21)
	at com.beilie.test.seleniums.core.TestCaseBase.init(TestCaseBase.java:11)
	at sun.reflect.NativeMethodAccessorImpl.invoke0(Native Method)
	at sun.reflect.NativeMethodAccessorImpl.invoke(NativeMethodAccessorImpl.java:62)
	at sun.reflect.DelegatingMethodAccessorImpl.invoke(DelegatingMethodAccessorImpl.java:43)
	at java.lang.reflect.Method.invoke(Method.java:498)
	at org.junit.runners.model.FrameworkMethod$1.runReflectiveCall(FrameworkMethod.java:50)
	at org.junit.internal.runners.model.ReflectiveCallable.run(ReflectiveCallable.java:12)
	at org.junit.runners.model.FrameworkMethod.invokeExplosively(FrameworkMethod.java:47)
	at org.junit.internal.runners.statements.RunBefores.evaluate(RunBefores.java:24)
	at org.junit.internal.runners.statements.RunAfters.evaluate(RunAfters.java:27)
	at org.junit.runners.ParentRunner.run(ParentRunner.java:363)
	at org.junit.runner.JUnitCore.run(JUnitCore.java:137)
	at org.junit.runner.JUnitCore.run(JUnitCore.java:115)
	at org.testng.junit.JUnit4TestRunner.start(JUnit4TestRunner.java:74)
	at org.testng.junit.JUnit4TestRunner.run(JUnit4TestRunner.java:65)
	at org.testng.TestRunner$1.run(TestRunner.java:656)
	at java.util.ArrayList.forEach(ArrayList.java:1257)
	at org.testng.TestRunner.runJUnitWorkers(TestRunner.java:847)
	at org.testng.TestRunner.privateRunJUnit(TestRunner.java:685)
	at org.testng.TestRunner.run(TestRunner.java:589)
	at org.testng.SuiteRunner.runTest(SuiteRunner.java:402)
	at org.testng.SuiteRunner.runSequentially(SuiteRunner.java:396)
	at org.testng.SuiteRunner.privateRun(SuiteRunner.java:355)
	at org.testng.SuiteRunner.run(SuiteRunner.java:304)
	at org.testng.SuiteRunnerWorker.runSuite(SuiteRunnerWorker.java:53)
	at org.testng.SuiteRunnerWorker.run(SuiteRunnerWorker.java:96)
	at org.testng.TestNG.runSuitesSequentially(TestNG.java:1180)
	at org.testng.TestNG.runSuitesLocally(TestNG.java:1102)
	at org.testng.TestNG.runSuites(TestNG.java:1032)
	at org.testng.TestNG.run(TestNG.java:1000)
	at org.apache.maven.surefire.testng.TestNGExecutor.run(TestNGExecutor.java:115)
	at org.apache.maven.surefire.testng.TestNGDirectoryTestSuite.executeMulti(TestNGDirectoryTestSuite.java:212)
	at org.apache.maven.surefire.testng.TestNGDirectoryTestSuite.execute(TestNGDirectoryTestSuite.java:108)
	at org.apache.maven.surefire.testng.TestNGProvider.invoke(TestNGProvider.java:111)
	at org.apache.maven.surefire.booter.ForkedBooter.invokeProviderInSameClassLoader(ForkedBooter.java:203)
	at org.apache.maven.surefire.booter.ForkedBooter.runSuitesInProcess(ForkedBooter.java:155)
	at org.apache.maven.surefire.booter.ForkedBooter.main(ForkedBooter.java:103)

null on com.beilie.test.open.applicants.cases.Positions.SearchPositionTest(com.beilie.test.open.applicants.cases.Positions.SearchPositionTest)  Time elapsed: 36.641 sec  <<< FAILURE!
java.lang.NullPointerException: null
	at com.beilie.test.seleniums.core.Engine.quit(Engine.java:88)
	at com.beilie.test.seleniums.core.TestCaseBase.clear(TestCaseBase.java:16)
	at sun.reflect.NativeMethodAccessorImpl.invoke0(Native Method)
	at sun.reflect.NativeMethodAccessorImpl.invoke(NativeMethodAccessorImpl.java:62)
	at sun.reflect.DelegatingMethodAccessorImpl.invoke(DelegatingMethodAccessorImpl.java:43)
	at java.lang.reflect.Method.invoke(Method.java:498)
	at org.junit.runners.model.FrameworkMethod$1.runReflectiveCall(FrameworkMethod.java:50)
	at org.junit.internal.runners.model.ReflectiveCallable.run(ReflectiveCallable.java:12)
	at org.junit.runners.model.FrameworkMethod.invokeExplosively(FrameworkMethod.java:47)
	at org.junit.internal.runners.statements.RunAfters.evaluate(RunAfters.java:33)
	at org.junit.runners.ParentRunner.run(ParentRunner.java:363)
	at org.junit.runner.JUnitCore.run(JUnitCore.java:137)
	at org.junit.runner.JUnitCore.run(JUnitCore.java:115)
	at org.testng.junit.JUnit4TestRunner.start(JUnit4TestRunner.java:74)
	at org.testng.junit.JUnit4TestRunner.run(JUnit4TestRunner.java:65)
	at org.testng.TestRunner$1.run(TestRunner.java:656)
	at java.util.ArrayList.forEach(ArrayList.java:1257)
	at org.testng.TestRunner.runJUnitWorkers(TestRunner.java:847)
	at org.testng.TestRunner.privateRunJUnit(TestRunner.java:685)
	at org.testng.TestRunner.run(TestRunner.java:589)
	at org.testng.SuiteRunner.runTest(SuiteRunner.java:402)
	at org.testng.SuiteRunner.runSequentially(SuiteRunner.java:396)
	at org.testng.SuiteRunner.privateRun(SuiteRunner.java:355)
	at org.testng.SuiteRunner.run(SuiteRunner.java:304)
	at org.testng.SuiteRunnerWorker.runSuite(SuiteRunnerWorker.java:53)
	at org.testng.SuiteRunnerWorker.run(SuiteRunnerWorker.java:96)
	at org.testng.TestNG.runSuitesSequentially(TestNG.java:1180)
	at org.testng.TestNG.runSuitesLocally(TestNG.java:1102)
	at org.testng.TestNG.runSuites(TestNG.java:1032)
	at org.testng.TestNG.run(TestNG.java:1000)
	at org.apache.maven.surefire.testng.TestNGExecutor.run(TestNGExecutor.java:115)
	at org.apache.maven.surefire.testng.TestNGDirectoryTestSuite.executeMulti(TestNGDirectoryTestSuite.java:212)
	at org.apache.maven.surefire.testng.TestNGDirectoryTestSuite.execute(TestNGDirectoryTestSuite.java:108)
	at org.apache.maven.surefire.testng.TestNGProvider.invoke(TestNGProvider.java:111)
	at org.apache.maven.surefire.booter.ForkedBooter.invokeProviderInSameClassLoader(ForkedBooter.java:203)
	at org.apache.maven.surefire.booter.ForkedBooter.runSuitesInProcess(ForkedBooter.java:155)
	at org.apache.maven.surefire.booter.ForkedBooter.main(ForkedBooter.java:103)


Results :

Failed tests: 
com.beilie.test.bole.cases.项目部._01项目详情.团队人选.GP10项目详情_新增简历_加入项目Test.null on com.beilie.test.bole.cases.项目部._01项目详情.团队人选.GP10项目详情_新增简历_加入项目Test(com.beilie.test.bole.cases.项目部._01项目详情.团队人选.GP10项目详情_新增简历_加入项目Test)
  Run 1: GP10项目详情_新增简历_加入项目Test>TestCaseBase.init:11 ? SessionNotCreated session not cr...
  Run 2: GP10项目详情_新增简历_加入项目Test>TestCaseBase.clear:16 ? NullPointer

com.beilie.test.bole.cases.项目部._01项目详情.团队人选.GP10项目详情_添加备注Test.null on com.beilie.test.bole.cases.项目部._01项目详情.团队人选.GP10项目详情_添加备注Test(com.beilie.test.bole.cases.项目部._01项目详情.团队人选.GP10项目详情_添加备注Test)
  Run 1: GP10项目详情_添加备注Test>TestCaseBase.init:11 ? SessionNotCreated session not created...
  Run 2: GP10项目详情_添加备注Test>TestCaseBase.clear:16 ? NullPointer

com.beilie.test.bole.cases.项目部._01项目详情.设置职位状态.GP10项目详情_关闭职位Test.null on com.beilie.test.bole.cases.项目部._01项目详情.设置职位状态.GP10项目详情_关闭职位Test(com.beilie.test.bole.cases.项目部._01项目详情.设置职位状态.GP10项目详情_关闭职位Test)
  Run 1: GP10项目详情_关闭职位Test>TestCaseBase.init:11 ? SessionNotCreated session not created...
  Run 2: GP10项目详情_关闭职位Test>TestCaseBase.clear:16 ? NullPointer

com.beilie.test.bole.cases.项目部._01项目详情.设置职位状态.GP10项目详情_恢复职位Test.null on com.beilie.test.bole.cases.项目部._01项目详情.设置职位状态.GP10项目详情_恢复职位Test(com.beilie.test.bole.cases.项目部._01项目详情.设置职位状态.GP10项目详情_恢复职位Test)
  Run 1: GP10项目详情_恢复职位Test>TestCaseBase.init:11 ? SessionNotCreated session not created...
  Run 2: GP10项目详情_恢复职位Test>TestCaseBase.clear:16 ? NullPointer

com.beilie.test.bole.cases.项目部._01项目详情.设置职位状态.GP10项目详情_暂停职位Test.null on com.beilie.test.bole.cases.项目部._01项目详情.设置职位状态.GP10项目详情_暂停职位Test(com.beilie.test.bole.cases.项目部._01项目详情.设置职位状态.GP10项目详情_暂停职位Test)
  Run 1: GP10项目详情_暂停职位Test>TestCaseBase.init:11 ? SessionNotCreated session not created...
  Run 2: GP10项目详情_暂停职位Test>TestCaseBase.clear:16 ? NullPointer

com.beilie.test.bole.cases.项目部._01项目详情.设置项目进程.GP10项目详情_offer谈判中Test.null on com.beilie.test.bole.cases.项目部._01项目详情.设置项目进程.GP10项目详情_offer谈判中Test(com.beilie.test.bole.cases.项目部._01项目详情.设置项目进程.GP10项目详情_offer谈判中Test)
  Run 1: GP10项目详情_offer谈判中Test>TestCaseBase.init:11 ? SessionNotCreated session not cre...
  Run 2: GP10项目详情_offer谈判中Test>TestCaseBase.clear:16 ? NullPointer

com.beilie.test.bole.cases.项目部._01项目详情.设置项目进程.GP10项目详情_上班保证期Test.null on com.beilie.test.bole.cases.项目部._01项目详情.设置项目进程.GP10项目详情_上班保证期Test(com.beilie.test.bole.cases.项目部._01项目详情.设置项目进程.GP10项目详情_上班保证期Test)
  Run 1: GP10项目详情_上班保证期Test>TestCaseBase.init:11 ? SessionNotCreated session not create...
  Run 2: GP10项目详情_上班保证期Test>TestCaseBase.clear:16 ? NullPointer

com.beilie.test.bole.cases.项目部._01项目详情.设置项目进程.GP10项目详情_中止Test.null on com.beilie.test.bole.cases.项目部._01项目详情.设置项目进程.GP10项目详情_中止Test(com.beilie.test.bole.cases.项目部._01项目详情.设置项目进程.GP10项目详情_中止Test)
  Run 1: GP10项目详情_中止Test>TestCaseBase.init:11 ? SessionNotCreated session not created: ...
  Run 2: GP10项目详情_中止Test>TestCaseBase.clear:16 ? NullPointer

com.beilie.test.bole.cases.项目部._01项目详情.设置项目进程.GP10项目详情_已完成Test.null on com.beilie.test.bole.cases.项目部._01项目详情.设置项目进程.GP10项目详情_已完成Test(com.beilie.test.bole.cases.项目部._01项目详情.设置项目进程.GP10项目详情_已完成Test)
  Run 1: GP10项目详情_已完成Test>TestCaseBase.init:11 ? SessionNotCreated session not created:...
  Run 2: GP10项目详情_已完成Test>TestCaseBase.clear:16 ? NullPointer

com.beilie.test.bole.cases.项目部._01项目详情.设置项目进程.GP10项目详情_暂停Test.null on com.beilie.test.bole.cases.项目部._01项目详情.设置项目进程.GP10项目详情_暂停Test(com.beilie.test.bole.cases.项目部._01项目详情.设置项目进程.GP10项目详情_暂停Test)
  Run 1: GP10项目详情_暂停Test>TestCaseBase.init:11 ? SessionNotCreated session not created: ...
  Run 2: GP10项目详情_暂停Test>TestCaseBase.clear:16 ? NullPointer

com.beilie.test.bole.cases.项目部.项目执行._01GP10项目详情_项目执行_到发送推荐报告Test.null on com.beilie.test.bole.cases.项目部.项目执行._01GP10项目详情_项目执行_到发送推荐报告Test(com.beilie.test.bole.cases.项目部.项目执行._01GP10项目详情_项目执行_到发送推荐报告Test)
  Run 1: _01GP10项目详情_项目执行_到发送推荐报告Test>TestCaseBase.init:11 ? SessionNotCreated session ...
  Run 2: _01GP10项目详情_项目执行_到发送推荐报告Test>TestCaseBase.clear:16 ? NullPointer

com.beilie.test.open.applicants.cases.MyResume.编辑简历Test.null on com.beilie.test.open.applicants.cases.MyResume.编辑简历Test(com.beilie.test.open.applicants.cases.MyResume.编辑简历Test)
  Run 1: 编辑简历Test>TestCaseBase.init:11 ? SessionNotCreated session not created: This ve...
  Run 2: 编辑简历Test>TestCaseBase.clear:16 ? NullPointer

com.beilie.test.open.applicants.cases.Positions.SearchPositionTest.null on com.beilie.test.open.applicants.cases.Positions.SearchPositionTest(com.beilie.test.open.applicants.cases.Positions.SearchPositionTest)
  Run 1: SearchPositionTest>TestCaseBase.init:11 ? SessionNotCreated session not create...
  Run 2: SearchPositionTest>TestCaseBase.clear:16 ? NullPointer


Tests run: 32, Failures: 13, Errors: 0, Skipped: 13

[INFO] ------------------------------------------------------------------------
[INFO] BUILD FAILURE
[INFO] ------------------------------------------------------------------------
[INFO] Total time: 01:17 min
[INFO] Finished at: 2021-11-24T02:56:42+08:00
[INFO] Final Memory: 52M/325M
[INFO] ------------------------------------------------------------------------
[ERROR] Failed to execute goal org.apache.maven.plugins:maven-surefire-plugin:2.18.1:test (default-test) on project com-beilie-test: There are test failures.
[ERROR] 
[ERROR] Please refer to D:\workPlace\trunk\autoTest\src\com-beilie-test\target\surefire-reports for the individual test results.
[ERROR] -> [Help 1]
[ERROR] 
[ERROR] To see the full stack trace of the errors, re-run Maven with the -e switch.
[ERROR] Re-run Maven using the -X switch to enable full debug logging.
[ERROR] 
[ERROR] For more information about the errors and possible solutions, please read the following articles:
[ERROR] [Help 1] http://cwiki.apache.org/confluence/display/MAVEN/MojoFailureException
