[INFO] Scanning for projects...
Downloading: http://devs.beilie.com:8081/repository/wasp-public/com/beilie/com-beilie-parent/1.0.3-SNAPSHOT/maven-metadata.xml
610/610 B               Downloaded: http://devs.beilie.com:8081/repository/wasp-public/com/beilie/com-beilie-parent/1.0.3-SNAPSHOT/maven-metadata.xml (610 B at 2.6 KB/sec)
Downloading: http://devs.beilie.com:8081/repository/wasp-public/com/beilie/com-beilie-parent/1.0.3-SNAPSHOT/com-beilie-parent-1.0.3-20211124.020049-1168.pom
3/5 KB      5/5 KB            Downloaded: http://devs.beilie.com:8081/repository/wasp-public/com/beilie/com-beilie-parent/1.0.3-SNAPSHOT/com-beilie-parent-1.0.3-20211124.020049-1168.pom (5 KB at 60.8 KB/sec)
[INFO]                                                                         
[INFO] ------------------------------------------------------------------------
[INFO] Building com-beilie-test 1.0.3-SNAPSHOT
[INFO] ------------------------------------------------------------------------
Downloading: http://devs.beilie.com:8081/repository/wasp-public/com/beilie/com-beilie-data-mybatis/1.0.3-SNAPSHOT/maven-metadata.xml
792/792 B               Downloaded: http://devs.beilie.com:8081/repository/wasp-public/com/beilie/com-beilie-data-mybatis/1.0.3-SNAPSHOT/maven-metadata.xml (792 B at 11.2 KB/sec)
Downloading: http://devs.beilie.com:8081/repository/wasp-public/com/beilie/com-beilie-data-mybatis/1.0.3-SNAPSHOT/com-beilie-data-mybatis-1.0.3-20211124.020114-1052.pom
4/6 KB      6/6 KB            Downloaded: http://devs.beilie.com:8081/repository/wasp-public/com/beilie/com-beilie-data-mybatis/1.0.3-SNAPSHOT/com-beilie-data-mybatis-1.0.3-20211124.020114-1052.pom (6 KB at 77.9 KB/sec)
Downloading: http://devs.beilie.com:8081/repository/wasp-public/com/beilie/com-beilie-core/1.0.3-SNAPSHOT/maven-metadata.xml
784/784 B               Downloaded: http://devs.beilie.com:8081/repository/wasp-public/com/beilie/com-beilie-core/1.0.3-SNAPSHOT/maven-metadata.xml (784 B at 11.1 KB/sec)
Downloading: http://devs.beilie.com:8081/repository/wasp-public/com/beilie/com-beilie-core/1.0.3-SNAPSHOT/com-beilie-core-1.0.3-20211124.020111-1169.pom
4/9 KB      7/9 KB   9/9 KB            Downloaded: http://devs.beilie.com:8081/repository/wasp-public/com/beilie/com-beilie-core/1.0.3-SNAPSHOT/com-beilie-core-1.0.3-20211124.020111-1169.pom (9 KB at 79.5 KB/sec)
Downloading: http://devs.beilie.com:8081/repository/wasp-public/com/beilie/com-beilie-platform-api/1.0.3-SNAPSHOT/maven-metadata.xml
792/792 B               Downloaded: http://devs.beilie.com:8081/repository/wasp-public/com/beilie/com-beilie-platform-api/1.0.3-SNAPSHOT/maven-metadata.xml (792 B at 10.3 KB/sec)
Downloading: http://devs.beilie.com:8081/repository/wasp-public/com/beilie/com-beilie-platform-api/1.0.3-SNAPSHOT/com-beilie-platform-api-1.0.3-20211124.020134-1042.pom
4/6 KB      6/6 KB            Downloaded: http://devs.beilie.com:8081/repository/wasp-public/com/beilie/com-beilie-platform-api/1.0.3-SNAPSHOT/com-beilie-platform-api-1.0.3-20211124.020134-1042.pom (6 KB at 63.8 KB/sec)
Downloading: http://devs.beilie.com:8081/repository/wasp-public/com/beilie/com-beilie-core-zookeeper/1.0.3-SNAPSHOT/maven-metadata.xml
791/791 B               Downloaded: http://devs.beilie.com:8081/repository/wasp-public/com/beilie/com-beilie-core-zookeeper/1.0.3-SNAPSHOT/maven-metadata.xml (791 B at 2.9 KB/sec)
Downloading: http://devs.beilie.com:8081/repository/wasp-public/com/beilie/com-beilie-core-zookeeper/1.0.3-SNAPSHOT/com-beilie-core-zookeeper-1.0.3-20211124.020111-104.pom
3/4 KB      4/4 KB            Downloaded: http://devs.beilie.com:8081/repository/wasp-public/com/beilie/com-beilie-core-zookeeper/1.0.3-SNAPSHOT/com-beilie-core-zookeeper-1.0.3-20211124.020111-104.pom (4 KB at 57.8 KB/sec)
Downloading: http://devs.beilie.com:8081/repository/wasp-public/com/beilie/com-beilie-core-kafka/1.0.3-SNAPSHOT/maven-metadata.xml
787/787 B               Downloaded: http://devs.beilie.com:8081/repository/wasp-public/com/beilie/com-beilie-core-kafka/1.0.3-SNAPSHOT/maven-metadata.xml (787 B at 10.5 KB/sec)
Downloading: http://devs.beilie.com:8081/repository/wasp-public/com/beilie/com-beilie-core-kafka/1.0.3-SNAPSHOT/com-beilie-core-kafka-1.0.3-20211124.020112-104.pom
4/4 KB               Downloaded: http://devs.beilie.com:8081/repository/wasp-public/com/beilie/com-beilie-core-kafka/1.0.3-SNAPSHOT/com-beilie-core-kafka-1.0.3-20211124.020112-104.pom (4 KB at 49.0 KB/sec)
Downloading: http://devs.beilie.com:8081/repository/wasp-public/com/beilie/com-beilie-gaohr/1.0.3-SNAPSHOT/maven-metadata.xml
782/782 B               Downloaded: http://devs.beilie.com:8081/repository/wasp-public/com/beilie/com-beilie-gaohr/1.0.3-SNAPSHOT/maven-metadata.xml (782 B at 0.9 KB/sec)
Downloading: http://devs.beilie.com:8081/repository/wasp-public/com/beilie/com-beilie-talents/1.0.4-SNAPSHOT/maven-metadata.xml
784/784 B               Downloaded: http://devs.beilie.com:8081/repository/wasp-public/com/beilie/com-beilie-talents/1.0.4-SNAPSHOT/maven-metadata.xml (784 B at 10.9 KB/sec)
Downloading: https://repo.maven.apache.org/maven2/org/jetbrains/annotations/maven-metadata.xml
Downloading: http://devs.beilie.com:8081/repository/wasp-public/org/jetbrains/annotations/maven-metadata.xml
767/767 B               Downloaded: http://devs.beilie.com:8081/repository/wasp-public/org/jetbrains/annotations/maven-metadata.xml (767 B at 2.6 KB/sec)
746/746 B               Downloaded: https://repo.maven.apache.org/maven2/org/jetbrains/annotations/maven-metadata.xml (746 B at 0.6 KB/sec)
Downloading: http://devs.beilie.com:8081/repository/wasp-public/com/beilie/com-beilie-data-mybatis/1.0.3-SNAPSHOT/com-beilie-data-mybatis-1.0.3-20211124.020114-1052.jar
Downloading: http://devs.beilie.com:8081/repository/wasp-public/com/beilie/com-beilie-core/1.0.3-SNAPSHOT/com-beilie-core-1.0.3-20211124.020111-1169.jar
Downloading: http://devs.beilie.com:8081/repository/wasp-public/com/beilie/com-beilie-core-zookeeper/1.0.3-SNAPSHOT/com-beilie-core-zookeeper-1.0.3-20211124.020111-104.jar
Downloading: http://devs.beilie.com:8081/repository/wasp-public/com/beilie/com-beilie-platform-api/1.0.3-SNAPSHOT/com-beilie-platform-api-1.0.3-20211124.020134-1042.jar
Downloading: http://devs.beilie.com:8081/repository/wasp-public/com/beilie/com-beilie-core-kafka/1.0.3-SNAPSHOT/com-beilie-core-kafka-1.0.3-20211124.020112-104.jar
3/17 KB     7/17 KB   11/17 KB   15/17 KB   17/17 KB   3/323 KB   17/17 KB   4/323 KB   17/17 KB   8/323 KB   17/17 KB   8/323 KB   17/17 KB   8/323 KB   3/28 KB   17/17 KB   8/323 KB   3/28 KB   3/577 KB   17/17 KB   11/323 KB   3/28 KB   3/577 KB   17/17 KB   15/323 KB   3/28 KB   3/577 KB   17/17 KB   15/323 KB   3/28 KB   3/577 KB   17/17 KB   18/323 KB   3/28 KB   3/577 KB   17/17 KB   19/323 KB   3/28 KB   3/577 KB   17/17 KB   19/323 KB   6/28 KB   3/577 KB   17/17 KB   19/323 KB   8/28 KB   3/577 KB   17/17 KB   19/323 KB   8/28 KB   4/577 KB   17/17 KB   19/323 KB   8/28 KB   7/577 KB   17/17 KB   19/323 KB   8/28 KB   8/577 KB   17/17 KB                                               Downloaded: http://devs.beilie.com:8081/repository/wasp-public/com/beilie/com-beilie-core-kafka/1.0.3-SNAPSHOT/com-beilie-core-kafka-1.0.3-20211124.020112-104.jar (17 KB at 280.7 KB/sec)
19/323 KB   12/28 KB   8/577 KB             19/323 KB   16/28 KB   8/577 KB   23/323 KB   16/28 KB   8/577 KB   23/323 KB   19/28 KB   8/577 KB   27/323 KB   19/28 KB   8/577 KB   31/323 KB   19/28 KB   8/577 KB   35/323 KB   19/28 KB   8/577 KB   39/323 KB   19/28 KB   8/577 KB   41/323 KB   19/28 KB   8/577 KB   41/323 KB   19/28 KB   11/577 KB   41/323 KB   19/28 KB   12/577 KB   41/323 KB   19/28 KB   16/577 KB   41/323 KB   19/28 KB   17/577 KB   41/323 KB   19/28 KB   19/577 KB   43/323 KB   19/28 KB   19/577 KB   47/323 KB   19/28 KB   19/577 KB   49/323 KB   19/28 KB   19/577 KB   53/323 KB   19/28 KB   19/577 KB   54/323 KB   19/28 KB   19/577 KB   56/323 KB   19/28 KB   19/577 KB   59/323 KB   19/28 KB   19/577 KB   60/323 KB   19/28 KB   19/577 KB   63/323 KB   19/28 KB   19/577 KB   67/323 KB   19/28 KB   19/577 KB   67/323 KB   19/28 KB   19/577 KB   70/323 KB   19/28 KB   19/577 KB   70/323 KB   21/28 KB   19/577 KB   73/323 KB   21/28 KB   19/577 KB   73/323 KB   25/28 KB   19/577 KB   73/323 KB   26/28 KB   19/577 KB   73/323 KB   28/28 KB   19/577 KB   75/323 KB   28/28 KB   19/577 KB   79/323 KB   28/28 KB   19/577 KB   80/323 KB   28/28 KB   19/577 KB   84/323 KB   28/28 KB   19/577 KB   84/323 KB   28/28 KB   19/577 KB   88/323 KB   28/28 KB   19/577 KB   89/323 KB   28/28 KB   19/577 KB   92/323 KB   28/28 KB   19/577 KB   95/323 KB   28/28 KB   19/577 KB   96/323 KB   28/28 KB   19/577 KB   99/323 KB   28/28 KB   19/577 KB   102/323 KB   28/28 KB   19/577 KB   103/323 KB   28/28 KB   19/577 KB   106/323 KB   28/28 KB   19/577 KB   109/323 KB   28/28 KB   19/577 KB   110/323 KB   28/28 KB   19/577 KB   113/323 KB   28/28 KB   19/577 KB   116/323 KB   28/28 KB   19/577 KB   118/323 KB   28/28 KB   19/577 KB   121/323 KB   28/28 KB   19/577 KB   122/323 KB   28/28 KB   19/577 KB   125/323 KB   28/28 KB   19/577 KB   128/323 KB   28/28 KB   19/577 KB   128/323 KB   28/28 KB   19/577 KB   128/323 KB   28/28 KB   21/577 KB   128/323 KB   28/28 KB   23/577 KB   128/323 KB   28/28 KB   26/577 KB   128/323 KB   28/28 KB   29/577 KB   128/323 KB   28/28 KB   32/577 KB   128/323 KB   28/28 KB   34/577 KB   128/323 KB   28/28 KB   37/577 KB   128/323 KB   28/28 KB   40/577 KB   128/323 KB   28/28 KB   41/577 KB   132/323 KB   28/28 KB   41/577 KB   136/323 KB   28/28 KB   41/577 KB   140/323 KB   28/28 KB   41/577 KB   144/323 KB   28/28 KB   41/577 KB   148/323 KB   28/28 KB   41/577 KB   152/323 KB   28/28 KB   41/577 KB   156/323 KB   28/28 KB   41/577 KB   160/323 KB   28/28 KB   41/577 KB   164/323 KB   28/28 KB   41/577 KB   168/323 KB   28/28 KB   41/577 KB   172/323 KB   28/28 KB   41/577 KB   176/323 KB   28/28 KB   41/577 KB   180/323 KB   28/28 KB   41/577 KB   184/323 KB   28/28 KB   41/577 KB   188/323 KB   28/28 KB   41/577 KB   192/323 KB   28/28 KB   41/577 KB   192/323 KB   3/9 KB   28/28 KB   41/577 KB   192/323 KB   3/9 KB   28/28 KB   45/577 KB   192/323 KB   3/9 KB   28/28 KB   49/577 KB   192/323 KB   3/9 KB   28/28 KB   53/577 KB   192/323 KB   3/9 KB   28/28 KB   54/577 KB   192/323 KB   3/9 KB   28/28 KB   58/577 KB   192/323 KB   3/9 KB   28/28 KB   58/577 KB   192/323 KB   3/9 KB   28/28 KB   62/577 KB   192/323 KB   3/9 KB   28/28 KB   66/577 KB   192/323 KB   3/9 KB   28/28 KB   70/577 KB   192/323 KB   3/9 KB   28/28 KB   74/577 KB   192/323 KB   3/9 KB   28/28 KB   75/577 KB                                                Downloaded: http://devs.beilie.com:8081/repository/wasp-public/com/beilie/com-beilie-data-mybatis/1.0.3-SNAPSHOT/com-beilie-data-mybatis-1.0.3-20211124.020114-1052.jar (28 KB at 252.9 KB/sec)
192/323 KB   3/9 KB   79/577 KB              192/323 KB   3/9 KB   83/577 KB   192/323 KB   3/9 KB   84/577 KB   196/323 KB   3/9 KB   84/577 KB   200/323 KB   3/9 KB   84/577 KB   204/323 KB   3/9 KB   84/577 KB   208/323 KB   3/9 KB   84/577 KB   212/323 KB   3/9 KB   84/577 KB   216/323 KB   3/9 KB   84/577 KB   220/323 KB   3/9 KB   84/577 KB   224/323 KB   3/9 KB   84/577 KB   228/323 KB   3/9 KB   84/577 KB   232/323 KB   3/9 KB   84/577 KB   236/323 KB   3/9 KB   84/577 KB   240/323 KB   3/9 KB   84/577 KB   241/323 KB   3/9 KB   84/577 KB   244/323 KB   3/9 KB   84/577 KB   246/323 KB   3/9 KB   84/577 KB   249/323 KB   3/9 KB   84/577 KB   252/323 KB   3/9 KB   84/577 KB   255/323 KB   3/9 KB   84/577 KB   256/323 KB   3/9 KB   84/577 KB   256/323 KB   7/9 KB   84/577 KB   256/323 KB   7/9 KB   88/577 KB   256/323 KB   8/9 KB   88/577 KB   256/323 KB   8/9 KB   88/577 KB   256/323 KB   8/9 KB   90/577 KB   256/323 KB   8/9 KB   93/577 KB   256/323 KB   8/9 KB   96/577 KB   256/323 KB   8/9 KB   98/577 KB   256/323 KB   8/9 KB   101/577 KB   256/323 KB   8/9 KB   103/577 KB   256/323 KB   8/9 KB   106/577 KB   256/323 KB   8/9 KB   109/577 KB   256/323 KB   8/9 KB   112/577 KB   256/323 KB   8/9 KB   114/577 KB   256/323 KB   8/9 KB   117/577 KB   256/323 KB   8/9 KB   120/577 KB   256/323 KB   8/9 KB   122/577 KB   256/323 KB   8/9 KB   125/577 KB   256/323 KB   8/9 KB   128/577 KB   256/323 KB   9/9 KB   132/577 KB   256/323 KB   9/9 KB   132/577 KB   256/323 KB   9/9 KB   136/577 KB   256/323 KB   9/9 KB   140/577 KB   256/323 KB   9/9 KB   144/577 KB   256/323 KB   9/9 KB   148/577 KB   256/323 KB   9/9 KB   149/577 KB   260/323 KB   9/9 KB   149/577 KB   264/323 KB   9/9 KB   149/577 KB   268/323 KB   9/9 KB   149/577 KB   272/323 KB   9/9 KB   149/577 KB   276/323 KB   9/9 KB   149/577 KB   276/323 KB   9/9 KB   153/577 KB   280/323 KB   9/9 KB   153/577 KB   280/323 KB   9/9 KB   157/577 KB   284/323 KB   9/9 KB   157/577 KB   288/323 KB   9/9 KB   157/577 KB   288/323 KB   9/9 KB   160/577 KB   292/323 KB   9/9 KB   160/577 KB   296/323 KB   9/9 KB   160/577 KB   300/323 KB   9/9 KB   160/577 KB   304/323 KB   9/9 KB   160/577 KB   308/323 KB   9/9 KB   160/577 KB   312/323 KB   9/9 KB   160/577 KB   316/323 KB   9/9 KB   160/577 KB   320/323 KB   9/9 KB   160/577 KB   323/323 KB   9/9 KB   164/577 KB   323/323 KB   9/9 KB   164/577 KB   323/323 KB   9/9 KB   168/577 KB   323/323 KB   9/9 KB   172/577 KB   323/323 KB   9/9 KB   176/577 KB   323/323 KB   9/9 KB   180/577 KB   323/323 KB   9/9 KB   184/577 KB   323/323 KB   9/9 KB   188/577 KB   323/323 KB   9/9 KB   192/577 KB   323/323 KB   9/9 KB   196/577 KB   323/323 KB   9/9 KB   200/577 KB   323/323 KB   9/9 KB   204/577 KB   323/323 KB   9/9 KB   208/577 KB   323/323 KB   9/9 KB   212/577 KB   323/323 KB   9/9 KB   216/577 KB   323/323 KB   9/9 KB   220/577 KB   323/323 KB   9/9 KB   224/577 KB                                      Downloaded: http://devs.beilie.com:8081/repository/wasp-public/com/beilie/com-beilie-core-zookeeper/1.0.3-SNAPSHOT/com-beilie-core-zookeeper-1.0.3-20211124.020111-104.jar (9 KB at 53.1 KB/sec)
323/323 KB   227/577 KB            323/323 KB   230/577 KB   323/323 KB   234/577 KB   323/323 KB   235/577 KB   323/323 KB   239/577 KB   323/323 KB   241/577 KB   323/323 KB   245/577 KB   323/323 KB   246/577 KB   323/323 KB   250/577 KB   323/323 KB   252/577 KB   323/323 KB   256/577 KB   323/323 KB   256/577 KB   323/323 KB   260/577 KB   323/323 KB   261/577 KB   323/323 KB   263/577 KB   323/323 KB   267/577 KB   323/323 KB   269/577 KB   323/323 KB   273/577 KB   323/323 KB   273/577 KB   323/323 KB   274/577 KB   323/323 KB   278/577 KB   323/323 KB   278/577 KB   323/323 KB   281/577 KB   323/323 KB   285/577 KB   323/323 KB   285/577 KB   323/323 KB   288/577 KB                             Downloaded: http://devs.beilie.com:8081/repository/wasp-public/com/beilie/com-beilie-core/1.0.3-SNAPSHOT/com-beilie-core-1.0.3-20211124.020111-1169.jar (323 KB at 1780.2 KB/sec)
291/577 KB                294/577 KB   295/577 KB   299/577 KB   301/577 KB   304/577 KB   308/577 KB   308/577 KB   312/577 KB   312/577 KB   316/577 KB   316/577 KB   317/577 KB   320/577 KB   323/577 KB   326/577 KB   329/577 KB   331/577 KB   334/577 KB   337/577 KB   340/577 KB   341/577 KB   342/577 KB   344/577 KB   345/577 KB   349/577 KB   349/577 KB   352/577 KB   356/577 KB   360/577 KB   364/577 KB   368/577 KB   372/577 KB   376/577 KB   380/577 KB   384/577 KB   388/577 KB   392/577 KB   396/577 KB   400/577 KB   404/577 KB   408/577 KB   412/577 KB   416/577 KB   420/577 KB   424/577 KB   428/577 KB   432/577 KB   436/577 KB   440/577 KB   444/577 KB   448/577 KB   452/577 KB   456/577 KB   460/577 KB   464/577 KB   468/577 KB   472/577 KB   476/577 KB   480/577 KB   482/577 KB   486/577 KB   486/577 KB   487/577 KB   490/577 KB   491/577 KB   495/577 KB   496/577 KB   500/577 KB   500/577 KB   502/577 KB   505/577 KB   509/577 KB   509/577 KB   511/577 KB   514/577 KB   515/577 KB   518/577 KB   519/577 KB   522/577 KB   525/577 KB   528/577 KB   530/577 KB   533/577 KB   536/577 KB   538/577 KB   541/577 KB   544/577 KB   544/577 KB   547/577 KB   550/577 KB   554/577 KB   554/577 KB   558/577 KB   558/577 KB   560/577 KB   564/577 KB   564/577 KB   568/577 KB   568/577 KB   570/577 KB   572/577 KB   575/577 KB   577/577 KB                Downloaded: http://devs.beilie.com:8081/repository/wasp-public/com/beilie/com-beilie-platform-api/1.0.3-SNAPSHOT/com-beilie-platform-api-1.0.3-20211124.020134-1042.jar (577 KB at 1883.8 KB/sec)
[INFO] 
[INFO] --- maven-resources-plugin:2.6:resources (default-resources) @ com-beilie-test ---
[INFO] Using 'UTF-8' encoding to copy filtered resources.
[INFO] Copying 2 resources
[INFO] 
[INFO] --- maven-compiler-plugin:3.1:compile (default-compile) @ com-beilie-test ---
[INFO] Changes detected - recompiling the module!
[INFO] Compiling 22 source files to D:\workPlace\trunk\autoTest\src\com-beilie-test\target\classes
[WARNING] /D:/workPlace/trunk/autoTest/src/com-beilie-test/src/main/java/com/beilie/test/seleniums/core/SearchTemplate.java: 某些输入文件使用了未经检查或不安全的操作。
[WARNING] /D:/workPlace/trunk/autoTest/src/com-beilie-test/src/main/java/com/beilie/test/seleniums/core/SearchTemplate.java: 有关详细信息, 请使用 -Xlint:unchecked 重新编译。
[INFO] 
[INFO] --- maven-resources-plugin:2.6:testResources (default-testResources) @ com-beilie-test ---
[INFO] Using 'UTF-8' encoding to copy filtered resources.
[INFO] Copying 3 resources
[INFO] 
[INFO] --- maven-compiler-plugin:3.1:testCompile (default-testCompile) @ com-beilie-test ---
[INFO] Changes detected - recompiling the module!
[INFO] Compiling 275 source files to D:\workPlace\trunk\autoTest\src\com-beilie-test\target\test-classes
[WARNING] /D:/workPlace/trunk/autoTest/src/com-beilie-test/src/test/java/com/beilie/test/bole/pages/BbpiPage/BapiHomePage.java: 某些输入文件使用了未经检查或不安全的操作。
[WARNING] /D:/workPlace/trunk/autoTest/src/com-beilie-test/src/test/java/com/beilie/test/bole/pages/BbpiPage/BapiHomePage.java: 有关详细信息, 请使用 -Xlint:unchecked 重新编译。
[INFO] 
[INFO] --- maven-surefire-plugin:2.18.1:test (default-test) @ com-beilie-test ---
[INFO] Surefire report directory: D:\workPlace\trunk\autoTest\src\com-beilie-test\target\surefire-reports

-------------------------------------------------------
 T E S T S
-------------------------------------------------------
Running TestSuite
Configuring TestNG with: TestNG652Configurator
111111111  10  hary
111111111  15  jack
222222222  20  aa
222222222  25  bb
登录成功
支付成功
Configuring TestNG with: TestNG652Configurator
02:56:32.040 [Forwarding newSession on session null to remote] DEBUG org.apache.http.client.protocol.RequestAddCookies - CookieSpec selected: default
02:56:32.051 [Forwarding newSession on session null to remote] DEBUG org.apache.http.client.protocol.RequestAuthCache - Auth cache not set in the context
02:56:32.052 [Forwarding newSession on session null to remote] DEBUG org.apache.http.impl.conn.PoolingHttpClientConnectionManager - Connection request: [route: {}->http://localhost:3849][total kept alive: 0; route allocated: 0 of 2000; total allocated: 0 of 2000]
02:56:32.072 [Forwarding newSession on session null to remote] DEBUG org.apache.http.impl.conn.PoolingHttpClientConnectionManager - Connection leased: [id: 0][route: {}->http://localhost:3849][total kept alive: 0; route allocated: 1 of 2000; total allocated: 1 of 2000]
02:56:32.073 [Forwarding newSession on session null to remote] DEBUG org.apache.http.impl.execchain.MainClientExec - Opening connection {}->http://localhost:3849
02:56:32.073 [Forwarding newSession on session null to remote] DEBUG org.apache.http.impl.conn.DefaultHttpClientConnectionOperator - Connecting to localhost/127.0.0.1:3849
02:56:32.074 [Forwarding newSession on session null to remote] DEBUG org.apache.http.impl.conn.DefaultHttpClientConnectionOperator - Connection established 127.0.0.1:53768<->127.0.0.1:3849
02:56:32.074 [Forwarding newSession on session null to remote] DEBUG org.apache.http.impl.conn.DefaultManagedHttpClientConnection - http-outgoing-0: set socket timeout to 10800000
02:56:32.074 [Forwarding newSession on session null to remote] DEBUG org.apache.http.impl.execchain.MainClientExec - Executing request POST /session HTTP/1.1
02:56:32.074 [Forwarding newSession on session null to remote] DEBUG org.apache.http.impl.execchain.MainClientExec - Target auth state: UNCHALLENGED
02:56:32.075 [Forwarding newSession on session null to remote] DEBUG org.apache.http.impl.execchain.MainClientExec - Proxy auth state: UNCHALLENGED
02:56:32.076 [Forwarding newSession on session null to remote] DEBUG org.apache.http.headers - http-outgoing-0 >> POST /session HTTP/1.1
02:56:32.076 [Forwarding newSession on session null to remote] DEBUG org.apache.http.headers - http-outgoing-0 >> Content-Type: application/json; charset=utf-8
02:56:32.076 [Forwarding newSession on session null to remote] DEBUG org.apache.http.headers - http-outgoing-0 >> Content-Length: 141
02:56:32.076 [Forwarding newSession on session null to remote] DEBUG org.apache.http.headers - http-outgoing-0 >> Host: localhost:3849
02:56:32.076 [Forwarding newSession on session null to remote] DEBUG org.apache.http.headers - http-outgoing-0 >> Connection: Keep-Alive
02:56:32.076 [Forwarding newSession on session null to remote] DEBUG org.apache.http.headers - http-outgoing-0 >> User-Agent: Apache-HttpClient/4.5.2 (Java/1.8.0_162)
02:56:32.076 [Forwarding newSession on session null to remote] DEBUG org.apache.http.headers - http-outgoing-0 >> Accept-Encoding: gzip,deflate
02:56:32.076 [Forwarding newSession on session null to remote] DEBUG org.apache.http.wire - http-outgoing-0 >> "POST /session HTTP/1.1[\r][\n]"
02:56:32.076 [Forwarding newSession on session null to remote] DEBUG org.apache.http.wire - http-outgoing-0 >> "Content-Type: application/json; charset=utf-8[\r][\n]"
02:56:32.076 [Forwarding newSession on session null to remote] DEBUG org.apache.http.wire - http-outgoing-0 >> "Content-Length: 141[\r][\n]"
02:56:32.076 [Forwarding newSession on session null to remote] DEBUG org.apache.http.wire - http-outgoing-0 >> "Host: localhost:3849[\r][\n]"
02:56:32.076 [Forwarding newSession on session null to remote] DEBUG org.apache.http.wire - http-outgoing-0 >> "Connection: Keep-Alive[\r][\n]"
02:56:32.076 [Forwarding newSession on session null to remote] DEBUG org.apache.http.wire - http-outgoing-0 >> "User-Agent: Apache-HttpClient/4.5.2 (Java/1.8.0_162)[\r][\n]"
02:56:32.076 [Forwarding newSession on session null to remote] DEBUG org.apache.http.wire - http-outgoing-0 >> "Accept-Encoding: gzip,deflate[\r][\n]"
02:56:32.076 [Forwarding newSession on session null to remote] DEBUG org.apache.http.wire - http-outgoing-0 >> "[\r][\n]"
02:56:32.076 [Forwarding newSession on session null to remote] DEBUG org.apache.http.wire - http-outgoing-0 >> "{"desiredCapabilities":{"browserName":"chrome","chromeOptions":{"args":["--start-maximized"],"extensions":[]},"version":"","platform":"ANY"}}"
02:56:37.612 [Forwarding newSession on session null to remote] DEBUG org.apache.http.wire - http-outgoing-0 << "HTTP/1.1 200 OK[\r][\n]"
02:56:37.612 [Forwarding newSession on session null to remote] DEBUG org.apache.http.wire - http-outgoing-0 << "Content-Length:443[\r][\n]"
02:56:37.612 [Forwarding newSession on session null to remote] DEBUG org.apache.http.wire - http-outgoing-0 << "Content-Type:application/json; charset=utf-8[\r][\n]"
02:56:37.612 [Forwarding newSession on session null to remote] DEBUG org.apache.http.wire - http-outgoing-0 << "[\r][\n]"
02:56:37.612 [Forwarding newSession on session null to remote] DEBUG org.apache.http.wire - http-outgoing-0 << "{"sessionId":"4f478aae47650225fa205727fca415a5","status":33,"value":{"message":"session not created: This version of ChromeDriver only supports Chrome version 94\nCurrent browser version is 96.0.4664.45 with binary path C:\\Program Files (x86)\\Google\\Chrome\\Application\\chrome.exe\n  (Driver info: chromedriver=94.0.4606.61 (418b78f5838ed0b1c69bb4e51ea0252171854915-refs/branch-heads/4606@{#1204}),platform=Windows NT 10.0.19043 x86_64)"}}"
02:56:37.623 [Forwarding newSession on session null to remote] DEBUG org.apache.http.headers - http-outgoing-0 << HTTP/1.1 200 OK
02:56:37.624 [Forwarding newSession on session null to remote] DEBUG org.apache.http.headers - http-outgoing-0 << Content-Length:443
02:56:37.624 [Forwarding newSession on session null to remote] DEBUG org.apache.http.headers - http-outgoing-0 << Content-Type:application/json; charset=utf-8
02:56:37.648 [Forwarding newSession on session null to remote] DEBUG org.apache.http.impl.execchain.MainClientExec - Connection can be kept alive indefinitely
02:56:37.668 [Forwarding newSession on session null to remote] DEBUG org.apache.http.impl.conn.PoolingHttpClientConnectionManager - Connection [id: 0][route: {}->http://localhost:3849] can be kept alive indefinitely
02:56:37.668 [Forwarding newSession on session null to remote] DEBUG org.apache.http.impl.conn.PoolingHttpClientConnectionManager - Connection released: [id: 0][route: {}->http://localhost:3849][total kept alive: 1; route allocated: 1 of 2000; total allocated: 1 of 2000]
02:56:39.253 [Forwarding newSession on session null to remote] DEBUG org.apache.http.client.protocol.RequestAddCookies - CookieSpec selected: default
02:56:39.253 [Forwarding newSession on session null to remote] DEBUG org.apache.http.client.protocol.RequestAuthCache - Auth cache not set in the context
02:56:39.253 [Forwarding newSession on session null to remote] DEBUG org.apache.http.impl.conn.PoolingHttpClientConnectionManager - Connection request: [route: {}->http://localhost:6387][total kept alive: 1; route allocated: 0 of 2000; total allocated: 1 of 2000]
02:56:39.253 [Forwarding newSession on session null to remote] DEBUG org.apache.http.impl.conn.PoolingHttpClientConnectionManager - Connection leased: [id: 1][route: {}->http://localhost:6387][total kept alive: 1; route allocated: 1 of 2000; total allocated: 2 of 2000]
02:56:39.253 [Forwarding newSession on session null to remote] DEBUG org.apache.http.impl.execchain.MainClientExec - Opening connection {}->http://localhost:6387
02:56:39.253 [Forwarding newSession on session null to remote] DEBUG org.apache.http.impl.conn.DefaultHttpClientConnectionOperator - Connecting to localhost/127.0.0.1:6387
02:56:39.253 [Forwarding newSession on session null to remote] DEBUG org.apache.http.impl.conn.DefaultHttpClientConnectionOperator - Connection established 127.0.0.1:49996<->127.0.0.1:6387
02:56:39.253 [Forwarding newSession on session null to remote] DEBUG org.apache.http.impl.conn.DefaultManagedHttpClientConnection - http-outgoing-1: set socket timeout to 10800000
02:56:39.253 [Forwarding newSession on session null to remote] DEBUG org.apache.http.impl.execchain.MainClientExec - Executing request POST /session HTTP/1.1
02:56:39.253 [Forwarding newSession on session null to remote] DEBUG org.apache.http.impl.execchain.MainClientExec - Target auth state: UNCHALLENGED
02:56:39.253 [Forwarding newSession on session null to remote] DEBUG org.apache.http.impl.execchain.MainClientExec - Proxy auth state: UNCHALLENGED
02:56:39.253 [Forwarding newSession on session null to remote] DEBUG org.apache.http.headers - http-outgoing-1 >> POST /session HTTP/1.1
02:56:39.253 [Forwarding newSession on session null to remote] DEBUG org.apache.http.headers - http-outgoing-1 >> Content-Type: application/json; charset=utf-8
02:56:39.253 [Forwarding newSession on session null to remote] DEBUG org.apache.http.headers - http-outgoing-1 >> Content-Length: 141
02:56:39.253 [Forwarding newSession on session null to remote] DEBUG org.apache.http.headers - http-outgoing-1 >> Host: localhost:6387
02:56:39.253 [Forwarding newSession on session null to remote] DEBUG org.apache.http.headers - http-outgoing-1 >> Connection: Keep-Alive
02:56:39.253 [Forwarding newSession on session null to remote] DEBUG org.apache.http.headers - http-outgoing-1 >> User-Agent: Apache-HttpClient/4.5.2 (Java/1.8.0_162)
02:56:39.253 [Forwarding newSession on session null to remote] DEBUG org.apache.http.headers - http-outgoing-1 >> Accept-Encoding: gzip,deflate
02:56:39.253 [Forwarding newSession on session null to remote] DEBUG org.apache.http.wire - http-outgoing-1 >> "POST /session HTTP/1.1[\r][\n]"
02:56:39.253 [Forwarding newSession on session null to remote] DEBUG org.apache.http.wire - http-outgoing-1 >> "Content-Type: application/json; charset=utf-8[\r][\n]"
02:56:39.253 [Forwarding newSession on session null to remote] DEBUG org.apache.http.wire - http-outgoing-1 >> "Content-Length: 141[\r][\n]"
02:56:39.254 [Forwarding newSession on session null to remote] DEBUG org.apache.http.wire - http-outgoing-1 >> "Host: localhost:6387[\r][\n]"
02:56:39.254 [Forwarding newSession on session null to remote] DEBUG org.apache.http.wire - http-outgoing-1 >> "Connection: Keep-Alive[\r][\n]"
02:56:39.254 [Forwarding newSession on session null to remote] DEBUG org.apache.http.wire - http-outgoing-1 >> "User-Agent: Apache-HttpClient/4.5.2 (Java/1.8.0_162)[\r][\n]"
02:56:39.254 [Forwarding newSession on session null to remote] DEBUG org.apache.http.wire - http-outgoing-1 >> "Accept-Encoding: gzip,deflate[\r][\n]"
02:56:39.254 [Forwarding newSession on session null to remote] DEBUG org.apache.http.wire - http-outgoing-1 >> "[\r][\n]"
02:56:39.254 [Forwarding newSession on session null to remote] DEBUG org.apache.http.wire - http-outgoing-1 >> "{"desiredCapabilities":{"browserName":"chrome","chromeOptions":{"args":["--start-maximized"],"extensions":[]},"version":"","platform":"ANY"}}"
02:56:40.796 [Forwarding newSession on session null to remote] DEBUG org.apache.http.wire - http-outgoing-1 << "HTTP/1.1 200 OK[\r][\n]"
02:56:40.796 [Forwarding newSession on session null to remote] DEBUG org.apache.http.wire - http-outgoing-1 << "Content-Length:443[\r][\n]"
02:56:40.796 [Forwarding newSession on session null to remote] DEBUG org.apache.http.wire - http-outgoing-1 << "Content-Type:application/json; charset=utf-8[\r][\n]"
02:56:40.796 [Forwarding newSession on session null to remote] DEBUG org.apache.http.wire - http-outgoing-1 << "[\r][\n]"
02:56:40.796 [Forwarding newSession on session null to remote] DEBUG org.apache.http.wire - http-outgoing-1 << "{"sessionId":"1f946de36096a180d47186536c7828f3","status":33,"value":{"message":"session not created: This version of ChromeDriver only supports Chrome version 94\nCurrent browser version is 96.0.4664.45 with binary path C:\\Program Files (x86)\\Google\\Chrome\\Application\\chrome.exe\n  (Driver info: chromedriver=94.0.4606.61 (418b78f5838ed0b1c69bb4e51ea0252171854915-refs/branch-heads/4606@{#1204}),platform=Windows NT 10.0.19043 x86_64)"}}"
02:56:40.797 [Forwarding newSession on session null to remote] DEBUG org.apache.http.headers - http-outgoing-1 << HTTP/1.1 200 OK
02:56:40.797 [Forwarding newSession on session null to remote] DEBUG org.apache.http.headers - http-outgoing-1 << Content-Length:443
02:56:40.797 [Forwarding newSession on session null to remote] DEBUG org.apache.http.headers - http-outgoing-1 << Content-Type:application/json; charset=utf-8
02:56:40.797 [Forwarding newSession on session null to remote] DEBUG org.apache.http.impl.execchain.MainClientExec - Connection can be kept alive indefinitely
02:56:40.797 [Forwarding newSession on session null to remote] DEBUG org.apache.http.impl.conn.PoolingHttpClientConnectionManager - Connection [id: 1][route: {}->http://localhost:6387] can be kept alive indefinitely
02:56:40.797 [Forwarding newSession on session null to remote] DEBUG org.apache.http.impl.conn.PoolingHttpClientConnectionManager - Connection released: [id: 1][route: {}->http://localhost:6387][total kept alive: 2; route allocated: 1 of 2000; total allocated: 2 of 2000]
02:56:42.007 [Forwarding newSession on session null to remote] DEBUG org.apache.http.client.protocol.RequestAddCookies - CookieSpec selected: default
02:56:42.007 [Forwarding newSession on session null to remote] DEBUG org.apache.http.client.protocol.RequestAuthCache - Auth cache not set in the context
02:56:42.007 [Forwarding newSession on session null to remote] DEBUG org.apache.http.impl.conn.PoolingHttpClientConnectionManager - Connection request: [route: {}->http://localhost:44062][total kept alive: 2; route allocated: 0 of 2000; total allocated: 2 of 2000]
02:56:42.007 [Forwarding newSession on session null to remote] DEBUG org.apache.http.impl.conn.PoolingHttpClientConnectionManager - Connection leased: [id: 2][route: {}->http://localhost:44062][total kept alive: 2; route allocated: 1 of 2000; total allocated: 3 of 2000]
02:56:42.007 [Forwarding newSession on session null to remote] DEBUG org.apache.http.impl.execchain.MainClientExec - Opening connection {}->http://localhost:44062
02:56:42.008 [Forwarding newSession on session null to remote] DEBUG org.apache.http.impl.conn.DefaultHttpClientConnectionOperator - Connecting to localhost/127.0.0.1:44062
02:56:42.008 [Forwarding newSession on session null to remote] DEBUG org.apache.http.impl.conn.DefaultHttpClientConnectionOperator - Connection established 127.0.0.1:62665<->127.0.0.1:44062
02:56:42.008 [Forwarding newSession on session null to remote] DEBUG org.apache.http.impl.conn.DefaultManagedHttpClientConnection - http-outgoing-2: set socket timeout to 10800000
02:56:42.008 [Forwarding newSession on session null to remote] DEBUG org.apache.http.impl.execchain.MainClientExec - Executing request POST /session HTTP/1.1
02:56:42.008 [Forwarding newSession on session null to remote] DEBUG org.apache.http.impl.execchain.MainClientExec - Target auth state: UNCHALLENGED
02:56:42.008 [Forwarding newSession on session null to remote] DEBUG org.apache.http.impl.execchain.MainClientExec - Proxy auth state: UNCHALLENGED
02:56:42.008 [Forwarding newSession on session null to remote] DEBUG org.apache.http.headers - http-outgoing-2 >> POST /session HTTP/1.1
02:56:42.008 [Forwarding newSession on session null to remote] DEBUG org.apache.http.headers - http-outgoing-2 >> Content-Type: application/json; charset=utf-8
02:56:42.008 [Forwarding newSession on session null to remote] DEBUG org.apache.http.headers - http-outgoing-2 >> Content-Length: 141
02:56:42.008 [Forwarding newSession on session null to remote] DEBUG org.apache.http.headers - http-outgoing-2 >> Host: localhost:44062
02:56:42.008 [Forwarding newSession on session null to remote] DEBUG org.apache.http.headers - http-outgoing-2 >> Connection: Keep-Alive
02:56:42.008 [Forwarding newSession on session null to remote] DEBUG org.apache.http.headers - http-outgoing-2 >> User-Agent: Apache-HttpClient/4.5.2 (Java/1.8.0_162)
02:56:42.008 [Forwarding newSession on session null to remote] DEBUG org.apache.http.headers - http-outgoing-2 >> Accept-Encoding: gzip,deflate
02:56:42.008 [Forwarding newSession on session null to remote] DEBUG org.apache.http.wire - http-outgoing-2 >> "POST /session HTTP/1.1[\r][\n]"
02:56:42.008 [Forwarding newSession on session null to remote] DEBUG org.apache.http.wire - http-outgoing-2 >> "Content-Type: application/json; charset=utf-8[\r][\n]"
02:56:42.009 [Forwarding newSession on session null to remote] DEBUG org.apache.http.wire - http-outgoing-2 >> "Content-Length: 141[\r][\n]"
02:56:42.009 [Forwarding newSession on session null to remote] DEBUG org.apache.http.wire - http-outgoing-2 >> "Host: localhost:44062[\r][\n]"
02:56:42.009 [Forwarding newSession on session null to remote] DEBUG org.apache.http.wire - http-outgoing-2 >> "Connection: Keep-Alive[\r][\n]"
02:56:42.009 [Forwarding newSession on session null to remote] DEBUG org.apache.http.wire - http-outgoing-2 >> "User-Agent: Apache-HttpClient/4.5.2 (Java/1.8.0_162)[\r][\n]"
02:56:42.009 [Forwarding newSession on session null to remote] DEBUG org.apache.http.wire - http-outgoing-2 >> "Accept-Encoding: gzip,deflate[\r][\n]"
02:56:42.009 [Forwarding newSession on session null to remote] DEBUG org.apache.http.wire - http-outgoing-2 >> "[\r][\n]"
02:56:42.009 [Forwarding newSession on session null to remote] DEBUG org.apache.http.wire - http-outgoing-2 >> "{"desiredCapabilities":{"browserName":"chrome","chromeOptions":{"args":["--start-maximized"],"extensions":[]},"version":"","platform":"ANY"}}"
02:56:45.728 [Forwarding newSession on session null to remote] DEBUG org.apache.http.wire - http-outgoing-2 << "HTTP/1.1 200 OK[\r][\n]"
02:56:45.728 [Forwarding newSession on session null to remote] DEBUG org.apache.http.wire - http-outgoing-2 << "Content-Length:443[\r][\n]"
02:56:45.728 [Forwarding newSession on session null to remote] DEBUG org.apache.http.wire - http-outgoing-2 << "Content-Type:application/json; charset=utf-8[\r][\n]"
02:56:45.728 [Forwarding newSession on session null to remote] DEBUG org.apache.http.wire - http-outgoing-2 << "[\r][\n]"
02:56:45.729 [Forwarding newSession on session null to remote] DEBUG org.apache.http.wire - http-outgoing-2 << "{"sessionId":"8938cb2c561d6043af378555ac10f44e","status":33,"value":{"message":"session not created: This version of ChromeDriver only supports Chrome version 94\nCurrent browser version is 96.0.4664.45 with binary path C:\\Program Files (x86)\\Google\\Chrome\\Application\\chrome.exe\n  (Driver info: chromedriver=94.0.4606.61 (418b78f5838ed0b1c69bb4e51ea0252171854915-refs/branch-heads/4606@{#1204}),platform=Windows NT 10.0.19043 x86_64)"}}"
02:56:45.729 [Forwarding newSession on session null to remote] DEBUG org.apache.http.headers - http-outgoing-2 << HTTP/1.1 200 OK
02:56:45.729 [Forwarding newSession on session null to remote] DEBUG org.apache.http.headers - http-outgoing-2 << Content-Length:443
02:56:45.729 [Forwarding newSession on session null to remote] DEBUG org.apache.http.headers - http-outgoing-2 << Content-Type:application/json; charset=utf-8
02:56:45.729 [Forwarding newSession on session null to remote] DEBUG org.apache.http.impl.execchain.MainClientExec - Connection can be kept alive indefinitely
02:56:45.729 [Forwarding newSession on session null to remote] DEBUG org.apache.http.impl.conn.PoolingHttpClientConnectionManager - Connection [id: 2][route: {}->http://localhost:44062] can be kept alive indefinitely
02:56:45.729 [Forwarding newSession on session null to remote] DEBUG org.apache.http.impl.conn.PoolingHttpClientConnectionManager - Connection released: [id: 2][route: {}->http://localhost:44062][total kept alive: 3; route allocated: 1 of 2000; total allocated: 3 of 2000]
02:56:46.921 [Forwarding newSession on session null to remote] DEBUG org.apache.http.client.protocol.RequestAddCookies - CookieSpec selected: default
02:56:46.921 [Forwarding newSession on session null to remote] DEBUG org.apache.http.client.protocol.RequestAuthCache - Auth cache not set in the context
02:56:46.921 [Forwarding newSession on session null to remote] DEBUG org.apache.http.impl.conn.PoolingHttpClientConnectionManager - Connection request: [route: {}->http://localhost:22746][total kept alive: 3; route allocated: 0 of 2000; total allocated: 3 of 2000]
02:56:46.921 [Forwarding newSession on session null to remote] DEBUG org.apache.http.impl.conn.PoolingHttpClientConnectionManager - Connection leased: [id: 3][route: {}->http://localhost:22746][total kept alive: 3; route allocated: 1 of 2000; total allocated: 4 of 2000]
02:56:46.921 [Forwarding newSession on session null to remote] DEBUG org.apache.http.impl.execchain.MainClientExec - Opening connection {}->http://localhost:22746
02:56:46.921 [Forwarding newSession on session null to remote] DEBUG org.apache.http.impl.conn.DefaultHttpClientConnectionOperator - Connecting to localhost/127.0.0.1:22746
02:56:46.921 [Forwarding newSession on session null to remote] DEBUG org.apache.http.impl.conn.DefaultHttpClientConnectionOperator - Connection established 127.0.0.1:50633<->127.0.0.1:22746
02:56:46.921 [Forwarding newSession on session null to remote] DEBUG org.apache.http.impl.conn.DefaultManagedHttpClientConnection - http-outgoing-3: set socket timeout to 10800000
02:56:46.921 [Forwarding newSession on session null to remote] DEBUG org.apache.http.impl.execchain.MainClientExec - Executing request POST /session HTTP/1.1
02:56:46.921 [Forwarding newSession on session null to remote] DEBUG org.apache.http.impl.execchain.MainClientExec - Target auth state: UNCHALLENGED
02:56:46.921 [Forwarding newSession on session null to remote] DEBUG org.apache.http.impl.execchain.MainClientExec - Proxy auth state: UNCHALLENGED
02:56:46.921 [Forwarding newSession on session null to remote] DEBUG org.apache.http.headers - http-outgoing-3 >> POST /session HTTP/1.1
02:56:46.921 [Forwarding newSession on session null to remote] DEBUG org.apache.http.headers - http-outgoing-3 >> Content-Type: application/json; charset=utf-8
02:56:46.921 [Forwarding newSession on session null to remote] DEBUG org.apache.http.headers - http-outgoing-3 >> Content-Length: 141
02:56:46.922 [Forwarding newSession on session null to remote] DEBUG org.apache.http.headers - http-outgoing-3 >> Host: localhost:22746
02:56:46.922 [Forwarding newSession on session null to remote] DEBUG org.apache.http.headers - http-outgoing-3 >> Connection: Keep-Alive
02:56:46.922 [Forwarding newSession on session null to remote] DEBUG org.apache.http.headers - http-outgoing-3 >> User-Agent: Apache-HttpClient/4.5.2 (Java/1.8.0_162)
02:56:46.922 [Forwarding newSession on session null to remote] DEBUG org.apache.http.headers - http-outgoing-3 >> Accept-Encoding: gzip,deflate
02:56:46.922 [Forwarding newSession on session null to remote] DEBUG org.apache.http.wire - http-outgoing-3 >> "POST /session HTTP/1.1[\r][\n]"
02:56:46.922 [Forwarding newSession on session null to remote] DEBUG org.apache.http.wire - http-outgoing-3 >> "Content-Type: application/json; charset=utf-8[\r][\n]"
02:56:46.922 [Forwarding newSession on session null to remote] DEBUG org.apache.http.wire - http-outgoing-3 >> "Content-Length: 141[\r][\n]"
02:56:46.922 [Forwarding newSession on session null to remote] DEBUG org.apache.http.wire - http-outgoing-3 >> "Host: localhost:22746[\r][\n]"
02:56:46.922 [Forwarding newSession on session null to remote] DEBUG org.apache.http.wire - http-outgoing-3 >> "Connection: Keep-Alive[\r][\n]"
02:56:46.922 [Forwarding newSession on session null to remote] DEBUG org.apache.http.wire - http-outgoing-3 >> "User-Agent: Apache-HttpClient/4.5.2 (Java/1.8.0_162)[\r][\n]"
02:56:46.922 [Forwarding newSession on session null to remote] DEBUG org.apache.http.wire - http-outgoing-3 >> "Accept-Encoding: gzip,deflate[\r][\n]"
02:56:46.922 [Forwarding newSession on session null to remote] DEBUG org.apache.http.wire - http-outgoing-3 >> "[\r][\n]"
02:56:46.922 [Forwarding newSession on session null to remote] DEBUG org.apache.http.wire - http-outgoing-3 >> "{"desiredCapabilities":{"browserName":"chrome","chromeOptions":{"args":["--start-maximized"],"extensions":[]},"version":"","platform":"ANY"}}"
02:56:48.613 [Forwarding newSession on session null to remote] DEBUG org.apache.http.wire - http-outgoing-3 << "HTTP/1.1 200 OK[\r][\n]"
02:56:48.613 [Forwarding newSession on session null to remote] DEBUG org.apache.http.wire - http-outgoing-3 << "Content-Length:443[\r][\n]"
02:56:48.613 [Forwarding newSession on session null to remote] DEBUG org.apache.http.wire - http-outgoing-3 << "Content-Type:application/json; charset=utf-8[\r][\n]"
02:56:48.613 [Forwarding newSession on session null to remote] DEBUG org.apache.http.wire - http-outgoing-3 << "[\r][\n]"
02:56:48.613 [Forwarding newSession on session null to remote] DEBUG org.apache.http.wire - http-outgoing-3 << "{"sessionId":"163d10de55db781e68dc464104e98bfb","status":33,"value":{"message":"session not created: This version of ChromeDriver only supports Chrome version 94\nCurrent browser version is 96.0.4664.45 with binary path C:\\Program Files (x86)\\Google\\Chrome\\Application\\chrome.exe\n  (Driver info: chromedriver=94.0.4606.61 (418b78f5838ed0b1c69bb4e51ea0252171854915-refs/branch-heads/4606@{#1204}),platform=Windows NT 10.0.19043 x86_64)"}}"
02:56:48.613 [Forwarding newSession on session null to remote] DEBUG org.apache.http.headers - http-outgoing-3 << HTTP/1.1 200 OK
02:56:48.613 [Forwarding newSession on session null to remote] DEBUG org.apache.http.headers - http-outgoing-3 << Content-Length:443
02:56:48.613 [Forwarding newSession on session null to remote] DEBUG org.apache.http.headers - http-outgoing-3 << Content-Type:application/json; charset=utf-8
02:56:48.613 [Forwarding newSession on session null to remote] DEBUG org.apache.http.impl.execchain.MainClientExec - Connection can be kept alive indefinitely
02:56:48.613 [Forwarding newSession on session null to remote] DEBUG org.apache.http.impl.conn.PoolingHttpClientConnectionManager - Connection [id: 3][route: {}->http://localhost:22746] can be kept alive indefinitely
02:56:48.613 [Forwarding newSession on session null to remote] DEBUG org.apache.http.impl.conn.PoolingHttpClientConnectionManager - Connection released: [id: 3][route: {}->http://localhost:22746][total kept alive: 4; route allocated: 1 of 2000; total allocated: 4 of 2000]
02:56:49.728 [Forwarding newSession on session null to remote] DEBUG org.apache.http.client.protocol.RequestAddCookies - CookieSpec selected: default
02:56:49.728 [Forwarding newSession on session null to remote] DEBUG org.apache.http.client.protocol.RequestAuthCache - Auth cache not set in the context
02:56:49.728 [Forwarding newSession on session null to remote] DEBUG org.apache.http.impl.conn.PoolingHttpClientConnectionManager - Connection request: [route: {}->http://localhost:17499][total kept alive: 4; route allocated: 0 of 2000; total allocated: 4 of 2000]
02:56:49.728 [Forwarding newSession on session null to remote] DEBUG org.apache.http.impl.conn.PoolingHttpClientConnectionManager - Connection leased: [id: 4][route: {}->http://localhost:17499][total kept alive: 4; route allocated: 1 of 2000; total allocated: 5 of 2000]
02:56:49.728 [Forwarding newSession on session null to remote] DEBUG org.apache.http.impl.execchain.MainClientExec - Opening connection {}->http://localhost:17499
02:56:49.728 [Forwarding newSession on session null to remote] DEBUG org.apache.http.impl.conn.DefaultHttpClientConnectionOperator - Connecting to localhost/127.0.0.1:17499
02:56:49.729 [Forwarding newSession on session null to remote] DEBUG org.apache.http.impl.conn.DefaultHttpClientConnectionOperator - Connection established 127.0.0.1:60427<->127.0.0.1:17499
02:56:49.729 [Forwarding newSession on session null to remote] DEBUG org.apache.http.impl.conn.DefaultManagedHttpClientConnection - http-outgoing-4: set socket timeout to 10800000
02:56:49.729 [Forwarding newSession on session null to remote] DEBUG org.apache.http.impl.execchain.MainClientExec - Executing request POST /session HTTP/1.1
02:56:49.729 [Forwarding newSession on session null to remote] DEBUG org.apache.http.impl.execchain.MainClientExec - Target auth state: UNCHALLENGED
02:56:49.729 [Forwarding newSession on session null to remote] DEBUG org.apache.http.impl.execchain.MainClientExec - Proxy auth state: UNCHALLENGED
02:56:49.729 [Forwarding newSession on session null to remote] DEBUG org.apache.http.headers - http-outgoing-4 >> POST /session HTTP/1.1
02:56:49.729 [Forwarding newSession on session null to remote] DEBUG org.apache.http.headers - http-outgoing-4 >> Content-Type: application/json; charset=utf-8
02:56:49.729 [Forwarding newSession on session null to remote] DEBUG org.apache.http.headers - http-outgoing-4 >> Content-Length: 141
02:56:49.729 [Forwarding newSession on session null to remote] DEBUG org.apache.http.headers - http-outgoing-4 >> Host: localhost:17499
02:56:49.729 [Forwarding newSession on session null to remote] DEBUG org.apache.http.headers - http-outgoing-4 >> Connection: Keep-Alive
02:56:49.729 [Forwarding newSession on session null to remote] DEBUG org.apache.http.headers - http-outgoing-4 >> User-Agent: Apache-HttpClient/4.5.2 (Java/1.8.0_162)
02:56:49.729 [Forwarding newSession on session null to remote] DEBUG org.apache.http.headers - http-outgoing-4 >> Accept-Encoding: gzip,deflate
02:56:49.729 [Forwarding newSession on session null to remote] DEBUG org.apache.http.wire - http-outgoing-4 >> "POST /session HTTP/1.1[\r][\n]"
02:56:49.729 [Forwarding newSession on session null to remote] DEBUG org.apache.http.wire - http-outgoing-4 >> "Content-Type: application/json; charset=utf-8[\r][\n]"
02:56:49.729 [Forwarding newSession on session null to remote] DEBUG org.apache.http.wire - http-outgoing-4 >> "Content-Length: 141[\r][\n]"
02:56:49.729 [Forwarding newSession on session null to remote] DEBUG org.apache.http.wire - http-outgoing-4 >> "Host: localhost:17499[\r][\n]"
02:56:49.729 [Forwarding newSession on session null to remote] DEBUG org.apache.http.wire - http-outgoing-4 >> "Connection: Keep-Alive[\r][\n]"
02:56:49.729 [Forwarding newSession on session null to remote] DEBUG org.apache.http.wire - http-outgoing-4 >> "User-Agent: Apache-HttpClient/4.5.2 (Java/1.8.0_162)[\r][\n]"
02:56:49.729 [Forwarding newSession on session null to remote] DEBUG org.apache.http.wire - http-outgoing-4 >> "Accept-Encoding: gzip,deflate[\r][\n]"
02:56:49.729 [Forwarding newSession on session null to remote] DEBUG org.apache.http.wire - http-outgoing-4 >> "[\r][\n]"
02:56:49.729 [Forwarding newSession on session null to remote] DEBUG org.apache.http.wire - http-outgoing-4 >> "{"desiredCapabilities":{"browserName":"chrome","chromeOptions":{"args":["--start-maximized"],"extensions":[]},"version":"","platform":"ANY"}}"
02:56:50.392 [Forwarding newSession on session null to remote] DEBUG org.apache.http.wire - http-outgoing-4 << "HTTP/1.1 200 OK[\r][\n]"
02:56:50.392 [Forwarding newSession on session null to remote] DEBUG org.apache.http.wire - http-outgoing-4 << "Content-Length:443[\r][\n]"
02:56:50.392 [Forwarding newSession on session null to remote] DEBUG org.apache.http.wire - http-outgoing-4 << "Content-Type:application/json; charset=utf-8[\r][\n]"
02:56:50.392 [Forwarding newSession on session null to remote] DEBUG org.apache.http.wire - http-outgoing-4 << "[\r][\n]"
02:56:50.392 [Forwarding newSession on session null to remote] DEBUG org.apache.http.wire - http-outgoing-4 << "{"sessionId":"5889c1e3470a4d7896afe11dcbd8731c","status":33,"value":{"message":"session not created: This version of ChromeDriver only supports Chrome version 94\nCurrent browser version is 96.0.4664.45 with binary path C:\\Program Files (x86)\\Google\\Chrome\\Application\\chrome.exe\n  (Driver info: chromedriver=94.0.4606.61 (418b78f5838ed0b1c69bb4e51ea0252171854915-refs/branch-heads/4606@{#1204}),platform=Windows NT 10.0.19043 x86_64)"}}"
02:56:50.392 [Forwarding newSession on session null to remote] DEBUG org.apache.http.headers - http-outgoing-4 << HTTP/1.1 200 OK
02:56:50.392 [Forwarding newSession on session null to remote] DEBUG org.apache.http.headers - http-outgoing-4 << Content-Length:443
02:56:50.392 [Forwarding newSession on session null to remote] DEBUG org.apache.http.headers - http-outgoing-4 << Content-Type:application/json; charset=utf-8
02:56:50.392 [Forwarding newSession on session null to remote] DEBUG org.apache.http.impl.execchain.MainClientExec - Connection can be kept alive indefinitely
02:56:50.392 [Forwarding newSession on session null to remote] DEBUG org.apache.http.impl.conn.PoolingHttpClientConnectionManager - Connection [id: 4][route: {}->http://localhost:17499] can be kept alive indefinitely
02:56:50.393 [Forwarding newSession on session null to remote] DEBUG org.apache.http.impl.conn.PoolingHttpClientConnectionManager - Connection released: [id: 4][route: {}->http://localhost:17499][total kept alive: 5; route allocated: 1 of 2000; total allocated: 5 of 2000]
02:56:51.581 [Forwarding newSession on session null to remote] DEBUG org.apache.http.client.protocol.RequestAddCookies - CookieSpec selected: default
02:56:51.581 [Forwarding newSession on session null to remote] DEBUG org.apache.http.client.protocol.RequestAuthCache - Auth cache not set in the context
02:56:51.581 [Forwarding newSession on session null to remote] DEBUG org.apache.http.impl.conn.PoolingHttpClientConnectionManager - Connection request: [route: {}->http://localhost:14619][total kept alive: 5; route allocated: 0 of 2000; total allocated: 5 of 2000]
02:56:51.582 [Forwarding newSession on session null to remote] DEBUG org.apache.http.impl.conn.PoolingHttpClientConnectionManager - Connection leased: [id: 5][route: {}->http://localhost:14619][total kept alive: 5; route allocated: 1 of 2000; total allocated: 6 of 2000]
02:56:51.582 [Forwarding newSession on session null to remote] DEBUG org.apache.http.impl.execchain.MainClientExec - Opening connection {}->http://localhost:14619
02:56:51.582 [Forwarding newSession on session null to remote] DEBUG org.apache.http.impl.conn.DefaultHttpClientConnectionOperator - Connecting to localhost/127.0.0.1:14619
02:56:51.582 [Forwarding newSession on session null to remote] DEBUG org.apache.http.impl.conn.DefaultHttpClientConnectionOperator - Connection established 127.0.0.1:56343<->127.0.0.1:14619
02:56:51.582 [Forwarding newSession on session null to remote] DEBUG org.apache.http.impl.conn.DefaultManagedHttpClientConnection - http-outgoing-5: set socket timeout to 10800000
02:56:51.582 [Forwarding newSession on session null to remote] DEBUG org.apache.http.impl.execchain.MainClientExec - Executing request POST /session HTTP/1.1
02:56:51.582 [Forwarding newSession on session null to remote] DEBUG org.apache.http.impl.execchain.MainClientExec - Target auth state: UNCHALLENGED
02:56:51.582 [Forwarding newSession on session null to remote] DEBUG org.apache.http.impl.execchain.MainClientExec - Proxy auth state: UNCHALLENGED
02:56:51.582 [Forwarding newSession on session null to remote] DEBUG org.apache.http.headers - http-outgoing-5 >> POST /session HTTP/1.1
02:56:51.582 [Forwarding newSession on session null to remote] DEBUG org.apache.http.headers - http-outgoing-5 >> Content-Type: application/json; charset=utf-8
02:56:51.582 [Forwarding newSession on session null to remote] DEBUG org.apache.http.headers - http-outgoing-5 >> Content-Length: 141
02:56:51.582 [Forwarding newSession on session null to remote] DEBUG org.apache.http.headers - http-outgoing-5 >> Host: localhost:14619
02:56:51.582 [Forwarding newSession on session null to remote] DEBUG org.apache.http.headers - http-outgoing-5 >> Connection: Keep-Alive
02:56:51.582 [Forwarding newSession on session null to remote] DEBUG org.apache.http.headers - http-outgoing-5 >> User-Agent: Apache-HttpClient/4.5.2 (Java/1.8.0_162)
02:56:51.582 [Forwarding newSession on session null to remote] DEBUG org.apache.http.headers - http-outgoing-5 >> Accept-Encoding: gzip,deflate
02:56:51.582 [Forwarding newSession on session null to remote] DEBUG org.apache.http.wire - http-outgoing-5 >> "POST /session HTTP/1.1[\r][\n]"
02:56:51.582 [Forwarding newSession on session null to remote] DEBUG org.apache.http.wire - http-outgoing-5 >> "Content-Type: application/json; charset=utf-8[\r][\n]"
02:56:51.582 [Forwarding newSession on session null to remote] DEBUG org.apache.http.wire - http-outgoing-5 >> "Content-Length: 141[\r][\n]"
02:56:51.582 [Forwarding newSession on session null to remote] DEBUG org.apache.http.wire - http-outgoing-5 >> "Host: localhost:14619[\r][\n]"
02:56:51.582 [Forwarding newSession on session null to remote] DEBUG org.apache.http.wire - http-outgoing-5 >> "Connection: Keep-Alive[\r][\n]"
02:56:51.582 [Forwarding newSession on session null to remote] DEBUG org.apache.http.wire - http-outgoing-5 >> "User-Agent: Apache-HttpClient/4.5.2 (Java/1.8.0_162)[\r][\n]"
02:56:51.582 [Forwarding newSession on session null to remote] DEBUG org.apache.http.wire - http-outgoing-5 >> "Accept-Encoding: gzip,deflate[\r][\n]"
02:56:51.582 [Forwarding newSession on session null to remote] DEBUG org.apache.http.wire - http-outgoing-5 >> "[\r][\n]"
02:56:51.582 [Forwarding newSession on session null to remote] DEBUG org.apache.http.wire - http-outgoing-5 >> "{"desiredCapabilities":{"browserName":"chrome","chromeOptions":{"args":["--start-maximized"],"extensions":[]},"version":"","platform":"ANY"}}"
02:56:52.459 [Forwarding newSession on session null to remote] DEBUG org.apache.http.wire - http-outgoing-5 << "HTTP/1.1 200 OK[\r][\n]"
02:56:52.459 [Forwarding newSession on session null to remote] DEBUG org.apache.http.wire - http-outgoing-5 << "Content-Length:443[\r][\n]"
02:56:52.459 [Forwarding newSession on session null to remote] DEBUG org.apache.http.wire - http-outgoing-5 << "Content-Type:application/json; charset=utf-8[\r][\n]"
02:56:52.459 [Forwarding newSession on session null to remote] DEBUG org.apache.http.wire - http-outgoing-5 << "[\r][\n]"
02:56:52.459 [Forwarding newSession on session null to remote] DEBUG org.apache.http.wire - http-outgoing-5 << "{"sessionId":"0f52564fbc1d7eb80a4600229cd6997f","status":33,"value":{"message":"session not created: This version of ChromeDriver only supports Chrome version 94\nCurrent browser version is 96.0.4664.45 with binary path C:\\Program Files (x86)\\Google\\Chrome\\Application\\chrome.exe\n  (Driver info: chromedriver=94.0.4606.61 (418b78f5838ed0b1c69bb4e51ea0252171854915-refs/branch-heads/4606@{#1204}),platform=Windows NT 10.0.19043 x86_64)"}}"
02:56:52.459 [Forwarding newSession on session null to remote] DEBUG org.apache.http.headers - http-outgoing-5 << HTTP/1.1 200 OK
02:56:52.459 [Forwarding newSession on session null to remote] DEBUG org.apache.http.headers - http-outgoing-5 << Content-Length:443
02:56:52.459 [Forwarding newSession on session null to remote] DEBUG org.apache.http.headers - http-outgoing-5 << Content-Type:application/json; charset=utf-8
02:56:52.459 [Forwarding newSession on session null to remote] DEBUG org.apache.http.impl.execchain.MainClientExec - Connection can be kept alive indefinitely
02:56:52.459 [Forwarding newSession on session null to remote] DEBUG org.apache.http.impl.conn.PoolingHttpClientConnectionManager - Connection [id: 5][route: {}->http://localhost:14619] can be kept alive indefinitely
02:56:52.459 [Forwarding newSession on session null to remote] DEBUG org.apache.http.impl.conn.PoolingHttpClientConnectionManager - Connection released: [id: 5][route: {}->http://localhost:14619][total kept alive: 6; route allocated: 1 of 2000; total allocated: 6 of 2000]
02:56:53.577 [Forwarding newSession on session null to remote] DEBUG org.apache.http.client.protocol.RequestAddCookies - CookieSpec selected: default
02:56:53.577 [Forwarding newSession on session null to remote] DEBUG org.apache.http.client.protocol.RequestAuthCache - Auth cache not set in the context
02:56:53.577 [Forwarding newSession on session null to remote] DEBUG org.apache.http.impl.conn.PoolingHttpClientConnectionManager - Connection request: [route: {}->http://localhost:47712][total kept alive: 6; route allocated: 0 of 2000; total allocated: 6 of 2000]
02:56:53.577 [Forwarding newSession on session null to remote] DEBUG org.apache.http.impl.conn.PoolingHttpClientConnectionManager - Connection leased: [id: 6][route: {}->http://localhost:47712][total kept alive: 6; route allocated: 1 of 2000; total allocated: 7 of 2000]
02:56:53.577 [Forwarding newSession on session null to remote] DEBUG org.apache.http.impl.execchain.MainClientExec - Opening connection {}->http://localhost:47712
02:56:53.577 [Forwarding newSession on session null to remote] DEBUG org.apache.http.impl.conn.DefaultHttpClientConnectionOperator - Connecting to localhost/127.0.0.1:47712
02:56:53.577 [Forwarding newSession on session null to remote] DEBUG org.apache.http.impl.conn.DefaultHttpClientConnectionOperator - Connection established 127.0.0.1:56245<->127.0.0.1:47712
02:56:53.577 [Forwarding newSession on session null to remote] DEBUG org.apache.http.impl.conn.DefaultManagedHttpClientConnection - http-outgoing-6: set socket timeout to 10800000
02:56:53.577 [Forwarding newSession on session null to remote] DEBUG org.apache.http.impl.execchain.MainClientExec - Executing request POST /session HTTP/1.1
02:56:53.577 [Forwarding newSession on session null to remote] DEBUG org.apache.http.impl.execchain.MainClientExec - Target auth state: UNCHALLENGED
02:56:53.577 [Forwarding newSession on session null to remote] DEBUG org.apache.http.impl.execchain.MainClientExec - Proxy auth state: UNCHALLENGED
02:56:53.577 [Forwarding newSession on session null to remote] DEBUG org.apache.http.headers - http-outgoing-6 >> POST /session HTTP/1.1
02:56:53.577 [Forwarding newSession on session null to remote] DEBUG org.apache.http.headers - http-outgoing-6 >> Content-Type: application/json; charset=utf-8
02:56:53.577 [Forwarding newSession on session null to remote] DEBUG org.apache.http.headers - http-outgoing-6 >> Content-Length: 141
02:56:53.577 [Forwarding newSession on session null to remote] DEBUG org.apache.http.headers - http-outgoing-6 >> Host: localhost:47712
02:56:53.577 [Forwarding newSession on session null to remote] DEBUG org.apache.http.headers - http-outgoing-6 >> Connection: Keep-Alive
02:56:53.577 [Forwarding newSession on session null to remote] DEBUG org.apache.http.headers - http-outgoing-6 >> User-Agent: Apache-HttpClient/4.5.2 (Java/1.8.0_162)
02:56:53.577 [Forwarding newSession on session null to remote] DEBUG org.apache.http.headers - http-outgoing-6 >> Accept-Encoding: gzip,deflate
02:56:53.577 [Forwarding newSession on session null to remote] DEBUG org.apache.http.wire - http-outgoing-6 >> "POST /session HTTP/1.1[\r][\n]"
02:56:53.577 [Forwarding newSession on session null to remote] DEBUG org.apache.http.wire - http-outgoing-6 >> "Content-Type: application/json; charset=utf-8[\r][\n]"
02:56:53.577 [Forwarding newSession on session null to remote] DEBUG org.apache.http.wire - http-outgoing-6 >> "Content-Length: 141[\r][\n]"
02:56:53.578 [Forwarding newSession on session null to remote] DEBUG org.apache.http.wire - http-outgoing-6 >> "Host: localhost:47712[\r][\n]"
02:56:53.578 [Forwarding newSession on session null to remote] DEBUG org.apache.http.wire - http-outgoing-6 >> "Connection: Keep-Alive[\r][\n]"
02:56:53.578 [Forwarding newSession on session null to remote] DEBUG org.apache.http.wire - http-outgoing-6 >> "User-Agent: Apache-HttpClient/4.5.2 (Java/1.8.0_162)[\r][\n]"
02:56:53.578 [Forwarding newSession on session null to remote] DEBUG org.apache.http.wire - http-outgoing-6 >> "Accept-Encoding: gzip,deflate[\r][\n]"
02:56:53.578 [Forwarding newSession on session null to remote] DEBUG org.apache.http.wire - http-outgoing-6 >> "[\r][\n]"
02:56:53.578 [Forwarding newSession on session null to remote] DEBUG org.apache.http.wire - http-outgoing-6 >> "{"desiredCapabilities":{"browserName":"chrome","chromeOptions":{"args":["--start-maximized"],"extensions":[]},"version":"","platform":"ANY"}}"
02:56:54.516 [Forwarding newSession on session null to remote] DEBUG org.apache.http.wire - http-outgoing-6 << "HTTP/1.1 200 OK[\r][\n]"
02:56:54.516 [Forwarding newSession on session null to remote] DEBUG org.apache.http.wire - http-outgoing-6 << "Content-Length:443[\r][\n]"
02:56:54.516 [Forwarding newSession on session null to remote] DEBUG org.apache.http.wire - http-outgoing-6 << "Content-Type:application/json; charset=utf-8[\r][\n]"
02:56:54.516 [Forwarding newSession on session null to remote] DEBUG org.apache.http.wire - http-outgoing-6 << "[\r][\n]"
02:56:54.516 [Forwarding newSession on session null to remote] DEBUG org.apache.http.wire - http-outgoing-6 << "{"sessionId":"bbb57f8f4c2571f2a9cb48a46b61ca73","status":33,"value":{"message":"session not created: This version of ChromeDriver only supports Chrome version 94\nCurrent browser version is 96.0.4664.45 with binary path C:\\Program Files (x86)\\Google\\Chrome\\Application\\chrome.exe\n  (Driver info: chromedriver=94.0.4606.61 (418b78f5838ed0b1c69bb4e51ea0252171854915-refs/branch-heads/4606@{#1204}),platform=Windows NT 10.0.19043 x86_64)"}}"
02:56:54.516 [Forwarding newSession on session null to remote] DEBUG org.apache.http.headers - http-outgoing-6 << HTTP/1.1 200 OK
02:56:54.516 [Forwarding newSession on session null to remote] DEBUG org.apache.http.headers - http-outgoing-6 << Content-Length:443
02:56:54.516 [Forwarding newSession on session null to remote] DEBUG org.apache.http.headers - http-outgoing-6 << Content-Type:application/json; charset=utf-8
02:56:54.516 [Forwarding newSession on session null to remote] DEBUG org.apache.http.impl.execchain.MainClientExec - Connection can be kept alive indefinitely
02:56:54.516 [Forwarding newSession on session null to remote] DEBUG org.apache.http.impl.conn.PoolingHttpClientConnectionManager - Connection [id: 6][route: {}->http://localhost:47712] can be kept alive indefinitely
02:56:54.516 [Forwarding newSession on session null to remote] DEBUG org.apache.http.impl.conn.PoolingHttpClientConnectionManager - Connection released: [id: 6][route: {}->http://localhost:47712][total kept alive: 7; route allocated: 1 of 2000; total allocated: 7 of 2000]
02:56:55.715 [Forwarding newSession on session null to remote] DEBUG org.apache.http.client.protocol.RequestAddCookies - CookieSpec selected: default
02:56:55.716 [Forwarding newSession on session null to remote] DEBUG org.apache.http.client.protocol.RequestAuthCache - Auth cache not set in the context
02:56:55.716 [Forwarding newSession on session null to remote] DEBUG org.apache.http.impl.conn.PoolingHttpClientConnectionManager - Connection request: [route: {}->http://localhost:33254][total kept alive: 7; route allocated: 0 of 2000; total allocated: 7 of 2000]
02:56:55.716 [Forwarding newSession on session null to remote] DEBUG org.apache.http.impl.conn.PoolingHttpClientConnectionManager - Connection leased: [id: 7][route: {}->http://localhost:33254][total kept alive: 7; route allocated: 1 of 2000; total allocated: 8 of 2000]
02:56:55.716 [Forwarding newSession on session null to remote] DEBUG org.apache.http.impl.execchain.MainClientExec - Opening connection {}->http://localhost:33254
02:56:55.716 [Forwarding newSession on session null to remote] DEBUG org.apache.http.impl.conn.DefaultHttpClientConnectionOperator - Connecting to localhost/127.0.0.1:33254
02:56:55.716 [Forwarding newSession on session null to remote] DEBUG org.apache.http.impl.conn.DefaultHttpClientConnectionOperator - Connection established 127.0.0.1:58058<->127.0.0.1:33254
02:56:55.716 [Forwarding newSession on session null to remote] DEBUG org.apache.http.impl.conn.DefaultManagedHttpClientConnection - http-outgoing-7: set socket timeout to 10800000
02:56:55.716 [Forwarding newSession on session null to remote] DEBUG org.apache.http.impl.execchain.MainClientExec - Executing request POST /session HTTP/1.1
02:56:55.716 [Forwarding newSession on session null to remote] DEBUG org.apache.http.impl.execchain.MainClientExec - Target auth state: UNCHALLENGED
02:56:55.716 [Forwarding newSession on session null to remote] DEBUG org.apache.http.impl.execchain.MainClientExec - Proxy auth state: UNCHALLENGED
02:56:55.716 [Forwarding newSession on session null to remote] DEBUG org.apache.http.headers - http-outgoing-7 >> POST /session HTTP/1.1
02:56:55.716 [Forwarding newSession on session null to remote] DEBUG org.apache.http.headers - http-outgoing-7 >> Content-Type: application/json; charset=utf-8
02:56:55.716 [Forwarding newSession on session null to remote] DEBUG org.apache.http.headers - http-outgoing-7 >> Content-Length: 141
02:56:55.716 [Forwarding newSession on session null to remote] DEBUG org.apache.http.headers - http-outgoing-7 >> Host: localhost:33254
02:56:55.716 [Forwarding newSession on session null to remote] DEBUG org.apache.http.headers - http-outgoing-7 >> Connection: Keep-Alive
02:56:55.716 [Forwarding newSession on session null to remote] DEBUG org.apache.http.headers - http-outgoing-7 >> User-Agent: Apache-HttpClient/4.5.2 (Java/1.8.0_162)
02:56:55.717 [Forwarding newSession on session null to remote] DEBUG org.apache.http.headers - http-outgoing-7 >> Accept-Encoding: gzip,deflate
02:56:55.717 [Forwarding newSession on session null to remote] DEBUG org.apache.http.wire - http-outgoing-7 >> "POST /session HTTP/1.1[\r][\n]"
02:56:55.717 [Forwarding newSession on session null to remote] DEBUG org.apache.http.wire - http-outgoing-7 >> "Content-Type: application/json; charset=utf-8[\r][\n]"
02:56:55.717 [Forwarding newSession on session null to remote] DEBUG org.apache.http.wire - http-outgoing-7 >> "Content-Length: 141[\r][\n]"
02:56:55.717 [Forwarding newSession on session null to remote] DEBUG org.apache.http.wire - http-outgoing-7 >> "Host: localhost:33254[\r][\n]"
02:56:55.717 [Forwarding newSession on session null to remote] DEBUG org.apache.http.wire - http-outgoing-7 >> "Connection: Keep-Alive[\r][\n]"
02:56:55.717 [Forwarding newSession on session null to remote] DEBUG org.apache.http.wire - http-outgoing-7 >> "User-Agent: Apache-HttpClient/4.5.2 (Java/1.8.0_162)[\r][\n]"
02:56:55.717 [Forwarding newSession on session null to remote] DEBUG org.apache.http.wire - http-outgoing-7 >> "Accept-Encoding: gzip,deflate[\r][\n]"
02:56:55.717 [Forwarding newSession on session null to remote] DEBUG org.apache.http.wire - http-outgoing-7 >> "[\r][\n]"
02:56:55.717 [Forwarding newSession on session null to remote] DEBUG org.apache.http.wire - http-outgoing-7 >> "{"desiredCapabilities":{"browserName":"chrome","chromeOptions":{"args":["--start-maximized"],"extensions":[]},"version":"","platform":"ANY"}}"
02:56:56.573 [Forwarding newSession on session null to remote] DEBUG org.apache.http.wire - http-outgoing-7 << "HTTP/1.1 200 OK[\r][\n]"
02:56:56.573 [Forwarding newSession on session null to remote] DEBUG org.apache.http.wire - http-outgoing-7 << "Content-Length:443[\r][\n]"
02:56:56.573 [Forwarding newSession on session null to remote] DEBUG org.apache.http.wire - http-outgoing-7 << "Content-Type:application/json; charset=utf-8[\r][\n]"
02:56:56.573 [Forwarding newSession on session null to remote] DEBUG org.apache.http.wire - http-outgoing-7 << "[\r][\n]"
02:56:56.574 [Forwarding newSession on session null to remote] DEBUG org.apache.http.wire - http-outgoing-7 << "{"sessionId":"c449838237ced9b7f5cd35fb41aebb10","status":33,"value":{"message":"session not created: This version of ChromeDriver only supports Chrome version 94\nCurrent browser version is 96.0.4664.45 with binary path C:\\Program Files (x86)\\Google\\Chrome\\Application\\chrome.exe\n  (Driver info: chromedriver=94.0.4606.61 (418b78f5838ed0b1c69bb4e51ea0252171854915-refs/branch-heads/4606@{#1204}),platform=Windows NT 10.0.19043 x86_64)"}}"
02:56:56.574 [Forwarding newSession on session null to remote] DEBUG org.apache.http.headers - http-outgoing-7 << HTTP/1.1 200 OK
02:56:56.574 [Forwarding newSession on session null to remote] DEBUG org.apache.http.headers - http-outgoing-7 << Content-Length:443
02:56:56.574 [Forwarding newSession on session null to remote] DEBUG org.apache.http.headers - http-outgoing-7 << Content-Type:application/json; charset=utf-8
02:56:56.574 [Forwarding newSession on session null to remote] DEBUG org.apache.http.impl.execchain.MainClientExec - Connection can be kept alive indefinitely
02:56:56.574 [Forwarding newSession on session null to remote] DEBUG org.apache.http.impl.conn.PoolingHttpClientConnectionManager - Connection [id: 7][route: {}->http://localhost:33254] can be kept alive indefinitely
02:56:56.574 [Forwarding newSession on session null to remote] DEBUG org.apache.http.impl.conn.PoolingHttpClientConnectionManager - Connection released: [id: 7][route: {}->http://localhost:33254][total kept alive: 8; route allocated: 1 of 2000; total allocated: 8 of 2000]
02:56:57.758 [Forwarding newSession on session null to remote] DEBUG org.apache.http.client.protocol.RequestAddCookies - CookieSpec selected: default
02:56:57.758 [Forwarding newSession on session null to remote] DEBUG org.apache.http.client.protocol.RequestAuthCache - Auth cache not set in the context
02:56:57.758 [Forwarding newSession on session null to remote] DEBUG org.apache.http.impl.conn.PoolingHttpClientConnectionManager - Connection request: [route: {}->http://localhost:30598][total kept alive: 8; route allocated: 0 of 2000; total allocated: 8 of 2000]
02:56:57.758 [Forwarding newSession on session null to remote] DEBUG org.apache.http.impl.conn.PoolingHttpClientConnectionManager - Connection leased: [id: 8][route: {}->http://localhost:30598][total kept alive: 8; route allocated: 1 of 2000; total allocated: 9 of 2000]
02:56:57.758 [Forwarding newSession on session null to remote] DEBUG org.apache.http.impl.execchain.MainClientExec - Opening connection {}->http://localhost:30598
02:56:57.758 [Forwarding newSession on session null to remote] DEBUG org.apache.http.impl.conn.DefaultHttpClientConnectionOperator - Connecting to localhost/127.0.0.1:30598
02:56:57.759 [Forwarding newSession on session null to remote] DEBUG org.apache.http.impl.conn.DefaultHttpClientConnectionOperator - Connection established 127.0.0.1:49346<->127.0.0.1:30598
02:56:57.759 [Forwarding newSession on session null to remote] DEBUG org.apache.http.impl.conn.DefaultManagedHttpClientConnection - http-outgoing-8: set socket timeout to 10800000
02:56:57.759 [Forwarding newSession on session null to remote] DEBUG org.apache.http.impl.execchain.MainClientExec - Executing request POST /session HTTP/1.1
02:56:57.759 [Forwarding newSession on session null to remote] DEBUG org.apache.http.impl.execchain.MainClientExec - Target auth state: UNCHALLENGED
02:56:57.759 [Forwarding newSession on session null to remote] DEBUG org.apache.http.impl.execchain.MainClientExec - Proxy auth state: UNCHALLENGED
02:56:57.759 [Forwarding newSession on session null to remote] DEBUG org.apache.http.headers - http-outgoing-8 >> POST /session HTTP/1.1
02:56:57.759 [Forwarding newSession on session null to remote] DEBUG org.apache.http.headers - http-outgoing-8 >> Content-Type: application/json; charset=utf-8
02:56:57.759 [Forwarding newSession on session null to remote] DEBUG org.apache.http.headers - http-outgoing-8 >> Content-Length: 141
02:56:57.759 [Forwarding newSession on session null to remote] DEBUG org.apache.http.headers - http-outgoing-8 >> Host: localhost:30598
02:56:57.759 [Forwarding newSession on session null to remote] DEBUG org.apache.http.headers - http-outgoing-8 >> Connection: Keep-Alive
02:56:57.759 [Forwarding newSession on session null to remote] DEBUG org.apache.http.headers - http-outgoing-8 >> User-Agent: Apache-HttpClient/4.5.2 (Java/1.8.0_162)
02:56:57.759 [Forwarding newSession on session null to remote] DEBUG org.apache.http.headers - http-outgoing-8 >> Accept-Encoding: gzip,deflate
02:56:57.759 [Forwarding newSession on session null to remote] DEBUG org.apache.http.wire - http-outgoing-8 >> "POST /session HTTP/1.1[\r][\n]"
02:56:57.759 [Forwarding newSession on session null to remote] DEBUG org.apache.http.wire - http-outgoing-8 >> "Content-Type: application/json; charset=utf-8[\r][\n]"
02:56:57.759 [Forwarding newSession on session null to remote] DEBUG org.apache.http.wire - http-outgoing-8 >> "Content-Length: 141[\r][\n]"
02:56:57.759 [Forwarding newSession on session null to remote] DEBUG org.apache.http.wire - http-outgoing-8 >> "Host: localhost:30598[\r][\n]"
02:56:57.759 [Forwarding newSession on session null to remote] DEBUG org.apache.http.wire - http-outgoing-8 >> "Connection: Keep-Alive[\r][\n]"
02:56:57.759 [Forwarding newSession on session null to remote] DEBUG org.apache.http.wire - http-outgoing-8 >> "User-Agent: Apache-HttpClient/4.5.2 (Java/1.8.0_162)[\r][\n]"
02:56:57.759 [Forwarding newSession on session null to remote] DEBUG org.apache.http.wire - http-outgoing-8 >> "Accept-Encoding: gzip,deflate[\r][\n]"
02:56:57.759 [Forwarding newSession on session null to remote] DEBUG org.apache.http.wire - http-outgoing-8 >> "[\r][\n]"
02:56:57.759 [Forwarding newSession on session null to remote] DEBUG org.apache.http.wire - http-outgoing-8 >> "{"desiredCapabilities":{"browserName":"chrome","chromeOptions":{"args":["--start-maximized"],"extensions":[]},"version":"","platform":"ANY"}}"
02:56:58.691 [Forwarding newSession on session null to remote] DEBUG org.apache.http.wire - http-outgoing-8 << "HTTP/1.1 200 OK[\r][\n]"
02:56:58.691 [Forwarding newSession on session null to remote] DEBUG org.apache.http.wire - http-outgoing-8 << "Content-Length:443[\r][\n]"
02:56:58.691 [Forwarding newSession on session null to remote] DEBUG org.apache.http.wire - http-outgoing-8 << "Content-Type:application/json; charset=utf-8[\r][\n]"
02:56:58.691 [Forwarding newSession on session null to remote] DEBUG org.apache.http.wire - http-outgoing-8 << "[\r][\n]"
02:56:58.691 [Forwarding newSession on session null to remote] DEBUG org.apache.http.wire - http-outgoing-8 << "{"sessionId":"94145ff43b46b73a80effd2ce478f531","status":33,"value":{"message":"session not created: This version of ChromeDriver only supports Chrome version 94\nCurrent browser version is 96.0.4664.45 with binary path C:\\Program Files (x86)\\Google\\Chrome\\Application\\chrome.exe\n  (Driver info: chromedriver=94.0.4606.61 (418b78f5838ed0b1c69bb4e51ea0252171854915-refs/branch-heads/4606@{#1204}),platform=Windows NT 10.0.19043 x86_64)"}}"
02:56:58.691 [Forwarding newSession on session null to remote] DEBUG org.apache.http.headers - http-outgoing-8 << HTTP/1.1 200 OK
02:56:58.691 [Forwarding newSession on session null to remote] DEBUG org.apache.http.headers - http-outgoing-8 << Content-Length:443
02:56:58.691 [Forwarding newSession on session null to remote] DEBUG org.apache.http.headers - http-outgoing-8 << Content-Type:application/json; charset=utf-8
02:56:58.691 [Forwarding newSession on session null to remote] DEBUG org.apache.http.impl.execchain.MainClientExec - Connection can be kept alive indefinitely
02:56:58.691 [Forwarding newSession on session null to remote] DEBUG org.apache.http.impl.conn.PoolingHttpClientConnectionManager - Connection [id: 8][route: {}->http://localhost:30598] can be kept alive indefinitely
02:56:58.691 [Forwarding newSession on session null to remote] DEBUG org.apache.http.impl.conn.PoolingHttpClientConnectionManager - Connection released: [id: 8][route: {}->http://localhost:30598][total kept alive: 9; route allocated: 1 of 2000; total allocated: 9 of 2000]
02:56:59.887 [Forwarding newSession on session null to remote] DEBUG org.apache.http.client.protocol.RequestAddCookies - CookieSpec selected: default
02:56:59.887 [Forwarding newSession on session null to remote] DEBUG org.apache.http.client.protocol.RequestAuthCache - Auth cache not set in the context
02:56:59.887 [Forwarding newSession on session null to remote] DEBUG org.apache.http.impl.conn.PoolingHttpClientConnectionManager - Connection request: [route: {}->http://localhost:31788][total kept alive: 9; route allocated: 0 of 2000; total allocated: 9 of 2000]
02:56:59.888 [Forwarding newSession on session null to remote] DEBUG org.apache.http.impl.conn.PoolingHttpClientConnectionManager - Connection leased: [id: 9][route: {}->http://localhost:31788][total kept alive: 9; route allocated: 1 of 2000; total allocated: 10 of 2000]
02:56:59.888 [Forwarding newSession on session null to remote] DEBUG org.apache.http.impl.execchain.MainClientExec - Opening connection {}->http://localhost:31788
02:56:59.888 [Forwarding newSession on session null to remote] DEBUG org.apache.http.impl.conn.DefaultHttpClientConnectionOperator - Connecting to localhost/127.0.0.1:31788
02:56:59.888 [Forwarding newSession on session null to remote] DEBUG org.apache.http.impl.conn.DefaultHttpClientConnectionOperator - Connection established 127.0.0.1:57982<->127.0.0.1:31788
02:56:59.888 [Forwarding newSession on session null to remote] DEBUG org.apache.http.impl.conn.DefaultManagedHttpClientConnection - http-outgoing-9: set socket timeout to 10800000
02:56:59.888 [Forwarding newSession on session null to remote] DEBUG org.apache.http.impl.execchain.MainClientExec - Executing request POST /session HTTP/1.1
02:56:59.888 [Forwarding newSession on session null to remote] DEBUG org.apache.http.impl.execchain.MainClientExec - Target auth state: UNCHALLENGED
02:56:59.888 [Forwarding newSession on session null to remote] DEBUG org.apache.http.impl.execchain.MainClientExec - Proxy auth state: UNCHALLENGED
02:56:59.888 [Forwarding newSession on session null to remote] DEBUG org.apache.http.headers - http-outgoing-9 >> POST /session HTTP/1.1
02:56:59.888 [Forwarding newSession on session null to remote] DEBUG org.apache.http.headers - http-outgoing-9 >> Content-Type: application/json; charset=utf-8
02:56:59.888 [Forwarding newSession on session null to remote] DEBUG org.apache.http.headers - http-outgoing-9 >> Content-Length: 141
02:56:59.888 [Forwarding newSession on session null to remote] DEBUG org.apache.http.headers - http-outgoing-9 >> Host: localhost:31788
02:56:59.888 [Forwarding newSession on session null to remote] DEBUG org.apache.http.headers - http-outgoing-9 >> Connection: Keep-Alive
02:56:59.888 [Forwarding newSession on session null to remote] DEBUG org.apache.http.headers - http-outgoing-9 >> User-Agent: Apache-HttpClient/4.5.2 (Java/1.8.0_162)
02:56:59.888 [Forwarding newSession on session null to remote] DEBUG org.apache.http.headers - http-outgoing-9 >> Accept-Encoding: gzip,deflate
02:56:59.888 [Forwarding newSession on session null to remote] DEBUG org.apache.http.wire - http-outgoing-9 >> "POST /session HTTP/1.1[\r][\n]"
02:56:59.888 [Forwarding newSession on session null to remote] DEBUG org.apache.http.wire - http-outgoing-9 >> "Content-Type: application/json; charset=utf-8[\r][\n]"
02:56:59.888 [Forwarding newSession on session null to remote] DEBUG org.apache.http.wire - http-outgoing-9 >> "Content-Length: 141[\r][\n]"
02:56:59.888 [Forwarding newSession on session null to remote] DEBUG org.apache.http.wire - http-outgoing-9 >> "Host: localhost:31788[\r][\n]"
02:56:59.888 [Forwarding newSession on session null to remote] DEBUG org.apache.http.wire - http-outgoing-9 >> "Connection: Keep-Alive[\r][\n]"
02:56:59.888 [Forwarding newSession on session null to remote] DEBUG org.apache.http.wire - http-outgoing-9 >> "User-Agent: Apache-HttpClient/4.5.2 (Java/1.8.0_162)[\r][\n]"
02:56:59.888 [Forwarding newSession on session null to remote] DEBUG org.apache.http.wire - http-outgoing-9 >> "Accept-Encoding: gzip,deflate[\r][\n]"
02:56:59.888 [Forwarding newSession on session null to remote] DEBUG org.apache.http.wire - http-outgoing-9 >> "[\r][\n]"
02:56:59.888 [Forwarding newSession on session null to remote] DEBUG org.apache.http.wire - http-outgoing-9 >> "{"desiredCapabilities":{"browserName":"chrome","chromeOptions":{"args":["--start-maximized"],"extensions":[]},"version":"","platform":"ANY"}}"
02:57:00.679 [Forwarding newSession on session null to remote] DEBUG org.apache.http.wire - http-outgoing-9 << "HTTP/1.1 200 OK[\r][\n]"
02:57:00.679 [Forwarding newSession on session null to remote] DEBUG org.apache.http.wire - http-outgoing-9 << "Content-Length:443[\r][\n]"
02:57:00.679 [Forwarding newSession on session null to remote] DEBUG org.apache.http.wire - http-outgoing-9 << "Content-Type:application/json; charset=utf-8[\r][\n]"
02:57:00.679 [Forwarding newSession on session null to remote] DEBUG org.apache.http.wire - http-outgoing-9 << "[\r][\n]"
02:57:00.679 [Forwarding newSession on session null to remote] DEBUG org.apache.http.wire - http-outgoing-9 << "{"sessionId":"86cff8e5a8137b2f1d789dfb93c3d63f","status":33,"value":{"message":"session not created: This version of ChromeDriver only supports Chrome version 94\nCurrent browser version is 96.0.4664.45 with binary path C:\\Program Files (x86)\\Google\\Chrome\\Application\\chrome.exe\n  (Driver info: chromedriver=94.0.4606.61 (418b78f5838ed0b1c69bb4e51ea0252171854915-refs/branch-heads/4606@{#1204}),platform=Windows NT 10.0.19043 x86_64)"}}"
02:57:00.679 [Forwarding newSession on session null to remote] DEBUG org.apache.http.headers - http-outgoing-9 << HTTP/1.1 200 OK
02:57:00.679 [Forwarding newSession on session null to remote] DEBUG org.apache.http.headers - http-outgoing-9 << Content-Length:443
02:57:00.679 [Forwarding newSession on session null to remote] DEBUG org.apache.http.headers - http-outgoing-9 << Content-Type:application/json; charset=utf-8
02:57:00.679 [Forwarding newSession on session null to remote] DEBUG org.apache.http.impl.execchain.MainClientExec - Connection can be kept alive indefinitely
02:57:00.679 [Forwarding newSession on session null to remote] DEBUG org.apache.http.impl.conn.PoolingHttpClientConnectionManager - Connection [id: 9][route: {}->http://localhost:31788] can be kept alive indefinitely
02:57:00.679 [Forwarding newSession on session null to remote] DEBUG org.apache.http.impl.conn.PoolingHttpClientConnectionManager - Connection released: [id: 9][route: {}->http://localhost:31788][total kept alive: 10; route allocated: 1 of 2000; total allocated: 10 of 2000]
02:57:02.001 [Forwarding newSession on session null to remote] DEBUG org.apache.http.client.protocol.RequestAddCookies - CookieSpec selected: default
02:57:02.001 [Forwarding newSession on session null to remote] DEBUG org.apache.http.client.protocol.RequestAuthCache - Auth cache not set in the context
02:57:02.001 [Forwarding newSession on session null to remote] DEBUG org.apache.http.impl.conn.PoolingHttpClientConnectionManager - Connection request: [route: {}->http://localhost:24514][total kept alive: 10; route allocated: 0 of 2000; total allocated: 10 of 2000]
02:57:02.001 [Forwarding newSession on session null to remote] DEBUG org.apache.http.impl.conn.PoolingHttpClientConnectionManager - Connection leased: [id: 10][route: {}->http://localhost:24514][total kept alive: 10; route allocated: 1 of 2000; total allocated: 11 of 2000]
02:57:02.001 [Forwarding newSession on session null to remote] DEBUG org.apache.http.impl.execchain.MainClientExec - Opening connection {}->http://localhost:24514
02:57:02.001 [Forwarding newSession on session null to remote] DEBUG org.apache.http.impl.conn.DefaultHttpClientConnectionOperator - Connecting to localhost/127.0.0.1:24514
02:57:02.001 [Forwarding newSession on session null to remote] DEBUG org.apache.http.impl.conn.DefaultHttpClientConnectionOperator - Connection established 127.0.0.1:60932<->127.0.0.1:24514
02:57:02.001 [Forwarding newSession on session null to remote] DEBUG org.apache.http.impl.conn.DefaultManagedHttpClientConnection - http-outgoing-10: set socket timeout to 10800000
02:57:02.002 [Forwarding newSession on session null to remote] DEBUG org.apache.http.impl.execchain.MainClientExec - Executing request POST /session HTTP/1.1
02:57:02.002 [Forwarding newSession on session null to remote] DEBUG org.apache.http.impl.execchain.MainClientExec - Target auth state: UNCHALLENGED
02:57:02.002 [Forwarding newSession on session null to remote] DEBUG org.apache.http.impl.execchain.MainClientExec - Proxy auth state: UNCHALLENGED
02:57:02.002 [Forwarding newSession on session null to remote] DEBUG org.apache.http.headers - http-outgoing-10 >> POST /session HTTP/1.1
02:57:02.002 [Forwarding newSession on session null to remote] DEBUG org.apache.http.headers - http-outgoing-10 >> Content-Type: application/json; charset=utf-8
02:57:02.002 [Forwarding newSession on session null to remote] DEBUG org.apache.http.headers - http-outgoing-10 >> Content-Length: 141
02:57:02.002 [Forwarding newSession on session null to remote] DEBUG org.apache.http.headers - http-outgoing-10 >> Host: localhost:24514
02:57:02.002 [Forwarding newSession on session null to remote] DEBUG org.apache.http.headers - http-outgoing-10 >> Connection: Keep-Alive
02:57:02.002 [Forwarding newSession on session null to remote] DEBUG org.apache.http.headers - http-outgoing-10 >> User-Agent: Apache-HttpClient/4.5.2 (Java/1.8.0_162)
02:57:02.002 [Forwarding newSession on session null to remote] DEBUG org.apache.http.headers - http-outgoing-10 >> Accept-Encoding: gzip,deflate
02:57:02.002 [Forwarding newSession on session null to remote] DEBUG org.apache.http.wire - http-outgoing-10 >> "POST /session HTTP/1.1[\r][\n]"
02:57:02.002 [Forwarding newSession on session null to remote] DEBUG org.apache.http.wire - http-outgoing-10 >> "Content-Type: application/json; charset=utf-8[\r][\n]"
02:57:02.002 [Forwarding newSession on session null to remote] DEBUG org.apache.http.wire - http-outgoing-10 >> "Content-Length: 141[\r][\n]"
02:57:02.002 [Forwarding newSession on session null to remote] DEBUG org.apache.http.wire - http-outgoing-10 >> "Host: localhost:24514[\r][\n]"
02:57:02.002 [Forwarding newSession on session null to remote] DEBUG org.apache.http.wire - http-outgoing-10 >> "Connection: Keep-Alive[\r][\n]"
02:57:02.002 [Forwarding newSession on session null to remote] DEBUG org.apache.http.wire - http-outgoing-10 >> "User-Agent: Apache-HttpClient/4.5.2 (Java/1.8.0_162)[\r][\n]"
02:57:02.002 [Forwarding newSession on session null to remote] DEBUG org.apache.http.wire - http-outgoing-10 >> "Accept-Encoding: gzip,deflate[\r][\n]"
02:57:02.002 [Forwarding newSession on session null to remote] DEBUG org.apache.http.wire - http-outgoing-10 >> "[\r][\n]"
02:57:02.002 [Forwarding newSession on session null to remote] DEBUG org.apache.http.wire - http-outgoing-10 >> "{"desiredCapabilities":{"browserName":"chrome","chromeOptions":{"args":["--start-maximized"],"extensions":[]},"version":"","platform":"ANY"}}"
02:57:03.698 [Forwarding newSession on session null to remote] DEBUG org.apache.http.wire - http-outgoing-10 << "HTTP/1.1 200 OK[\r][\n]"
02:57:03.698 [Forwarding newSession on session null to remote] DEBUG org.apache.http.wire - http-outgoing-10 << "Content-Length:443[\r][\n]"
02:57:03.698 [Forwarding newSession on session null to remote] DEBUG org.apache.http.wire - http-outgoing-10 << "Content-Type:application/json; charset=utf-8[\r][\n]"
02:57:03.698 [Forwarding newSession on session null to remote] DEBUG org.apache.http.wire - http-outgoing-10 << "[\r][\n]"
02:57:03.698 [Forwarding newSession on session null to remote] DEBUG org.apache.http.wire - http-outgoing-10 << "{"sessionId":"f9a0a4192eef96307d889c0a0f27bcbd","status":33,"value":{"message":"session not created: This version of ChromeDriver only supports Chrome version 94\nCurrent browser version is 96.0.4664.45 with binary path C:\\Program Files (x86)\\Google\\Chrome\\Application\\chrome.exe\n  (Driver info: chromedriver=94.0.4606.61 (418b78f5838ed0b1c69bb4e51ea0252171854915-refs/branch-heads/4606@{#1204}),platform=Windows NT 10.0.19043 x86_64)"}}"
02:57:03.698 [Forwarding newSession on session null to remote] DEBUG org.apache.http.headers - http-outgoing-10 << HTTP/1.1 200 OK
02:57:03.698 [Forwarding newSession on session null to remote] DEBUG org.apache.http.headers - http-outgoing-10 << Content-Length:443
02:57:03.698 [Forwarding newSession on session null to remote] DEBUG org.apache.http.headers - http-outgoing-10 << Content-Type:application/json; charset=utf-8
02:57:03.698 [Forwarding newSession on session null to remote] DEBUG org.apache.http.impl.execchain.MainClientExec - Connection can be kept alive indefinitely
02:57:03.699 [Forwarding newSession on session null to remote] DEBUG org.apache.http.impl.conn.PoolingHttpClientConnectionManager - Connection [id: 10][route: {}->http://localhost:24514] can be kept alive indefinitely
02:57:03.699 [Forwarding newSession on session null to remote] DEBUG org.apache.http.impl.conn.PoolingHttpClientConnectionManager - Connection released: [id: 10][route: {}->http://localhost:24514][total kept alive: 11; route allocated: 1 of 2000; total allocated: 11 of 2000]
02:57:04.926 [Forwarding newSession on session null to remote] DEBUG org.apache.http.client.protocol.RequestAddCookies - CookieSpec selected: default
02:57:04.926 [Forwarding newSession on session null to remote] DEBUG org.apache.http.client.protocol.RequestAuthCache - Auth cache not set in the context
02:57:04.926 [Forwarding newSession on session null to remote] DEBUG org.apache.http.impl.conn.PoolingHttpClientConnectionManager - Connection request: [route: {}->http://localhost:23708][total kept alive: 11; route allocated: 0 of 2000; total allocated: 11 of 2000]
02:57:04.926 [Forwarding newSession on session null to remote] DEBUG org.apache.http.impl.conn.PoolingHttpClientConnectionManager - Connection leased: [id: 11][route: {}->http://localhost:23708][total kept alive: 11; route allocated: 1 of 2000; total allocated: 12 of 2000]
02:57:04.926 [Forwarding newSession on session null to remote] DEBUG org.apache.http.impl.execchain.MainClientExec - Opening connection {}->http://localhost:23708
02:57:04.926 [Forwarding newSession on session null to remote] DEBUG org.apache.http.impl.conn.DefaultHttpClientConnectionOperator - Connecting to localhost/127.0.0.1:23708
02:57:04.926 [Forwarding newSession on session null to remote] DEBUG org.apache.http.impl.conn.DefaultHttpClientConnectionOperator - Connection established 127.0.0.1:58690<->127.0.0.1:23708
02:57:04.926 [Forwarding newSession on session null to remote] DEBUG org.apache.http.impl.conn.DefaultManagedHttpClientConnection - http-outgoing-11: set socket timeout to 10800000
02:57:04.926 [Forwarding newSession on session null to remote] DEBUG org.apache.http.impl.execchain.MainClientExec - Executing request POST /session HTTP/1.1
02:57:04.926 [Forwarding newSession on session null to remote] DEBUG org.apache.http.impl.execchain.MainClientExec - Target auth state: UNCHALLENGED
02:57:04.926 [Forwarding newSession on session null to remote] DEBUG org.apache.http.impl.execchain.MainClientExec - Proxy auth state: UNCHALLENGED
02:57:04.926 [Forwarding newSession on session null to remote] DEBUG org.apache.http.headers - http-outgoing-11 >> POST /session HTTP/1.1
02:57:04.926 [Forwarding newSession on session null to remote] DEBUG org.apache.http.headers - http-outgoing-11 >> Content-Type: application/json; charset=utf-8
02:57:04.926 [Forwarding newSession on session null to remote] DEBUG org.apache.http.headers - http-outgoing-11 >> Content-Length: 141
02:57:04.926 [Forwarding newSession on session null to remote] DEBUG org.apache.http.headers - http-outgoing-11 >> Host: localhost:23708
02:57:04.926 [Forwarding newSession on session null to remote] DEBUG org.apache.http.headers - http-outgoing-11 >> Connection: Keep-Alive
02:57:04.926 [Forwarding newSession on session null to remote] DEBUG org.apache.http.headers - http-outgoing-11 >> User-Agent: Apache-HttpClient/4.5.2 (Java/1.8.0_162)
02:57:04.926 [Forwarding newSession on session null to remote] DEBUG org.apache.http.headers - http-outgoing-11 >> Accept-Encoding: gzip,deflate
02:57:04.926 [Forwarding newSession on session null to remote] DEBUG org.apache.http.wire - http-outgoing-11 >> "POST /session HTTP/1.1[\r][\n]"
02:57:04.926 [Forwarding newSession on session null to remote] DEBUG org.apache.http.wire - http-outgoing-11 >> "Content-Type: application/json; charset=utf-8[\r][\n]"
02:57:04.926 [Forwarding newSession on session null to remote] DEBUG org.apache.http.wire - http-outgoing-11 >> "Content-Length: 141[\r][\n]"
02:57:04.926 [Forwarding newSession on session null to remote] DEBUG org.apache.http.wire - http-outgoing-11 >> "Host: localhost:23708[\r][\n]"
02:57:04.926 [Forwarding newSession on session null to remote] DEBUG org.apache.http.wire - http-outgoing-11 >> "Connection: Keep-Alive[\r][\n]"
02:57:04.926 [Forwarding newSession on session null to remote] DEBUG org.apache.http.wire - http-outgoing-11 >> "User-Agent: Apache-HttpClient/4.5.2 (Java/1.8.0_162)[\r][\n]"
02:57:04.926 [Forwarding newSession on session null to remote] DEBUG org.apache.http.wire - http-outgoing-11 >> "Accept-Encoding: gzip,deflate[\r][\n]"
02:57:04.926 [Forwarding newSession on session null to remote] DEBUG org.apache.http.wire - http-outgoing-11 >> "[\r][\n]"
02:57:04.926 [Forwarding newSession on session null to remote] DEBUG org.apache.http.wire - http-outgoing-11 >> "{"desiredCapabilities":{"browserName":"chrome","chromeOptions":{"args":["--start-maximized"],"extensions":[]},"version":"","platform":"ANY"}}"
02:57:05.646 [Forwarding newSession on session null to remote] DEBUG org.apache.http.wire - http-outgoing-11 << "HTTP/1.1 200 OK[\r][\n]"
02:57:05.646 [Forwarding newSession on session null to remote] DEBUG org.apache.http.wire - http-outgoing-11 << "Content-Length:443[\r][\n]"
02:57:05.646 [Forwarding newSession on session null to remote] DEBUG org.apache.http.wire - http-outgoing-11 << "Content-Type:application/json; charset=utf-8[\r][\n]"
02:57:05.646 [Forwarding newSession on session null to remote] DEBUG org.apache.http.wire - http-outgoing-11 << "[\r][\n]"
02:57:05.646 [Forwarding newSession on session null to remote] DEBUG org.apache.http.wire - http-outgoing-11 << "{"sessionId":"4f67f94f41a2a45112df977057ab12a4","status":33,"value":{"message":"session not created: This version of ChromeDriver only supports Chrome version 94\nCurrent browser version is 96.0.4664.45 with binary path C:\\Program Files (x86)\\Google\\Chrome\\Application\\chrome.exe\n  (Driver info: chromedriver=94.0.4606.61 (418b78f5838ed0b1c69bb4e51ea0252171854915-refs/branch-heads/4606@{#1204}),platform=Windows NT 10.0.19043 x86_64)"}}"
02:57:05.646 [Forwarding newSession on session null to remote] DEBUG org.apache.http.headers - http-outgoing-11 << HTTP/1.1 200 OK
02:57:05.646 [Forwarding newSession on session null to remote] DEBUG org.apache.http.headers - http-outgoing-11 << Content-Length:443
02:57:05.646 [Forwarding newSession on session null to remote] DEBUG org.apache.http.headers - http-outgoing-11 << Content-Type:application/json; charset=utf-8
02:57:05.646 [Forwarding newSession on session null to remote] DEBUG org.apache.http.impl.execchain.MainClientExec - Connection can be kept alive indefinitely
02:57:05.647 [Forwarding newSession on session null to remote] DEBUG org.apache.http.impl.conn.PoolingHttpClientConnectionManager - Connection [id: 11][route: {}->http://localhost:23708] can be kept alive indefinitely
02:57:05.647 [Forwarding newSession on session null to remote] DEBUG org.apache.http.impl.conn.PoolingHttpClientConnectionManager - Connection released: [id: 11][route: {}->http://localhost:23708][total kept alive: 12; route allocated: 1 of 2000; total allocated: 12 of 2000]
02:57:06.843 [Forwarding newSession on session null to remote] DEBUG org.apache.http.client.protocol.RequestAddCookies - CookieSpec selected: default
02:57:06.843 [Forwarding newSession on session null to remote] DEBUG org.apache.http.client.protocol.RequestAuthCache - Auth cache not set in the context
02:57:06.843 [Forwarding newSession on session null to remote] DEBUG org.apache.http.impl.conn.PoolingHttpClientConnectionManager - Connection request: [route: {}->http://localhost:40892][total kept alive: 12; route allocated: 0 of 2000; total allocated: 12 of 2000]
02:57:06.843 [Forwarding newSession on session null to remote] DEBUG org.apache.http.impl.conn.PoolingHttpClientConnectionManager - Connection leased: [id: 12][route: {}->http://localhost:40892][total kept alive: 12; route allocated: 1 of 2000; total allocated: 13 of 2000]
02:57:06.843 [Forwarding newSession on session null to remote] DEBUG org.apache.http.impl.execchain.MainClientExec - Opening connection {}->http://localhost:40892
02:57:06.844 [Forwarding newSession on session null to remote] DEBUG org.apache.http.impl.conn.DefaultHttpClientConnectionOperator - Connecting to localhost/127.0.0.1:40892
02:57:06.844 [Forwarding newSession on session null to remote] DEBUG org.apache.http.impl.conn.DefaultHttpClientConnectionOperator - Connection established 127.0.0.1:51697<->127.0.0.1:40892
02:57:06.844 [Forwarding newSession on session null to remote] DEBUG org.apache.http.impl.conn.DefaultManagedHttpClientConnection - http-outgoing-12: set socket timeout to 10800000
02:57:06.844 [Forwarding newSession on session null to remote] DEBUG org.apache.http.impl.execchain.MainClientExec - Executing request POST /session HTTP/1.1
02:57:06.844 [Forwarding newSession on session null to remote] DEBUG org.apache.http.impl.execchain.MainClientExec - Target auth state: UNCHALLENGED
02:57:06.844 [Forwarding newSession on session null to remote] DEBUG org.apache.http.impl.execchain.MainClientExec - Proxy auth state: UNCHALLENGED
02:57:06.844 [Forwarding newSession on session null to remote] DEBUG org.apache.http.headers - http-outgoing-12 >> POST /session HTTP/1.1
02:57:06.844 [Forwarding newSession on session null to remote] DEBUG org.apache.http.headers - http-outgoing-12 >> Content-Type: application/json; charset=utf-8
02:57:06.844 [Forwarding newSession on session null to remote] DEBUG org.apache.http.headers - http-outgoing-12 >> Content-Length: 141
02:57:06.844 [Forwarding newSession on session null to remote] DEBUG org.apache.http.headers - http-outgoing-12 >> Host: localhost:40892
02:57:06.844 [Forwarding newSession on session null to remote] DEBUG org.apache.http.headers - http-outgoing-12 >> Connection: Keep-Alive
02:57:06.844 [Forwarding newSession on session null to remote] DEBUG org.apache.http.headers - http-outgoing-12 >> User-Agent: Apache-HttpClient/4.5.2 (Java/1.8.0_162)
02:57:06.844 [Forwarding newSession on session null to remote] DEBUG org.apache.http.headers - http-outgoing-12 >> Accept-Encoding: gzip,deflate
02:57:06.844 [Forwarding newSession on session null to remote] DEBUG org.apache.http.wire - http-outgoing-12 >> "POST /session HTTP/1.1[\r][\n]"
02:57:06.844 [Forwarding newSession on session null to remote] DEBUG org.apache.http.wire - http-outgoing-12 >> "Content-Type: application/json; charset=utf-8[\r][\n]"
02:57:06.844 [Forwarding newSession on session null to remote] DEBUG org.apache.http.wire - http-outgoing-12 >> "Content-Length: 141[\r][\n]"
02:57:06.844 [Forwarding newSession on session null to remote] DEBUG org.apache.http.wire - http-outgoing-12 >> "Host: localhost:40892[\r][\n]"
02:57:06.844 [Forwarding newSession on session null to remote] DEBUG org.apache.http.wire - http-outgoing-12 >> "Connection: Keep-Alive[\r][\n]"
02:57:06.844 [Forwarding newSession on session null to remote] DEBUG org.apache.http.wire - http-outgoing-12 >> "User-Agent: Apache-HttpClient/4.5.2 (Java/1.8.0_162)[\r][\n]"
02:57:06.844 [Forwarding newSession on session null to remote] DEBUG org.apache.http.wire - http-outgoing-12 >> "Accept-Encoding: gzip,deflate[\r][\n]"
02:57:06.844 [Forwarding newSession on session null to remote] DEBUG org.apache.http.wire - http-outgoing-12 >> "[\r][\n]"
02:57:06.844 [Forwarding newSession on session null to remote] DEBUG org.apache.http.wire - http-outgoing-12 >> "{"desiredCapabilities":{"browserName":"chrome","chromeOptions":{"args":["--start-maximized"],"extensions":[]},"version":"","platform":"ANY"}}"
02:57:07.562 [Forwarding newSession on session null to remote] DEBUG org.apache.http.wire - http-outgoing-12 << "HTTP/1.1 200 OK[\r][\n]"
02:57:07.562 [Forwarding newSession on session null to remote] DEBUG org.apache.http.wire - http-outgoing-12 << "Content-Length:443[\r][\n]"
02:57:07.562 [Forwarding newSession on session null to remote] DEBUG org.apache.http.wire - http-outgoing-12 << "Content-Type:application/json; charset=utf-8[\r][\n]"
02:57:07.562 [Forwarding newSession on session null to remote] DEBUG org.apache.http.wire - http-outgoing-12 << "[\r][\n]"
02:57:07.562 [Forwarding newSession on session null to remote] DEBUG org.apache.http.wire - http-outgoing-12 << "{"sessionId":"7b92b97e2a55780354f43829eccde1fe","status":33,"value":{"message":"session not created: This version of ChromeDriver only supports Chrome version 94\nCurrent browser version is 96.0.4664.45 with binary path C:\\Program Files (x86)\\Google\\Chrome\\Application\\chrome.exe\n  (Driver info: chromedriver=94.0.4606.61 (418b78f5838ed0b1c69bb4e51ea0252171854915-refs/branch-heads/4606@{#1204}),platform=Windows NT 10.0.19043 x86_64)"}}"
02:57:07.563 [Forwarding newSession on session null to remote] DEBUG org.apache.http.headers - http-outgoing-12 << HTTP/1.1 200 OK
02:57:07.563 [Forwarding newSession on session null to remote] DEBUG org.apache.http.headers - http-outgoing-12 << Content-Length:443
02:57:07.563 [Forwarding newSession on session null to remote] DEBUG org.apache.http.headers - http-outgoing-12 << Content-Type:application/json; charset=utf-8
02:57:07.563 [Forwarding newSession on session null to remote] DEBUG org.apache.http.impl.execchain.MainClientExec - Connection can be kept alive indefinitely
02:57:07.563 [Forwarding newSession on session null to remote] DEBUG org.apache.http.impl.conn.PoolingHttpClientConnectionManager - Connection [id: 12][route: {}->http://localhost:40892] can be kept alive indefinitely
02:57:07.563 [Forwarding newSession on session null to remote] DEBUG org.apache.http.impl.conn.PoolingHttpClientConnectionManager - Connection released: [id: 12][route: {}->http://localhost:40892][total kept alive: 13; route allocated: 1 of 2000; total allocated: 13 of 2000]
Tests run: 45, Failures: 26, Errors: 0, Skipped: 13, Time elapsed: 41.026 sec <<< FAILURE! - in TestSuite
null on com.beilie.test.bole.cases.项目部._01项目详情.团队人选.GP10项目详情_新增简历_加入项目Test(com.beilie.test.bole.cases.项目部._01项目详情.团队人选.GP10项目详情_新增简历_加入项目Test)  Time elapsed: 10.39 sec  <<< FAILURE!
org.openqa.selenium.SessionNotCreatedException: session not created: This version of ChromeDriver only supports Chrome version 94
Current browser version is 96.0.4664.45 with binary path C:\Program Files (x86)\Google\Chrome\Application\chrome.exe
  (Driver info: chromedriver=94.0.4606.61 (418b78f5838ed0b1c69bb4e51ea0252171854915-refs/branch-heads/4606@{#1204}),platform=Windows NT 10.0.19043 x86_64) (WARNING: The server did not provide any stacktrace information)
Command duration or timeout: 7.57 seconds
Build info: version: '2.53.1', revision: 'a36b8b1cd5757287168e54b817830adce9b0158d', time: '2016-06-30 19:26:09'
System info: host: 'DESKTOP-FJ710P4', ip: '192.168.5.36', os.name: 'Windows 10', os.arch: 'amd64', os.version: '10.0', java.version: '1.8.0_162'
Driver info: org.openqa.selenium.chrome.ChromeDriver
	at sun.reflect.NativeConstructorAccessorImpl.newInstance0(Native Method)
	at sun.reflect.NativeConstructorAccessorImpl.newInstance(NativeConstructorAccessorImpl.java:62)
	at sun.reflect.DelegatingConstructorAccessorImpl.newInstance(DelegatingConstructorAccessorImpl.java:45)
	at java.lang.reflect.Constructor.newInstance(Constructor.java:423)
	at org.openqa.selenium.remote.ErrorHandler.createThrowable(ErrorHandler.java:206)
	at org.openqa.selenium.remote.ErrorHandler.throwIfResponseFailed(ErrorHandler.java:158)
	at org.openqa.selenium.remote.RemoteWebDriver.execute(RemoteWebDriver.java:678)
	at org.openqa.selenium.remote.RemoteWebDriver.startSession(RemoteWebDriver.java:249)
	at org.openqa.selenium.remote.RemoteWebDriver.<init>(RemoteWebDriver.java:131)
	at org.openqa.selenium.remote.RemoteWebDriver.<init>(RemoteWebDriver.java:144)
	at org.openqa.selenium.chrome.ChromeDriver.<init>(ChromeDriver.java:170)
	at org.openqa.selenium.chrome.ChromeDriver.<init>(ChromeDriver.java:159)
	at org.openqa.selenium.chrome.ChromeDriver.<init>(ChromeDriver.java:148)
	at com.beilie.test.seleniums.core.Engine.<init>(Engine.java:43)
	at com.beilie.test.seleniums.core.Engine.getInstance(Engine.java:21)
	at com.beilie.test.seleniums.core.TestCaseBase.init(TestCaseBase.java:11)
	at sun.reflect.NativeMethodAccessorImpl.invoke0(Native Method)
	at sun.reflect.NativeMethodAccessorImpl.invoke(NativeMethodAccessorImpl.java:62)
	at sun.reflect.DelegatingMethodAccessorImpl.invoke(DelegatingMethodAccessorImpl.java:43)
	at java.lang.reflect.Method.invoke(Method.java:498)
	at org.junit.runners.model.FrameworkMethod$1.runReflectiveCall(FrameworkMethod.java:50)
	at org.junit.internal.runners.model.ReflectiveCallable.run(ReflectiveCallable.java:12)
	at org.junit.runners.model.FrameworkMethod.invokeExplosively(FrameworkMethod.java:47)
	at org.junit.internal.runners.statements.RunBefores.evaluate(RunBefores.java:24)
	at org.junit.internal.runners.statements.RunAfters.evaluate(RunAfters.java:27)
	at org.junit.runners.ParentRunner.run(ParentRunner.java:363)
	at org.junit.runner.JUnitCore.run(JUnitCore.java:137)
	at org.junit.runner.JUnitCore.run(JUnitCore.java:115)
	at org.testng.junit.JUnit4TestRunner.start(JUnit4TestRunner.java:74)
	at org.testng.junit.JUnit4TestRunner.run(JUnit4TestRunner.java:65)
	at org.testng.TestRunner$1.run(TestRunner.java:656)
	at java.util.ArrayList.forEach(ArrayList.java:1257)
	at org.testng.TestRunner.runJUnitWorkers(TestRunner.java:847)
	at org.testng.TestRunner.privateRunJUnit(TestRunner.java:685)
	at org.testng.TestRunner.run(TestRunner.java:589)
	at org.testng.SuiteRunner.runTest(SuiteRunner.java:402)
	at org.testng.SuiteRunner.runSequentially(SuiteRunner.java:396)
	at org.testng.SuiteRunner.privateRun(SuiteRunner.java:355)
	at org.testng.SuiteRunner.run(SuiteRunner.java:304)
	at org.testng.SuiteRunnerWorker.runSuite(SuiteRunnerWorker.java:53)
	at org.testng.SuiteRunnerWorker.run(SuiteRunnerWorker.java:96)
	at org.testng.TestNG.runSuitesSequentially(TestNG.java:1180)
	at org.testng.TestNG.runSuitesLocally(TestNG.java:1102)
	at org.testng.TestNG.runSuites(TestNG.java:1032)
	at org.testng.TestNG.run(TestNG.java:1000)
	at org.apache.maven.surefire.testng.TestNGExecutor.run(TestNGExecutor.java:115)
	at org.apache.maven.surefire.testng.TestNGDirectoryTestSuite.executeMulti(TestNGDirectoryTestSuite.java:212)
	at org.apache.maven.surefire.testng.TestNGDirectoryTestSuite.execute(TestNGDirectoryTestSuite.java:108)
	at org.apache.maven.surefire.testng.TestNGProvider.invoke(TestNGProvider.java:111)
	at org.apache.maven.surefire.booter.ForkedBooter.invokeProviderInSameClassLoader(ForkedBooter.java:203)
	at org.apache.maven.surefire.booter.ForkedBooter.runSuitesInProcess(ForkedBooter.java:155)
	at org.apache.maven.surefire.booter.ForkedBooter.main(ForkedBooter.java:103)

null on com.beilie.test.bole.cases.项目部._01项目详情.团队人选.GP10项目详情_新增简历_加入项目Test(com.beilie.test.bole.cases.项目部._01项目详情.团队人选.GP10项目详情_新增简历_加入项目Test)  Time elapsed: 10.39 sec  <<< FAILURE!
java.lang.NullPointerException: null
	at com.beilie.test.seleniums.core.Engine.quit(Engine.java:88)
	at com.beilie.test.seleniums.core.TestCaseBase.clear(TestCaseBase.java:16)
	at sun.reflect.NativeMethodAccessorImpl.invoke0(Native Method)
	at sun.reflect.NativeMethodAccessorImpl.invoke(NativeMethodAccessorImpl.java:62)
	at sun.reflect.DelegatingMethodAccessorImpl.invoke(DelegatingMethodAccessorImpl.java:43)
	at java.lang.reflect.Method.invoke(Method.java:498)
	at org.junit.runners.model.FrameworkMethod$1.runReflectiveCall(FrameworkMethod.java:50)
	at org.junit.internal.runners.model.ReflectiveCallable.run(ReflectiveCallable.java:12)
	at org.junit.runners.model.FrameworkMethod.invokeExplosively(FrameworkMethod.java:47)
	at org.junit.internal.runners.statements.RunAfters.evaluate(RunAfters.java:33)
	at org.junit.runners.ParentRunner.run(ParentRunner.java:363)
	at org.junit.runner.JUnitCore.run(JUnitCore.java:137)
	at org.junit.runner.JUnitCore.run(JUnitCore.java:115)
	at org.testng.junit.JUnit4TestRunner.start(JUnit4TestRunner.java:74)
	at org.testng.junit.JUnit4TestRunner.run(JUnit4TestRunner.java:65)
	at org.testng.TestRunner$1.run(TestRunner.java:656)
	at java.util.ArrayList.forEach(ArrayList.java:1257)
	at org.testng.TestRunner.runJUnitWorkers(TestRunner.java:847)
	at org.testng.TestRunner.privateRunJUnit(TestRunner.java:685)
	at org.testng.TestRunner.run(TestRunner.java:589)
	at org.testng.SuiteRunner.runTest(SuiteRunner.java:402)
	at org.testng.SuiteRunner.runSequentially(SuiteRunner.java:396)
	at org.testng.SuiteRunner.privateRun(SuiteRunner.java:355)
	at org.testng.SuiteRunner.run(SuiteRunner.java:304)
	at org.testng.SuiteRunnerWorker.runSuite(SuiteRunnerWorker.java:53)
	at org.testng.SuiteRunnerWorker.run(SuiteRunnerWorker.java:96)
	at org.testng.TestNG.runSuitesSequentially(TestNG.java:1180)
	at org.testng.TestNG.runSuitesLocally(TestNG.java:1102)
	at org.testng.TestNG.runSuites(TestNG.java:1032)
	at org.testng.TestNG.run(TestNG.java:1000)
	at org.apache.maven.surefire.testng.TestNGExecutor.run(TestNGExecutor.java:115)
	at org.apache.maven.surefire.testng.TestNGDirectoryTestSuite.executeMulti(TestNGDirectoryTestSuite.java:212)
	at org.apache.maven.surefire.testng.TestNGDirectoryTestSuite.execute(TestNGDirectoryTestSuite.java:108)
	at org.apache.maven.surefire.testng.TestNGProvider.invoke(TestNGProvider.java:111)
	at org.apache.maven.surefire.booter.ForkedBooter.invokeProviderInSameClassLoader(ForkedBooter.java:203)
	at org.apache.maven.surefire.booter.ForkedBooter.runSuitesInProcess(ForkedBooter.java:155)
	at org.apache.maven.surefire.booter.ForkedBooter.main(ForkedBooter.java:103)

null on com.beilie.test.bole.cases.项目部._01项目详情.团队人选.GP10项目详情_添加备注Test(com.beilie.test.bole.cases.项目部._01项目详情.团队人选.GP10项目详情_添加备注Test)  Time elapsed: 13.172 sec  <<< FAILURE!
org.openqa.selenium.SessionNotCreatedException: session not created: This version of ChromeDriver only supports Chrome version 94
Current browser version is 96.0.4664.45 with binary path C:\Program Files (x86)\Google\Chrome\Application\chrome.exe
  (Driver info: chromedriver=94.0.4606.61 (418b78f5838ed0b1c69bb4e51ea0252171854915-refs/branch-heads/4606@{#1204}),platform=Windows NT 10.0.19043 x86_64) (WARNING: The server did not provide any stacktrace information)
Command duration or timeout: 2.09 seconds
Build info: version: '2.53.1', revision: 'a36b8b1cd5757287168e54b817830adce9b0158d', time: '2016-06-30 19:26:09'
System info: host: 'DESKTOP-FJ710P4', ip: '192.168.5.36', os.name: 'Windows 10', os.arch: 'amd64', os.version: '10.0', java.version: '1.8.0_162'
Driver info: org.openqa.selenium.chrome.ChromeDriver
	at sun.reflect.NativeConstructorAccessorImpl.newInstance0(Native Method)
	at sun.reflect.NativeConstructorAccessorImpl.newInstance(NativeConstructorAccessorImpl.java:62)
	at sun.reflect.DelegatingConstructorAccessorImpl.newInstance(DelegatingConstructorAccessorImpl.java:45)
	at java.lang.reflect.Constructor.newInstance(Constructor.java:423)
	at org.openqa.selenium.remote.ErrorHandler.createThrowable(ErrorHandler.java:206)
	at org.openqa.selenium.remote.ErrorHandler.throwIfResponseFailed(ErrorHandler.java:158)
	at org.openqa.selenium.remote.RemoteWebDriver.execute(RemoteWebDriver.java:678)
	at org.openqa.selenium.remote.RemoteWebDriver.startSession(RemoteWebDriver.java:249)
	at org.openqa.selenium.remote.RemoteWebDriver.<init>(RemoteWebDriver.java:131)
	at org.openqa.selenium.remote.RemoteWebDriver.<init>(RemoteWebDriver.java:144)
	at org.openqa.selenium.chrome.ChromeDriver.<init>(ChromeDriver.java:170)
	at org.openqa.selenium.chrome.ChromeDriver.<init>(ChromeDriver.java:159)
	at org.openqa.selenium.chrome.ChromeDriver.<init>(ChromeDriver.java:148)
	at com.beilie.test.seleniums.core.Engine.<init>(Engine.java:43)
	at com.beilie.test.seleniums.core.Engine.getInstance(Engine.java:21)
	at com.beilie.test.seleniums.core.TestCaseBase.init(TestCaseBase.java:11)
	at sun.reflect.NativeMethodAccessorImpl.invoke0(Native Method)
	at sun.reflect.NativeMethodAccessorImpl.invoke(NativeMethodAccessorImpl.java:62)
	at sun.reflect.DelegatingMethodAccessorImpl.invoke(DelegatingMethodAccessorImpl.java:43)
	at java.lang.reflect.Method.invoke(Method.java:498)
	at org.junit.runners.model.FrameworkMethod$1.runReflectiveCall(FrameworkMethod.java:50)
	at org.junit.internal.runners.model.ReflectiveCallable.run(ReflectiveCallable.java:12)
	at org.junit.runners.model.FrameworkMethod.invokeExplosively(FrameworkMethod.java:47)
	at org.junit.internal.runners.statements.RunBefores.evaluate(RunBefores.java:24)
	at org.junit.internal.runners.statements.RunAfters.evaluate(RunAfters.java:27)
	at org.junit.runners.ParentRunner.run(ParentRunner.java:363)
	at org.junit.runner.JUnitCore.run(JUnitCore.java:137)
	at org.junit.runner.JUnitCore.run(JUnitCore.java:115)
	at org.testng.junit.JUnit4TestRunner.start(JUnit4TestRunner.java:74)
	at org.testng.junit.JUnit4TestRunner.run(JUnit4TestRunner.java:65)
	at org.testng.TestRunner$1.run(TestRunner.java:656)
	at java.util.ArrayList.forEach(ArrayList.java:1257)
	at org.testng.TestRunner.runJUnitWorkers(TestRunner.java:847)
	at org.testng.TestRunner.privateRunJUnit(TestRunner.java:685)
	at org.testng.TestRunner.run(TestRunner.java:589)
	at org.testng.SuiteRunner.runTest(SuiteRunner.java:402)
	at org.testng.SuiteRunner.runSequentially(SuiteRunner.java:396)
	at org.testng.SuiteRunner.privateRun(SuiteRunner.java:355)
	at org.testng.SuiteRunner.run(SuiteRunner.java:304)
	at org.testng.SuiteRunnerWorker.runSuite(SuiteRunnerWorker.java:53)
	at org.testng.SuiteRunnerWorker.run(SuiteRunnerWorker.java:96)
	at org.testng.TestNG.runSuitesSequentially(TestNG.java:1180)
	at org.testng.TestNG.runSuitesLocally(TestNG.java:1102)
	at org.testng.TestNG.runSuites(TestNG.java:1032)
	at org.testng.TestNG.run(TestNG.java:1000)
	at org.apache.maven.surefire.testng.TestNGExecutor.run(TestNGExecutor.java:115)
	at org.apache.maven.surefire.testng.TestNGDirectoryTestSuite.executeMulti(TestNGDirectoryTestSuite.java:212)
	at org.apache.maven.surefire.testng.TestNGDirectoryTestSuite.execute(TestNGDirectoryTestSuite.java:108)
	at org.apache.maven.surefire.testng.TestNGProvider.invoke(TestNGProvider.java:111)
	at org.apache.maven.surefire.booter.ForkedBooter.invokeProviderInSameClassLoader(ForkedBooter.java:203)
	at org.apache.maven.surefire.booter.ForkedBooter.runSuitesInProcess(ForkedBooter.java:155)
	at org.apache.maven.surefire.booter.ForkedBooter.main(ForkedBooter.java:103)

null on com.beilie.test.bole.cases.项目部._01项目详情.团队人选.GP10项目详情_添加备注Test(com.beilie.test.bole.cases.项目部._01项目详情.团队人选.GP10项目详情_添加备注Test)  Time elapsed: 13.172 sec  <<< FAILURE!
java.lang.NullPointerException: null
	at com.beilie.test.seleniums.core.Engine.quit(Engine.java:88)
	at com.beilie.test.seleniums.core.TestCaseBase.clear(TestCaseBase.java:16)
	at sun.reflect.NativeMethodAccessorImpl.invoke0(Native Method)
	at sun.reflect.NativeMethodAccessorImpl.invoke(NativeMethodAccessorImpl.java:62)
	at sun.reflect.DelegatingMethodAccessorImpl.invoke(DelegatingMethodAccessorImpl.java:43)
	at java.lang.reflect.Method.invoke(Method.java:498)
	at org.junit.runners.model.FrameworkMethod$1.runReflectiveCall(FrameworkMethod.java:50)
	at org.junit.internal.runners.model.ReflectiveCallable.run(ReflectiveCallable.java:12)
	at org.junit.runners.model.FrameworkMethod.invokeExplosively(FrameworkMethod.java:47)
	at org.junit.internal.runners.statements.RunAfters.evaluate(RunAfters.java:33)
	at org.junit.runners.ParentRunner.run(ParentRunner.java:363)
	at org.junit.runner.JUnitCore.run(JUnitCore.java:137)
	at org.junit.runner.JUnitCore.run(JUnitCore.java:115)
	at org.testng.junit.JUnit4TestRunner.start(JUnit4TestRunner.java:74)
	at org.testng.junit.JUnit4TestRunner.run(JUnit4TestRunner.java:65)
	at org.testng.TestRunner$1.run(TestRunner.java:656)
	at java.util.ArrayList.forEach(ArrayList.java:1257)
	at org.testng.TestRunner.runJUnitWorkers(TestRunner.java:847)
	at org.testng.TestRunner.privateRunJUnit(TestRunner.java:685)
	at org.testng.TestRunner.run(TestRunner.java:589)
	at org.testng.SuiteRunner.runTest(SuiteRunner.java:402)
	at org.testng.SuiteRunner.runSequentially(SuiteRunner.java:396)
	at org.testng.SuiteRunner.privateRun(SuiteRunner.java:355)
	at org.testng.SuiteRunner.run(SuiteRunner.java:304)
	at org.testng.SuiteRunnerWorker.runSuite(SuiteRunnerWorker.java:53)
	at org.testng.SuiteRunnerWorker.run(SuiteRunnerWorker.java:96)
	at org.testng.TestNG.runSuitesSequentially(TestNG.java:1180)
	at org.testng.TestNG.runSuitesLocally(TestNG.java:1102)
	at org.testng.TestNG.runSuites(TestNG.java:1032)
	at org.testng.TestNG.run(TestNG.java:1000)
	at org.apache.maven.surefire.testng.TestNGExecutor.run(TestNGExecutor.java:115)
	at org.apache.maven.surefire.testng.TestNGDirectoryTestSuite.executeMulti(TestNGDirectoryTestSuite.java:212)
	at org.apache.maven.surefire.testng.TestNGDirectoryTestSuite.execute(TestNGDirectoryTestSuite.java:108)
	at org.apache.maven.surefire.testng.TestNGProvider.invoke(TestNGProvider.java:111)
	at org.apache.maven.surefire.booter.ForkedBooter.invokeProviderInSameClassLoader(ForkedBooter.java:203)
	at org.apache.maven.surefire.booter.ForkedBooter.runSuitesInProcess(ForkedBooter.java:155)
	at org.apache.maven.surefire.booter.ForkedBooter.main(ForkedBooter.java:103)

null on com.beilie.test.bole.cases.项目部._01项目详情.设置职位状态.GP10项目详情_关闭职位Test(com.beilie.test.bole.cases.项目部._01项目详情.设置职位状态.GP10项目详情_关闭职位Test)  Time elapsed: 18.078 sec  <<< FAILURE!
org.openqa.selenium.SessionNotCreatedException: session not created: This version of ChromeDriver only supports Chrome version 94
Current browser version is 96.0.4664.45 with binary path C:\Program Files (x86)\Google\Chrome\Application\chrome.exe
  (Driver info: chromedriver=94.0.4606.61 (418b78f5838ed0b1c69bb4e51ea0252171854915-refs/branch-heads/4606@{#1204}),platform=Windows NT 10.0.19043 x86_64) (WARNING: The server did not provide any stacktrace information)
Command duration or timeout: 4.25 seconds
Build info: version: '2.53.1', revision: 'a36b8b1cd5757287168e54b817830adce9b0158d', time: '2016-06-30 19:26:09'
System info: host: 'DESKTOP-FJ710P4', ip: '192.168.5.36', os.name: 'Windows 10', os.arch: 'amd64', os.version: '10.0', java.version: '1.8.0_162'
Driver info: org.openqa.selenium.chrome.ChromeDriver
	at sun.reflect.NativeConstructorAccessorImpl.newInstance0(Native Method)
	at sun.reflect.NativeConstructorAccessorImpl.newInstance(NativeConstructorAccessorImpl.java:62)
	at sun.reflect.DelegatingConstructorAccessorImpl.newInstance(DelegatingConstructorAccessorImpl.java:45)
	at java.lang.reflect.Constructor.newInstance(Constructor.java:423)
	at org.openqa.selenium.remote.ErrorHandler.createThrowable(ErrorHandler.java:206)
	at org.openqa.selenium.remote.ErrorHandler.throwIfResponseFailed(ErrorHandler.java:158)
	at org.openqa.selenium.remote.RemoteWebDriver.execute(RemoteWebDriver.java:678)
	at org.openqa.selenium.remote.RemoteWebDriver.startSession(RemoteWebDriver.java:249)
	at org.openqa.selenium.remote.RemoteWebDriver.<init>(RemoteWebDriver.java:131)
	at org.openqa.selenium.remote.RemoteWebDriver.<init>(RemoteWebDriver.java:144)
	at org.openqa.selenium.chrome.ChromeDriver.<init>(ChromeDriver.java:170)
	at org.openqa.selenium.chrome.ChromeDriver.<init>(ChromeDriver.java:159)
	at org.openqa.selenium.chrome.ChromeDriver.<init>(ChromeDriver.java:148)
	at com.beilie.test.seleniums.core.Engine.<init>(Engine.java:43)
	at com.beilie.test.seleniums.core.Engine.getInstance(Engine.java:21)
	at com.beilie.test.seleniums.core.TestCaseBase.init(TestCaseBase.java:11)
	at sun.reflect.NativeMethodAccessorImpl.invoke0(Native Method)
	at sun.reflect.NativeMethodAccessorImpl.invoke(NativeMethodAccessorImpl.java:62)
	at sun.reflect.DelegatingMethodAccessorImpl.invoke(DelegatingMethodAccessorImpl.java:43)
	at java.lang.reflect.Method.invoke(Method.java:498)
	at org.junit.runners.model.FrameworkMethod$1.runReflectiveCall(FrameworkMethod.java:50)
	at org.junit.internal.runners.model.ReflectiveCallable.run(ReflectiveCallable.java:12)
	at org.junit.runners.model.FrameworkMethod.invokeExplosively(FrameworkMethod.java:47)
	at org.junit.internal.runners.statements.RunBefores.evaluate(RunBefores.java:24)
	at org.junit.internal.runners.statements.RunAfters.evaluate(RunAfters.java:27)
	at org.junit.runners.ParentRunner.run(ParentRunner.java:363)
	at org.junit.runner.JUnitCore.run(JUnitCore.java:137)
	at org.junit.runner.JUnitCore.run(JUnitCore.java:115)
	at org.testng.junit.JUnit4TestRunner.start(JUnit4TestRunner.java:74)
	at org.testng.junit.JUnit4TestRunner.run(JUnit4TestRunner.java:65)
	at org.testng.TestRunner$1.run(TestRunner.java:656)
	at java.util.ArrayList.forEach(ArrayList.java:1257)
	at org.testng.TestRunner.runJUnitWorkers(TestRunner.java:847)
	at org.testng.TestRunner.privateRunJUnit(TestRunner.java:685)
	at org.testng.TestRunner.run(TestRunner.java:589)
	at org.testng.SuiteRunner.runTest(SuiteRunner.java:402)
	at org.testng.SuiteRunner.runSequentially(SuiteRunner.java:396)
	at org.testng.SuiteRunner.privateRun(SuiteRunner.java:355)
	at org.testng.SuiteRunner.run(SuiteRunner.java:304)
	at org.testng.SuiteRunnerWorker.runSuite(SuiteRunnerWorker.java:53)
	at org.testng.SuiteRunnerWorker.run(SuiteRunnerWorker.java:96)
	at org.testng.TestNG.runSuitesSequentially(TestNG.java:1180)
	at org.testng.TestNG.runSuitesLocally(TestNG.java:1102)
	at org.testng.TestNG.runSuites(TestNG.java:1032)
	at org.testng.TestNG.run(TestNG.java:1000)
	at org.apache.maven.surefire.testng.TestNGExecutor.run(TestNGExecutor.java:115)
	at org.apache.maven.surefire.testng.TestNGDirectoryTestSuite.executeMulti(TestNGDirectoryTestSuite.java:212)
	at org.apache.maven.surefire.testng.TestNGDirectoryTestSuite.execute(TestNGDirectoryTestSuite.java:108)
	at org.apache.maven.surefire.testng.TestNGProvider.invoke(TestNGProvider.java:111)
	at org.apache.maven.surefire.booter.ForkedBooter.invokeProviderInSameClassLoader(ForkedBooter.java:203)
	at org.apache.maven.surefire.booter.ForkedBooter.runSuitesInProcess(ForkedBooter.java:155)
	at org.apache.maven.surefire.booter.ForkedBooter.main(ForkedBooter.java:103)

null on com.beilie.test.bole.cases.项目部._01项目详情.设置职位状态.GP10项目详情_关闭职位Test(com.beilie.test.bole.cases.项目部._01项目详情.设置职位状态.GP10项目详情_关闭职位Test)  Time elapsed: 18.078 sec  <<< FAILURE!
java.lang.NullPointerException: null
	at com.beilie.test.seleniums.core.Engine.quit(Engine.java:88)
	at com.beilie.test.seleniums.core.TestCaseBase.clear(TestCaseBase.java:16)
	at sun.reflect.NativeMethodAccessorImpl.invoke0(Native Method)
	at sun.reflect.NativeMethodAccessorImpl.invoke(NativeMethodAccessorImpl.java:62)
	at sun.reflect.DelegatingMethodAccessorImpl.invoke(DelegatingMethodAccessorImpl.java:43)
	at java.lang.reflect.Method.invoke(Method.java:498)
	at org.junit.runners.model.FrameworkMethod$1.runReflectiveCall(FrameworkMethod.java:50)
	at org.junit.internal.runners.model.ReflectiveCallable.run(ReflectiveCallable.java:12)
	at org.junit.runners.model.FrameworkMethod.invokeExplosively(FrameworkMethod.java:47)
	at org.junit.internal.runners.statements.RunAfters.evaluate(RunAfters.java:33)
	at org.junit.runners.ParentRunner.run(ParentRunner.java:363)
	at org.junit.runner.JUnitCore.run(JUnitCore.java:137)
	at org.junit.runner.JUnitCore.run(JUnitCore.java:115)
	at org.testng.junit.JUnit4TestRunner.start(JUnit4TestRunner.java:74)
	at org.testng.junit.JUnit4TestRunner.run(JUnit4TestRunner.java:65)
	at org.testng.TestRunner$1.run(TestRunner.java:656)
	at java.util.ArrayList.forEach(ArrayList.java:1257)
	at org.testng.TestRunner.runJUnitWorkers(TestRunner.java:847)
	at org.testng.TestRunner.privateRunJUnit(TestRunner.java:685)
	at org.testng.TestRunner.run(TestRunner.java:589)
	at org.testng.SuiteRunner.runTest(SuiteRunner.java:402)
	at org.testng.SuiteRunner.runSequentially(SuiteRunner.java:396)
	at org.testng.SuiteRunner.privateRun(SuiteRunner.java:355)
	at org.testng.SuiteRunner.run(SuiteRunner.java:304)
	at org.testng.SuiteRunnerWorker.runSuite(SuiteRunnerWorker.java:53)
	at org.testng.SuiteRunnerWorker.run(SuiteRunnerWorker.java:96)
	at org.testng.TestNG.runSuitesSequentially(TestNG.java:1180)
	at org.testng.TestNG.runSuitesLocally(TestNG.java:1102)
	at org.testng.TestNG.runSuites(TestNG.java:1032)
	at org.testng.TestNG.run(TestNG.java:1000)
	at org.apache.maven.surefire.testng.TestNGExecutor.run(TestNGExecutor.java:115)
	at org.apache.maven.surefire.testng.TestNGDirectoryTestSuite.executeMulti(TestNGDirectoryTestSuite.java:212)
	at org.apache.maven.surefire.testng.TestNGDirectoryTestSuite.execute(TestNGDirectoryTestSuite.java:108)
	at org.apache.maven.surefire.testng.TestNGProvider.invoke(TestNGProvider.java:111)
	at org.apache.maven.surefire.booter.ForkedBooter.invokeProviderInSameClassLoader(ForkedBooter.java:203)
	at org.apache.maven.surefire.booter.ForkedBooter.runSuitesInProcess(ForkedBooter.java:155)
	at org.apache.maven.surefire.booter.ForkedBooter.main(ForkedBooter.java:103)

null on com.beilie.test.bole.cases.项目部._01项目详情.设置职位状态.GP10项目详情_恢复职位Test(com.beilie.test.bole.cases.项目部._01项目详情.设置职位状态.GP10项目详情_恢复职位Test)  Time elapsed: 20.885 sec  <<< FAILURE!
org.openqa.selenium.SessionNotCreatedException: session not created: This version of ChromeDriver only supports Chrome version 94
Current browser version is 96.0.4664.45 with binary path C:\Program Files (x86)\Google\Chrome\Application\chrome.exe
  (Driver info: chromedriver=94.0.4606.61 (418b78f5838ed0b1c69bb4e51ea0252171854915-refs/branch-heads/4606@{#1204}),platform=Windows NT 10.0.19043 x86_64) (WARNING: The server did not provide any stacktrace information)
Command duration or timeout: 2.22 seconds
Build info: version: '2.53.1', revision: 'a36b8b1cd5757287168e54b817830adce9b0158d', time: '2016-06-30 19:26:09'
System info: host: 'DESKTOP-FJ710P4', ip: '192.168.5.36', os.name: 'Windows 10', os.arch: 'amd64', os.version: '10.0', java.version: '1.8.0_162'
Driver info: org.openqa.selenium.chrome.ChromeDriver
	at sun.reflect.NativeConstructorAccessorImpl.newInstance0(Native Method)
	at sun.reflect.NativeConstructorAccessorImpl.newInstance(NativeConstructorAccessorImpl.java:62)
	at sun.reflect.DelegatingConstructorAccessorImpl.newInstance(DelegatingConstructorAccessorImpl.java:45)
	at java.lang.reflect.Constructor.newInstance(Constructor.java:423)
	at org.openqa.selenium.remote.ErrorHandler.createThrowable(ErrorHandler.java:206)
	at org.openqa.selenium.remote.ErrorHandler.throwIfResponseFailed(ErrorHandler.java:158)
	at org.openqa.selenium.remote.RemoteWebDriver.execute(RemoteWebDriver.java:678)
	at org.openqa.selenium.remote.RemoteWebDriver.startSession(RemoteWebDriver.java:249)
	at org.openqa.selenium.remote.RemoteWebDriver.<init>(RemoteWebDriver.java:131)
	at org.openqa.selenium.remote.RemoteWebDriver.<init>(RemoteWebDriver.java:144)
	at org.openqa.selenium.chrome.ChromeDriver.<init>(ChromeDriver.java:170)
	at org.openqa.selenium.chrome.ChromeDriver.<init>(ChromeDriver.java:159)
	at org.openqa.selenium.chrome.ChromeDriver.<init>(ChromeDriver.java:148)
	at com.beilie.test.seleniums.core.Engine.<init>(Engine.java:43)
	at com.beilie.test.seleniums.core.Engine.getInstance(Engine.java:21)
	at com.beilie.test.seleniums.core.TestCaseBase.init(TestCaseBase.java:11)
	at sun.reflect.NativeMethodAccessorImpl.invoke0(Native Method)
	at sun.reflect.NativeMethodAccessorImpl.invoke(NativeMethodAccessorImpl.java:62)
	at sun.reflect.DelegatingMethodAccessorImpl.invoke(DelegatingMethodAccessorImpl.java:43)
	at java.lang.reflect.Method.invoke(Method.java:498)
	at org.junit.runners.model.FrameworkMethod$1.runReflectiveCall(FrameworkMethod.java:50)
	at org.junit.internal.runners.model.ReflectiveCallable.run(ReflectiveCallable.java:12)
	at org.junit.runners.model.FrameworkMethod.invokeExplosively(FrameworkMethod.java:47)
	at org.junit.internal.runners.statements.RunBefores.evaluate(RunBefores.java:24)
	at org.junit.internal.runners.statements.RunAfters.evaluate(RunAfters.java:27)
	at org.junit.runners.ParentRunner.run(ParentRunner.java:363)
	at org.junit.runner.JUnitCore.run(JUnitCore.java:137)
	at org.junit.runner.JUnitCore.run(JUnitCore.java:115)
	at org.testng.junit.JUnit4TestRunner.start(JUnit4TestRunner.java:74)
	at org.testng.junit.JUnit4TestRunner.run(JUnit4TestRunner.java:65)
	at org.testng.TestRunner$1.run(TestRunner.java:656)
	at java.util.ArrayList.forEach(ArrayList.java:1257)
	at org.testng.TestRunner.runJUnitWorkers(TestRunner.java:847)
	at org.testng.TestRunner.privateRunJUnit(TestRunner.java:685)
	at org.testng.TestRunner.run(TestRunner.java:589)
	at org.testng.SuiteRunner.runTest(SuiteRunner.java:402)
	at org.testng.SuiteRunner.runSequentially(SuiteRunner.java:396)
	at org.testng.SuiteRunner.privateRun(SuiteRunner.java:355)
	at org.testng.SuiteRunner.run(SuiteRunner.java:304)
	at org.testng.SuiteRunnerWorker.runSuite(SuiteRunnerWorker.java:53)
	at org.testng.SuiteRunnerWorker.run(SuiteRunnerWorker.java:96)
	at org.testng.TestNG.runSuitesSequentially(TestNG.java:1180)
	at org.testng.TestNG.runSuitesLocally(TestNG.java:1102)
	at org.testng.TestNG.runSuites(TestNG.java:1032)
	at org.testng.TestNG.run(TestNG.java:1000)
	at org.apache.maven.surefire.testng.TestNGExecutor.run(TestNGExecutor.java:115)
	at org.apache.maven.surefire.testng.TestNGDirectoryTestSuite.executeMulti(TestNGDirectoryTestSuite.java:212)
	at org.apache.maven.surefire.testng.TestNGDirectoryTestSuite.execute(TestNGDirectoryTestSuite.java:108)
	at org.apache.maven.surefire.testng.TestNGProvider.invoke(TestNGProvider.java:111)
	at org.apache.maven.surefire.booter.ForkedBooter.invokeProviderInSameClassLoader(ForkedBooter.java:203)
	at org.apache.maven.surefire.booter.ForkedBooter.runSuitesInProcess(ForkedBooter.java:155)
	at org.apache.maven.surefire.booter.ForkedBooter.main(ForkedBooter.java:103)

null on com.beilie.test.bole.cases.项目部._01项目详情.设置职位状态.GP10项目详情_恢复职位Test(com.beilie.test.bole.cases.项目部._01项目详情.设置职位状态.GP10项目详情_恢复职位Test)  Time elapsed: 20.886 sec  <<< FAILURE!
java.lang.NullPointerException: null
	at com.beilie.test.seleniums.core.Engine.quit(Engine.java:88)
	at com.beilie.test.seleniums.core.TestCaseBase.clear(TestCaseBase.java:16)
	at sun.reflect.NativeMethodAccessorImpl.invoke0(Native Method)
	at sun.reflect.NativeMethodAccessorImpl.invoke(NativeMethodAccessorImpl.java:62)
	at sun.reflect.DelegatingMethodAccessorImpl.invoke(DelegatingMethodAccessorImpl.java:43)
	at java.lang.reflect.Method.invoke(Method.java:498)
	at org.junit.runners.model.FrameworkMethod$1.runReflectiveCall(FrameworkMethod.java:50)
	at org.junit.internal.runners.model.ReflectiveCallable.run(ReflectiveCallable.java:12)
	at org.junit.runners.model.FrameworkMethod.invokeExplosively(FrameworkMethod.java:47)
	at org.junit.internal.runners.statements.RunAfters.evaluate(RunAfters.java:33)
	at org.junit.runners.ParentRunner.run(ParentRunner.java:363)
	at org.junit.runner.JUnitCore.run(JUnitCore.java:137)
	at org.junit.runner.JUnitCore.run(JUnitCore.java:115)
	at org.testng.junit.JUnit4TestRunner.start(JUnit4TestRunner.java:74)
	at org.testng.junit.JUnit4TestRunner.run(JUnit4TestRunner.java:65)
	at org.testng.TestRunner$1.run(TestRunner.java:656)
	at java.util.ArrayList.forEach(ArrayList.java:1257)
	at org.testng.TestRunner.runJUnitWorkers(TestRunner.java:847)
	at org.testng.TestRunner.privateRunJUnit(TestRunner.java:685)
	at org.testng.TestRunner.run(TestRunner.java:589)
	at org.testng.SuiteRunner.runTest(SuiteRunner.java:402)
	at org.testng.SuiteRunner.runSequentially(SuiteRunner.java:396)
	at org.testng.SuiteRunner.privateRun(SuiteRunner.java:355)
	at org.testng.SuiteRunner.run(SuiteRunner.java:304)
	at org.testng.SuiteRunnerWorker.runSuite(SuiteRunnerWorker.java:53)
	at org.testng.SuiteRunnerWorker.run(SuiteRunnerWorker.java:96)
	at org.testng.TestNG.runSuitesSequentially(TestNG.java:1180)
	at org.testng.TestNG.runSuitesLocally(TestNG.java:1102)
	at org.testng.TestNG.runSuites(TestNG.java:1032)
	at org.testng.TestNG.run(TestNG.java:1000)
	at org.apache.maven.surefire.testng.TestNGExecutor.run(TestNGExecutor.java:115)
	at org.apache.maven.surefire.testng.TestNGDirectoryTestSuite.executeMulti(TestNGDirectoryTestSuite.java:212)
	at org.apache.maven.surefire.testng.TestNGDirectoryTestSuite.execute(TestNGDirectoryTestSuite.java:108)
	at org.apache.maven.surefire.testng.TestNGProvider.invoke(TestNGProvider.java:111)
	at org.apache.maven.surefire.booter.ForkedBooter.invokeProviderInSameClassLoader(ForkedBooter.java:203)
	at org.apache.maven.surefire.booter.ForkedBooter.runSuitesInProcess(ForkedBooter.java:155)
	at org.apache.maven.surefire.booter.ForkedBooter.main(ForkedBooter.java:103)

null on com.beilie.test.bole.cases.项目部._01项目详情.设置职位状态.GP10项目详情_暂停职位Test(com.beilie.test.bole.cases.项目部._01项目详情.设置职位状态.GP10项目详情_暂停职位Test)  Time elapsed: 22.737 sec  <<< FAILURE!
org.openqa.selenium.SessionNotCreatedException: session not created: This version of ChromeDriver only supports Chrome version 94
Current browser version is 96.0.4664.45 with binary path C:\Program Files (x86)\Google\Chrome\Application\chrome.exe
  (Driver info: chromedriver=94.0.4606.61 (418b78f5838ed0b1c69bb4e51ea0252171854915-refs/branch-heads/4606@{#1204}),platform=Windows NT 10.0.19043 x86_64) (WARNING: The server did not provide any stacktrace information)
Command duration or timeout: 1.19 seconds
Build info: version: '2.53.1', revision: 'a36b8b1cd5757287168e54b817830adce9b0158d', time: '2016-06-30 19:26:09'
System info: host: 'DESKTOP-FJ710P4', ip: '192.168.5.36', os.name: 'Windows 10', os.arch: 'amd64', os.version: '10.0', java.version: '1.8.0_162'
Driver info: org.openqa.selenium.chrome.ChromeDriver
	at sun.reflect.NativeConstructorAccessorImpl.newInstance0(Native Method)
	at sun.reflect.NativeConstructorAccessorImpl.newInstance(NativeConstructorAccessorImpl.java:62)
	at sun.reflect.DelegatingConstructorAccessorImpl.newInstance(DelegatingConstructorAccessorImpl.java:45)
	at java.lang.reflect.Constructor.newInstance(Constructor.java:423)
	at org.openqa.selenium.remote.ErrorHandler.createThrowable(ErrorHandler.java:206)
	at org.openqa.selenium.remote.ErrorHandler.throwIfResponseFailed(ErrorHandler.java:158)
	at org.openqa.selenium.remote.RemoteWebDriver.execute(RemoteWebDriver.java:678)
	at org.openqa.selenium.remote.RemoteWebDriver.startSession(RemoteWebDriver.java:249)
	at org.openqa.selenium.remote.RemoteWebDriver.<init>(RemoteWebDriver.java:131)
	at org.openqa.selenium.remote.RemoteWebDriver.<init>(RemoteWebDriver.java:144)
	at org.openqa.selenium.chrome.ChromeDriver.<init>(ChromeDriver.java:170)
	at org.openqa.selenium.chrome.ChromeDriver.<init>(ChromeDriver.java:159)
	at org.openqa.selenium.chrome.ChromeDriver.<init>(ChromeDriver.java:148)
	at com.beilie.test.seleniums.core.Engine.<init>(Engine.java:43)
	at com.beilie.test.seleniums.core.Engine.getInstance(Engine.java:21)
	at com.beilie.test.seleniums.core.TestCaseBase.init(TestCaseBase.java:11)
	at sun.reflect.NativeMethodAccessorImpl.invoke0(Native Method)
	at sun.reflect.NativeMethodAccessorImpl.invoke(NativeMethodAccessorImpl.java:62)
	at sun.reflect.DelegatingMethodAccessorImpl.invoke(DelegatingMethodAccessorImpl.java:43)
	at java.lang.reflect.Method.invoke(Method.java:498)
	at org.junit.runners.model.FrameworkMethod$1.runReflectiveCall(FrameworkMethod.java:50)
	at org.junit.internal.runners.model.ReflectiveCallable.run(ReflectiveCallable.java:12)
	at org.junit.runners.model.FrameworkMethod.invokeExplosively(FrameworkMethod.java:47)
	at org.junit.internal.runners.statements.RunBefores.evaluate(RunBefores.java:24)
	at org.junit.internal.runners.statements.RunAfters.evaluate(RunAfters.java:27)
	at org.junit.runners.ParentRunner.run(ParentRunner.java:363)
	at org.junit.runner.JUnitCore.run(JUnitCore.java:137)
	at org.junit.runner.JUnitCore.run(JUnitCore.java:115)
	at org.testng.junit.JUnit4TestRunner.start(JUnit4TestRunner.java:74)
	at org.testng.junit.JUnit4TestRunner.run(JUnit4TestRunner.java:65)
	at org.testng.TestRunner$1.run(TestRunner.java:656)
	at java.util.ArrayList.forEach(ArrayList.java:1257)
	at org.testng.TestRunner.runJUnitWorkers(TestRunner.java:847)
	at org.testng.TestRunner.privateRunJUnit(TestRunner.java:685)
	at org.testng.TestRunner.run(TestRunner.java:589)
	at org.testng.SuiteRunner.runTest(SuiteRunner.java:402)
	at org.testng.SuiteRunner.runSequentially(SuiteRunner.java:396)
	at org.testng.SuiteRunner.privateRun(SuiteRunner.java:355)
	at org.testng.SuiteRunner.run(SuiteRunner.java:304)
	at org.testng.SuiteRunnerWorker.runSuite(SuiteRunnerWorker.java:53)
	at org.testng.SuiteRunnerWorker.run(SuiteRunnerWorker.java:96)
	at org.testng.TestNG.runSuitesSequentially(TestNG.java:1180)
	at org.testng.TestNG.runSuitesLocally(TestNG.java:1102)
	at org.testng.TestNG.runSuites(TestNG.java:1032)
	at org.testng.TestNG.run(TestNG.java:1000)
	at org.apache.maven.surefire.testng.TestNGExecutor.run(TestNGExecutor.java:115)
	at org.apache.maven.surefire.testng.TestNGDirectoryTestSuite.executeMulti(TestNGDirectoryTestSuite.java:212)
	at org.apache.maven.surefire.testng.TestNGDirectoryTestSuite.execute(TestNGDirectoryTestSuite.java:108)
	at org.apache.maven.surefire.testng.TestNGProvider.invoke(TestNGProvider.java:111)
	at org.apache.maven.surefire.booter.ForkedBooter.invokeProviderInSameClassLoader(ForkedBooter.java:203)
	at org.apache.maven.surefire.booter.ForkedBooter.runSuitesInProcess(ForkedBooter.java:155)
	at org.apache.maven.surefire.booter.ForkedBooter.main(ForkedBooter.java:103)

null on com.beilie.test.bole.cases.项目部._01项目详情.设置职位状态.GP10项目详情_暂停职位Test(com.beilie.test.bole.cases.项目部._01项目详情.设置职位状态.GP10项目详情_暂停职位Test)  Time elapsed: 22.737 sec  <<< FAILURE!
java.lang.NullPointerException: null
	at com.beilie.test.seleniums.core.Engine.quit(Engine.java:88)
	at com.beilie.test.seleniums.core.TestCaseBase.clear(TestCaseBase.java:16)
	at sun.reflect.NativeMethodAccessorImpl.invoke0(Native Method)
	at sun.reflect.NativeMethodAccessorImpl.invoke(NativeMethodAccessorImpl.java:62)
	at sun.reflect.DelegatingMethodAccessorImpl.invoke(DelegatingMethodAccessorImpl.java:43)
	at java.lang.reflect.Method.invoke(Method.java:498)
	at org.junit.runners.model.FrameworkMethod$1.runReflectiveCall(FrameworkMethod.java:50)
	at org.junit.internal.runners.model.ReflectiveCallable.run(ReflectiveCallable.java:12)
	at org.junit.runners.model.FrameworkMethod.invokeExplosively(FrameworkMethod.java:47)
	at org.junit.internal.runners.statements.RunAfters.evaluate(RunAfters.java:33)
	at org.junit.runners.ParentRunner.run(ParentRunner.java:363)
	at org.junit.runner.JUnitCore.run(JUnitCore.java:137)
	at org.junit.runner.JUnitCore.run(JUnitCore.java:115)
	at org.testng.junit.JUnit4TestRunner.start(JUnit4TestRunner.java:74)
	at org.testng.junit.JUnit4TestRunner.run(JUnit4TestRunner.java:65)
	at org.testng.TestRunner$1.run(TestRunner.java:656)
	at java.util.ArrayList.forEach(ArrayList.java:1257)
	at org.testng.TestRunner.runJUnitWorkers(TestRunner.java:847)
	at org.testng.TestRunner.privateRunJUnit(TestRunner.java:685)
	at org.testng.TestRunner.run(TestRunner.java:589)
	at org.testng.SuiteRunner.runTest(SuiteRunner.java:402)
	at org.testng.SuiteRunner.runSequentially(SuiteRunner.java:396)
	at org.testng.SuiteRunner.privateRun(SuiteRunner.java:355)
	at org.testng.SuiteRunner.run(SuiteRunner.java:304)
	at org.testng.SuiteRunnerWorker.runSuite(SuiteRunnerWorker.java:53)
	at org.testng.SuiteRunnerWorker.run(SuiteRunnerWorker.java:96)
	at org.testng.TestNG.runSuitesSequentially(TestNG.java:1180)
	at org.testng.TestNG.runSuitesLocally(TestNG.java:1102)
	at org.testng.TestNG.runSuites(TestNG.java:1032)
	at org.testng.TestNG.run(TestNG.java:1000)
	at org.apache.maven.surefire.testng.TestNGExecutor.run(TestNGExecutor.java:115)
	at org.apache.maven.surefire.testng.TestNGDirectoryTestSuite.executeMulti(TestNGDirectoryTestSuite.java:212)
	at org.apache.maven.surefire.testng.TestNGDirectoryTestSuite.execute(TestNGDirectoryTestSuite.java:108)
	at org.apache.maven.surefire.testng.TestNGProvider.invoke(TestNGProvider.java:111)
	at org.apache.maven.surefire.booter.ForkedBooter.invokeProviderInSameClassLoader(ForkedBooter.java:203)
	at org.apache.maven.surefire.booter.ForkedBooter.runSuitesInProcess(ForkedBooter.java:155)
	at org.apache.maven.surefire.booter.ForkedBooter.main(ForkedBooter.java:103)

null on com.beilie.test.bole.cases.项目部._01项目详情.设置项目进程.GP10项目详情_offer谈判中Test(com.beilie.test.bole.cases.项目部._01项目详情.设置项目进程.GP10项目详情_offer谈判中Test)  Time elapsed: 24.733 sec  <<< FAILURE!
org.openqa.selenium.SessionNotCreatedException: session not created: This version of ChromeDriver only supports Chrome version 94
Current browser version is 96.0.4664.45 with binary path C:\Program Files (x86)\Google\Chrome\Application\chrome.exe
  (Driver info: chromedriver=94.0.4606.61 (418b78f5838ed0b1c69bb4e51ea0252171854915-refs/branch-heads/4606@{#1204}),platform=Windows NT 10.0.19043 x86_64) (WARNING: The server did not provide any stacktrace information)
Command duration or timeout: 1.41 seconds
Build info: version: '2.53.1', revision: 'a36b8b1cd5757287168e54b817830adce9b0158d', time: '2016-06-30 19:26:09'
System info: host: 'DESKTOP-FJ710P4', ip: '192.168.5.36', os.name: 'Windows 10', os.arch: 'amd64', os.version: '10.0', java.version: '1.8.0_162'
Driver info: org.openqa.selenium.chrome.ChromeDriver
	at sun.reflect.NativeConstructorAccessorImpl.newInstance0(Native Method)
	at sun.reflect.NativeConstructorAccessorImpl.newInstance(NativeConstructorAccessorImpl.java:62)
	at sun.reflect.DelegatingConstructorAccessorImpl.newInstance(DelegatingConstructorAccessorImpl.java:45)
	at java.lang.reflect.Constructor.newInstance(Constructor.java:423)
	at org.openqa.selenium.remote.ErrorHandler.createThrowable(ErrorHandler.java:206)
	at org.openqa.selenium.remote.ErrorHandler.throwIfResponseFailed(ErrorHandler.java:158)
	at org.openqa.selenium.remote.RemoteWebDriver.execute(RemoteWebDriver.java:678)
	at org.openqa.selenium.remote.RemoteWebDriver.startSession(RemoteWebDriver.java:249)
	at org.openqa.selenium.remote.RemoteWebDriver.<init>(RemoteWebDriver.java:131)
	at org.openqa.selenium.remote.RemoteWebDriver.<init>(RemoteWebDriver.java:144)
	at org.openqa.selenium.chrome.ChromeDriver.<init>(ChromeDriver.java:170)
	at org.openqa.selenium.chrome.ChromeDriver.<init>(ChromeDriver.java:159)
	at org.openqa.selenium.chrome.ChromeDriver.<init>(ChromeDriver.java:148)
	at com.beilie.test.seleniums.core.Engine.<init>(Engine.java:43)
	at com.beilie.test.seleniums.core.Engine.getInstance(Engine.java:21)
	at com.beilie.test.seleniums.core.TestCaseBase.init(TestCaseBase.java:11)
	at sun.reflect.NativeMethodAccessorImpl.invoke0(Native Method)
	at sun.reflect.NativeMethodAccessorImpl.invoke(NativeMethodAccessorImpl.java:62)
	at sun.reflect.DelegatingMethodAccessorImpl.invoke(DelegatingMethodAccessorImpl.java:43)
	at java.lang.reflect.Method.invoke(Method.java:498)
	at org.junit.runners.model.FrameworkMethod$1.runReflectiveCall(FrameworkMethod.java:50)
	at org.junit.internal.runners.model.ReflectiveCallable.run(ReflectiveCallable.java:12)
	at org.junit.runners.model.FrameworkMethod.invokeExplosively(FrameworkMethod.java:47)
	at org.junit.internal.runners.statements.RunBefores.evaluate(RunBefores.java:24)
	at org.junit.internal.runners.statements.RunAfters.evaluate(RunAfters.java:27)
	at org.junit.runners.ParentRunner.run(ParentRunner.java:363)
	at org.junit.runner.JUnitCore.run(JUnitCore.java:137)
	at org.junit.runner.JUnitCore.run(JUnitCore.java:115)
	at org.testng.junit.JUnit4TestRunner.start(JUnit4TestRunner.java:74)
	at org.testng.junit.JUnit4TestRunner.run(JUnit4TestRunner.java:65)
	at org.testng.TestRunner$1.run(TestRunner.java:656)
	at java.util.ArrayList.forEach(ArrayList.java:1257)
	at org.testng.TestRunner.runJUnitWorkers(TestRunner.java:847)
	at org.testng.TestRunner.privateRunJUnit(TestRunner.java:685)
	at org.testng.TestRunner.run(TestRunner.java:589)
	at org.testng.SuiteRunner.runTest(SuiteRunner.java:402)
	at org.testng.SuiteRunner.runSequentially(SuiteRunner.java:396)
	at org.testng.SuiteRunner.privateRun(SuiteRunner.java:355)
	at org.testng.SuiteRunner.run(SuiteRunner.java:304)
	at org.testng.SuiteRunnerWorker.runSuite(SuiteRunnerWorker.java:53)
	at org.testng.SuiteRunnerWorker.run(SuiteRunnerWorker.java:96)
	at org.testng.TestNG.runSuitesSequentially(TestNG.java:1180)
	at org.testng.TestNG.runSuitesLocally(TestNG.java:1102)
	at org.testng.TestNG.runSuites(TestNG.java:1032)
	at org.testng.TestNG.run(TestNG.java:1000)
	at org.apache.maven.surefire.testng.TestNGExecutor.run(TestNGExecutor.java:115)
	at org.apache.maven.surefire.testng.TestNGDirectoryTestSuite.executeMulti(TestNGDirectoryTestSuite.java:212)
	at org.apache.maven.surefire.testng.TestNGDirectoryTestSuite.execute(TestNGDirectoryTestSuite.java:108)
	at org.apache.maven.surefire.testng.TestNGProvider.invoke(TestNGProvider.java:111)
	at org.apache.maven.surefire.booter.ForkedBooter.invokeProviderInSameClassLoader(ForkedBooter.java:203)
	at org.apache.maven.surefire.booter.ForkedBooter.runSuitesInProcess(ForkedBooter.java:155)
	at org.apache.maven.surefire.booter.ForkedBooter.main(ForkedBooter.java:103)

null on com.beilie.test.bole.cases.项目部._01项目详情.设置项目进程.GP10项目详情_offer谈判中Test(com.beilie.test.bole.cases.项目部._01项目详情.设置项目进程.GP10项目详情_offer谈判中Test)  Time elapsed: 24.733 sec  <<< FAILURE!
java.lang.NullPointerException: null
	at com.beilie.test.seleniums.core.Engine.quit(Engine.java:88)
	at com.beilie.test.seleniums.core.TestCaseBase.clear(TestCaseBase.java:16)
	at sun.reflect.NativeMethodAccessorImpl.invoke0(Native Method)
	at sun.reflect.NativeMethodAccessorImpl.invoke(NativeMethodAccessorImpl.java:62)
	at sun.reflect.DelegatingMethodAccessorImpl.invoke(DelegatingMethodAccessorImpl.java:43)
	at java.lang.reflect.Method.invoke(Method.java:498)
	at org.junit.runners.model.FrameworkMethod$1.runReflectiveCall(FrameworkMethod.java:50)
	at org.junit.internal.runners.model.ReflectiveCallable.run(ReflectiveCallable.java:12)
	at org.junit.runners.model.FrameworkMethod.invokeExplosively(FrameworkMethod.java:47)
	at org.junit.internal.runners.statements.RunAfters.evaluate(RunAfters.java:33)
	at org.junit.runners.ParentRunner.run(ParentRunner.java:363)
	at org.junit.runner.JUnitCore.run(JUnitCore.java:137)
	at org.junit.runner.JUnitCore.run(JUnitCore.java:115)
	at org.testng.junit.JUnit4TestRunner.start(JUnit4TestRunner.java:74)
	at org.testng.junit.JUnit4TestRunner.run(JUnit4TestRunner.java:65)
	at org.testng.TestRunner$1.run(TestRunner.java:656)
	at java.util.ArrayList.forEach(ArrayList.java:1257)
	at org.testng.TestRunner.runJUnitWorkers(TestRunner.java:847)
	at org.testng.TestRunner.privateRunJUnit(TestRunner.java:685)
	at org.testng.TestRunner.run(TestRunner.java:589)
	at org.testng.SuiteRunner.runTest(SuiteRunner.java:402)
	at org.testng.SuiteRunner.runSequentially(SuiteRunner.java:396)
	at org.testng.SuiteRunner.privateRun(SuiteRunner.java:355)
	at org.testng.SuiteRunner.run(SuiteRunner.java:304)
	at org.testng.SuiteRunnerWorker.runSuite(SuiteRunnerWorker.java:53)
	at org.testng.SuiteRunnerWorker.run(SuiteRunnerWorker.java:96)
	at org.testng.TestNG.runSuitesSequentially(TestNG.java:1180)
	at org.testng.TestNG.runSuitesLocally(TestNG.java:1102)
	at org.testng.TestNG.runSuites(TestNG.java:1032)
	at org.testng.TestNG.run(TestNG.java:1000)
	at org.apache.maven.surefire.testng.TestNGExecutor.run(TestNGExecutor.java:115)
	at org.apache.maven.surefire.testng.TestNGDirectoryTestSuite.executeMulti(TestNGDirectoryTestSuite.java:212)
	at org.apache.maven.surefire.testng.TestNGDirectoryTestSuite.execute(TestNGDirectoryTestSuite.java:108)
	at org.apache.maven.surefire.testng.TestNGProvider.invoke(TestNGProvider.java:111)
	at org.apache.maven.surefire.booter.ForkedBooter.invokeProviderInSameClassLoader(ForkedBooter.java:203)
	at org.apache.maven.surefire.booter.ForkedBooter.runSuitesInProcess(ForkedBooter.java:155)
	at org.apache.maven.surefire.booter.ForkedBooter.main(ForkedBooter.java:103)

null on com.beilie.test.bole.cases.项目部._01项目详情.设置项目进程.GP10项目详情_上班保证期Test(com.beilie.test.bole.cases.项目部._01项目详情.设置项目进程.GP10项目详情_上班保证期Test)  Time elapsed: 26.855 sec  <<< FAILURE!
org.openqa.selenium.SessionNotCreatedException: session not created: This version of ChromeDriver only supports Chrome version 94
Current browser version is 96.0.4664.45 with binary path C:\Program Files (x86)\Google\Chrome\Application\chrome.exe
  (Driver info: chromedriver=94.0.4606.61 (418b78f5838ed0b1c69bb4e51ea0252171854915-refs/branch-heads/4606@{#1204}),platform=Windows NT 10.0.19043 x86_64) (WARNING: The server did not provide any stacktrace information)
Command duration or timeout: 1.47 seconds
Build info: version: '2.53.1', revision: 'a36b8b1cd5757287168e54b817830adce9b0158d', time: '2016-06-30 19:26:09'
System info: host: 'DESKTOP-FJ710P4', ip: '192.168.5.36', os.name: 'Windows 10', os.arch: 'amd64', os.version: '10.0', java.version: '1.8.0_162'
Driver info: org.openqa.selenium.chrome.ChromeDriver
	at sun.reflect.NativeConstructorAccessorImpl.newInstance0(Native Method)
	at sun.reflect.NativeConstructorAccessorImpl.newInstance(NativeConstructorAccessorImpl.java:62)
	at sun.reflect.DelegatingConstructorAccessorImpl.newInstance(DelegatingConstructorAccessorImpl.java:45)
	at java.lang.reflect.Constructor.newInstance(Constructor.java:423)
	at org.openqa.selenium.remote.ErrorHandler.createThrowable(ErrorHandler.java:206)
	at org.openqa.selenium.remote.ErrorHandler.throwIfResponseFailed(ErrorHandler.java:158)
	at org.openqa.selenium.remote.RemoteWebDriver.execute(RemoteWebDriver.java:678)
	at org.openqa.selenium.remote.RemoteWebDriver.startSession(RemoteWebDriver.java:249)
	at org.openqa.selenium.remote.RemoteWebDriver.<init>(RemoteWebDriver.java:131)
	at org.openqa.selenium.remote.RemoteWebDriver.<init>(RemoteWebDriver.java:144)
	at org.openqa.selenium.chrome.ChromeDriver.<init>(ChromeDriver.java:170)
	at org.openqa.selenium.chrome.ChromeDriver.<init>(ChromeDriver.java:159)
	at org.openqa.selenium.chrome.ChromeDriver.<init>(ChromeDriver.java:148)
	at com.beilie.test.seleniums.core.Engine.<init>(Engine.java:43)
	at com.beilie.test.seleniums.core.Engine.getInstance(Engine.java:21)
	at com.beilie.test.seleniums.core.TestCaseBase.init(TestCaseBase.java:11)
	at sun.reflect.NativeMethodAccessorImpl.invoke0(Native Method)
	at sun.reflect.NativeMethodAccessorImpl.invoke(NativeMethodAccessorImpl.java:62)
	at sun.reflect.DelegatingMethodAccessorImpl.invoke(DelegatingMethodAccessorImpl.java:43)
	at java.lang.reflect.Method.invoke(Method.java:498)
	at org.junit.runners.model.FrameworkMethod$1.runReflectiveCall(FrameworkMethod.java:50)
	at org.junit.internal.runners.model.ReflectiveCallable.run(ReflectiveCallable.java:12)
	at org.junit.runners.model.FrameworkMethod.invokeExplosively(FrameworkMethod.java:47)
	at org.junit.internal.runners.statements.RunBefores.evaluate(RunBefores.java:24)
	at org.junit.internal.runners.statements.RunAfters.evaluate(RunAfters.java:27)
	at org.junit.runners.ParentRunner.run(ParentRunner.java:363)
	at org.junit.runner.JUnitCore.run(JUnitCore.java:137)
	at org.junit.runner.JUnitCore.run(JUnitCore.java:115)
	at org.testng.junit.JUnit4TestRunner.start(JUnit4TestRunner.java:74)
	at org.testng.junit.JUnit4TestRunner.run(JUnit4TestRunner.java:65)
	at org.testng.TestRunner$1.run(TestRunner.java:656)
	at java.util.ArrayList.forEach(ArrayList.java:1257)
	at org.testng.TestRunner.runJUnitWorkers(TestRunner.java:847)
	at org.testng.TestRunner.privateRunJUnit(TestRunner.java:685)
	at org.testng.TestRunner.run(TestRunner.java:589)
	at org.testng.SuiteRunner.runTest(SuiteRunner.java:402)
	at org.testng.SuiteRunner.runSequentially(SuiteRunner.java:396)
	at org.testng.SuiteRunner.privateRun(SuiteRunner.java:355)
	at org.testng.SuiteRunner.run(SuiteRunner.java:304)
	at org.testng.SuiteRunnerWorker.runSuite(SuiteRunnerWorker.java:53)
	at org.testng.SuiteRunnerWorker.run(SuiteRunnerWorker.java:96)
	at org.testng.TestNG.runSuitesSequentially(TestNG.java:1180)
	at org.testng.TestNG.runSuitesLocally(TestNG.java:1102)
	at org.testng.TestNG.runSuites(TestNG.java:1032)
	at org.testng.TestNG.run(TestNG.java:1000)
	at org.apache.maven.surefire.testng.TestNGExecutor.run(TestNGExecutor.java:115)
	at org.apache.maven.surefire.testng.TestNGDirectoryTestSuite.executeMulti(TestNGDirectoryTestSuite.java:212)
	at org.apache.maven.surefire.testng.TestNGDirectoryTestSuite.execute(TestNGDirectoryTestSuite.java:108)
	at org.apache.maven.surefire.testng.TestNGProvider.invoke(TestNGProvider.java:111)
	at org.apache.maven.surefire.booter.ForkedBooter.invokeProviderInSameClassLoader(ForkedBooter.java:203)
	at org.apache.maven.surefire.booter.ForkedBooter.runSuitesInProcess(ForkedBooter.java:155)
	at org.apache.maven.surefire.booter.ForkedBooter.main(ForkedBooter.java:103)

null on com.beilie.test.bole.cases.项目部._01项目详情.设置项目进程.GP10项目详情_上班保证期Test(com.beilie.test.bole.cases.项目部._01项目详情.设置项目进程.GP10项目详情_上班保证期Test)  Time elapsed: 26.855 sec  <<< FAILURE!
java.lang.NullPointerException: null
	at com.beilie.test.seleniums.core.Engine.quit(Engine.java:88)
	at com.beilie.test.seleniums.core.TestCaseBase.clear(TestCaseBase.java:16)
	at sun.reflect.NativeMethodAccessorImpl.invoke0(Native Method)
	at sun.reflect.NativeMethodAccessorImpl.invoke(NativeMethodAccessorImpl.java:62)
	at sun.reflect.DelegatingMethodAccessorImpl.invoke(DelegatingMethodAccessorImpl.java:43)
	at java.lang.reflect.Method.invoke(Method.java:498)
	at org.junit.runners.model.FrameworkMethod$1.runReflectiveCall(FrameworkMethod.java:50)
	at org.junit.internal.runners.model.ReflectiveCallable.run(ReflectiveCallable.java:12)
	at org.junit.runners.model.FrameworkMethod.invokeExplosively(FrameworkMethod.java:47)
	at org.junit.internal.runners.statements.RunAfters.evaluate(RunAfters.java:33)
	at org.junit.runners.ParentRunner.run(ParentRunner.java:363)
	at org.junit.runner.JUnitCore.run(JUnitCore.java:137)
	at org.junit.runner.JUnitCore.run(JUnitCore.java:115)
	at org.testng.junit.JUnit4TestRunner.start(JUnit4TestRunner.java:74)
	at org.testng.junit.JUnit4TestRunner.run(JUnit4TestRunner.java:65)
	at org.testng.TestRunner$1.run(TestRunner.java:656)
	at java.util.ArrayList.forEach(ArrayList.java:1257)
	at org.testng.TestRunner.runJUnitWorkers(TestRunner.java:847)
	at org.testng.TestRunner.privateRunJUnit(TestRunner.java:685)
	at org.testng.TestRunner.run(TestRunner.java:589)
	at org.testng.SuiteRunner.runTest(SuiteRunner.java:402)
	at org.testng.SuiteRunner.runSequentially(SuiteRunner.java:396)
	at org.testng.SuiteRunner.privateRun(SuiteRunner.java:355)
	at org.testng.SuiteRunner.run(SuiteRunner.java:304)
	at org.testng.SuiteRunnerWorker.runSuite(SuiteRunnerWorker.java:53)
	at org.testng.SuiteRunnerWorker.run(SuiteRunnerWorker.java:96)
	at org.testng.TestNG.runSuitesSequentially(TestNG.java:1180)
	at org.testng.TestNG.runSuitesLocally(TestNG.java:1102)
	at org.testng.TestNG.runSuites(TestNG.java:1032)
	at org.testng.TestNG.run(TestNG.java:1000)
	at org.apache.maven.surefire.testng.TestNGExecutor.run(TestNGExecutor.java:115)
	at org.apache.maven.surefire.testng.TestNGDirectoryTestSuite.executeMulti(TestNGDirectoryTestSuite.java:212)
	at org.apache.maven.surefire.testng.TestNGDirectoryTestSuite.execute(TestNGDirectoryTestSuite.java:108)
	at org.apache.maven.surefire.testng.TestNGProvider.invoke(TestNGProvider.java:111)
	at org.apache.maven.surefire.booter.ForkedBooter.invokeProviderInSameClassLoader(ForkedBooter.java:203)
	at org.apache.maven.surefire.booter.ForkedBooter.runSuitesInProcess(ForkedBooter.java:155)
	at org.apache.maven.surefire.booter.ForkedBooter.main(ForkedBooter.java:103)

null on com.beilie.test.bole.cases.项目部._01项目详情.设置项目进程.GP10项目详情_中止Test(com.beilie.test.bole.cases.项目部._01项目详情.设置项目进程.GP10项目详情_中止Test)  Time elapsed: 28.914 sec  <<< FAILURE!
org.openqa.selenium.SessionNotCreatedException: session not created: This version of ChromeDriver only supports Chrome version 94
Current browser version is 96.0.4664.45 with binary path C:\Program Files (x86)\Google\Chrome\Application\chrome.exe
  (Driver info: chromedriver=94.0.4606.61 (418b78f5838ed0b1c69bb4e51ea0252171854915-refs/branch-heads/4606@{#1204}),platform=Windows NT 10.0.19043 x86_64) (WARNING: The server did not provide any stacktrace information)
Command duration or timeout: 1.41 seconds
Build info: version: '2.53.1', revision: 'a36b8b1cd5757287168e54b817830adce9b0158d', time: '2016-06-30 19:26:09'
System info: host: 'DESKTOP-FJ710P4', ip: '192.168.5.36', os.name: 'Windows 10', os.arch: 'amd64', os.version: '10.0', java.version: '1.8.0_162'
Driver info: org.openqa.selenium.chrome.ChromeDriver
	at sun.reflect.NativeConstructorAccessorImpl.newInstance0(Native Method)
	at sun.reflect.NativeConstructorAccessorImpl.newInstance(NativeConstructorAccessorImpl.java:62)
	at sun.reflect.DelegatingConstructorAccessorImpl.newInstance(DelegatingConstructorAccessorImpl.java:45)
	at java.lang.reflect.Constructor.newInstance(Constructor.java:423)
	at org.openqa.selenium.remote.ErrorHandler.createThrowable(ErrorHandler.java:206)
	at org.openqa.selenium.remote.ErrorHandler.throwIfResponseFailed(ErrorHandler.java:158)
	at org.openqa.selenium.remote.RemoteWebDriver.execute(RemoteWebDriver.java:678)
	at org.openqa.selenium.remote.RemoteWebDriver.startSession(RemoteWebDriver.java:249)
	at org.openqa.selenium.remote.RemoteWebDriver.<init>(RemoteWebDriver.java:131)
	at org.openqa.selenium.remote.RemoteWebDriver.<init>(RemoteWebDriver.java:144)
	at org.openqa.selenium.chrome.ChromeDriver.<init>(ChromeDriver.java:170)
	at org.openqa.selenium.chrome.ChromeDriver.<init>(ChromeDriver.java:159)
	at org.openqa.selenium.chrome.ChromeDriver.<init>(ChromeDriver.java:148)
	at com.beilie.test.seleniums.core.Engine.<init>(Engine.java:43)
	at com.beilie.test.seleniums.core.Engine.getInstance(Engine.java:21)
	at com.beilie.test.seleniums.core.TestCaseBase.init(TestCaseBase.java:11)
	at sun.reflect.NativeMethodAccessorImpl.invoke0(Native Method)
	at sun.reflect.NativeMethodAccessorImpl.invoke(NativeMethodAccessorImpl.java:62)
	at sun.reflect.DelegatingMethodAccessorImpl.invoke(DelegatingMethodAccessorImpl.java:43)
	at java.lang.reflect.Method.invoke(Method.java:498)
	at org.junit.runners.model.FrameworkMethod$1.runReflectiveCall(FrameworkMethod.java:50)
	at org.junit.internal.runners.model.ReflectiveCallable.run(ReflectiveCallable.java:12)
	at org.junit.runners.model.FrameworkMethod.invokeExplosively(FrameworkMethod.java:47)
	at org.junit.internal.runners.statements.RunBefores.evaluate(RunBefores.java:24)
	at org.junit.internal.runners.statements.RunAfters.evaluate(RunAfters.java:27)
	at org.junit.runners.ParentRunner.run(ParentRunner.java:363)
	at org.junit.runner.JUnitCore.run(JUnitCore.java:137)
	at org.junit.runner.JUnitCore.run(JUnitCore.java:115)
	at org.testng.junit.JUnit4TestRunner.start(JUnit4TestRunner.java:74)
	at org.testng.junit.JUnit4TestRunner.run(JUnit4TestRunner.java:65)
	at org.testng.TestRunner$1.run(TestRunner.java:656)
	at java.util.ArrayList.forEach(ArrayList.java:1257)
	at org.testng.TestRunner.runJUnitWorkers(TestRunner.java:847)
	at org.testng.TestRunner.privateRunJUnit(TestRunner.java:685)
	at org.testng.TestRunner.run(TestRunner.java:589)
	at org.testng.SuiteRunner.runTest(SuiteRunner.java:402)
	at org.testng.SuiteRunner.runSequentially(SuiteRunner.java:396)
	at org.testng.SuiteRunner.privateRun(SuiteRunner.java:355)
	at org.testng.SuiteRunner.run(SuiteRunner.java:304)
	at org.testng.SuiteRunnerWorker.runSuite(SuiteRunnerWorker.java:53)
	at org.testng.SuiteRunnerWorker.run(SuiteRunnerWorker.java:96)
	at org.testng.TestNG.runSuitesSequentially(TestNG.java:1180)
	at org.testng.TestNG.runSuitesLocally(TestNG.java:1102)
	at org.testng.TestNG.runSuites(TestNG.java:1032)
	at org.testng.TestNG.run(TestNG.java:1000)
	at org.apache.maven.surefire.testng.TestNGExecutor.run(TestNGExecutor.java:115)
	at org.apache.maven.surefire.testng.TestNGDirectoryTestSuite.executeMulti(TestNGDirectoryTestSuite.java:212)
	at org.apache.maven.surefire.testng.TestNGDirectoryTestSuite.execute(TestNGDirectoryTestSuite.java:108)
	at org.apache.maven.surefire.testng.TestNGProvider.invoke(TestNGProvider.java:111)
	at org.apache.maven.surefire.booter.ForkedBooter.invokeProviderInSameClassLoader(ForkedBooter.java:203)
	at org.apache.maven.surefire.booter.ForkedBooter.runSuitesInProcess(ForkedBooter.java:155)
	at org.apache.maven.surefire.booter.ForkedBooter.main(ForkedBooter.java:103)

null on com.beilie.test.bole.cases.项目部._01项目详情.设置项目进程.GP10项目详情_中止Test(com.beilie.test.bole.cases.项目部._01项目详情.设置项目进程.GP10项目详情_中止Test)  Time elapsed: 28.914 sec  <<< FAILURE!
java.lang.NullPointerException: null
	at com.beilie.test.seleniums.core.Engine.quit(Engine.java:88)
	at com.beilie.test.seleniums.core.TestCaseBase.clear(TestCaseBase.java:16)
	at sun.reflect.NativeMethodAccessorImpl.invoke0(Native Method)
	at sun.reflect.NativeMethodAccessorImpl.invoke(NativeMethodAccessorImpl.java:62)
	at sun.reflect.DelegatingMethodAccessorImpl.invoke(DelegatingMethodAccessorImpl.java:43)
	at java.lang.reflect.Method.invoke(Method.java:498)
	at org.junit.runners.model.FrameworkMethod$1.runReflectiveCall(FrameworkMethod.java:50)
	at org.junit.internal.runners.model.ReflectiveCallable.run(ReflectiveCallable.java:12)
	at org.junit.runners.model.FrameworkMethod.invokeExplosively(FrameworkMethod.java:47)
	at org.junit.internal.runners.statements.RunAfters.evaluate(RunAfters.java:33)
	at org.junit.runners.ParentRunner.run(ParentRunner.java:363)
	at org.junit.runner.JUnitCore.run(JUnitCore.java:137)
	at org.junit.runner.JUnitCore.run(JUnitCore.java:115)
	at org.testng.junit.JUnit4TestRunner.start(JUnit4TestRunner.java:74)
	at org.testng.junit.JUnit4TestRunner.run(JUnit4TestRunner.java:65)
	at org.testng.TestRunner$1.run(TestRunner.java:656)
	at java.util.ArrayList.forEach(ArrayList.java:1257)
	at org.testng.TestRunner.runJUnitWorkers(TestRunner.java:847)
	at org.testng.TestRunner.privateRunJUnit(TestRunner.java:685)
	at org.testng.TestRunner.run(TestRunner.java:589)
	at org.testng.SuiteRunner.runTest(SuiteRunner.java:402)
	at org.testng.SuiteRunner.runSequentially(SuiteRunner.java:396)
	at org.testng.SuiteRunner.privateRun(SuiteRunner.java:355)
	at org.testng.SuiteRunner.run(SuiteRunner.java:304)
	at org.testng.SuiteRunnerWorker.runSuite(SuiteRunnerWorker.java:53)
	at org.testng.SuiteRunnerWorker.run(SuiteRunnerWorker.java:96)
	at org.testng.TestNG.runSuitesSequentially(TestNG.java:1180)
	at org.testng.TestNG.runSuitesLocally(TestNG.java:1102)
	at org.testng.TestNG.runSuites(TestNG.java:1032)
	at org.testng.TestNG.run(TestNG.java:1000)
	at org.apache.maven.surefire.testng.TestNGExecutor.run(TestNGExecutor.java:115)
	at org.apache.maven.surefire.testng.TestNGDirectoryTestSuite.executeMulti(TestNGDirectoryTestSuite.java:212)
	at org.apache.maven.surefire.testng.TestNGDirectoryTestSuite.execute(TestNGDirectoryTestSuite.java:108)
	at org.apache.maven.surefire.testng.TestNGProvider.invoke(TestNGProvider.java:111)
	at org.apache.maven.surefire.booter.ForkedBooter.invokeProviderInSameClassLoader(ForkedBooter.java:203)
	at org.apache.maven.surefire.booter.ForkedBooter.runSuitesInProcess(ForkedBooter.java:155)
	at org.apache.maven.surefire.booter.ForkedBooter.main(ForkedBooter.java:103)

null on com.beilie.test.bole.cases.项目部._01项目详情.设置项目进程.GP10项目详情_已完成Test(com.beilie.test.bole.cases.项目部._01项目详情.设置项目进程.GP10项目详情_已完成Test)  Time elapsed: 31.047 sec  <<< FAILURE!
org.openqa.selenium.SessionNotCreatedException: session not created: This version of ChromeDriver only supports Chrome version 94
Current browser version is 96.0.4664.45 with binary path C:\Program Files (x86)\Google\Chrome\Application\chrome.exe
  (Driver info: chromedriver=94.0.4606.61 (418b78f5838ed0b1c69bb4e51ea0252171854915-refs/branch-heads/4606@{#1204}),platform=Windows NT 10.0.19043 x86_64) (WARNING: The server did not provide any stacktrace information)
Command duration or timeout: 1.46 seconds
Build info: version: '2.53.1', revision: 'a36b8b1cd5757287168e54b817830adce9b0158d', time: '2016-06-30 19:26:09'
System info: host: 'DESKTOP-FJ710P4', ip: '192.168.5.36', os.name: 'Windows 10', os.arch: 'amd64', os.version: '10.0', java.version: '1.8.0_162'
Driver info: org.openqa.selenium.chrome.ChromeDriver
	at sun.reflect.NativeConstructorAccessorImpl.newInstance0(Native Method)
	at sun.reflect.NativeConstructorAccessorImpl.newInstance(NativeConstructorAccessorImpl.java:62)
	at sun.reflect.DelegatingConstructorAccessorImpl.newInstance(DelegatingConstructorAccessorImpl.java:45)
	at java.lang.reflect.Constructor.newInstance(Constructor.java:423)
	at org.openqa.selenium.remote.ErrorHandler.createThrowable(ErrorHandler.java:206)
	at org.openqa.selenium.remote.ErrorHandler.throwIfResponseFailed(ErrorHandler.java:158)
	at org.openqa.selenium.remote.RemoteWebDriver.execute(RemoteWebDriver.java:678)
	at org.openqa.selenium.remote.RemoteWebDriver.startSession(RemoteWebDriver.java:249)
	at org.openqa.selenium.remote.RemoteWebDriver.<init>(RemoteWebDriver.java:131)
	at org.openqa.selenium.remote.RemoteWebDriver.<init>(RemoteWebDriver.java:144)
	at org.openqa.selenium.chrome.ChromeDriver.<init>(ChromeDriver.java:170)
	at org.openqa.selenium.chrome.ChromeDriver.<init>(ChromeDriver.java:159)
	at org.openqa.selenium.chrome.ChromeDriver.<init>(ChromeDriver.java:148)
	at com.beilie.test.seleniums.core.Engine.<init>(Engine.java:43)
	at com.beilie.test.seleniums.core.Engine.getInstance(Engine.java:21)
	at com.beilie.test.seleniums.core.TestCaseBase.init(TestCaseBase.java:11)
	at sun.reflect.NativeMethodAccessorImpl.invoke0(Native Method)
	at sun.reflect.NativeMethodAccessorImpl.invoke(NativeMethodAccessorImpl.java:62)
	at sun.reflect.DelegatingMethodAccessorImpl.invoke(DelegatingMethodAccessorImpl.java:43)
	at java.lang.reflect.Method.invoke(Method.java:498)
	at org.junit.runners.model.FrameworkMethod$1.runReflectiveCall(FrameworkMethod.java:50)
	at org.junit.internal.runners.model.ReflectiveCallable.run(ReflectiveCallable.java:12)
	at org.junit.runners.model.FrameworkMethod.invokeExplosively(FrameworkMethod.java:47)
	at org.junit.internal.runners.statements.RunBefores.evaluate(RunBefores.java:24)
	at org.junit.internal.runners.statements.RunAfters.evaluate(RunAfters.java:27)
	at org.junit.runners.ParentRunner.run(ParentRunner.java:363)
	at org.junit.runner.JUnitCore.run(JUnitCore.java:137)
	at org.junit.runner.JUnitCore.run(JUnitCore.java:115)
	at org.testng.junit.JUnit4TestRunner.start(JUnit4TestRunner.java:74)
	at org.testng.junit.JUnit4TestRunner.run(JUnit4TestRunner.java:65)
	at org.testng.TestRunner$1.run(TestRunner.java:656)
	at java.util.ArrayList.forEach(ArrayList.java:1257)
	at org.testng.TestRunner.runJUnitWorkers(TestRunner.java:847)
	at org.testng.TestRunner.privateRunJUnit(TestRunner.java:685)
	at org.testng.TestRunner.run(TestRunner.java:589)
	at org.testng.SuiteRunner.runTest(SuiteRunner.java:402)
	at org.testng.SuiteRunner.runSequentially(SuiteRunner.java:396)
	at org.testng.SuiteRunner.privateRun(SuiteRunner.java:355)
	at org.testng.SuiteRunner.run(SuiteRunner.java:304)
	at org.testng.SuiteRunnerWorker.runSuite(SuiteRunnerWorker.java:53)
	at org.testng.SuiteRunnerWorker.run(SuiteRunnerWorker.java:96)
	at org.testng.TestNG.runSuitesSequentially(TestNG.java:1180)
	at org.testng.TestNG.runSuitesLocally(TestNG.java:1102)
	at org.testng.TestNG.runSuites(TestNG.java:1032)
	at org.testng.TestNG.run(TestNG.java:1000)
	at org.apache.maven.surefire.testng.TestNGExecutor.run(TestNGExecutor.java:115)
	at org.apache.maven.surefire.testng.TestNGDirectoryTestSuite.executeMulti(TestNGDirectoryTestSuite.java:212)
	at org.apache.maven.surefire.testng.TestNGDirectoryTestSuite.execute(TestNGDirectoryTestSuite.java:108)
	at org.apache.maven.surefire.testng.TestNGProvider.invoke(TestNGProvider.java:111)
	at org.apache.maven.surefire.booter.ForkedBooter.invokeProviderInSameClassLoader(ForkedBooter.java:203)
	at org.apache.maven.surefire.booter.ForkedBooter.runSuitesInProcess(ForkedBooter.java:155)
	at org.apache.maven.surefire.booter.ForkedBooter.main(ForkedBooter.java:103)

null on com.beilie.test.bole.cases.项目部._01项目详情.设置项目进程.GP10项目详情_已完成Test(com.beilie.test.bole.cases.项目部._01项目详情.设置项目进程.GP10项目详情_已完成Test)  Time elapsed: 31.047 sec  <<< FAILURE!
java.lang.NullPointerException: null
	at com.beilie.test.seleniums.core.Engine.quit(Engine.java:88)
	at com.beilie.test.seleniums.core.TestCaseBase.clear(TestCaseBase.java:16)
	at sun.reflect.NativeMethodAccessorImpl.invoke0(Native Method)
	at sun.reflect.NativeMethodAccessorImpl.invoke(NativeMethodAccessorImpl.java:62)
	at sun.reflect.DelegatingMethodAccessorImpl.invoke(DelegatingMethodAccessorImpl.java:43)
	at java.lang.reflect.Method.invoke(Method.java:498)
	at org.junit.runners.model.FrameworkMethod$1.runReflectiveCall(FrameworkMethod.java:50)
	at org.junit.internal.runners.model.ReflectiveCallable.run(ReflectiveCallable.java:12)
	at org.junit.runners.model.FrameworkMethod.invokeExplosively(FrameworkMethod.java:47)
	at org.junit.internal.runners.statements.RunAfters.evaluate(RunAfters.java:33)
	at org.junit.runners.ParentRunner.run(ParentRunner.java:363)
	at org.junit.runner.JUnitCore.run(JUnitCore.java:137)
	at org.junit.runner.JUnitCore.run(JUnitCore.java:115)
	at org.testng.junit.JUnit4TestRunner.start(JUnit4TestRunner.java:74)
	at org.testng.junit.JUnit4TestRunner.run(JUnit4TestRunner.java:65)
	at org.testng.TestRunner$1.run(TestRunner.java:656)
	at java.util.ArrayList.forEach(ArrayList.java:1257)
	at org.testng.TestRunner.runJUnitWorkers(TestRunner.java:847)
	at org.testng.TestRunner.privateRunJUnit(TestRunner.java:685)
	at org.testng.TestRunner.run(TestRunner.java:589)
	at org.testng.SuiteRunner.runTest(SuiteRunner.java:402)
	at org.testng.SuiteRunner.runSequentially(SuiteRunner.java:396)
	at org.testng.SuiteRunner.privateRun(SuiteRunner.java:355)
	at org.testng.SuiteRunner.run(SuiteRunner.java:304)
	at org.testng.SuiteRunnerWorker.runSuite(SuiteRunnerWorker.java:53)
	at org.testng.SuiteRunnerWorker.run(SuiteRunnerWorker.java:96)
	at org.testng.TestNG.runSuitesSequentially(TestNG.java:1180)
	at org.testng.TestNG.runSuitesLocally(TestNG.java:1102)
	at org.testng.TestNG.runSuites(TestNG.java:1032)
	at org.testng.TestNG.run(TestNG.java:1000)
	at org.apache.maven.surefire.testng.TestNGExecutor.run(TestNGExecutor.java:115)
	at org.apache.maven.surefire.testng.TestNGDirectoryTestSuite.executeMulti(TestNGDirectoryTestSuite.java:212)
	at org.apache.maven.surefire.testng.TestNGDirectoryTestSuite.execute(TestNGDirectoryTestSuite.java:108)
	at org.apache.maven.surefire.testng.TestNGProvider.invoke(TestNGProvider.java:111)
	at org.apache.maven.surefire.booter.ForkedBooter.invokeProviderInSameClassLoader(ForkedBooter.java:203)
	at org.apache.maven.surefire.booter.ForkedBooter.runSuitesInProcess(ForkedBooter.java:155)
	at org.apache.maven.surefire.booter.ForkedBooter.main(ForkedBooter.java:103)

null on com.beilie.test.bole.cases.项目部._01项目详情.设置项目进程.GP10项目详情_暂停Test(com.beilie.test.bole.cases.项目部._01项目详情.设置项目进程.GP10项目详情_暂停Test)  Time elapsed: 33.158 sec  <<< FAILURE!
org.openqa.selenium.SessionNotCreatedException: session not created: This version of ChromeDriver only supports Chrome version 94
Current browser version is 96.0.4664.45 with binary path C:\Program Files (x86)\Google\Chrome\Application\chrome.exe
  (Driver info: chromedriver=94.0.4606.61 (418b78f5838ed0b1c69bb4e51ea0252171854915-refs/branch-heads/4606@{#1204}),platform=Windows NT 10.0.19043 x86_64) (WARNING: The server did not provide any stacktrace information)
Command duration or timeout: 1.32 seconds
Build info: version: '2.53.1', revision: 'a36b8b1cd5757287168e54b817830adce9b0158d', time: '2016-06-30 19:26:09'
System info: host: 'DESKTOP-FJ710P4', ip: '192.168.5.36', os.name: 'Windows 10', os.arch: 'amd64', os.version: '10.0', java.version: '1.8.0_162'
Driver info: org.openqa.selenium.chrome.ChromeDriver
	at sun.reflect.NativeConstructorAccessorImpl.newInstance0(Native Method)
	at sun.reflect.NativeConstructorAccessorImpl.newInstance(NativeConstructorAccessorImpl.java:62)
	at sun.reflect.DelegatingConstructorAccessorImpl.newInstance(DelegatingConstructorAccessorImpl.java:45)
	at java.lang.reflect.Constructor.newInstance(Constructor.java:423)
	at org.openqa.selenium.remote.ErrorHandler.createThrowable(ErrorHandler.java:206)
	at org.openqa.selenium.remote.ErrorHandler.throwIfResponseFailed(ErrorHandler.java:158)
	at org.openqa.selenium.remote.RemoteWebDriver.execute(RemoteWebDriver.java:678)
	at org.openqa.selenium.remote.RemoteWebDriver.startSession(RemoteWebDriver.java:249)
	at org.openqa.selenium.remote.RemoteWebDriver.<init>(RemoteWebDriver.java:131)
	at org.openqa.selenium.remote.RemoteWebDriver.<init>(RemoteWebDriver.java:144)
	at org.openqa.selenium.chrome.ChromeDriver.<init>(ChromeDriver.java:170)
	at org.openqa.selenium.chrome.ChromeDriver.<init>(ChromeDriver.java:159)
	at org.openqa.selenium.chrome.ChromeDriver.<init>(ChromeDriver.java:148)
	at com.beilie.test.seleniums.core.Engine.<init>(Engine.java:43)
	at com.beilie.test.seleniums.core.Engine.getInstance(Engine.java:21)
	at com.beilie.test.seleniums.core.TestCaseBase.init(TestCaseBase.java:11)
	at sun.reflect.NativeMethodAccessorImpl.invoke0(Native Method)
	at sun.reflect.NativeMethodAccessorImpl.invoke(NativeMethodAccessorImpl.java:62)
	at sun.reflect.DelegatingMethodAccessorImpl.invoke(DelegatingMethodAccessorImpl.java:43)
	at java.lang.reflect.Method.invoke(Method.java:498)
	at org.junit.runners.model.FrameworkMethod$1.runReflectiveCall(FrameworkMethod.java:50)
	at org.junit.internal.runners.model.ReflectiveCallable.run(ReflectiveCallable.java:12)
	at org.junit.runners.model.FrameworkMethod.invokeExplosively(FrameworkMethod.java:47)
	at org.junit.internal.runners.statements.RunBefores.evaluate(RunBefores.java:24)
	at org.junit.internal.runners.statements.RunAfters.evaluate(RunAfters.java:27)
	at org.junit.runners.ParentRunner.run(ParentRunner.java:363)
	at org.junit.runner.JUnitCore.run(JUnitCore.java:137)
	at org.junit.runner.JUnitCore.run(JUnitCore.java:115)
	at org.testng.junit.JUnit4TestRunner.start(JUnit4TestRunner.java:74)
	at org.testng.junit.JUnit4TestRunner.run(JUnit4TestRunner.java:65)
	at org.testng.TestRunner$1.run(TestRunner.java:656)
	at java.util.ArrayList.forEach(ArrayList.java:1257)
	at org.testng.TestRunner.runJUnitWorkers(TestRunner.java:847)
	at org.testng.TestRunner.privateRunJUnit(TestRunner.java:685)
	at org.testng.TestRunner.run(TestRunner.java:589)
	at org.testng.SuiteRunner.runTest(SuiteRunner.java:402)
	at org.testng.SuiteRunner.runSequentially(SuiteRunner.java:396)
	at org.testng.SuiteRunner.privateRun(SuiteRunner.java:355)
	at org.testng.SuiteRunner.run(SuiteRunner.java:304)
	at org.testng.SuiteRunnerWorker.runSuite(SuiteRunnerWorker.java:53)
	at org.testng.SuiteRunnerWorker.run(SuiteRunnerWorker.java:96)
	at org.testng.TestNG.runSuitesSequentially(TestNG.java:1180)
	at org.testng.TestNG.runSuitesLocally(TestNG.java:1102)
	at org.testng.TestNG.runSuites(TestNG.java:1032)
	at org.testng.TestNG.run(TestNG.java:1000)
	at org.apache.maven.surefire.testng.TestNGExecutor.run(TestNGExecutor.java:115)
	at org.apache.maven.surefire.testng.TestNGDirectoryTestSuite.executeMulti(TestNGDirectoryTestSuite.java:212)
	at org.apache.maven.surefire.testng.TestNGDirectoryTestSuite.execute(TestNGDirectoryTestSuite.java:108)
	at org.apache.maven.surefire.testng.TestNGProvider.invoke(TestNGProvider.java:111)
	at org.apache.maven.surefire.booter.ForkedBooter.invokeProviderInSameClassLoader(ForkedBooter.java:203)
	at org.apache.maven.surefire.booter.ForkedBooter.runSuitesInProcess(ForkedBooter.java:155)
	at org.apache.maven.surefire.booter.ForkedBooter.main(ForkedBooter.java:103)

null on com.beilie.test.bole.cases.项目部._01项目详情.设置项目进程.GP10项目详情_暂停Test(com.beilie.test.bole.cases.项目部._01项目详情.设置项目进程.GP10项目详情_暂停Test)  Time elapsed: 33.158 sec  <<< FAILURE!
java.lang.NullPointerException: null
	at com.beilie.test.seleniums.core.Engine.quit(Engine.java:88)
	at com.beilie.test.seleniums.core.TestCaseBase.clear(TestCaseBase.java:16)
	at sun.reflect.NativeMethodAccessorImpl.invoke0(Native Method)
	at sun.reflect.NativeMethodAccessorImpl.invoke(NativeMethodAccessorImpl.java:62)
	at sun.reflect.DelegatingMethodAccessorImpl.invoke(DelegatingMethodAccessorImpl.java:43)
	at java.lang.reflect.Method.invoke(Method.java:498)
	at org.junit.runners.model.FrameworkMethod$1.runReflectiveCall(FrameworkMethod.java:50)
	at org.junit.internal.runners.model.ReflectiveCallable.run(ReflectiveCallable.java:12)
	at org.junit.runners.model.FrameworkMethod.invokeExplosively(FrameworkMethod.java:47)
	at org.junit.internal.runners.statements.RunAfters.evaluate(RunAfters.java:33)
	at org.junit.runners.ParentRunner.run(ParentRunner.java:363)
	at org.junit.runner.JUnitCore.run(JUnitCore.java:137)
	at org.junit.runner.JUnitCore.run(JUnitCore.java:115)
	at org.testng.junit.JUnit4TestRunner.start(JUnit4TestRunner.java:74)
	at org.testng.junit.JUnit4TestRunner.run(JUnit4TestRunner.java:65)
	at org.testng.TestRunner$1.run(TestRunner.java:656)
	at java.util.ArrayList.forEach(ArrayList.java:1257)
	at org.testng.TestRunner.runJUnitWorkers(TestRunner.java:847)
	at org.testng.TestRunner.privateRunJUnit(TestRunner.java:685)
	at org.testng.TestRunner.run(TestRunner.java:589)
	at org.testng.SuiteRunner.runTest(SuiteRunner.java:402)
	at org.testng.SuiteRunner.runSequentially(SuiteRunner.java:396)
	at org.testng.SuiteRunner.privateRun(SuiteRunner.java:355)
	at org.testng.SuiteRunner.run(SuiteRunner.java:304)
	at org.testng.SuiteRunnerWorker.runSuite(SuiteRunnerWorker.java:53)
	at org.testng.SuiteRunnerWorker.run(SuiteRunnerWorker.java:96)
	at org.testng.TestNG.runSuitesSequentially(TestNG.java:1180)
	at org.testng.TestNG.runSuitesLocally(TestNG.java:1102)
	at org.testng.TestNG.runSuites(TestNG.java:1032)
	at org.testng.TestNG.run(TestNG.java:1000)
	at org.apache.maven.surefire.testng.TestNGExecutor.run(TestNGExecutor.java:115)
	at org.apache.maven.surefire.testng.TestNGDirectoryTestSuite.executeMulti(TestNGDirectoryTestSuite.java:212)
	at org.apache.maven.surefire.testng.TestNGDirectoryTestSuite.execute(TestNGDirectoryTestSuite.java:108)
	at org.apache.maven.surefire.testng.TestNGProvider.invoke(TestNGProvider.java:111)
	at org.apache.maven.surefire.booter.ForkedBooter.invokeProviderInSameClassLoader(ForkedBooter.java:203)
	at org.apache.maven.surefire.booter.ForkedBooter.runSuitesInProcess(ForkedBooter.java:155)
	at org.apache.maven.surefire.booter.ForkedBooter.main(ForkedBooter.java:103)

null on com.beilie.test.bole.cases.项目部.项目执行._01GP10项目详情_项目执行_到发送推荐报告Test(com.beilie.test.bole.cases.项目部.项目执行._01GP10项目详情_项目执行_到发送推荐报告Test)  Time elapsed: 36.039 sec  <<< FAILURE!
org.openqa.selenium.SessionNotCreatedException: session not created: This version of ChromeDriver only supports Chrome version 94
Current browser version is 96.0.4664.45 with binary path C:\Program Files (x86)\Google\Chrome\Application\chrome.exe
  (Driver info: chromedriver=94.0.4606.61 (418b78f5838ed0b1c69bb4e51ea0252171854915-refs/branch-heads/4606@{#1204}),platform=Windows NT 10.0.19043 x86_64) (WARNING: The server did not provide any stacktrace information)
Command duration or timeout: 2.23 seconds
Build info: version: '2.53.1', revision: 'a36b8b1cd5757287168e54b817830adce9b0158d', time: '2016-06-30 19:26:09'
System info: host: 'DESKTOP-FJ710P4', ip: '192.168.5.36', os.name: 'Windows 10', os.arch: 'amd64', os.version: '10.0', java.version: '1.8.0_162'
Driver info: org.openqa.selenium.chrome.ChromeDriver
	at sun.reflect.NativeConstructorAccessorImpl.newInstance0(Native Method)
	at sun.reflect.NativeConstructorAccessorImpl.newInstance(NativeConstructorAccessorImpl.java:62)
	at sun.reflect.DelegatingConstructorAccessorImpl.newInstance(DelegatingConstructorAccessorImpl.java:45)
	at java.lang.reflect.Constructor.newInstance(Constructor.java:423)
	at org.openqa.selenium.remote.ErrorHandler.createThrowable(ErrorHandler.java:206)
	at org.openqa.selenium.remote.ErrorHandler.throwIfResponseFailed(ErrorHandler.java:158)
	at org.openqa.selenium.remote.RemoteWebDriver.execute(RemoteWebDriver.java:678)
	at org.openqa.selenium.remote.RemoteWebDriver.startSession(RemoteWebDriver.java:249)
	at org.openqa.selenium.remote.RemoteWebDriver.<init>(RemoteWebDriver.java:131)
	at org.openqa.selenium.remote.RemoteWebDriver.<init>(RemoteWebDriver.java:144)
	at org.openqa.selenium.chrome.ChromeDriver.<init>(ChromeDriver.java:170)
	at org.openqa.selenium.chrome.ChromeDriver.<init>(ChromeDriver.java:159)
	at org.openqa.selenium.chrome.ChromeDriver.<init>(ChromeDriver.java:148)
	at com.beilie.test.seleniums.core.Engine.<init>(Engine.java:43)
	at com.beilie.test.seleniums.core.Engine.getInstance(Engine.java:21)
	at com.beilie.test.seleniums.core.TestCaseBase.init(TestCaseBase.java:11)
	at sun.reflect.NativeMethodAccessorImpl.invoke0(Native Method)
	at sun.reflect.NativeMethodAccessorImpl.invoke(NativeMethodAccessorImpl.java:62)
	at sun.reflect.DelegatingMethodAccessorImpl.invoke(DelegatingMethodAccessorImpl.java:43)
	at java.lang.reflect.Method.invoke(Method.java:498)
	at org.junit.runners.model.FrameworkMethod$1.runReflectiveCall(FrameworkMethod.java:50)
	at org.junit.internal.runners.model.ReflectiveCallable.run(ReflectiveCallable.java:12)
	at org.junit.runners.model.FrameworkMethod.invokeExplosively(FrameworkMethod.java:47)
	at org.junit.internal.runners.statements.RunBefores.evaluate(RunBefores.java:24)
	at org.junit.internal.runners.statements.RunAfters.evaluate(RunAfters.java:27)
	at org.junit.runners.ParentRunner.run(ParentRunner.java:363)
	at org.junit.runner.JUnitCore.run(JUnitCore.java:137)
	at org.junit.runner.JUnitCore.run(JUnitCore.java:115)
	at org.testng.junit.JUnit4TestRunner.start(JUnit4TestRunner.java:74)
	at org.testng.junit.JUnit4TestRunner.run(JUnit4TestRunner.java:65)
	at org.testng.TestRunner$1.run(TestRunner.java:656)
	at java.util.ArrayList.forEach(ArrayList.java:1257)
	at org.testng.TestRunner.runJUnitWorkers(TestRunner.java:847)
	at org.testng.TestRunner.privateRunJUnit(TestRunner.java:685)
	at org.testng.TestRunner.run(TestRunner.java:589)
	at org.testng.SuiteRunner.runTest(SuiteRunner.java:402)
	at org.testng.SuiteRunner.runSequentially(SuiteRunner.java:396)
	at org.testng.SuiteRunner.privateRun(SuiteRunner.java:355)
	at org.testng.SuiteRunner.run(SuiteRunner.java:304)
	at org.testng.SuiteRunnerWorker.runSuite(SuiteRunnerWorker.java:53)
	at org.testng.SuiteRunnerWorker.run(SuiteRunnerWorker.java:96)
	at org.testng.TestNG.runSuitesSequentially(TestNG.java:1180)
	at org.testng.TestNG.runSuitesLocally(TestNG.java:1102)
	at org.testng.TestNG.runSuites(TestNG.java:1032)
	at org.testng.TestNG.run(TestNG.java:1000)
	at org.apache.maven.surefire.testng.TestNGExecutor.run(TestNGExecutor.java:115)
	at org.apache.maven.surefire.testng.TestNGDirectoryTestSuite.executeMulti(TestNGDirectoryTestSuite.java:212)
	at org.apache.maven.surefire.testng.TestNGDirectoryTestSuite.execute(TestNGDirectoryTestSuite.java:108)
	at org.apache.maven.surefire.testng.TestNGProvider.invoke(TestNGProvider.java:111)
	at org.apache.maven.surefire.booter.ForkedBooter.invokeProviderInSameClassLoader(ForkedBooter.java:203)
	at org.apache.maven.surefire.booter.ForkedBooter.runSuitesInProcess(ForkedBooter.java:155)
	at org.apache.maven.surefire.booter.ForkedBooter.main(ForkedBooter.java:103)

null on com.beilie.test.bole.cases.项目部.项目执行._01GP10项目详情_项目执行_到发送推荐报告Test(com.beilie.test.bole.cases.项目部.项目执行._01GP10项目详情_项目执行_到发送推荐报告Test)  Time elapsed: 36.04 sec  <<< FAILURE!
java.lang.NullPointerException: null
	at com.beilie.test.seleniums.core.Engine.quit(Engine.java:88)
	at com.beilie.test.seleniums.core.TestCaseBase.clear(TestCaseBase.java:16)
	at sun.reflect.NativeMethodAccessorImpl.invoke0(Native Method)
	at sun.reflect.NativeMethodAccessorImpl.invoke(NativeMethodAccessorImpl.java:62)
	at sun.reflect.DelegatingMethodAccessorImpl.invoke(DelegatingMethodAccessorImpl.java:43)
	at java.lang.reflect.Method.invoke(Method.java:498)
	at org.junit.runners.model.FrameworkMethod$1.runReflectiveCall(FrameworkMethod.java:50)
	at org.junit.internal.runners.model.ReflectiveCallable.run(ReflectiveCallable.java:12)
	at org.junit.runners.model.FrameworkMethod.invokeExplosively(FrameworkMethod.java:47)
	at org.junit.internal.runners.statements.RunAfters.evaluate(RunAfters.java:33)
	at org.junit.runners.ParentRunner.run(ParentRunner.java:363)
	at org.junit.runner.JUnitCore.run(JUnitCore.java:137)
	at org.junit.runner.JUnitCore.run(JUnitCore.java:115)
	at org.testng.junit.JUnit4TestRunner.start(JUnit4TestRunner.java:74)
	at org.testng.junit.JUnit4TestRunner.run(JUnit4TestRunner.java:65)
	at org.testng.TestRunner$1.run(TestRunner.java:656)
	at java.util.ArrayList.forEach(ArrayList.java:1257)
	at org.testng.TestRunner.runJUnitWorkers(TestRunner.java:847)
	at org.testng.TestRunner.privateRunJUnit(TestRunner.java:685)
	at org.testng.TestRunner.run(TestRunner.java:589)
	at org.testng.SuiteRunner.runTest(SuiteRunner.java:402)
	at org.testng.SuiteRunner.runSequentially(SuiteRunner.java:396)
	at org.testng.SuiteRunner.privateRun(SuiteRunner.java:355)
	at org.testng.SuiteRunner.run(SuiteRunner.java:304)
	at org.testng.SuiteRunnerWorker.runSuite(SuiteRunnerWorker.java:53)
	at org.testng.SuiteRunnerWorker.run(SuiteRunnerWorker.java:96)
	at org.testng.TestNG.runSuitesSequentially(TestNG.java:1180)
	at org.testng.TestNG.runSuitesLocally(TestNG.java:1102)
	at org.testng.TestNG.runSuites(TestNG.java:1032)
	at org.testng.TestNG.run(TestNG.java:1000)
	at org.apache.maven.surefire.testng.TestNGExecutor.run(TestNGExecutor.java:115)
	at org.apache.maven.surefire.testng.TestNGDirectoryTestSuite.executeMulti(TestNGDirectoryTestSuite.java:212)
	at org.apache.maven.surefire.testng.TestNGDirectoryTestSuite.execute(TestNGDirectoryTestSuite.java:108)
	at org.apache.maven.surefire.testng.TestNGProvider.invoke(TestNGProvider.java:111)
	at org.apache.maven.surefire.booter.ForkedBooter.invokeProviderInSameClassLoader(ForkedBooter.java:203)
	at org.apache.maven.surefire.booter.ForkedBooter.runSuitesInProcess(ForkedBooter.java:155)
	at org.apache.maven.surefire.booter.ForkedBooter.main(ForkedBooter.java:103)

null on com.beilie.test.open.applicants.cases.MyResume.编辑简历Test(com.beilie.test.open.applicants.cases.MyResume.编辑简历Test)  Time elapsed: 38.001 sec  <<< FAILURE!
org.openqa.selenium.SessionNotCreatedException: session not created: This version of ChromeDriver only supports Chrome version 94
Current browser version is 96.0.4664.45 with binary path C:\Program Files (x86)\Google\Chrome\Application\chrome.exe
  (Driver info: chromedriver=94.0.4606.61 (418b78f5838ed0b1c69bb4e51ea0252171854915-refs/branch-heads/4606@{#1204}),platform=Windows NT 10.0.19043 x86_64) (WARNING: The server did not provide any stacktrace information)
Command duration or timeout: 1.25 seconds
Build info: version: '2.53.1', revision: 'a36b8b1cd5757287168e54b817830adce9b0158d', time: '2016-06-30 19:26:09'
System info: host: 'DESKTOP-FJ710P4', ip: '192.168.5.36', os.name: 'Windows 10', os.arch: 'amd64', os.version: '10.0', java.version: '1.8.0_162'
Driver info: org.openqa.selenium.chrome.ChromeDriver
	at sun.reflect.NativeConstructorAccessorImpl.newInstance0(Native Method)
	at sun.reflect.NativeConstructorAccessorImpl.newInstance(NativeConstructorAccessorImpl.java:62)
	at sun.reflect.DelegatingConstructorAccessorImpl.newInstance(DelegatingConstructorAccessorImpl.java:45)
	at java.lang.reflect.Constructor.newInstance(Constructor.java:423)
	at org.openqa.selenium.remote.ErrorHandler.createThrowable(ErrorHandler.java:206)
	at org.openqa.selenium.remote.ErrorHandler.throwIfResponseFailed(ErrorHandler.java:158)
	at org.openqa.selenium.remote.RemoteWebDriver.execute(RemoteWebDriver.java:678)
	at org.openqa.selenium.remote.RemoteWebDriver.startSession(RemoteWebDriver.java:249)
	at org.openqa.selenium.remote.RemoteWebDriver.<init>(RemoteWebDriver.java:131)
	at org.openqa.selenium.remote.RemoteWebDriver.<init>(RemoteWebDriver.java:144)
	at org.openqa.selenium.chrome.ChromeDriver.<init>(ChromeDriver.java:170)
	at org.openqa.selenium.chrome.ChromeDriver.<init>(ChromeDriver.java:159)
	at org.openqa.selenium.chrome.ChromeDriver.<init>(ChromeDriver.java:148)
	at com.beilie.test.seleniums.core.Engine.<init>(Engine.java:43)
	at com.beilie.test.seleniums.core.Engine.getInstance(Engine.java:21)
	at com.beilie.test.seleniums.core.TestCaseBase.init(TestCaseBase.java:11)
	at sun.reflect.NativeMethodAccessorImpl.invoke0(Native Method)
	at sun.reflect.NativeMethodAccessorImpl.invoke(NativeMethodAccessorImpl.java:62)
	at sun.reflect.DelegatingMethodAccessorImpl.invoke(DelegatingMethodAccessorImpl.java:43)
	at java.lang.reflect.Method.invoke(Method.java:498)
	at org.junit.runners.model.FrameworkMethod$1.runReflectiveCall(FrameworkMethod.java:50)
	at org.junit.internal.runners.model.ReflectiveCallable.run(ReflectiveCallable.java:12)
	at org.junit.runners.model.FrameworkMethod.invokeExplosively(FrameworkMethod.java:47)
	at org.junit.internal.runners.statements.RunBefores.evaluate(RunBefores.java:24)
	at org.junit.internal.runners.statements.RunAfters.evaluate(RunAfters.java:27)
	at org.junit.runners.ParentRunner.run(ParentRunner.java:363)
	at org.junit.runner.JUnitCore.run(JUnitCore.java:137)
	at org.junit.runner.JUnitCore.run(JUnitCore.java:115)
	at org.testng.junit.JUnit4TestRunner.start(JUnit4TestRunner.java:74)
	at org.testng.junit.JUnit4TestRunner.run(JUnit4TestRunner.java:65)
	at org.testng.TestRunner$1.run(TestRunner.java:656)
	at java.util.ArrayList.forEach(ArrayList.java:1257)
	at org.testng.TestRunner.runJUnitWorkers(TestRunner.java:847)
	at org.testng.TestRunner.privateRunJUnit(TestRunner.java:685)
	at org.testng.TestRunner.run(TestRunner.java:589)
	at org.testng.SuiteRunner.runTest(SuiteRunner.java:402)
	at org.testng.SuiteRunner.runSequentially(SuiteRunner.java:396)
	at org.testng.SuiteRunner.privateRun(SuiteRunner.java:355)
	at org.testng.SuiteRunner.run(SuiteRunner.java:304)
	at org.testng.SuiteRunnerWorker.runSuite(SuiteRunnerWorker.java:53)
	at org.testng.SuiteRunnerWorker.run(SuiteRunnerWorker.java:96)
	at org.testng.TestNG.runSuitesSequentially(TestNG.java:1180)
	at org.testng.TestNG.runSuitesLocally(TestNG.java:1102)
	at org.testng.TestNG.runSuites(TestNG.java:1032)
	at org.testng.TestNG.run(TestNG.java:1000)
	at org.apache.maven.surefire.testng.TestNGExecutor.run(TestNGExecutor.java:115)
	at org.apache.maven.surefire.testng.TestNGDirectoryTestSuite.executeMulti(TestNGDirectoryTestSuite.java:212)
	at org.apache.maven.surefire.testng.TestNGDirectoryTestSuite.execute(TestNGDirectoryTestSuite.java:108)
	at org.apache.maven.surefire.testng.TestNGProvider.invoke(TestNGProvider.java:111)
	at org.apache.maven.surefire.booter.ForkedBooter.invokeProviderInSameClassLoader(ForkedBooter.java:203)
	at org.apache.maven.surefire.booter.ForkedBooter.runSuitesInProcess(ForkedBooter.java:155)
	at org.apache.maven.surefire.booter.ForkedBooter.main(ForkedBooter.java:103)

null on com.beilie.test.open.applicants.cases.MyResume.编辑简历Test(com.beilie.test.open.applicants.cases.MyResume.编辑简历Test)  Time elapsed: 38.001 sec  <<< FAILURE!
java.lang.NullPointerException: null
	at com.beilie.test.seleniums.core.Engine.quit(Engine.java:88)
	at com.beilie.test.seleniums.core.TestCaseBase.clear(TestCaseBase.java:16)
	at sun.reflect.NativeMethodAccessorImpl.invoke0(Native Method)
	at sun.reflect.NativeMethodAccessorImpl.invoke(NativeMethodAccessorImpl.java:62)
	at sun.reflect.DelegatingMethodAccessorImpl.invoke(DelegatingMethodAccessorImpl.java:43)
	at java.lang.reflect.Method.invoke(Method.java:498)
	at org.junit.runners.model.FrameworkMethod$1.runReflectiveCall(FrameworkMethod.java:50)
	at org.junit.internal.runners.model.ReflectiveCallable.run(ReflectiveCallable.java:12)
	at org.junit.runners.model.FrameworkMethod.invokeExplosively(FrameworkMethod.java:47)
	at org.junit.internal.runners.statements.RunAfters.evaluate(RunAfters.java:33)
	at org.junit.runners.ParentRunner.run(ParentRunner.java:363)
	at org.junit.runner.JUnitCore.run(JUnitCore.java:137)
	at org.junit.runner.JUnitCore.run(JUnitCore.java:115)
	at org.testng.junit.JUnit4TestRunner.start(JUnit4TestRunner.java:74)
	at org.testng.junit.JUnit4TestRunner.run(JUnit4TestRunner.java:65)
	at org.testng.TestRunner$1.run(TestRunner.java:656)
	at java.util.ArrayList.forEach(ArrayList.java:1257)
	at org.testng.TestRunner.runJUnitWorkers(TestRunner.java:847)
	at org.testng.TestRunner.privateRunJUnit(TestRunner.java:685)
	at org.testng.TestRunner.run(TestRunner.java:589)
	at org.testng.SuiteRunner.runTest(SuiteRunner.java:402)
	at org.testng.SuiteRunner.runSequentially(SuiteRunner.java:396)
	at org.testng.SuiteRunner.privateRun(SuiteRunner.java:355)
	at org.testng.SuiteRunner.run(SuiteRunner.java:304)
	at org.testng.SuiteRunnerWorker.runSuite(SuiteRunnerWorker.java:53)
	at org.testng.SuiteRunnerWorker.run(SuiteRunnerWorker.java:96)
	at org.testng.TestNG.runSuitesSequentially(TestNG.java:1180)
	at org.testng.TestNG.runSuitesLocally(TestNG.java:1102)
	at org.testng.TestNG.runSuites(TestNG.java:1032)
	at org.testng.TestNG.run(TestNG.java:1000)
	at org.apache.maven.surefire.testng.TestNGExecutor.run(TestNGExecutor.java:115)
	at org.apache.maven.surefire.testng.TestNGDirectoryTestSuite.executeMulti(TestNGDirectoryTestSuite.java:212)
	at org.apache.maven.surefire.testng.TestNGDirectoryTestSuite.execute(TestNGDirectoryTestSuite.java:108)
	at org.apache.maven.surefire.testng.TestNGProvider.invoke(TestNGProvider.java:111)
	at org.apache.maven.surefire.booter.ForkedBooter.invokeProviderInSameClassLoader(ForkedBooter.java:203)
	at org.apache.maven.surefire.booter.ForkedBooter.runSuitesInProcess(ForkedBooter.java:155)
	at org.apache.maven.surefire.booter.ForkedBooter.main(ForkedBooter.java:103)

null on com.beilie.test.open.applicants.cases.Positions.SearchPositionTest(com.beilie.test.open.applicants.cases.Positions.SearchPositionTest)  Time elapsed: 39.908 sec  <<< FAILURE!
org.openqa.selenium.SessionNotCreatedException: session not created: This version of ChromeDriver only supports Chrome version 94
Current browser version is 96.0.4664.45 with binary path C:\Program Files (x86)\Google\Chrome\Application\chrome.exe
  (Driver info: chromedriver=94.0.4606.61 (418b78f5838ed0b1c69bb4e51ea0252171854915-refs/branch-heads/4606@{#1204}),platform=Windows NT 10.0.19043 x86_64) (WARNING: The server did not provide any stacktrace information)
Command duration or timeout: 1.25 seconds
Build info: version: '2.53.1', revision: 'a36b8b1cd5757287168e54b817830adce9b0158d', time: '2016-06-30 19:26:09'
System info: host: 'DESKTOP-FJ710P4', ip: '192.168.5.36', os.name: 'Windows 10', os.arch: 'amd64', os.version: '10.0', java.version: '1.8.0_162'
Driver info: org.openqa.selenium.chrome.ChromeDriver
	at sun.reflect.NativeConstructorAccessorImpl.newInstance0(Native Method)
	at sun.reflect.NativeConstructorAccessorImpl.newInstance(NativeConstructorAccessorImpl.java:62)
	at sun.reflect.DelegatingConstructorAccessorImpl.newInstance(DelegatingConstructorAccessorImpl.java:45)
	at java.lang.reflect.Constructor.newInstance(Constructor.java:423)
	at org.openqa.selenium.remote.ErrorHandler.createThrowable(ErrorHandler.java:206)
	at org.openqa.selenium.remote.ErrorHandler.throwIfResponseFailed(ErrorHandler.java:158)
	at org.openqa.selenium.remote.RemoteWebDriver.execute(RemoteWebDriver.java:678)
	at org.openqa.selenium.remote.RemoteWebDriver.startSession(RemoteWebDriver.java:249)
	at org.openqa.selenium.remote.RemoteWebDriver.<init>(RemoteWebDriver.java:131)
	at org.openqa.selenium.remote.RemoteWebDriver.<init>(RemoteWebDriver.java:144)
	at org.openqa.selenium.chrome.ChromeDriver.<init>(ChromeDriver.java:170)
	at org.openqa.selenium.chrome.ChromeDriver.<init>(ChromeDriver.java:159)
	at org.openqa.selenium.chrome.ChromeDriver.<init>(ChromeDriver.java:148)
	at com.beilie.test.seleniums.core.Engine.<init>(Engine.java:43)
	at com.beilie.test.seleniums.core.Engine.getInstance(Engine.java:21)
	at com.beilie.test.seleniums.core.TestCaseBase.init(TestCaseBase.java:11)
	at sun.reflect.NativeMethodAccessorImpl.invoke0(Native Method)
	at sun.reflect.NativeMethodAccessorImpl.invoke(NativeMethodAccessorImpl.java:62)
	at sun.reflect.DelegatingMethodAccessorImpl.invoke(DelegatingMethodAccessorImpl.java:43)
	at java.lang.reflect.Method.invoke(Method.java:498)
	at org.junit.runners.model.FrameworkMethod$1.runReflectiveCall(FrameworkMethod.java:50)
	at org.junit.internal.runners.model.ReflectiveCallable.run(ReflectiveCallable.java:12)
	at org.junit.runners.model.FrameworkMethod.invokeExplosively(FrameworkMethod.java:47)
	at org.junit.internal.runners.statements.RunBefores.evaluate(RunBefores.java:24)
	at org.junit.internal.runners.statements.RunAfters.evaluate(RunAfters.java:27)
	at org.junit.runners.ParentRunner.run(ParentRunner.java:363)
	at org.junit.runner.JUnitCore.run(JUnitCore.java:137)
	at org.junit.runner.JUnitCore.run(JUnitCore.java:115)
	at org.testng.junit.JUnit4TestRunner.start(JUnit4TestRunner.java:74)
	at org.testng.junit.JUnit4TestRunner.run(JUnit4TestRunner.java:65)
	at org.testng.TestRunner$1.run(TestRunner.java:656)
	at java.util.ArrayList.forEach(ArrayList.java:1257)
	at org.testng.TestRunner.runJUnitWorkers(TestRunner.java:847)
	at org.testng.TestRunner.privateRunJUnit(TestRunner.java:685)
	at org.testng.TestRunner.run(TestRunner.java:589)
	at org.testng.SuiteRunner.runTest(SuiteRunner.java:402)
	at org.testng.SuiteRunner.runSequentially(SuiteRunner.java:396)
	at org.testng.SuiteRunner.privateRun(SuiteRunner.java:355)
	at org.testng.SuiteRunner.run(SuiteRunner.java:304)
	at org.testng.SuiteRunnerWorker.runSuite(SuiteRunnerWorker.java:53)
	at org.testng.SuiteRunnerWorker.run(SuiteRunnerWorker.java:96)
	at org.testng.TestNG.runSuitesSequentially(TestNG.java:1180)
	at org.testng.TestNG.runSuitesLocally(TestNG.java:1102)
	at org.testng.TestNG.runSuites(TestNG.java:1032)
	at org.testng.TestNG.run(TestNG.java:1000)
	at org.apache.maven.surefire.testng.TestNGExecutor.run(TestNGExecutor.java:115)
	at org.apache.maven.surefire.testng.TestNGDirectoryTestSuite.executeMulti(TestNGDirectoryTestSuite.java:212)
	at org.apache.maven.surefire.testng.TestNGDirectoryTestSuite.execute(TestNGDirectoryTestSuite.java:108)
	at org.apache.maven.surefire.testng.TestNGProvider.invoke(TestNGProvider.java:111)
	at org.apache.maven.surefire.booter.ForkedBooter.invokeProviderInSameClassLoader(ForkedBooter.java:203)
	at org.apache.maven.surefire.booter.ForkedBooter.runSuitesInProcess(ForkedBooter.java:155)
	at org.apache.maven.surefire.booter.ForkedBooter.main(ForkedBooter.java:103)

null on com.beilie.test.open.applicants.cases.Positions.SearchPositionTest(com.beilie.test.open.applicants.cases.Positions.SearchPositionTest)  Time elapsed: 39.909 sec  <<< FAILURE!
java.lang.NullPointerException: null
	at com.beilie.test.seleniums.core.Engine.quit(Engine.java:88)
	at com.beilie.test.seleniums.core.TestCaseBase.clear(TestCaseBase.java:16)
	at sun.reflect.NativeMethodAccessorImpl.invoke0(Native Method)
	at sun.reflect.NativeMethodAccessorImpl.invoke(NativeMethodAccessorImpl.java:62)
	at sun.reflect.DelegatingMethodAccessorImpl.invoke(DelegatingMethodAccessorImpl.java:43)
	at java.lang.reflect.Method.invoke(Method.java:498)
	at org.junit.runners.model.FrameworkMethod$1.runReflectiveCall(FrameworkMethod.java:50)
	at org.junit.internal.runners.model.ReflectiveCallable.run(ReflectiveCallable.java:12)
	at org.junit.runners.model.FrameworkMethod.invokeExplosively(FrameworkMethod.java:47)
	at org.junit.internal.runners.statements.RunAfters.evaluate(RunAfters.java:33)
	at org.junit.runners.ParentRunner.run(ParentRunner.java:363)
	at org.junit.runner.JUnitCore.run(JUnitCore.java:137)
	at org.junit.runner.JUnitCore.run(JUnitCore.java:115)
	at org.testng.junit.JUnit4TestRunner.start(JUnit4TestRunner.java:74)
	at org.testng.junit.JUnit4TestRunner.run(JUnit4TestRunner.java:65)
	at org.testng.TestRunner$1.run(TestRunner.java:656)
	at java.util.ArrayList.forEach(ArrayList.java:1257)
	at org.testng.TestRunner.runJUnitWorkers(TestRunner.java:847)
	at org.testng.TestRunner.privateRunJUnit(TestRunner.java:685)
	at org.testng.TestRunner.run(TestRunner.java:589)
	at org.testng.SuiteRunner.runTest(SuiteRunner.java:402)
	at org.testng.SuiteRunner.runSequentially(SuiteRunner.java:396)
	at org.testng.SuiteRunner.privateRun(SuiteRunner.java:355)
	at org.testng.SuiteRunner.run(SuiteRunner.java:304)
	at org.testng.SuiteRunnerWorker.runSuite(SuiteRunnerWorker.java:53)
	at org.testng.SuiteRunnerWorker.run(SuiteRunnerWorker.java:96)
	at org.testng.TestNG.runSuitesSequentially(TestNG.java:1180)
	at org.testng.TestNG.runSuitesLocally(TestNG.java:1102)
	at org.testng.TestNG.runSuites(TestNG.java:1032)
	at org.testng.TestNG.run(TestNG.java:1000)
	at org.apache.maven.surefire.testng.TestNGExecutor.run(TestNGExecutor.java:115)
	at org.apache.maven.surefire.testng.TestNGDirectoryTestSuite.executeMulti(TestNGDirectoryTestSuite.java:212)
	at org.apache.maven.surefire.testng.TestNGDirectoryTestSuite.execute(TestNGDirectoryTestSuite.java:108)
	at org.apache.maven.surefire.testng.TestNGProvider.invoke(TestNGProvider.java:111)
	at org.apache.maven.surefire.booter.ForkedBooter.invokeProviderInSameClassLoader(ForkedBooter.java:203)
	at org.apache.maven.surefire.booter.ForkedBooter.runSuitesInProcess(ForkedBooter.java:155)
	at org.apache.maven.surefire.booter.ForkedBooter.main(ForkedBooter.java:103)


Results :

Failed tests: 
com.beilie.test.bole.cases.项目部._01项目详情.团队人选.GP10项目详情_新增简历_加入项目Test.null on com.beilie.test.bole.cases.项目部._01项目详情.团队人选.GP10项目详情_新增简历_加入项目Test(com.beilie.test.bole.cases.项目部._01项目详情.团队人选.GP10项目详情_新增简历_加入项目Test)
  Run 1: GP10项目详情_新增简历_加入项目Test>TestCaseBase.init:11 ? SessionNotCreated session not cr...
  Run 2: GP10项目详情_新增简历_加入项目Test>TestCaseBase.clear:16 ? NullPointer

com.beilie.test.bole.cases.项目部._01项目详情.团队人选.GP10项目详情_添加备注Test.null on com.beilie.test.bole.cases.项目部._01项目详情.团队人选.GP10项目详情_添加备注Test(com.beilie.test.bole.cases.项目部._01项目详情.团队人选.GP10项目详情_添加备注Test)
  Run 1: GP10项目详情_添加备注Test>TestCaseBase.init:11 ? SessionNotCreated session not created...
  Run 2: GP10项目详情_添加备注Test>TestCaseBase.clear:16 ? NullPointer

com.beilie.test.bole.cases.项目部._01项目详情.设置职位状态.GP10项目详情_关闭职位Test.null on com.beilie.test.bole.cases.项目部._01项目详情.设置职位状态.GP10项目详情_关闭职位Test(com.beilie.test.bole.cases.项目部._01项目详情.设置职位状态.GP10项目详情_关闭职位Test)
  Run 1: GP10项目详情_关闭职位Test>TestCaseBase.init:11 ? SessionNotCreated session not created...
  Run 2: GP10项目详情_关闭职位Test>TestCaseBase.clear:16 ? NullPointer

com.beilie.test.bole.cases.项目部._01项目详情.设置职位状态.GP10项目详情_恢复职位Test.null on com.beilie.test.bole.cases.项目部._01项目详情.设置职位状态.GP10项目详情_恢复职位Test(com.beilie.test.bole.cases.项目部._01项目详情.设置职位状态.GP10项目详情_恢复职位Test)
  Run 1: GP10项目详情_恢复职位Test>TestCaseBase.init:11 ? SessionNotCreated session not created...
  Run 2: GP10项目详情_恢复职位Test>TestCaseBase.clear:16 ? NullPointer

com.beilie.test.bole.cases.项目部._01项目详情.设置职位状态.GP10项目详情_暂停职位Test.null on com.beilie.test.bole.cases.项目部._01项目详情.设置职位状态.GP10项目详情_暂停职位Test(com.beilie.test.bole.cases.项目部._01项目详情.设置职位状态.GP10项目详情_暂停职位Test)
  Run 1: GP10项目详情_暂停职位Test>TestCaseBase.init:11 ? SessionNotCreated session not created...
  Run 2: GP10项目详情_暂停职位Test>TestCaseBase.clear:16 ? NullPointer

com.beilie.test.bole.cases.项目部._01项目详情.设置项目进程.GP10项目详情_offer谈判中Test.null on com.beilie.test.bole.cases.项目部._01项目详情.设置项目进程.GP10项目详情_offer谈判中Test(com.beilie.test.bole.cases.项目部._01项目详情.设置项目进程.GP10项目详情_offer谈判中Test)
  Run 1: GP10项目详情_offer谈判中Test>TestCaseBase.init:11 ? SessionNotCreated session not cre...
  Run 2: GP10项目详情_offer谈判中Test>TestCaseBase.clear:16 ? NullPointer

com.beilie.test.bole.cases.项目部._01项目详情.设置项目进程.GP10项目详情_上班保证期Test.null on com.beilie.test.bole.cases.项目部._01项目详情.设置项目进程.GP10项目详情_上班保证期Test(com.beilie.test.bole.cases.项目部._01项目详情.设置项目进程.GP10项目详情_上班保证期Test)
  Run 1: GP10项目详情_上班保证期Test>TestCaseBase.init:11 ? SessionNotCreated session not create...
  Run 2: GP10项目详情_上班保证期Test>TestCaseBase.clear:16 ? NullPointer

com.beilie.test.bole.cases.项目部._01项目详情.设置项目进程.GP10项目详情_中止Test.null on com.beilie.test.bole.cases.项目部._01项目详情.设置项目进程.GP10项目详情_中止Test(com.beilie.test.bole.cases.项目部._01项目详情.设置项目进程.GP10项目详情_中止Test)
  Run 1: GP10项目详情_中止Test>TestCaseBase.init:11 ? SessionNotCreated session not created: ...
  Run 2: GP10项目详情_中止Test>TestCaseBase.clear:16 ? NullPointer

com.beilie.test.bole.cases.项目部._01项目详情.设置项目进程.GP10项目详情_已完成Test.null on com.beilie.test.bole.cases.项目部._01项目详情.设置项目进程.GP10项目详情_已完成Test(com.beilie.test.bole.cases.项目部._01项目详情.设置项目进程.GP10项目详情_已完成Test)
  Run 1: GP10项目详情_已完成Test>TestCaseBase.init:11 ? SessionNotCreated session not created:...
  Run 2: GP10项目详情_已完成Test>TestCaseBase.clear:16 ? NullPointer

com.beilie.test.bole.cases.项目部._01项目详情.设置项目进程.GP10项目详情_暂停Test.null on com.beilie.test.bole.cases.项目部._01项目详情.设置项目进程.GP10项目详情_暂停Test(com.beilie.test.bole.cases.项目部._01项目详情.设置项目进程.GP10项目详情_暂停Test)
  Run 1: GP10项目详情_暂停Test>TestCaseBase.init:11 ? SessionNotCreated session not created: ...
  Run 2: GP10项目详情_暂停Test>TestCaseBase.clear:16 ? NullPointer

com.beilie.test.bole.cases.项目部.项目执行._01GP10项目详情_项目执行_到发送推荐报告Test.null on com.beilie.test.bole.cases.项目部.项目执行._01GP10项目详情_项目执行_到发送推荐报告Test(com.beilie.test.bole.cases.项目部.项目执行._01GP10项目详情_项目执行_到发送推荐报告Test)
  Run 1: _01GP10项目详情_项目执行_到发送推荐报告Test>TestCaseBase.init:11 ? SessionNotCreated session ...
  Run 2: _01GP10项目详情_项目执行_到发送推荐报告Test>TestCaseBase.clear:16 ? NullPointer

com.beilie.test.open.applicants.cases.MyResume.编辑简历Test.null on com.beilie.test.open.applicants.cases.MyResume.编辑简历Test(com.beilie.test.open.applicants.cases.MyResume.编辑简历Test)
  Run 1: 编辑简历Test>TestCaseBase.init:11 ? SessionNotCreated session not created: This ve...
  Run 2: 编辑简历Test>TestCaseBase.clear:16 ? NullPointer

com.beilie.test.open.applicants.cases.Positions.SearchPositionTest.null on com.beilie.test.open.applicants.cases.Positions.SearchPositionTest(com.beilie.test.open.applicants.cases.Positions.SearchPositionTest)
  Run 1: SearchPositionTest>TestCaseBase.init:11 ? SessionNotCreated session not create...
  Run 2: SearchPositionTest>TestCaseBase.clear:16 ? NullPointer


Tests run: 32, Failures: 13, Errors: 0, Skipped: 13

[INFO] ------------------------------------------------------------------------
[INFO] BUILD FAILURE
[INFO] ------------------------------------------------------------------------
[INFO] Total time: 01:42 min
[INFO] Finished at: 2021-11-25T02:57:08+08:00
[INFO] Final Memory: 52M/342M
[INFO] ------------------------------------------------------------------------
[ERROR] Failed to execute goal org.apache.maven.plugins:maven-surefire-plugin:2.18.1:test (default-test) on project com-beilie-test: There are test failures.
[ERROR] 
[ERROR] Please refer to D:\workPlace\trunk\autoTest\src\com-beilie-test\target\surefire-reports for the individual test results.
[ERROR] -> [Help 1]
[ERROR] 
[ERROR] To see the full stack trace of the errors, re-run Maven with the -e switch.
[ERROR] Re-run Maven using the -X switch to enable full debug logging.
[ERROR] 
[ERROR] For more information about the errors and possible solutions, please read the following articles:
[ERROR] [Help 1] http://cwiki.apache.org/confluence/display/MAVEN/MojoFailureException
