<?xml version="1.0" encoding="UTF-8"?>
<testng-results skipped="0" failed="0" ignored="0" total="6" passed="6">
  <reporter-output>
  </reporter-output>
  <suite name="Surefire suite" duration-ms="45" started-at="2021-12-09T14:47:42 CST" finished-at="2021-12-09T14:47:42 CST">
    <groups>
    </groups>
    <test name="Surefire test" duration-ms="45" started-at="2021-12-09T14:47:42 CST" finished-at="2021-12-09T14:47:42 CST">
      <class name="com.beilie.test.bole.cases.Test.suite.LoginTest">
        <test-method status="PASS" signature="loginSucess()[pri:0, instance:com.beilie.test.bole.cases.Test.suite.LoginTest@5ed828d]" name="loginSucess" duration-ms="0" started-at="2021-12-09T14:47:42 CST" finished-at="2021-12-09T14:47:42 CST">
          <reporter-output>
          </reporter-output>
        </test-method> <!-- loginSucess -->
      </class> <!-- com.beilie.test.bole.cases.Test.suite.LoginTest -->
      <class name="com.beilie.test.bole.cases.Test.suite.PayTest">
        <test-method status="PASS" signature="paySucess()[pri:0, instance:com.beilie.test.bole.cases.Test.suite.PayTest@50d0686]" name="paySucess" duration-ms="0" started-at="2021-12-09T14:47:42 CST" finished-at="2021-12-09T14:47:42 CST">
          <reporter-output>
          </reporter-output>
        </test-method> <!-- paySucess -->
      </class> <!-- com.beilie.test.bole.cases.Test.suite.PayTest -->
      <class name="com.beilie.test.bole.cases.Test.parameter.DataProviderTest">
        <test-method status="PASS" signature="test1(java.lang.String, int)[pri:0, instance:com.beilie.test.bole.cases.Test.parameter.DataProviderTest@371a67ec]" name="test1" duration-ms="5" started-at="2021-12-09T14:47:42 CST" data-provider="methodData" finished-at="2021-12-09T14:47:42 CST">
          <params>
            <param index="0">
              <value>
                <![CDATA[hary]]>
              </value>
            </param>
            <param index="1">
              <value>
                <![CDATA[10]]>
              </value>
            </param>
          </params>
          <reporter-output>
          </reporter-output>
        </test-method> <!-- test1 -->
        <test-method status="PASS" signature="test2(java.lang.String, int)[pri:0, instance:com.beilie.test.bole.cases.Test.parameter.DataProviderTest@371a67ec]" name="test2" duration-ms="1" started-at="2021-12-09T14:47:42 CST" data-provider="methodData" finished-at="2021-12-09T14:47:42 CST">
          <params>
            <param index="0">
              <value>
                <![CDATA[aa]]>
              </value>
            </param>
            <param index="1">
              <value>
                <![CDATA[20]]>
              </value>
            </param>
          </params>
          <reporter-output>
          </reporter-output>
        </test-method> <!-- test2 -->
        <test-method status="PASS" signature="test1(java.lang.String, int)[pri:0, instance:com.beilie.test.bole.cases.Test.parameter.DataProviderTest@371a67ec]" name="test1" duration-ms="0" started-at="2021-12-09T14:47:42 CST" data-provider="methodData" finished-at="2021-12-09T14:47:42 CST">
          <params>
            <param index="0">
              <value>
                <![CDATA[jack]]>
              </value>
            </param>
            <param index="1">
              <value>
                <![CDATA[15]]>
              </value>
            </param>
          </params>
          <reporter-output>
          </reporter-output>
        </test-method> <!-- test1 -->
        <test-method status="PASS" signature="test2(java.lang.String, int)[pri:0, instance:com.beilie.test.bole.cases.Test.parameter.DataProviderTest@371a67ec]" name="test2" duration-ms="0" started-at="2021-12-09T14:47:42 CST" data-provider="methodData" finished-at="2021-12-09T14:47:42 CST">
          <params>
            <param index="0">
              <value>
                <![CDATA[bb]]>
              </value>
            </param>
            <param index="1">
              <value>
                <![CDATA[25]]>
              </value>
            </param>
          </params>
          <reporter-output>
          </reporter-output>
        </test-method> <!-- test2 -->
      </class> <!-- com.beilie.test.bole.cases.Test.parameter.DataProviderTest -->
    </test> <!-- Surefire test -->
  </suite> <!-- Surefire suite -->
</testng-results>
