<?xml version="1.0" encoding="UTF-8"?>
<!-- Generated by org.testng.reporters.JUnitXMLReporter -->
<testsuite hostname="DESKTOP-FJ710P4" ignored="0" name="Test1" tests="6" failures="1" timestamp="26 一月 2022 07:59:39 GMT" time="193.525" errors="0">
  <testcase name="GP10项目详情_全部栏_加入时间默认倒序" time="18.359" classname="com.beilie.test.bole.cases.项目部._01项目详情.团队人选.GP10项目详情_全部栏_加入时间默认倒序Test"/>
  <testcase name="test" time="35.184" classname="com.beilie.test.bole.cases.项目部._01项目详情.团队人选.GP10项目详情_新增简历_加入项目Test">
    <failure type="org.openqa.selenium.WebDriverException" message="element click intercepted: Element &amp;lt;i data-v-746ec7f4=&amp;quot;&amp;quot; class=&amp;quot;select-editor-input__icon cursor-pointer ivu-icon bole icon-function&amp;quot; style=&amp;quot;font-size: 20px;&amp;quot;&amp;gt;&amp;lt;/i&amp;gt; is not clickable at point (675, 555). Other element would receive the click: &amp;lt;div class=&amp;quot;note-editable&amp;quot; contenteditable=&amp;quot;true&amp;quot; role=&amp;quot;textbox&amp;quot; aria-multiline=&amp;quot;true&amp;quot;&amp;gt;...&amp;lt;/div&amp;gt;
  (Session info: chrome=97.0.4692.71)
  (Driver info: chromedriver=96.0.4664.45 (76e4c1bb2ab4671b8beba3444e61c0f17584b2fc-refs/branch-heads/4664@{#947}),platform=Windows NT 10.0.19043 x86_64) (WARNING: The server did not provide any stacktrace information)
Command duration or timeout: 1.04 seconds
Build info: version: &amp;apos;2.53.1&amp;apos;, revision: &amp;apos;a36b8b1cd5757287168e54b817830adce9b0158d&amp;apos;, time: &amp;apos;2016-06-30 19:26:09&amp;apos;
System info: host: &amp;apos;DESKTOP-FJ710P4&amp;apos;, ip: &amp;apos;192.168.5.36&amp;apos;, os.name: &amp;apos;Windows 10&amp;apos;, os.arch: &amp;apos;amd64&amp;apos;, os.version: &amp;apos;10.0&amp;apos;, java.version: &amp;apos;1.8.0_162&amp;apos;
Driver info: org.openqa.selenium.chrome.ChromeDriver
Capabilities [{mobileEmulationEnabled=false, timeouts={implicit=0, pageLoad=300000, script=30000}, hasTouchScreen=false, platform=XP, acceptSslCerts=false, goog:chromeOptions={debuggerAddress=localhost:61778}, webauthn:extension:credBlob=true, acceptInsecureCerts=false, webStorageEnabled=true, browserName=chrome, takesScreenshot=true, javascriptEnabled=true, setWindowRect=true, webauthn:extension:largeBlob=true, unexpectedAlertBehaviour=ignore, applicationCacheEnabled=false, rotatable=false, networkConnectionEnabled=false, chrome={chromedriverVersion=96.0.4664.45 (76e4c1bb2ab4671b8beba3444e61c0f17584b2fc-refs/branch-heads/4664@{#947}), userDataDir=C:\Users\86182\AppData\Local\Temp\scoped_dir13860_827274775}, takesHeapSnapshot=true, pageLoadStrategy=normal, strictFileInteractability=false, databaseEnabled=false, handlesAlerts=true, version=97.0.4692.71, browserConnectionEnabled=false, proxy={}, nativeEvents=true, locationContextEnabled=true, cssSelectorsEnabled=true, webauthn:virtualAuthenticators=true}]
Session ID: ca9e9dc45323cc195505c9cd6d137359">
      <![CDATA[org.openqa.selenium.WebDriverException: element click intercepted: Element <i data-v-746ec7f4="" class="select-editor-input__icon cursor-pointer ivu-icon bole icon-function" style="font-size: 20px;"></i> is not clickable at point (675, 555). Other element would receive the click: <div class="note-editable" contenteditable="true" role="textbox" aria-multiline="true">...</div>
  (Session info: chrome=97.0.4692.71)
  (Driver info: chromedriver=96.0.4664.45 (76e4c1bb2ab4671b8beba3444e61c0f17584b2fc-refs/branch-heads/4664@{#947}),platform=Windows NT 10.0.19043 x86_64) (WARNING: The server did not provide any stacktrace information)
Command duration or timeout: 1.04 seconds
Build info: version: '2.53.1', revision: 'a36b8b1cd5757287168e54b817830adce9b0158d', time: '2016-06-30 19:26:09'
System info: host: 'DESKTOP-FJ710P4', ip: '192.168.5.36', os.name: 'Windows 10', os.arch: 'amd64', os.version: '10.0', java.version: '1.8.0_162'
Driver info: org.openqa.selenium.chrome.ChromeDriver
Capabilities [{mobileEmulationEnabled=false, timeouts={implicit=0, pageLoad=300000, script=30000}, hasTouchScreen=false, platform=XP, acceptSslCerts=false, goog:chromeOptions={debuggerAddress=localhost:61778}, webauthn:extension:credBlob=true, acceptInsecureCerts=false, webStorageEnabled=true, browserName=chrome, takesScreenshot=true, javascriptEnabled=true, setWindowRect=true, webauthn:extension:largeBlob=true, unexpectedAlertBehaviour=ignore, applicationCacheEnabled=false, rotatable=false, networkConnectionEnabled=false, chrome={chromedriverVersion=96.0.4664.45 (76e4c1bb2ab4671b8beba3444e61c0f17584b2fc-refs/branch-heads/4664@{#947}), userDataDir=C:\Users\86182\AppData\Local\Temp\scoped_dir13860_827274775}, takesHeapSnapshot=true, pageLoadStrategy=normal, strictFileInteractability=false, databaseEnabled=false, handlesAlerts=true, version=97.0.4692.71, browserConnectionEnabled=false, proxy={}, nativeEvents=true, locationContextEnabled=true, cssSelectorsEnabled=true, webauthn:virtualAuthenticators=true}]
Session ID: ca9e9dc45323cc195505c9cd6d137359
	at org.openqa.selenium.remote.ErrorHandler.createThrowable(ErrorHandler.java:206)
	at org.openqa.selenium.remote.ErrorHandler.throwIfResponseFailed(ErrorHandler.java:158)
	at org.openqa.selenium.remote.RemoteWebDriver.execute(RemoteWebDriver.java:678)
	at org.openqa.selenium.remote.RemoteWebElement.execute(RemoteWebElement.java:327)
	at org.openqa.selenium.remote.RemoteWebElement.click(RemoteWebElement.java:85)
	at com.beilie.test.seleniums.core.sealed.WebElementVendor.click(WebElementVendor.java:39)
	at com.beilie.test.seleniums.core.UIElement.click(UIElement.java:10)
	at com.beilie.test.bole.pages.EB.EBFA01Page.workExperience_function_click(EBFA01Page.java:117)
	at com.beilie.test.bole.cases.项目部._01项目详情.团队人选.GP10项目详情_新增简历_加入项目Test.test(GP10项目详情_新增简历_加入项目Test.java:50)
... Removed 32 stack frames]]>
    </failure>
  </testcase> <!-- test -->
  <testcase name="login" time="32.817" classname="com.beilie.test.bole.cases.项目部._01项目详情.团队人选.GP10项目详情_添加备注Test"/>
  <testcase name="test" time="31.345" classname="com.beilie.test.bole.cases.项目部._01项目详情.设置职位状态.GP10项目详情_关闭职位Test"/>
  <testcase name="test" time="30.83" classname="com.beilie.test.bole.cases.项目部._01项目详情.设置职位状态.GP10项目详情_恢复职位Test"/>
  <testcase name="test" time="30.529" classname="com.beilie.test.bole.cases.项目部._01项目详情.设置职位状态.GP10项目详情_暂停职位Test"/>
</testsuite> <!-- Test1 -->
