<?xml version="1.0" encoding="UTF-8"?>
<!-- Generated by org.testng.reporters.JUnitXMLReporter -->
<testsuite hostname="DESKTOP-FJ710P4" ignored="0" name="项目部._01项目详情.设置职位状态" tests="3" failures="0" timestamp="26 一月 2022 08:19:28 GMT" time="110.906" errors="0">
  <testcase name="test" time="31.755" classname="com.beilie.test.bole.cases.项目部._01项目详情.设置职位状态.GP10项目详情_关闭职位Test"/>
  <testcase name="test" time="32.013" classname="com.beilie.test.bole.cases.项目部._01项目详情.设置职位状态.GP10项目详情_恢复职位Test"/>
  <testcase name="test" time="33.402" classname="com.beilie.test.bole.cases.项目部._01项目详情.设置职位状态.GP10项目详情_暂停职位Test"/>
</testsuite> <!-- 项目部._01项目详情.设置职位状态 -->
