<?xml version="1.0" encoding="UTF-8"?>
<testsuite name="TestSuite" time="9.006" tests="1" errors="0" skipped="0" failures="1">
  <properties>
[...]
</properties>
  <testcase name="GP10项目详情_全部栏_加入时间默认倒序" classname="com.beilie.test.bole.cases.项目部._01项目详情.团队人选.GP10项目详情_全部栏_加入时间默认倒序Tes" time="9.006">
    <failure message="no such element: Unable to locate element: {&quot;method&quot;:&quot;xpath&quot;,&quot;selector&quot;:&quot;//div[@class=&quot;ef-modal v-transfer-dom&quot;]//i&quot;}&#10;  (Session info: chrome=97.0.4692.71)&#10;  (Driver info: chromedriver=96.0.4664.45 (76e4c1bb2ab4671b8beba3444e61c0f17584b2fc-refs/branch-heads/4664@{#947}),platform=Windows NT 10.0.19043 x86_64) (WARNING: The server did not provide any stacktrace information)&#10;Command duration or timeout: 63 milliseconds&#10;For documentation on this error, please visit: http://seleniumhq.org/exceptions/no_such_element.html&#10;Build info: version: &apos;2.53.1&apos;, revision: &apos;a36b8b1cd5757287168e54b817830adce9b0158d&apos;, time: &apos;2016-06-30 19:26:09&apos;&#10;System info: host: &apos;DESKTOP-FJ710P4&apos;, ip: &apos;192.168.5.36&apos;, os.name: &apos;Windows 10&apos;, os.arch: &apos;amd64&apos;, os.version: &apos;10.0&apos;, java.version: &apos;1.8.0_162&apos;&#10;Driver info: org.openqa.selenium.chrome.ChromeDriver&#10;Capabilities [{mobileEmulationEnabled=false, timeouts={implicit=0, pageLoad=300000, script=30000}, hasTouchScreen=false, platform=XP, acceptSslCerts=false, goog:chromeOptions={debuggerAddress=localhost:58151}, webauthn:extension:credBlob=true, acceptInsecureCerts=false, webStorageEnabled=true, browserName=chrome, takesScreenshot=true, javascriptEnabled=true, setWindowRect=true, webauthn:extension:largeBlob=true, unexpectedAlertBehaviour=ignore, applicationCacheEnabled=false, rotatable=false, networkConnectionEnabled=false, chrome={chromedriverVersion=96.0.4664.45 (76e4c1bb2ab4671b8beba3444e61c0f17584b2fc-refs/branch-heads/4664@{#947}), userDataDir=C:\Users\86182\AppData\Local\Temp\scoped_dir13916_1785150248}, takesHeapSnapshot=true, pageLoadStrategy=normal, strictFileInteractability=false, databaseEnabled=false, handlesAlerts=true, version=97.0.4692.71, browserConnectionEnabled=false, proxy={}, nativeEvents=true, locationContextEnabled=true, cssSelectorsEnabled=true, webauthn:virtualAuthenticators=true}]&#10;Session ID: 547219648cfc46c1f6fcb5e4eb8ec3c7&#10;*** Element info: {Using=xpath, value=//div[@class=&quot;ef-modal v-transfer-dom&quot;]//i}" type="org.openqa.selenium.NoSuchElementException">org.openqa.selenium.NoSuchElementException: no such element: Unable to locate element: {"method":"xpath","selector":"//div[@class="ef-modal v-transfer-dom"]//i"}
  (Session info: chrome=97.0.4692.71)
  (Driver info: chromedriver=96.0.4664.45 (76e4c1bb2ab4671b8beba3444e61c0f17584b2fc-refs/branch-heads/4664@{#947}),platform=Windows NT 10.0.19043 x86_64) (WARNING: The server did not provide any stacktrace information)
Command duration or timeout: 63 milliseconds
For documentation on this error, please visit: http://seleniumhq.org/exceptions/no_such_element.html
Build info: version: '2.53.1', revision: 'a36b8b1cd5757287168e54b817830adce9b0158d', time: '2016-06-30 19:26:09'
System info: host: 'DESKTOP-FJ710P4', ip: '192.168.5.36', os.name: 'Windows 10', os.arch: 'amd64', os.version: '10.0', java.version: '1.8.0_162'
Driver info: org.openqa.selenium.chrome.ChromeDriver
Capabilities [{mobileEmulationEnabled=false, timeouts={implicit=0, pageLoad=300000, script=30000}, hasTouchScreen=false, platform=XP, acceptSslCerts=false, goog:chromeOptions={debuggerAddress=localhost:58151}, webauthn:extension:credBlob=true, acceptInsecureCerts=false, webStorageEnabled=true, browserName=chrome, takesScreenshot=true, javascriptEnabled=true, setWindowRect=true, webauthn:extension:largeBlob=true, unexpectedAlertBehaviour=ignore, applicationCacheEnabled=false, rotatable=false, networkConnectionEnabled=false, chrome={chromedriverVersion=96.0.4664.45 (76e4c1bb2ab4671b8beba3444e61c0f17584b2fc-refs/branch-heads/4664@{#947}), userDataDir=C:\Users\86182\AppData\Local\Temp\scoped_dir13916_1785150248}, takesHeapSnapshot=true, pageLoadStrategy=normal, strictFileInteractability=false, databaseEnabled=false, handlesAlerts=true, version=97.0.4692.71, browserConnectionEnabled=false, proxy={}, nativeEvents=true, locationContextEnabled=true, cssSelectorsEnabled=true, webauthn:virtualAuthenticators=true}]
Session ID: 547219648cfc46c1f6fcb5e4eb8ec3c7
*** Element info: {Using=xpath, value=//div[@class="ef-modal v-transfer-dom"]//i}
	at sun.reflect.NativeConstructorAccessorImpl.newInstance0(Native Method)
	at sun.reflect.NativeConstructorAccessorImpl.newInstance(NativeConstructorAccessorImpl.java:62)
	at sun.reflect.DelegatingConstructorAccessorImpl.newInstance(DelegatingConstructorAccessorImpl.java:45)
	at java.lang.reflect.Constructor.newInstance(Constructor.java:423)
	at org.openqa.selenium.remote.ErrorHandler.createThrowable(ErrorHandler.java:206)
	at org.openqa.selenium.remote.ErrorHandler.throwIfResponseFailed(ErrorHandler.java:158)
	at org.openqa.selenium.remote.RemoteWebDriver.execute(RemoteWebDriver.java:678)
	at org.openqa.selenium.remote.RemoteWebDriver.findElement(RemoteWebDriver.java:363)
	at org.openqa.selenium.remote.RemoteWebDriver.findElementByXPath(RemoteWebDriver.java:500)
	at org.openqa.selenium.By$ByXPath.findElement(By.java:361)
	at org.openqa.selenium.remote.RemoteWebDriver.findElement(RemoteWebDriver.java:355)
	at com.beilie.test.seleniums.core.sealed.WebAbstractVendor.findByXPath(WebAbstractVendor.java:91)
	at com.beilie.test.seleniums.core.SearchTemplate.findByXPath(SearchTemplate.java:38)
	at com.beilie.test.bole.pages.BdHomePage.closeHideMenue(BdHomePage.java:111)
	at com.beilie.test.bole.cases.项目部._01项目详情.团队人选.GP10项目详情_全部栏_加入时间默认倒序Tes.GP10项目详情_全部栏_加入时间默认倒序(GP10项目详情_全部栏_加入时间默认倒序Tes.java:16)
</failure>
    <system-out><![CDATA[[TestNGContentHandler] [WARN] It is strongly recommended to add "<!DOCTYPE suite SYSTEM "http://testng.org/testng-1.0.dtd" >" at the top of your file, otherwise TestNG may fail or not work as expected.
02:56:22.114 [Forwarding newSession on session null to remote] DEBUG org.apache.http.client.protocol.RequestAddCookies - CookieSpec selected: default
02:56:22.177 [Forwarding newSession on session null to remote] DEBUG org.apache.http.client.protocol.RequestAuthCache - Auth cache not set in the context
02:56:22.177 [Forwarding newSession on session null to remote] DEBUG org.apache.http.impl.conn.PoolingHttpClientConnectionManager - Connection request: [route: {}->http://localhost:43031][total kept alive: 0; route allocated: 0 of 2000; total allocated: 0 of 2000]
02:56:22.224 [Forwarding newSession on session null to remote] DEBUG org.apache.http.impl.conn.PoolingHttpClientConnectionManager - Connection leased: [id: 0][route: {}->http://localhost:43031][total kept alive: 0; route allocated: 1 of 2000; total allocated: 1 of 2000]
02:56:22.224 [Forwarding newSession on session null to remote] DEBUG org.apache.http.impl.execchain.MainClientExec - Opening connection {}->http://localhost:43031
02:56:22.224 [Forwarding newSession on session null to remote] DEBUG org.apache.http.impl.conn.DefaultHttpClientConnectionOperator - Connecting to localhost/127.0.0.1:43031
02:56:22.224 [Forwarding newSession on session null to remote] DEBUG org.apache.http.impl.conn.DefaultHttpClientConnectionOperator - Connection established 127.0.0.1:58150<->127.0.0.1:43031
02:56:22.224 [Forwarding newSession on session null to remote] DEBUG org.apache.http.impl.conn.DefaultManagedHttpClientConnection - http-outgoing-0: set socket timeout to 10800000
02:56:22.224 [Forwarding newSession on session null to remote] DEBUG org.apache.http.impl.execchain.MainClientExec - Executing request POST /session HTTP/1.1
02:56:22.224 [Forwarding newSession on session null to remote] DEBUG org.apache.http.impl.execchain.MainClientExec - Target auth state: UNCHALLENGED
02:56:22.224 [Forwarding newSession on session null to remote] DEBUG org.apache.http.impl.execchain.MainClientExec - Proxy auth state: UNCHALLENGED
02:56:22.224 [Forwarding newSession on session null to remote] DEBUG org.apache.http.headers - http-outgoing-0 >> POST /session HTTP/1.1
02:56:22.224 [Forwarding newSession on session null to remote] DEBUG org.apache.http.headers - http-outgoing-0 >> Content-Type: application/json; charset=utf-8
02:56:22.224 [Forwarding newSession on session null to remote] DEBUG org.apache.http.headers - http-outgoing-0 >> Content-Length: 141
02:56:22.224 [Forwarding newSession on session null to remote] DEBUG org.apache.http.headers - http-outgoing-0 >> Host: localhost:43031
02:56:22.224 [Forwarding newSession on session null to remote] DEBUG org.apache.http.headers - http-outgoing-0 >> Connection: Keep-Alive
02:56:22.224 [Forwarding newSession on session null to remote] DEBUG org.apache.http.headers - http-outgoing-0 >> User-Agent: Apache-HttpClient/4.5.2 (Java/1.8.0_162)
02:56:22.224 [Forwarding newSession on session null to remote] DEBUG org.apache.http.headers - http-outgoing-0 >> Accept-Encoding: gzip,deflate
02:56:22.224 [Forwarding newSession on session null to remote] DEBUG org.apache.http.wire - http-outgoing-0 >> "POST /session HTTP/1.1[\r][\n]"
02:56:22.224 [Forwarding newSession on session null to remote] DEBUG org.apache.http.wire - http-outgoing-0 >> "Content-Type: application/json; charset=utf-8[\r][\n]"
02:56:22.224 [Forwarding newSession on session null to remote] DEBUG org.apache.http.wire - http-outgoing-0 >> "Content-Length: 141[\r][\n]"
02:56:22.224 [Forwarding newSession on session null to remote] DEBUG org.apache.http.wire - http-outgoing-0 >> "Host: localhost:43031[\r][\n]"
02:56:22.224 [Forwarding newSession on session null to remote] DEBUG org.apache.http.wire - http-outgoing-0 >> "Connection: Keep-Alive[\r][\n]"
02:56:22.224 [Forwarding newSession on session null to remote] DEBUG org.apache.http.wire - http-outgoing-0 >> "User-Agent: Apache-HttpClient/4.5.2 (Java/1.8.0_162)[\r][\n]"
02:56:22.224 [Forwarding newSession on session null to remote] DEBUG org.apache.http.wire - http-outgoing-0 >> "Accept-Encoding: gzip,deflate[\r][\n]"
02:56:22.224 [Forwarding newSession on session null to remote] DEBUG org.apache.http.wire - http-outgoing-0 >> "[\r][\n]"
02:56:22.224 [Forwarding newSession on session null to remote] DEBUG org.apache.http.wire - http-outgoing-0 >> "{"desiredCapabilities":{"browserName":"chrome","chromeOptions":{"args":["--start-maximized"],"extensions":[]},"version":"","platform":"ANY"}}"
02:56:38.202 [Forwarding newSession on session null to remote] DEBUG org.apache.http.wire - http-outgoing-0 << "HTTP/1.1 200 OK[\r][\n]"
02:56:38.202 [Forwarding newSession on session null to remote] DEBUG org.apache.http.wire - http-outgoing-0 << "Content-Length:1140[\r][\n]"
02:56:38.202 [Forwarding newSession on session null to remote] DEBUG org.apache.http.wire - http-outgoing-0 << "Content-Type:application/json; charset=utf-8[\r][\n]"
02:56:38.202 [Forwarding newSession on session null to remote] DEBUG org.apache.http.wire - http-outgoing-0 << "[\r][\n]"
02:56:38.202 [Forwarding newSession on session null to remote] DEBUG org.apache.http.wire - http-outgoing-0 << "{"sessionId":"547219648cfc46c1f6fcb5e4eb8ec3c7","status":0,"value":{"acceptInsecureCerts":false,"acceptSslCerts":false,"applicationCacheEnabled":false,"browserConnectionEnabled":false,"browserName":"chrome","chrome":{"chromedriverVersion":"96.0.4664.45 (76e4c1bb2ab4671b8beba3444e61c0f17584b2fc-refs/branch-heads/4664@{#947})","userDataDir":"C:\\Users\\86182\\AppData\\Local\\Temp\\scoped_dir13916_1785150248"},"cssSelectorsEnabled":true,"databaseEnabled":false,"goog:chromeOptions":{"debuggerAddress":"localhost:58151"},"handlesAlerts":true,"hasTouchScreen":false,"javascriptEnabled":true,"locationContextEnabled":true,"mobileEmulationEnabled":false,"nativeEvents":true,"networkConnectionEnabled":false,"pageLoadStrategy":"normal","platform":"Windows","proxy":{},"rotatable":false,"setWindowRect":true,"strictFileInteractability":false,"takesHeapSnapshot":true,"takesScreenshot":true,"timeouts":{"implicit":0,"pageLoad":300000,"script":30000},"unexpectedAlertBehaviour":"ignore","version":"97.0.4692.71","webStorageEnabled":true,"webauthn:extension:credBlob":true,"webauthn:extension:largeBlob":true,"webauthn:virtualAuthenticators":true}}"
02:56:38.234 [Forwarding newSession on session null to remote] DEBUG org.apache.http.headers - http-outgoing-0 << HTTP/1.1 200 OK
02:56:38.234 [Forwarding newSession on session null to remote] DEBUG org.apache.http.headers - http-outgoing-0 << Content-Length:1140
02:56:38.234 [Forwarding newSession on session null to remote] DEBUG org.apache.http.headers - http-outgoing-0 << Content-Type:application/json; charset=utf-8
02:56:38.265 [Forwarding newSession on session null to remote] DEBUG org.apache.http.impl.execchain.MainClientExec - Connection can be kept alive indefinitely
02:56:38.281 [Forwarding newSession on session null to remote] DEBUG org.apache.http.impl.conn.PoolingHttpClientConnectionManager - Connection [id: 0][route: {}->http://localhost:43031] can be kept alive indefinitely
02:56:38.281 [Forwarding newSession on session null to remote] DEBUG org.apache.http.impl.conn.PoolingHttpClientConnectionManager - Connection released: [id: 0][route: {}->http://localhost:43031][total kept alive: 1; route allocated: 1 of 2000; total allocated: 1 of 2000]
02:56:38.421 [Forwarding get on session 547219648cfc46c1f6fcb5e4eb8ec3c7 to remote] DEBUG org.apache.http.client.protocol.RequestAddCookies - CookieSpec selected: default
02:56:38.421 [Forwarding get on session 547219648cfc46c1f6fcb5e4eb8ec3c7 to remote] DEBUG org.apache.http.client.protocol.RequestAuthCache - Auth cache not set in the context
02:56:38.421 [Forwarding get on session 547219648cfc46c1f6fcb5e4eb8ec3c7 to remote] DEBUG org.apache.http.impl.conn.PoolingHttpClientConnectionManager - Connection request: [route: {}->http://localhost:43031][total kept alive: 1; route allocated: 1 of 2000; total allocated: 1 of 2000]
02:56:38.421 [Forwarding get on session 547219648cfc46c1f6fcb5e4eb8ec3c7 to remote] DEBUG org.apache.http.impl.conn.PoolingHttpClientConnectionManager - Connection leased: [id: 0][route: {}->http://localhost:43031][total kept alive: 0; route allocated: 1 of 2000; total allocated: 1 of 2000]
02:56:38.421 [Forwarding get on session 547219648cfc46c1f6fcb5e4eb8ec3c7 to remote] DEBUG org.apache.http.impl.execchain.MainClientExec - Stale connection check
02:56:38.484 [Forwarding get on session 547219648cfc46c1f6fcb5e4eb8ec3c7 to remote] DEBUG org.apache.http.wire - http-outgoing-0 << "[read] I/O error: Read timed out"
02:56:38.484 [Forwarding get on session 547219648cfc46c1f6fcb5e4eb8ec3c7 to remote] DEBUG org.apache.http.impl.conn.DefaultManagedHttpClientConnection - http-outgoing-0: set socket timeout to 10800000
02:56:38.484 [Forwarding get on session 547219648cfc46c1f6fcb5e4eb8ec3c7 to remote] DEBUG org.apache.http.impl.execchain.MainClientExec - Executing request POST /session/547219648cfc46c1f6fcb5e4eb8ec3c7/url HTTP/1.1
02:56:38.484 [Forwarding get on session 547219648cfc46c1f6fcb5e4eb8ec3c7 to remote] DEBUG org.apache.http.impl.execchain.MainClientExec - Target auth state: UNCHALLENGED
02:56:38.484 [Forwarding get on session 547219648cfc46c1f6fcb5e4eb8ec3c7 to remote] DEBUG org.apache.http.impl.execchain.MainClientExec - Proxy auth state: UNCHALLENGED
02:56:38.484 [Forwarding get on session 547219648cfc46c1f6fcb5e4eb8ec3c7 to remote] DEBUG org.apache.http.headers - http-outgoing-0 >> POST /session/547219648cfc46c1f6fcb5e4eb8ec3c7/url HTTP/1.1
02:56:38.484 [Forwarding get on session 547219648cfc46c1f6fcb5e4eb8ec3c7 to remote] DEBUG org.apache.http.headers - http-outgoing-0 >> Content-Type: application/json; charset=utf-8
02:56:38.484 [Forwarding get on session 547219648cfc46c1f6fcb5e4eb8ec3c7 to remote] DEBUG org.apache.http.headers - http-outgoing-0 >> Content-Length: 38
02:56:38.484 [Forwarding get on session 547219648cfc46c1f6fcb5e4eb8ec3c7 to remote] DEBUG org.apache.http.headers - http-outgoing-0 >> Host: localhost:43031
02:56:38.484 [Forwarding get on session 547219648cfc46c1f6fcb5e4eb8ec3c7 to remote] DEBUG org.apache.http.headers - http-outgoing-0 >> Connection: Keep-Alive
02:56:38.484 [Forwarding get on session 547219648cfc46c1f6fcb5e4eb8ec3c7 to remote] DEBUG org.apache.http.headers - http-outgoing-0 >> User-Agent: Apache-HttpClient/4.5.2 (Java/1.8.0_162)
02:56:38.484 [Forwarding get on session 547219648cfc46c1f6fcb5e4eb8ec3c7 to remote] DEBUG org.apache.http.headers - http-outgoing-0 >> Accept-Encoding: gzip,deflate
02:56:38.484 [Forwarding get on session 547219648cfc46c1f6fcb5e4eb8ec3c7 to remote] DEBUG org.apache.http.wire - http-outgoing-0 >> "POST /session/547219648cfc46c1f6fcb5e4eb8ec3c7/url HTTP/1.1[\r][\n]"
02:56:38.484 [Forwarding get on session 547219648cfc46c1f6fcb5e4eb8ec3c7 to remote] DEBUG org.apache.http.wire - http-outgoing-0 >> "Content-Type: application/json; charset=utf-8[\r][\n]"
02:56:38.484 [Forwarding get on session 547219648cfc46c1f6fcb5e4eb8ec3c7 to remote] DEBUG org.apache.http.wire - http-outgoing-0 >> "Content-Length: 38[\r][\n]"
02:56:38.484 [Forwarding get on session 547219648cfc46c1f6fcb5e4eb8ec3c7 to remote] DEBUG org.apache.http.wire - http-outgoing-0 >> "Host: localhost:43031[\r][\n]"
02:56:38.484 [Forwarding get on session 547219648cfc46c1f6fcb5e4eb8ec3c7 to remote] DEBUG org.apache.http.wire - http-outgoing-0 >> "Connection: Keep-Alive[\r][\n]"
02:56:38.484 [Forwarding get on session 547219648cfc46c1f6fcb5e4eb8ec3c7 to remote] DEBUG org.apache.http.wire - http-outgoing-0 >> "User-Agent: Apache-HttpClient/4.5.2 (Java/1.8.0_162)[\r][\n]"
02:56:38.484 [Forwarding get on session 547219648cfc46c1f6fcb5e4eb8ec3c7 to remote] DEBUG org.apache.http.wire - http-outgoing-0 >> "Accept-Encoding: gzip,deflate[\r][\n]"
02:56:38.484 [Forwarding get on session 547219648cfc46c1f6fcb5e4eb8ec3c7 to remote] DEBUG org.apache.http.wire - http-outgoing-0 >> "[\r][\n]"
02:56:38.484 [Forwarding get on session 547219648cfc46c1f6fcb5e4eb8ec3c7 to remote] DEBUG org.apache.http.wire - http-outgoing-0 >> "{"url":"http://47.110.140.203/#/home"}"
02:56:41.170 [Forwarding get on session 547219648cfc46c1f6fcb5e4eb8ec3c7 to remote] DEBUG org.apache.http.wire - http-outgoing-0 << "HTTP/1.1 200 OK[\r][\n]"
02:56:41.170 [Forwarding get on session 547219648cfc46c1f6fcb5e4eb8ec3c7 to remote] DEBUG org.apache.http.wire - http-outgoing-0 << "Content-Length:72[\r][\n]"
02:56:41.170 [Forwarding get on session 547219648cfc46c1f6fcb5e4eb8ec3c7 to remote] DEBUG org.apache.http.wire - http-outgoing-0 << "Content-Type:application/json; charset=utf-8[\r][\n]"
02:56:41.170 [Forwarding get on session 547219648cfc46c1f6fcb5e4eb8ec3c7 to remote] DEBUG org.apache.http.wire - http-outgoing-0 << "[\r][\n]"
02:56:41.170 [Forwarding get on session 547219648cfc46c1f6fcb5e4eb8ec3c7 to remote] DEBUG org.apache.http.wire - http-outgoing-0 << "{"sessionId":"547219648cfc46c1f6fcb5e4eb8ec3c7","status":0,"value":null}"
02:56:41.170 [Forwarding get on session 547219648cfc46c1f6fcb5e4eb8ec3c7 to remote] DEBUG org.apache.http.headers - http-outgoing-0 << HTTP/1.1 200 OK
02:56:41.170 [Forwarding get on session 547219648cfc46c1f6fcb5e4eb8ec3c7 to remote] DEBUG org.apache.http.headers - http-outgoing-0 << Content-Length:72
02:56:41.171 [Forwarding get on session 547219648cfc46c1f6fcb5e4eb8ec3c7 to remote] DEBUG org.apache.http.headers - http-outgoing-0 << Content-Type:application/json; charset=utf-8
02:56:41.171 [Forwarding get on session 547219648cfc46c1f6fcb5e4eb8ec3c7 to remote] DEBUG org.apache.http.impl.execchain.MainClientExec - Connection can be kept alive indefinitely
02:56:41.171 [Forwarding get on session 547219648cfc46c1f6fcb5e4eb8ec3c7 to remote] DEBUG org.apache.http.impl.conn.PoolingHttpClientConnectionManager - Connection [id: 0][route: {}->http://localhost:43031] can be kept alive indefinitely
02:56:41.171 [Forwarding get on session 547219648cfc46c1f6fcb5e4eb8ec3c7 to remote] DEBUG org.apache.http.impl.conn.PoolingHttpClientConnectionManager - Connection released: [id: 0][route: {}->http://localhost:43031][total kept alive: 1; route allocated: 1 of 2000; total allocated: 1 of 2000]
02:56:41.343 [Forwarding findElement on session 547219648cfc46c1f6fcb5e4eb8ec3c7 to remote] DEBUG org.apache.http.client.protocol.RequestAddCookies - CookieSpec selected: default
02:56:41.343 [Forwarding findElement on session 547219648cfc46c1f6fcb5e4eb8ec3c7 to remote] DEBUG org.apache.http.client.protocol.RequestAuthCache - Auth cache not set in the context
02:56:41.343 [Forwarding findElement on session 547219648cfc46c1f6fcb5e4eb8ec3c7 to remote] DEBUG org.apache.http.impl.conn.PoolingHttpClientConnectionManager - Connection request: [route: {}->http://localhost:43031][total kept alive: 1; route allocated: 1 of 2000; total allocated: 1 of 2000]
02:56:41.343 [Forwarding findElement on session 547219648cfc46c1f6fcb5e4eb8ec3c7 to remote] DEBUG org.apache.http.impl.conn.PoolingHttpClientConnectionManager - Connection leased: [id: 0][route: {}->http://localhost:43031][total kept alive: 0; route allocated: 1 of 2000; total allocated: 1 of 2000]
02:56:41.343 [Forwarding findElement on session 547219648cfc46c1f6fcb5e4eb8ec3c7 to remote] DEBUG org.apache.http.impl.execchain.MainClientExec - Stale connection check
02:56:41.359 [Forwarding findElement on session 547219648cfc46c1f6fcb5e4eb8ec3c7 to remote] DEBUG org.apache.http.wire - http-outgoing-0 << "[read] I/O error: Read timed out"
02:56:41.359 [Forwarding findElement on session 547219648cfc46c1f6fcb5e4eb8ec3c7 to remote] DEBUG org.apache.http.impl.conn.DefaultManagedHttpClientConnection - http-outgoing-0: set socket timeout to 10800000
02:56:41.359 [Forwarding findElement on session 547219648cfc46c1f6fcb5e4eb8ec3c7 to remote] DEBUG org.apache.http.impl.execchain.MainClientExec - Executing request POST /session/547219648cfc46c1f6fcb5e4eb8ec3c7/element HTTP/1.1
02:56:41.359 [Forwarding findElement on session 547219648cfc46c1f6fcb5e4eb8ec3c7 to remote] DEBUG org.apache.http.impl.execchain.MainClientExec - Target auth state: UNCHALLENGED
02:56:41.359 [Forwarding findElement on session 547219648cfc46c1f6fcb5e4eb8ec3c7 to remote] DEBUG org.apache.http.impl.execchain.MainClientExec - Proxy auth state: UNCHALLENGED
02:56:41.359 [Forwarding findElement on session 547219648cfc46c1f6fcb5e4eb8ec3c7 to remote] DEBUG org.apache.http.headers - http-outgoing-0 >> POST /session/547219648cfc46c1f6fcb5e4eb8ec3c7/element HTTP/1.1
02:56:41.359 [Forwarding findElement on session 547219648cfc46c1f6fcb5e4eb8ec3c7 to remote] DEBUG org.apache.http.headers - http-outgoing-0 >> Content-Type: application/json; charset=utf-8
02:56:41.359 [Forwarding findElement on session 547219648cfc46c1f6fcb5e4eb8ec3c7 to remote] DEBUG org.apache.http.headers - http-outgoing-0 >> Content-Length: 37
02:56:41.359 [Forwarding findElement on session 547219648cfc46c1f6fcb5e4eb8ec3c7 to remote] DEBUG org.apache.http.headers - http-outgoing-0 >> Host: localhost:43031
02:56:41.359 [Forwarding findElement on session 547219648cfc46c1f6fcb5e4eb8ec3c7 to remote] DEBUG org.apache.http.headers - http-outgoing-0 >> Connection: Keep-Alive
02:56:41.359 [Forwarding findElement on session 547219648cfc46c1f6fcb5e4eb8ec3c7 to remote] DEBUG org.apache.http.headers - http-outgoing-0 >> User-Agent: Apache-HttpClient/4.5.2 (Java/1.8.0_162)
02:56:41.359 [Forwarding findElement on session 547219648cfc46c1f6fcb5e4eb8ec3c7 to remote] DEBUG org.apache.http.headers - http-outgoing-0 >> Accept-Encoding: gzip,deflate
02:56:41.359 [Forwarding findElement on session 547219648cfc46c1f6fcb5e4eb8ec3c7 to remote] DEBUG org.apache.http.wire - http-outgoing-0 >> "POST /session/547219648cfc46c1f6fcb5e4eb8ec3c7/element HTTP/1.1[\r][\n]"
02:56:41.359 [Forwarding findElement on session 547219648cfc46c1f6fcb5e4eb8ec3c7 to remote] DEBUG org.apache.http.wire - http-outgoing-0 >> "Content-Type: application/json; charset=utf-8[\r][\n]"
02:56:41.359 [Forwarding findElement on session 547219648cfc46c1f6fcb5e4eb8ec3c7 to remote] DEBUG org.apache.http.wire - http-outgoing-0 >> "Content-Length: 37[\r][\n]"
02:56:41.359 [Forwarding findElement on session 547219648cfc46c1f6fcb5e4eb8ec3c7 to remote] DEBUG org.apache.http.wire - http-outgoing-0 >> "Host: localhost:43031[\r][\n]"
02:56:41.359 [Forwarding findElement on session 547219648cfc46c1f6fcb5e4eb8ec3c7 to remote] DEBUG org.apache.http.wire - http-outgoing-0 >> "Connection: Keep-Alive[\r][\n]"
02:56:41.359 [Forwarding findElement on session 547219648cfc46c1f6fcb5e4eb8ec3c7 to remote] DEBUG org.apache.http.wire - http-outgoing-0 >> "User-Agent: Apache-HttpClient/4.5.2 (Java/1.8.0_162)[\r][\n]"
02:56:41.359 [Forwarding findElement on session 547219648cfc46c1f6fcb5e4eb8ec3c7 to remote] DEBUG org.apache.http.wire - http-outgoing-0 >> "Accept-Encoding: gzip,deflate[\r][\n]"
02:56:41.359 [Forwarding findElement on session 547219648cfc46c1f6fcb5e4eb8ec3c7 to remote] DEBUG org.apache.http.wire - http-outgoing-0 >> "[\r][\n]"
02:56:41.359 [Forwarding findElement on session 547219648cfc46c1f6fcb5e4eb8ec3c7 to remote] DEBUG org.apache.http.wire - http-outgoing-0 >> "{"using":"id","value":"accountLogin"}"
02:56:41.911 [Forwarding findElement on session 547219648cfc46c1f6fcb5e4eb8ec3c7 to remote] DEBUG org.apache.http.wire - http-outgoing-0 << "HTTP/1.1 200 OK[\r][\n]"
02:56:41.911 [Forwarding findElement on session 547219648cfc46c1f6fcb5e4eb8ec3c7 to remote] DEBUG org.apache.http.wire - http-outgoing-0 << "Content-Length:103[\r][\n]"
02:56:41.911 [Forwarding findElement on session 547219648cfc46c1f6fcb5e4eb8ec3c7 to remote] DEBUG org.apache.http.wire - http-outgoing-0 << "Content-Type:application/json; charset=utf-8[\r][\n]"
02:56:41.911 [Forwarding findElement on session 547219648cfc46c1f6fcb5e4eb8ec3c7 to remote] DEBUG org.apache.http.wire - http-outgoing-0 << "[\r][\n]"
02:56:41.911 [Forwarding findElement on session 547219648cfc46c1f6fcb5e4eb8ec3c7 to remote] DEBUG org.apache.http.wire - http-outgoing-0 << "{"sessionId":"547219648cfc46c1f6fcb5e4eb8ec3c7","status":0,"value":{"ELEMENT":"0.16761882184845067-1"}}"
02:56:41.911 [Forwarding findElement on session 547219648cfc46c1f6fcb5e4eb8ec3c7 to remote] DEBUG org.apache.http.headers - http-outgoing-0 << HTTP/1.1 200 OK
02:56:41.911 [Forwarding findElement on session 547219648cfc46c1f6fcb5e4eb8ec3c7 to remote] DEBUG org.apache.http.headers - http-outgoing-0 << Content-Length:103
02:56:41.911 [Forwarding findElement on session 547219648cfc46c1f6fcb5e4eb8ec3c7 to remote] DEBUG org.apache.http.headers - http-outgoing-0 << Content-Type:application/json; charset=utf-8
02:56:41.911 [Forwarding findElement on session 547219648cfc46c1f6fcb5e4eb8ec3c7 to remote] DEBUG org.apache.http.impl.execchain.MainClientExec - Connection can be kept alive indefinitely
02:56:41.911 [Forwarding findElement on session 547219648cfc46c1f6fcb5e4eb8ec3c7 to remote] DEBUG org.apache.http.impl.conn.PoolingHttpClientConnectionManager - Connection [id: 0][route: {}->http://localhost:43031] can be kept alive indefinitely
02:56:41.911 [Forwarding findElement on session 547219648cfc46c1f6fcb5e4eb8ec3c7 to remote] DEBUG org.apache.http.impl.conn.PoolingHttpClientConnectionManager - Connection released: [id: 0][route: {}->http://localhost:43031][total kept alive: 1; route allocated: 1 of 2000; total allocated: 1 of 2000]
02:56:42.103 [Forwarding clickElement on session 547219648cfc46c1f6fcb5e4eb8ec3c7 to remote] DEBUG org.apache.http.client.protocol.RequestAddCookies - CookieSpec selected: default
02:56:42.103 [Forwarding clickElement on session 547219648cfc46c1f6fcb5e4eb8ec3c7 to remote] DEBUG org.apache.http.client.protocol.RequestAuthCache - Auth cache not set in the context
02:56:42.104 [Forwarding clickElement on session 547219648cfc46c1f6fcb5e4eb8ec3c7 to remote] DEBUG org.apache.http.impl.conn.PoolingHttpClientConnectionManager - Connection request: [route: {}->http://localhost:43031][total kept alive: 1; route allocated: 1 of 2000; total allocated: 1 of 2000]
02:56:42.104 [Forwarding clickElement on session 547219648cfc46c1f6fcb5e4eb8ec3c7 to remote] DEBUG org.apache.http.impl.conn.PoolingHttpClientConnectionManager - Connection leased: [id: 0][route: {}->http://localhost:43031][total kept alive: 0; route allocated: 1 of 2000; total allocated: 1 of 2000]
02:56:42.104 [Forwarding clickElement on session 547219648cfc46c1f6fcb5e4eb8ec3c7 to remote] DEBUG org.apache.http.impl.execchain.MainClientExec - Stale connection check
02:56:42.114 [Forwarding clickElement on session 547219648cfc46c1f6fcb5e4eb8ec3c7 to remote] DEBUG org.apache.http.wire - http-outgoing-0 << "[read] I/O error: Read timed out"
02:56:42.114 [Forwarding clickElement on session 547219648cfc46c1f6fcb5e4eb8ec3c7 to remote] DEBUG org.apache.http.impl.conn.DefaultManagedHttpClientConnection - http-outgoing-0: set socket timeout to 10800000
02:56:42.114 [Forwarding clickElement on session 547219648cfc46c1f6fcb5e4eb8ec3c7 to remote] DEBUG org.apache.http.impl.execchain.MainClientExec - Executing request POST /session/547219648cfc46c1f6fcb5e4eb8ec3c7/element/0.16761882184845067-1/click HTTP/1.1
02:56:42.115 [Forwarding clickElement on session 547219648cfc46c1f6fcb5e4eb8ec3c7 to remote] DEBUG org.apache.http.impl.execchain.MainClientExec - Target auth state: UNCHALLENGED
02:56:42.115 [Forwarding clickElement on session 547219648cfc46c1f6fcb5e4eb8ec3c7 to remote] DEBUG org.apache.http.impl.execchain.MainClientExec - Proxy auth state: UNCHALLENGED
02:56:42.115 [Forwarding clickElement on session 547219648cfc46c1f6fcb5e4eb8ec3c7 to remote] DEBUG org.apache.http.headers - http-outgoing-0 >> POST /session/547219648cfc46c1f6fcb5e4eb8ec3c7/element/0.16761882184845067-1/click HTTP/1.1
02:56:42.115 [Forwarding clickElement on session 547219648cfc46c1f6fcb5e4eb8ec3c7 to remote] DEBUG org.apache.http.headers - http-outgoing-0 >> Content-Type: application/json; charset=utf-8
02:56:42.115 [Forwarding clickElement on session 547219648cfc46c1f6fcb5e4eb8ec3c7 to remote] DEBUG org.apache.http.headers - http-outgoing-0 >> Content-Length: 30
02:56:42.115 [Forwarding clickElement on session 547219648cfc46c1f6fcb5e4eb8ec3c7 to remote] DEBUG org.apache.http.headers - http-outgoing-0 >> Host: localhost:43031
02:56:42.115 [Forwarding clickElement on session 547219648cfc46c1f6fcb5e4eb8ec3c7 to remote] DEBUG org.apache.http.headers - http-outgoing-0 >> Connection: Keep-Alive
02:56:42.115 [Forwarding clickElement on session 547219648cfc46c1f6fcb5e4eb8ec3c7 to remote] DEBUG org.apache.http.headers - http-outgoing-0 >> User-Agent: Apache-HttpClient/4.5.2 (Java/1.8.0_162)
02:56:42.115 [Forwarding clickElement on session 547219648cfc46c1f6fcb5e4eb8ec3c7 to remote] DEBUG org.apache.http.headers - http-outgoing-0 >> Accept-Encoding: gzip,deflate
02:56:42.116 [Forwarding clickElement on session 547219648cfc46c1f6fcb5e4eb8ec3c7 to remote] DEBUG org.apache.http.wire - http-outgoing-0 >> "POST /session/547219648cfc46c1f6fcb5e4eb8ec3c7/element/0.16761882184845067-1/click HTTP/1.1[\r][\n]"
02:56:42.116 [Forwarding clickElement on session 547219648cfc46c1f6fcb5e4eb8ec3c7 to remote] DEBUG org.apache.http.wire - http-outgoing-0 >> "Content-Type: application/json; charset=utf-8[\r][\n]"
02:56:42.116 [Forwarding clickElement on session 547219648cfc46c1f6fcb5e4eb8ec3c7 to remote] DEBUG org.apache.http.wire - http-outgoing-0 >> "Content-Length: 30[\r][\n]"
02:56:42.116 [Forwarding clickElement on session 547219648cfc46c1f6fcb5e4eb8ec3c7 to remote] DEBUG org.apache.http.wire - http-outgoing-0 >> "Host: localhost:43031[\r][\n]"
02:56:42.116 [Forwarding clickElement on session 547219648cfc46c1f6fcb5e4eb8ec3c7 to remote] DEBUG org.apache.http.wire - http-outgoing-0 >> "Connection: Keep-Alive[\r][\n]"
02:56:42.116 [Forwarding clickElement on session 547219648cfc46c1f6fcb5e4eb8ec3c7 to remote] DEBUG org.apache.http.wire - http-outgoing-0 >> "User-Agent: Apache-HttpClient/4.5.2 (Java/1.8.0_162)[\r][\n]"
02:56:42.116 [Forwarding clickElement on session 547219648cfc46c1f6fcb5e4eb8ec3c7 to remote] DEBUG org.apache.http.wire - http-outgoing-0 >> "Accept-Encoding: gzip,deflate[\r][\n]"
02:56:42.116 [Forwarding clickElement on session 547219648cfc46c1f6fcb5e4eb8ec3c7 to remote] DEBUG org.apache.http.wire - http-outgoing-0 >> "[\r][\n]"
02:56:42.116 [Forwarding clickElement on session 547219648cfc46c1f6fcb5e4eb8ec3c7 to remote] DEBUG org.apache.http.wire - http-outgoing-0 >> "{"id":"0.16761882184845067-1"}"
02:56:42.695 [Forwarding clickElement on session 547219648cfc46c1f6fcb5e4eb8ec3c7 to remote] DEBUG org.apache.http.wire - http-outgoing-0 << "HTTP/1.1 200 OK[\r][\n]"
02:56:42.696 [Forwarding clickElement on session 547219648cfc46c1f6fcb5e4eb8ec3c7 to remote] DEBUG org.apache.http.wire - http-outgoing-0 << "Content-Length:72[\r][\n]"
02:56:42.696 [Forwarding clickElement on session 547219648cfc46c1f6fcb5e4eb8ec3c7 to remote] DEBUG org.apache.http.wire - http-outgoing-0 << "Content-Type:application/json; charset=utf-8[\r][\n]"
02:56:42.696 [Forwarding clickElement on session 547219648cfc46c1f6fcb5e4eb8ec3c7 to remote] DEBUG org.apache.http.wire - http-outgoing-0 << "[\r][\n]"
02:56:42.696 [Forwarding clickElement on session 547219648cfc46c1f6fcb5e4eb8ec3c7 to remote] DEBUG org.apache.http.wire - http-outgoing-0 << "{"sessionId":"547219648cfc46c1f6fcb5e4eb8ec3c7","status":0,"value":null}"
02:56:42.696 [Forwarding clickElement on session 547219648cfc46c1f6fcb5e4eb8ec3c7 to remote] DEBUG org.apache.http.headers - http-outgoing-0 << HTTP/1.1 200 OK
02:56:42.696 [Forwarding clickElement on session 547219648cfc46c1f6fcb5e4eb8ec3c7 to remote] DEBUG org.apache.http.headers - http-outgoing-0 << Content-Length:72
02:56:42.696 [Forwarding clickElement on session 547219648cfc46c1f6fcb5e4eb8ec3c7 to remote] DEBUG org.apache.http.headers - http-outgoing-0 << Content-Type:application/json; charset=utf-8
02:56:42.696 [Forwarding clickElement on session 547219648cfc46c1f6fcb5e4eb8ec3c7 to remote] DEBUG org.apache.http.impl.execchain.MainClientExec - Connection can be kept alive indefinitely
02:56:42.696 [Forwarding clickElement on session 547219648cfc46c1f6fcb5e4eb8ec3c7 to remote] DEBUG org.apache.http.impl.conn.PoolingHttpClientConnectionManager - Connection [id: 0][route: {}->http://localhost:43031] can be kept alive indefinitely
02:56:42.696 [Forwarding clickElement on session 547219648cfc46c1f6fcb5e4eb8ec3c7 to remote] DEBUG org.apache.http.impl.conn.PoolingHttpClientConnectionManager - Connection released: [id: 0][route: {}->http://localhost:43031][total kept alive: 1; route allocated: 1 of 2000; total allocated: 1 of 2000]
02:56:43.703 [Forwarding findElement on session 547219648cfc46c1f6fcb5e4eb8ec3c7 to remote] DEBUG org.apache.http.client.protocol.RequestAddCookies - CookieSpec selected: default
02:56:43.703 [Forwarding findElement on session 547219648cfc46c1f6fcb5e4eb8ec3c7 to remote] DEBUG org.apache.http.client.protocol.RequestAuthCache - Auth cache not set in the context
02:56:43.703 [Forwarding findElement on session 547219648cfc46c1f6fcb5e4eb8ec3c7 to remote] DEBUG org.apache.http.impl.conn.PoolingHttpClientConnectionManager - Connection request: [route: {}->http://localhost:43031][total kept alive: 1; route allocated: 1 of 2000; total allocated: 1 of 2000]
02:56:43.703 [Forwarding findElement on session 547219648cfc46c1f6fcb5e4eb8ec3c7 to remote] DEBUG org.apache.http.impl.conn.PoolingHttpClientConnectionManager - Connection leased: [id: 0][route: {}->http://localhost:43031][total kept alive: 0; route allocated: 1 of 2000; total allocated: 1 of 2000]
02:56:43.703 [Forwarding findElement on session 547219648cfc46c1f6fcb5e4eb8ec3c7 to remote] DEBUG org.apache.http.impl.execchain.MainClientExec - Stale connection check
02:56:43.719 [Forwarding findElement on session 547219648cfc46c1f6fcb5e4eb8ec3c7 to remote] DEBUG org.apache.http.wire - http-outgoing-0 << "[read] I/O error: Read timed out"
02:56:43.719 [Forwarding findElement on session 547219648cfc46c1f6fcb5e4eb8ec3c7 to remote] DEBUG org.apache.http.impl.conn.DefaultManagedHttpClientConnection - http-outgoing-0: set socket timeout to 10800000
02:56:43.719 [Forwarding findElement on session 547219648cfc46c1f6fcb5e4eb8ec3c7 to remote] DEBUG org.apache.http.impl.execchain.MainClientExec - Executing request POST /session/547219648cfc46c1f6fcb5e4eb8ec3c7/element HTTP/1.1
02:56:43.719 [Forwarding findElement on session 547219648cfc46c1f6fcb5e4eb8ec3c7 to remote] DEBUG org.apache.http.impl.execchain.MainClientExec - Target auth state: UNCHALLENGED
02:56:43.719 [Forwarding findElement on session 547219648cfc46c1f6fcb5e4eb8ec3c7 to remote] DEBUG org.apache.http.impl.execchain.MainClientExec - Proxy auth state: UNCHALLENGED
02:56:43.719 [Forwarding findElement on session 547219648cfc46c1f6fcb5e4eb8ec3c7 to remote] DEBUG org.apache.http.headers - http-outgoing-0 >> POST /session/547219648cfc46c1f6fcb5e4eb8ec3c7/element HTTP/1.1
02:56:43.719 [Forwarding findElement on session 547219648cfc46c1f6fcb5e4eb8ec3c7 to remote] DEBUG org.apache.http.headers - http-outgoing-0 >> Content-Type: application/json; charset=utf-8
02:56:43.719 [Forwarding findElement on session 547219648cfc46c1f6fcb5e4eb8ec3c7 to remote] DEBUG org.apache.http.headers - http-outgoing-0 >> Content-Length: 33
02:56:43.719 [Forwarding findElement on session 547219648cfc46c1f6fcb5e4eb8ec3c7 to remote] DEBUG org.apache.http.headers - http-outgoing-0 >> Host: localhost:43031
02:56:43.719 [Forwarding findElement on session 547219648cfc46c1f6fcb5e4eb8ec3c7 to remote] DEBUG org.apache.http.headers - http-outgoing-0 >> Connection: Keep-Alive
02:56:43.719 [Forwarding findElement on session 547219648cfc46c1f6fcb5e4eb8ec3c7 to remote] DEBUG org.apache.http.headers - http-outgoing-0 >> User-Agent: Apache-HttpClient/4.5.2 (Java/1.8.0_162)
02:56:43.719 [Forwarding findElement on session 547219648cfc46c1f6fcb5e4eb8ec3c7 to remote] DEBUG org.apache.http.headers - http-outgoing-0 >> Accept-Encoding: gzip,deflate
02:56:43.719 [Forwarding findElement on session 547219648cfc46c1f6fcb5e4eb8ec3c7 to remote] DEBUG org.apache.http.wire - http-outgoing-0 >> "POST /session/547219648cfc46c1f6fcb5e4eb8ec3c7/element HTTP/1.1[\r][\n]"
02:56:43.719 [Forwarding findElement on session 547219648cfc46c1f6fcb5e4eb8ec3c7 to remote] DEBUG org.apache.http.wire - http-outgoing-0 >> "Content-Type: application/json; charset=utf-8[\r][\n]"
02:56:43.719 [Forwarding findElement on session 547219648cfc46c1f6fcb5e4eb8ec3c7 to remote] DEBUG org.apache.http.wire - http-outgoing-0 >> "Content-Length: 33[\r][\n]"
02:56:43.719 [Forwarding findElement on session 547219648cfc46c1f6fcb5e4eb8ec3c7 to remote] DEBUG org.apache.http.wire - http-outgoing-0 >> "Host: localhost:43031[\r][\n]"
02:56:43.719 [Forwarding findElement on session 547219648cfc46c1f6fcb5e4eb8ec3c7 to remote] DEBUG org.apache.http.wire - http-outgoing-0 >> "Connection: Keep-Alive[\r][\n]"
02:56:43.719 [Forwarding findElement on session 547219648cfc46c1f6fcb5e4eb8ec3c7 to remote] DEBUG org.apache.http.wire - http-outgoing-0 >> "User-Agent: Apache-HttpClient/4.5.2 (Java/1.8.0_162)[\r][\n]"
02:56:43.719 [Forwarding findElement on session 547219648cfc46c1f6fcb5e4eb8ec3c7 to remote] DEBUG org.apache.http.wire - http-outgoing-0 >> "Accept-Encoding: gzip,deflate[\r][\n]"
02:56:43.719 [Forwarding findElement on session 547219648cfc46c1f6fcb5e4eb8ec3c7 to remote] DEBUG org.apache.http.wire - http-outgoing-0 >> "[\r][\n]"
02:56:43.719 [Forwarding findElement on session 547219648cfc46c1f6fcb5e4eb8ec3c7 to remote] DEBUG org.apache.http.wire - http-outgoing-0 >> "{"using":"id","value":"username"}"
02:56:43.735 [Forwarding findElement on session 547219648cfc46c1f6fcb5e4eb8ec3c7 to remote] DEBUG org.apache.http.wire - http-outgoing-0 << "HTTP/1.1 200 OK[\r][\n]"
02:56:43.735 [Forwarding findElement on session 547219648cfc46c1f6fcb5e4eb8ec3c7 to remote] DEBUG org.apache.http.wire - http-outgoing-0 << "Content-Length:102[\r][\n]"
02:56:43.735 [Forwarding findElement on session 547219648cfc46c1f6fcb5e4eb8ec3c7 to remote] DEBUG org.apache.http.wire - http-outgoing-0 << "Content-Type:application/json; charset=utf-8[\r][\n]"
02:56:43.735 [Forwarding findElement on session 547219648cfc46c1f6fcb5e4eb8ec3c7 to remote] DEBUG org.apache.http.wire - http-outgoing-0 << "[\r][\n]"
02:56:43.735 [Forwarding findElement on session 547219648cfc46c1f6fcb5e4eb8ec3c7 to remote] DEBUG org.apache.http.wire - http-outgoing-0 << "{"sessionId":"547219648cfc46c1f6fcb5e4eb8ec3c7","status":0,"value":{"ELEMENT":"0.8650195596524934-1"}}"
02:56:43.735 [Forwarding findElement on session 547219648cfc46c1f6fcb5e4eb8ec3c7 to remote] DEBUG org.apache.http.headers - http-outgoing-0 << HTTP/1.1 200 OK
02:56:43.735 [Forwarding findElement on session 547219648cfc46c1f6fcb5e4eb8ec3c7 to remote] DEBUG org.apache.http.headers - http-outgoing-0 << Content-Length:102
02:56:43.735 [Forwarding findElement on session 547219648cfc46c1f6fcb5e4eb8ec3c7 to remote] DEBUG org.apache.http.headers - http-outgoing-0 << Content-Type:application/json; charset=utf-8
02:56:43.735 [Forwarding findElement on session 547219648cfc46c1f6fcb5e4eb8ec3c7 to remote] DEBUG org.apache.http.impl.execchain.MainClientExec - Connection can be kept alive indefinitely
02:56:43.735 [Forwarding findElement on session 547219648cfc46c1f6fcb5e4eb8ec3c7 to remote] DEBUG org.apache.http.impl.conn.PoolingHttpClientConnectionManager - Connection [id: 0][route: {}->http://localhost:43031] can be kept alive indefinitely
02:56:43.735 [Forwarding findElement on session 547219648cfc46c1f6fcb5e4eb8ec3c7 to remote] DEBUG org.apache.http.impl.conn.PoolingHttpClientConnectionManager - Connection released: [id: 0][route: {}->http://localhost:43031][total kept alive: 1; route allocated: 1 of 2000; total allocated: 1 of 2000]
02:56:43.735 [Forwarding sendKeysToElement on session 547219648cfc46c1f6fcb5e4eb8ec3c7 to remote] DEBUG org.apache.http.client.protocol.RequestAddCookies - CookieSpec selected: default
02:56:43.735 [Forwarding sendKeysToElement on session 547219648cfc46c1f6fcb5e4eb8ec3c7 to remote] DEBUG org.apache.http.client.protocol.RequestAuthCache - Auth cache not set in the context
02:56:43.735 [Forwarding sendKeysToElement on session 547219648cfc46c1f6fcb5e4eb8ec3c7 to remote] DEBUG org.apache.http.impl.conn.PoolingHttpClientConnectionManager - Connection request: [route: {}->http://localhost:43031][total kept alive: 1; route allocated: 1 of 2000; total allocated: 1 of 2000]
02:56:43.735 [Forwarding sendKeysToElement on session 547219648cfc46c1f6fcb5e4eb8ec3c7 to remote] DEBUG org.apache.http.impl.conn.PoolingHttpClientConnectionManager - Connection leased: [id: 0][route: {}->http://localhost:43031][total kept alive: 0; route allocated: 1 of 2000; total allocated: 1 of 2000]
02:56:43.735 [Forwarding sendKeysToElement on session 547219648cfc46c1f6fcb5e4eb8ec3c7 to remote] DEBUG org.apache.http.impl.execchain.MainClientExec - Stale connection check
02:56:43.750 [Forwarding sendKeysToElement on session 547219648cfc46c1f6fcb5e4eb8ec3c7 to remote] DEBUG org.apache.http.wire - http-outgoing-0 << "[read] I/O error: Read timed out"
02:56:43.751 [Forwarding sendKeysToElement on session 547219648cfc46c1f6fcb5e4eb8ec3c7 to remote] DEBUG org.apache.http.impl.conn.DefaultManagedHttpClientConnection - http-outgoing-0: set socket timeout to 10800000
02:56:43.752 [Forwarding sendKeysToElement on session 547219648cfc46c1f6fcb5e4eb8ec3c7 to remote] DEBUG org.apache.http.impl.execchain.MainClientExec - Executing request POST /session/547219648cfc46c1f6fcb5e4eb8ec3c7/element/0.8650195596524934-1/value HTTP/1.1
02:56:43.752 [Forwarding sendKeysToElement on session 547219648cfc46c1f6fcb5e4eb8ec3c7 to remote] DEBUG org.apache.http.impl.execchain.MainClientExec - Target auth state: UNCHALLENGED
02:56:43.752 [Forwarding sendKeysToElement on session 547219648cfc46c1f6fcb5e4eb8ec3c7 to remote] DEBUG org.apache.http.impl.execchain.MainClientExec - Proxy auth state: UNCHALLENGED
02:56:43.752 [Forwarding sendKeysToElement on session 547219648cfc46c1f6fcb5e4eb8ec3c7 to remote] DEBUG org.apache.http.headers - http-outgoing-0 >> POST /session/547219648cfc46c1f6fcb5e4eb8ec3c7/element/0.8650195596524934-1/value HTTP/1.1
02:56:43.752 [Forwarding sendKeysToElement on session 547219648cfc46c1f6fcb5e4eb8ec3c7 to remote] DEBUG org.apache.http.headers - http-outgoing-0 >> Content-Type: application/json; charset=utf-8
02:56:43.753 [Forwarding sendKeysToElement on session 547219648cfc46c1f6fcb5e4eb8ec3c7 to remote] DEBUG org.apache.http.headers - http-outgoing-0 >> Content-Length: 50
02:56:43.753 [Forwarding sendKeysToElement on session 547219648cfc46c1f6fcb5e4eb8ec3c7 to remote] DEBUG org.apache.http.headers - http-outgoing-0 >> Host: localhost:43031
02:56:43.753 [Forwarding sendKeysToElement on session 547219648cfc46c1f6fcb5e4eb8ec3c7 to remote] DEBUG org.apache.http.headers - http-outgoing-0 >> Connection: Keep-Alive
02:56:43.753 [Forwarding sendKeysToElement on session 547219648cfc46c1f6fcb5e4eb8ec3c7 to remote] DEBUG org.apache.http.headers - http-outgoing-0 >> User-Agent: Apache-HttpClient/4.5.2 (Java/1.8.0_162)
02:56:43.753 [Forwarding sendKeysToElement on session 547219648cfc46c1f6fcb5e4eb8ec3c7 to remote] DEBUG org.apache.http.headers - http-outgoing-0 >> Accept-Encoding: gzip,deflate
02:56:43.753 [Forwarding sendKeysToElement on session 547219648cfc46c1f6fcb5e4eb8ec3c7 to remote] DEBUG org.apache.http.wire - http-outgoing-0 >> "POST /session/547219648cfc46c1f6fcb5e4eb8ec3c7/element/0.8650195596524934-1/value HTTP/1.1[\r][\n]"
02:56:43.753 [Forwarding sendKeysToElement on session 547219648cfc46c1f6fcb5e4eb8ec3c7 to remote] DEBUG org.apache.http.wire - http-outgoing-0 >> "Content-Type: application/json; charset=utf-8[\r][\n]"
02:56:43.753 [Forwarding sendKeysToElement on session 547219648cfc46c1f6fcb5e4eb8ec3c7 to remote] DEBUG org.apache.http.wire - http-outgoing-0 >> "Content-Length: 50[\r][\n]"
02:56:43.753 [Forwarding sendKeysToElement on session 547219648cfc46c1f6fcb5e4eb8ec3c7 to remote] DEBUG org.apache.http.wire - http-outgoing-0 >> "Host: localhost:43031[\r][\n]"
02:56:43.753 [Forwarding sendKeysToElement on session 547219648cfc46c1f6fcb5e4eb8ec3c7 to remote] DEBUG org.apache.http.wire - http-outgoing-0 >> "Connection: Keep-Alive[\r][\n]"
02:56:43.753 [Forwarding sendKeysToElement on session 547219648cfc46c1f6fcb5e4eb8ec3c7 to remote] DEBUG org.apache.http.wire - http-outgoing-0 >> "User-Agent: Apache-HttpClient/4.5.2 (Java/1.8.0_162)[\r][\n]"
02:56:43.753 [Forwarding sendKeysToElement on session 547219648cfc46c1f6fcb5e4eb8ec3c7 to remote] DEBUG org.apache.http.wire - http-outgoing-0 >> "Accept-Encoding: gzip,deflate[\r][\n]"
02:56:43.753 [Forwarding sendKeysToElement on session 547219648cfc46c1f6fcb5e4eb8ec3c7 to remote] DEBUG org.apache.http.wire - http-outgoing-0 >> "[\r][\n]"
02:56:43.754 [Forwarding sendKeysToElement on session 547219648cfc46c1f6fcb5e4eb8ec3c7 to remote] DEBUG org.apache.http.wire - http-outgoing-0 >> "{"id":"0.8650195596524934-1","value":["66624284"]}"
02:56:44.014 [Forwarding sendKeysToElement on session 547219648cfc46c1f6fcb5e4eb8ec3c7 to remote] DEBUG org.apache.http.wire - http-outgoing-0 << "HTTP/1.1 200 OK[\r][\n]"
02:56:44.014 [Forwarding sendKeysToElement on session 547219648cfc46c1f6fcb5e4eb8ec3c7 to remote] DEBUG org.apache.http.wire - http-outgoing-0 << "Content-Length:72[\r][\n]"
02:56:44.014 [Forwarding sendKeysToElement on session 547219648cfc46c1f6fcb5e4eb8ec3c7 to remote] DEBUG org.apache.http.wire - http-outgoing-0 << "Content-Type:application/json; charset=utf-8[\r][\n]"
02:56:44.014 [Forwarding sendKeysToElement on session 547219648cfc46c1f6fcb5e4eb8ec3c7 to remote] DEBUG org.apache.http.wire - http-outgoing-0 << "[\r][\n]"
02:56:44.014 [Forwarding sendKeysToElement on session 547219648cfc46c1f6fcb5e4eb8ec3c7 to remote] DEBUG org.apache.http.wire - http-outgoing-0 << "{"sessionId":"547219648cfc46c1f6fcb5e4eb8ec3c7","status":0,"value":null}"
02:56:44.014 [Forwarding sendKeysToElement on session 547219648cfc46c1f6fcb5e4eb8ec3c7 to remote] DEBUG org.apache.http.headers - http-outgoing-0 << HTTP/1.1 200 OK
02:56:44.014 [Forwarding sendKeysToElement on session 547219648cfc46c1f6fcb5e4eb8ec3c7 to remote] DEBUG org.apache.http.headers - http-outgoing-0 << Content-Length:72
02:56:44.014 [Forwarding sendKeysToElement on session 547219648cfc46c1f6fcb5e4eb8ec3c7 to remote] DEBUG org.apache.http.headers - http-outgoing-0 << Content-Type:application/json; charset=utf-8
02:56:44.014 [Forwarding sendKeysToElement on session 547219648cfc46c1f6fcb5e4eb8ec3c7 to remote] DEBUG org.apache.http.impl.execchain.MainClientExec - Connection can be kept alive indefinitely
02:56:44.014 [Forwarding sendKeysToElement on session 547219648cfc46c1f6fcb5e4eb8ec3c7 to remote] DEBUG org.apache.http.impl.conn.PoolingHttpClientConnectionManager - Connection [id: 0][route: {}->http://localhost:43031] can be kept alive indefinitely
02:56:44.014 [Forwarding sendKeysToElement on session 547219648cfc46c1f6fcb5e4eb8ec3c7 to remote] DEBUG org.apache.http.impl.conn.PoolingHttpClientConnectionManager - Connection released: [id: 0][route: {}->http://localhost:43031][total kept alive: 1; route allocated: 1 of 2000; total allocated: 1 of 2000]
02:56:44.014 [Forwarding findElement on session 547219648cfc46c1f6fcb5e4eb8ec3c7 to remote] DEBUG org.apache.http.client.protocol.RequestAddCookies - CookieSpec selected: default
02:56:44.014 [Forwarding findElement on session 547219648cfc46c1f6fcb5e4eb8ec3c7 to remote] DEBUG org.apache.http.client.protocol.RequestAuthCache - Auth cache not set in the context
02:56:44.014 [Forwarding findElement on session 547219648cfc46c1f6fcb5e4eb8ec3c7 to remote] DEBUG org.apache.http.impl.conn.PoolingHttpClientConnectionManager - Connection request: [route: {}->http://localhost:43031][total kept alive: 1; route allocated: 1 of 2000; total allocated: 1 of 2000]
02:56:44.014 [Forwarding findElement on session 547219648cfc46c1f6fcb5e4eb8ec3c7 to remote] DEBUG org.apache.http.impl.conn.PoolingHttpClientConnectionManager - Connection leased: [id: 0][route: {}->http://localhost:43031][total kept alive: 0; route allocated: 1 of 2000; total allocated: 1 of 2000]
02:56:44.014 [Forwarding findElement on session 547219648cfc46c1f6fcb5e4eb8ec3c7 to remote] DEBUG org.apache.http.impl.execchain.MainClientExec - Stale connection check
02:56:44.029 [Forwarding findElement on session 547219648cfc46c1f6fcb5e4eb8ec3c7 to remote] DEBUG org.apache.http.wire - http-outgoing-0 << "[read] I/O error: Read timed out"
02:56:44.029 [Forwarding findElement on session 547219648cfc46c1f6fcb5e4eb8ec3c7 to remote] DEBUG org.apache.http.impl.conn.DefaultManagedHttpClientConnection - http-outgoing-0: set socket timeout to 10800000
02:56:44.029 [Forwarding findElement on session 547219648cfc46c1f6fcb5e4eb8ec3c7 to remote] DEBUG org.apache.http.impl.execchain.MainClientExec - Executing request POST /session/547219648cfc46c1f6fcb5e4eb8ec3c7/element HTTP/1.1
02:56:44.029 [Forwarding findElement on session 547219648cfc46c1f6fcb5e4eb8ec3c7 to remote] DEBUG org.apache.http.impl.execchain.MainClientExec - Target auth state: UNCHALLENGED
02:56:44.029 [Forwarding findElement on session 547219648cfc46c1f6fcb5e4eb8ec3c7 to remote] DEBUG org.apache.http.impl.execchain.MainClientExec - Proxy auth state: UNCHALLENGED
02:56:44.029 [Forwarding findElement on session 547219648cfc46c1f6fcb5e4eb8ec3c7 to remote] DEBUG org.apache.http.headers - http-outgoing-0 >> POST /session/547219648cfc46c1f6fcb5e4eb8ec3c7/element HTTP/1.1
02:56:44.029 [Forwarding findElement on session 547219648cfc46c1f6fcb5e4eb8ec3c7 to remote] DEBUG org.apache.http.headers - http-outgoing-0 >> Content-Type: application/json; charset=utf-8
02:56:44.029 [Forwarding findElement on session 547219648cfc46c1f6fcb5e4eb8ec3c7 to remote] DEBUG org.apache.http.headers - http-outgoing-0 >> Content-Length: 33
02:56:44.029 [Forwarding findElement on session 547219648cfc46c1f6fcb5e4eb8ec3c7 to remote] DEBUG org.apache.http.headers - http-outgoing-0 >> Host: localhost:43031
02:56:44.029 [Forwarding findElement on session 547219648cfc46c1f6fcb5e4eb8ec3c7 to remote] DEBUG org.apache.http.headers - http-outgoing-0 >> Connection: Keep-Alive
02:56:44.029 [Forwarding findElement on session 547219648cfc46c1f6fcb5e4eb8ec3c7 to remote] DEBUG org.apache.http.headers - http-outgoing-0 >> User-Agent: Apache-HttpClient/4.5.2 (Java/1.8.0_162)
02:56:44.029 [Forwarding findElement on session 547219648cfc46c1f6fcb5e4eb8ec3c7 to remote] DEBUG org.apache.http.headers - http-outgoing-0 >> Accept-Encoding: gzip,deflate
02:56:44.029 [Forwarding findElement on session 547219648cfc46c1f6fcb5e4eb8ec3c7 to remote] DEBUG org.apache.http.wire - http-outgoing-0 >> "POST /session/547219648cfc46c1f6fcb5e4eb8ec3c7/element HTTP/1.1[\r][\n]"
02:56:44.029 [Forwarding findElement on session 547219648cfc46c1f6fcb5e4eb8ec3c7 to remote] DEBUG org.apache.http.wire - http-outgoing-0 >> "Content-Type: application/json; charset=utf-8[\r][\n]"
02:56:44.029 [Forwarding findElement on session 547219648cfc46c1f6fcb5e4eb8ec3c7 to remote] DEBUG org.apache.http.wire - http-outgoing-0 >> "Content-Length: 33[\r][\n]"
02:56:44.029 [Forwarding findElement on session 547219648cfc46c1f6fcb5e4eb8ec3c7 to remote] DEBUG org.apache.http.wire - http-outgoing-0 >> "Host: localhost:43031[\r][\n]"
02:56:44.029 [Forwarding findElement on session 547219648cfc46c1f6fcb5e4eb8ec3c7 to remote] DEBUG org.apache.http.wire - http-outgoing-0 >> "Connection: Keep-Alive[\r][\n]"
02:56:44.029 [Forwarding findElement on session 547219648cfc46c1f6fcb5e4eb8ec3c7 to remote] DEBUG org.apache.http.wire - http-outgoing-0 >> "User-Agent: Apache-HttpClient/4.5.2 (Java/1.8.0_162)[\r][\n]"
02:56:44.029 [Forwarding findElement on session 547219648cfc46c1f6fcb5e4eb8ec3c7 to remote] DEBUG org.apache.http.wire - http-outgoing-0 >> "Accept-Encoding: gzip,deflate[\r][\n]"
02:56:44.029 [Forwarding findElement on session 547219648cfc46c1f6fcb5e4eb8ec3c7 to remote] DEBUG org.apache.http.wire - http-outgoing-0 >> "[\r][\n]"
02:56:44.029 [Forwarding findElement on session 547219648cfc46c1f6fcb5e4eb8ec3c7 to remote] DEBUG org.apache.http.wire - http-outgoing-0 >> "{"using":"id","value":"password"}"
02:56:44.029 [Forwarding findElement on session 547219648cfc46c1f6fcb5e4eb8ec3c7 to remote] DEBUG org.apache.http.wire - http-outgoing-0 << "HTTP/1.1 200 OK[\r][\n]"
02:56:44.029 [Forwarding findElement on session 547219648cfc46c1f6fcb5e4eb8ec3c7 to remote] DEBUG org.apache.http.wire - http-outgoing-0 << "Content-Length:102[\r][\n]"
02:56:44.029 [Forwarding findElement on session 547219648cfc46c1f6fcb5e4eb8ec3c7 to remote] DEBUG org.apache.http.wire - http-outgoing-0 << "Content-Type:application/json; charset=utf-8[\r][\n]"
02:56:44.029 [Forwarding findElement on session 547219648cfc46c1f6fcb5e4eb8ec3c7 to remote] DEBUG org.apache.http.wire - http-outgoing-0 << "[\r][\n]"
02:56:44.029 [Forwarding findElement on session 547219648cfc46c1f6fcb5e4eb8ec3c7 to remote] DEBUG org.apache.http.wire - http-outgoing-0 << "{"sessionId":"547219648cfc46c1f6fcb5e4eb8ec3c7","status":0,"value":{"ELEMENT":"0.8650195596524934-2"}}"
02:56:44.029 [Forwarding findElement on session 547219648cfc46c1f6fcb5e4eb8ec3c7 to remote] DEBUG org.apache.http.headers - http-outgoing-0 << HTTP/1.1 200 OK
02:56:44.029 [Forwarding findElement on session 547219648cfc46c1f6fcb5e4eb8ec3c7 to remote] DEBUG org.apache.http.headers - http-outgoing-0 << Content-Length:102
02:56:44.029 [Forwarding findElement on session 547219648cfc46c1f6fcb5e4eb8ec3c7 to remote] DEBUG org.apache.http.headers - http-outgoing-0 << Content-Type:application/json; charset=utf-8
02:56:44.029 [Forwarding findElement on session 547219648cfc46c1f6fcb5e4eb8ec3c7 to remote] DEBUG org.apache.http.impl.execchain.MainClientExec - Connection can be kept alive indefinitely
02:56:44.029 [Forwarding findElement on session 547219648cfc46c1f6fcb5e4eb8ec3c7 to remote] DEBUG org.apache.http.impl.conn.PoolingHttpClientConnectionManager - Connection [id: 0][route: {}->http://localhost:43031] can be kept alive indefinitely
02:56:44.029 [Forwarding findElement on session 547219648cfc46c1f6fcb5e4eb8ec3c7 to remote] DEBUG org.apache.http.impl.conn.PoolingHttpClientConnectionManager - Connection released: [id: 0][route: {}->http://localhost:43031][total kept alive: 1; route allocated: 1 of 2000; total allocated: 1 of 2000]
02:56:44.029 [Forwarding sendKeysToElement on session 547219648cfc46c1f6fcb5e4eb8ec3c7 to remote] DEBUG org.apache.http.client.protocol.RequestAddCookies - CookieSpec selected: default
02:56:44.029 [Forwarding sendKeysToElement on session 547219648cfc46c1f6fcb5e4eb8ec3c7 to remote] DEBUG org.apache.http.client.protocol.RequestAuthCache - Auth cache not set in the context
02:56:44.029 [Forwarding sendKeysToElement on session 547219648cfc46c1f6fcb5e4eb8ec3c7 to remote] DEBUG org.apache.http.impl.conn.PoolingHttpClientConnectionManager - Connection request: [route: {}->http://localhost:43031][total kept alive: 1; route allocated: 1 of 2000; total allocated: 1 of 2000]
02:56:44.029 [Forwarding sendKeysToElement on session 547219648cfc46c1f6fcb5e4eb8ec3c7 to remote] DEBUG org.apache.http.impl.conn.PoolingHttpClientConnectionManager - Connection leased: [id: 0][route: {}->http://localhost:43031][total kept alive: 0; route allocated: 1 of 2000; total allocated: 1 of 2000]
02:56:44.029 [Forwarding sendKeysToElement on session 547219648cfc46c1f6fcb5e4eb8ec3c7 to remote] DEBUG org.apache.http.impl.execchain.MainClientExec - Stale connection check
02:56:44.045 [Forwarding sendKeysToElement on session 547219648cfc46c1f6fcb5e4eb8ec3c7 to remote] DEBUG org.apache.http.wire - http-outgoing-0 << "[read] I/O error: Read timed out"
02:56:44.045 [Forwarding sendKeysToElement on session 547219648cfc46c1f6fcb5e4eb8ec3c7 to remote] DEBUG org.apache.http.impl.conn.DefaultManagedHttpClientConnection - http-outgoing-0: set socket timeout to 10800000
02:56:44.045 [Forwarding sendKeysToElement on session 547219648cfc46c1f6fcb5e4eb8ec3c7 to remote] DEBUG org.apache.http.impl.execchain.MainClientExec - Executing request POST /session/547219648cfc46c1f6fcb5e4eb8ec3c7/element/0.8650195596524934-2/value HTTP/1.1
02:56:44.045 [Forwarding sendKeysToElement on session 547219648cfc46c1f6fcb5e4eb8ec3c7 to remote] DEBUG org.apache.http.impl.execchain.MainClientExec - Target auth state: UNCHALLENGED
02:56:44.045 [Forwarding sendKeysToElement on session 547219648cfc46c1f6fcb5e4eb8ec3c7 to remote] DEBUG org.apache.http.impl.execchain.MainClientExec - Proxy auth state: UNCHALLENGED
02:56:44.045 [Forwarding sendKeysToElement on session 547219648cfc46c1f6fcb5e4eb8ec3c7 to remote] DEBUG org.apache.http.headers - http-outgoing-0 >> POST /session/547219648cfc46c1f6fcb5e4eb8ec3c7/element/0.8650195596524934-2/value HTTP/1.1
02:56:44.045 [Forwarding sendKeysToElement on session 547219648cfc46c1f6fcb5e4eb8ec3c7 to remote] DEBUG org.apache.http.headers - http-outgoing-0 >> Content-Type: application/json; charset=utf-8
02:56:44.045 [Forwarding sendKeysToElement on session 547219648cfc46c1f6fcb5e4eb8ec3c7 to remote] DEBUG org.apache.http.headers - http-outgoing-0 >> Content-Length: 48
02:56:44.045 [Forwarding sendKeysToElement on session 547219648cfc46c1f6fcb5e4eb8ec3c7 to remote] DEBUG org.apache.http.headers - http-outgoing-0 >> Host: localhost:43031
02:56:44.045 [Forwarding sendKeysToElement on session 547219648cfc46c1f6fcb5e4eb8ec3c7 to remote] DEBUG org.apache.http.headers - http-outgoing-0 >> Connection: Keep-Alive
02:56:44.045 [Forwarding sendKeysToElement on session 547219648cfc46c1f6fcb5e4eb8ec3c7 to remote] DEBUG org.apache.http.headers - http-outgoing-0 >> User-Agent: Apache-HttpClient/4.5.2 (Java/1.8.0_162)
02:56:44.045 [Forwarding sendKeysToElement on session 547219648cfc46c1f6fcb5e4eb8ec3c7 to remote] DEBUG org.apache.http.headers - http-outgoing-0 >> Accept-Encoding: gzip,deflate
02:56:44.045 [Forwarding sendKeysToElement on session 547219648cfc46c1f6fcb5e4eb8ec3c7 to remote] DEBUG org.apache.http.wire - http-outgoing-0 >> "POST /session/547219648cfc46c1f6fcb5e4eb8ec3c7/element/0.8650195596524934-2/value HTTP/1.1[\r][\n]"
02:56:44.045 [Forwarding sendKeysToElement on session 547219648cfc46c1f6fcb5e4eb8ec3c7 to remote] DEBUG org.apache.http.wire - http-outgoing-0 >> "Content-Type: application/json; charset=utf-8[\r][\n]"
02:56:44.045 [Forwarding sendKeysToElement on session 547219648cfc46c1f6fcb5e4eb8ec3c7 to remote] DEBUG org.apache.http.wire - http-outgoing-0 >> "Content-Length: 48[\r][\n]"
02:56:44.045 [Forwarding sendKeysToElement on session 547219648cfc46c1f6fcb5e4eb8ec3c7 to remote] DEBUG org.apache.http.wire - http-outgoing-0 >> "Host: localhost:43031[\r][\n]"
02:56:44.045 [Forwarding sendKeysToElement on session 547219648cfc46c1f6fcb5e4eb8ec3c7 to remote] DEBUG org.apache.http.wire - http-outgoing-0 >> "Connection: Keep-Alive[\r][\n]"
02:56:44.045 [Forwarding sendKeysToElement on session 547219648cfc46c1f6fcb5e4eb8ec3c7 to remote] DEBUG org.apache.http.wire - http-outgoing-0 >> "User-Agent: Apache-HttpClient/4.5.2 (Java/1.8.0_162)[\r][\n]"
02:56:44.045 [Forwarding sendKeysToElement on session 547219648cfc46c1f6fcb5e4eb8ec3c7 to remote] DEBUG org.apache.http.wire - http-outgoing-0 >> "Accept-Encoding: gzip,deflate[\r][\n]"
02:56:44.045 [Forwarding sendKeysToElement on session 547219648cfc46c1f6fcb5e4eb8ec3c7 to remote] DEBUG org.apache.http.wire - http-outgoing-0 >> "[\r][\n]"
02:56:44.045 [Forwarding sendKeysToElement on session 547219648cfc46c1f6fcb5e4eb8ec3c7 to remote] DEBUG org.apache.http.wire - http-outgoing-0 >> "{"id":"0.8650195596524934-2","value":["888888"]}"
02:56:44.118 [Forwarding sendKeysToElement on session 547219648cfc46c1f6fcb5e4eb8ec3c7 to remote] DEBUG org.apache.http.wire - http-outgoing-0 << "HTTP/1.1 200 OK[\r][\n]"
02:56:44.118 [Forwarding sendKeysToElement on session 547219648cfc46c1f6fcb5e4eb8ec3c7 to remote] DEBUG org.apache.http.wire - http-outgoing-0 << "Content-Length:72[\r][\n]"
02:56:44.118 [Forwarding sendKeysToElement on session 547219648cfc46c1f6fcb5e4eb8ec3c7 to remote] DEBUG org.apache.http.wire - http-outgoing-0 << "Content-Type:application/json; charset=utf-8[\r][\n]"
02:56:44.118 [Forwarding sendKeysToElement on session 547219648cfc46c1f6fcb5e4eb8ec3c7 to remote] DEBUG org.apache.http.wire - http-outgoing-0 << "[\r][\n]"
02:56:44.118 [Forwarding sendKeysToElement on session 547219648cfc46c1f6fcb5e4eb8ec3c7 to remote] DEBUG org.apache.http.wire - http-outgoing-0 << "{"sessionId":"547219648cfc46c1f6fcb5e4eb8ec3c7","status":0,"value":null}"
02:56:44.118 [Forwarding sendKeysToElement on session 547219648cfc46c1f6fcb5e4eb8ec3c7 to remote] DEBUG org.apache.http.headers - http-outgoing-0 << HTTP/1.1 200 OK
02:56:44.118 [Forwarding sendKeysToElement on session 547219648cfc46c1f6fcb5e4eb8ec3c7 to remote] DEBUG org.apache.http.headers - http-outgoing-0 << Content-Length:72
02:56:44.118 [Forwarding sendKeysToElement on session 547219648cfc46c1f6fcb5e4eb8ec3c7 to remote] DEBUG org.apache.http.headers - http-outgoing-0 << Content-Type:application/json; charset=utf-8
02:56:44.118 [Forwarding sendKeysToElement on session 547219648cfc46c1f6fcb5e4eb8ec3c7 to remote] DEBUG org.apache.http.impl.execchain.MainClientExec - Connection can be kept alive indefinitely
02:56:44.118 [Forwarding sendKeysToElement on session 547219648cfc46c1f6fcb5e4eb8ec3c7 to remote] DEBUG org.apache.http.impl.conn.PoolingHttpClientConnectionManager - Connection [id: 0][route: {}->http://localhost:43031] can be kept alive indefinitely
02:56:44.118 [Forwarding sendKeysToElement on session 547219648cfc46c1f6fcb5e4eb8ec3c7 to remote] DEBUG org.apache.http.impl.conn.PoolingHttpClientConnectionManager - Connection released: [id: 0][route: {}->http://localhost:43031][total kept alive: 1; route allocated: 1 of 2000; total allocated: 1 of 2000]
02:56:44.119 [Forwarding findElement on session 547219648cfc46c1f6fcb5e4eb8ec3c7 to remote] DEBUG org.apache.http.client.protocol.RequestAddCookies - CookieSpec selected: default
02:56:44.119 [Forwarding findElement on session 547219648cfc46c1f6fcb5e4eb8ec3c7 to remote] DEBUG org.apache.http.client.protocol.RequestAuthCache - Auth cache not set in the context
02:56:44.119 [Forwarding findElement on session 547219648cfc46c1f6fcb5e4eb8ec3c7 to remote] DEBUG org.apache.http.impl.conn.PoolingHttpClientConnectionManager - Connection request: [route: {}->http://localhost:43031][total kept alive: 1; route allocated: 1 of 2000; total allocated: 1 of 2000]
02:56:44.119 [Forwarding findElement on session 547219648cfc46c1f6fcb5e4eb8ec3c7 to remote] DEBUG org.apache.http.impl.conn.PoolingHttpClientConnectionManager - Connection leased: [id: 0][route: {}->http://localhost:43031][total kept alive: 0; route allocated: 1 of 2000; total allocated: 1 of 2000]
02:56:44.119 [Forwarding findElement on session 547219648cfc46c1f6fcb5e4eb8ec3c7 to remote] DEBUG org.apache.http.impl.execchain.MainClientExec - Stale connection check
02:56:44.122 [Forwarding findElement on session 547219648cfc46c1f6fcb5e4eb8ec3c7 to remote] DEBUG org.apache.http.wire - http-outgoing-0 << "[read] I/O error: Read timed out"
02:56:44.122 [Forwarding findElement on session 547219648cfc46c1f6fcb5e4eb8ec3c7 to remote] DEBUG org.apache.http.impl.conn.DefaultManagedHttpClientConnection - http-outgoing-0: set socket timeout to 10800000
02:56:44.122 [Forwarding findElement on session 547219648cfc46c1f6fcb5e4eb8ec3c7 to remote] DEBUG org.apache.http.impl.execchain.MainClientExec - Executing request POST /session/547219648cfc46c1f6fcb5e4eb8ec3c7/element HTTP/1.1
02:56:44.122 [Forwarding findElement on session 547219648cfc46c1f6fcb5e4eb8ec3c7 to remote] DEBUG org.apache.http.impl.execchain.MainClientExec - Target auth state: UNCHALLENGED
02:56:44.122 [Forwarding findElement on session 547219648cfc46c1f6fcb5e4eb8ec3c7 to remote] DEBUG org.apache.http.impl.execchain.MainClientExec - Proxy auth state: UNCHALLENGED
02:56:44.122 [Forwarding findElement on session 547219648cfc46c1f6fcb5e4eb8ec3c7 to remote] DEBUG org.apache.http.headers - http-outgoing-0 >> POST /session/547219648cfc46c1f6fcb5e4eb8ec3c7/element HTTP/1.1
02:56:44.122 [Forwarding findElement on session 547219648cfc46c1f6fcb5e4eb8ec3c7 to remote] DEBUG org.apache.http.headers - http-outgoing-0 >> Content-Type: application/json; charset=utf-8
02:56:44.122 [Forwarding findElement on session 547219648cfc46c1f6fcb5e4eb8ec3c7 to remote] DEBUG org.apache.http.headers - http-outgoing-0 >> Content-Length: 41
02:56:44.122 [Forwarding findElement on session 547219648cfc46c1f6fcb5e4eb8ec3c7 to remote] DEBUG org.apache.http.headers - http-outgoing-0 >> Host: localhost:43031
02:56:44.122 [Forwarding findElement on session 547219648cfc46c1f6fcb5e4eb8ec3c7 to remote] DEBUG org.apache.http.headers - http-outgoing-0 >> Connection: Keep-Alive
02:56:44.122 [Forwarding findElement on session 547219648cfc46c1f6fcb5e4eb8ec3c7 to remote] DEBUG org.apache.http.headers - http-outgoing-0 >> User-Agent: Apache-HttpClient/4.5.2 (Java/1.8.0_162)
02:56:44.122 [Forwarding findElement on session 547219648cfc46c1f6fcb5e4eb8ec3c7 to remote] DEBUG org.apache.http.headers - http-outgoing-0 >> Accept-Encoding: gzip,deflate
02:56:44.122 [Forwarding findElement on session 547219648cfc46c1f6fcb5e4eb8ec3c7 to remote] DEBUG org.apache.http.wire - http-outgoing-0 >> "POST /session/547219648cfc46c1f6fcb5e4eb8ec3c7/element HTTP/1.1[\r][\n]"
02:56:44.122 [Forwarding findElement on session 547219648cfc46c1f6fcb5e4eb8ec3c7 to remote] DEBUG org.apache.http.wire - http-outgoing-0 >> "Content-Type: application/json; charset=utf-8[\r][\n]"
02:56:44.122 [Forwarding findElement on session 547219648cfc46c1f6fcb5e4eb8ec3c7 to remote] DEBUG org.apache.http.wire - http-outgoing-0 >> "Content-Length: 41[\r][\n]"
02:56:44.122 [Forwarding findElement on session 547219648cfc46c1f6fcb5e4eb8ec3c7 to remote] DEBUG org.apache.http.wire - http-outgoing-0 >> "Host: localhost:43031[\r][\n]"
02:56:44.122 [Forwarding findElement on session 547219648cfc46c1f6fcb5e4eb8ec3c7 to remote] DEBUG org.apache.http.wire - http-outgoing-0 >> "Connection: Keep-Alive[\r][\n]"
02:56:44.122 [Forwarding findElement on session 547219648cfc46c1f6fcb5e4eb8ec3c7 to remote] DEBUG org.apache.http.wire - http-outgoing-0 >> "User-Agent: Apache-HttpClient/4.5.2 (Java/1.8.0_162)[\r][\n]"
02:56:44.122 [Forwarding findElement on session 547219648cfc46c1f6fcb5e4eb8ec3c7 to remote] DEBUG org.apache.http.wire - http-outgoing-0 >> "Accept-Encoding: gzip,deflate[\r][\n]"
02:56:44.122 [Forwarding findElement on session 547219648cfc46c1f6fcb5e4eb8ec3c7 to remote] DEBUG org.apache.http.wire - http-outgoing-0 >> "[\r][\n]"
02:56:44.122 [Forwarding findElement on session 547219648cfc46c1f6fcb5e4eb8ec3c7 to remote] DEBUG org.apache.http.wire - http-outgoing-0 >> "{"using":"class name","value":"loginBtn"}"
02:56:44.129 [Forwarding findElement on session 547219648cfc46c1f6fcb5e4eb8ec3c7 to remote] DEBUG org.apache.http.wire - http-outgoing-0 << "HTTP/1.1 200 OK[\r][\n]"
02:56:44.129 [Forwarding findElement on session 547219648cfc46c1f6fcb5e4eb8ec3c7 to remote] DEBUG org.apache.http.wire - http-outgoing-0 << "Content-Length:102[\r][\n]"
02:56:44.129 [Forwarding findElement on session 547219648cfc46c1f6fcb5e4eb8ec3c7 to remote] DEBUG org.apache.http.wire - http-outgoing-0 << "Content-Type:application/json; charset=utf-8[\r][\n]"
02:56:44.129 [Forwarding findElement on session 547219648cfc46c1f6fcb5e4eb8ec3c7 to remote] DEBUG org.apache.http.wire - http-outgoing-0 << "[\r][\n]"
02:56:44.129 [Forwarding findElement on session 547219648cfc46c1f6fcb5e4eb8ec3c7 to remote] DEBUG org.apache.http.wire - http-outgoing-0 << "{"sessionId":"547219648cfc46c1f6fcb5e4eb8ec3c7","status":0,"value":{"ELEMENT":"0.8650195596524934-3"}}"
02:56:44.129 [Forwarding findElement on session 547219648cfc46c1f6fcb5e4eb8ec3c7 to remote] DEBUG org.apache.http.headers - http-outgoing-0 << HTTP/1.1 200 OK
02:56:44.129 [Forwarding findElement on session 547219648cfc46c1f6fcb5e4eb8ec3c7 to remote] DEBUG org.apache.http.headers - http-outgoing-0 << Content-Length:102
02:56:44.129 [Forwarding findElement on session 547219648cfc46c1f6fcb5e4eb8ec3c7 to remote] DEBUG org.apache.http.headers - http-outgoing-0 << Content-Type:application/json; charset=utf-8
02:56:44.129 [Forwarding findElement on session 547219648cfc46c1f6fcb5e4eb8ec3c7 to remote] DEBUG org.apache.http.impl.execchain.MainClientExec - Connection can be kept alive indefinitely
02:56:44.130 [Forwarding findElement on session 547219648cfc46c1f6fcb5e4eb8ec3c7 to remote] DEBUG org.apache.http.impl.conn.PoolingHttpClientConnectionManager - Connection [id: 0][route: {}->http://localhost:43031] can be kept alive indefinitely
02:56:44.130 [Forwarding findElement on session 547219648cfc46c1f6fcb5e4eb8ec3c7 to remote] DEBUG org.apache.http.impl.conn.PoolingHttpClientConnectionManager - Connection released: [id: 0][route: {}->http://localhost:43031][total kept alive: 1; route allocated: 1 of 2000; total allocated: 1 of 2000]
02:56:44.131 [Forwarding submitElement on session 547219648cfc46c1f6fcb5e4eb8ec3c7 to remote] DEBUG org.apache.http.client.protocol.RequestAddCookies - CookieSpec selected: default
02:56:44.131 [Forwarding submitElement on session 547219648cfc46c1f6fcb5e4eb8ec3c7 to remote] DEBUG org.apache.http.client.protocol.RequestAuthCache - Auth cache not set in the context
02:56:44.131 [Forwarding submitElement on session 547219648cfc46c1f6fcb5e4eb8ec3c7 to remote] DEBUG org.apache.http.impl.conn.PoolingHttpClientConnectionManager - Connection request: [route: {}->http://localhost:43031][total kept alive: 1; route allocated: 1 of 2000; total allocated: 1 of 2000]
02:56:44.131 [Forwarding submitElement on session 547219648cfc46c1f6fcb5e4eb8ec3c7 to remote] DEBUG org.apache.http.impl.conn.PoolingHttpClientConnectionManager - Connection leased: [id: 0][route: {}->http://localhost:43031][total kept alive: 0; route allocated: 1 of 2000; total allocated: 1 of 2000]
02:56:44.131 [Forwarding submitElement on session 547219648cfc46c1f6fcb5e4eb8ec3c7 to remote] DEBUG org.apache.http.impl.execchain.MainClientExec - Stale connection check
02:56:44.137 [Forwarding submitElement on session 547219648cfc46c1f6fcb5e4eb8ec3c7 to remote] DEBUG org.apache.http.wire - http-outgoing-0 << "[read] I/O error: Read timed out"
02:56:44.137 [Forwarding submitElement on session 547219648cfc46c1f6fcb5e4eb8ec3c7 to remote] DEBUG org.apache.http.impl.conn.DefaultManagedHttpClientConnection - http-outgoing-0: set socket timeout to 10800000
02:56:44.137 [Forwarding submitElement on session 547219648cfc46c1f6fcb5e4eb8ec3c7 to remote] DEBUG org.apache.http.impl.execchain.MainClientExec - Executing request POST /session/547219648cfc46c1f6fcb5e4eb8ec3c7/element/0.8650195596524934-3/submit HTTP/1.1
02:56:44.137 [Forwarding submitElement on session 547219648cfc46c1f6fcb5e4eb8ec3c7 to remote] DEBUG org.apache.http.impl.execchain.MainClientExec - Target auth state: UNCHALLENGED
02:56:44.137 [Forwarding submitElement on session 547219648cfc46c1f6fcb5e4eb8ec3c7 to remote] DEBUG org.apache.http.impl.execchain.MainClientExec - Proxy auth state: UNCHALLENGED
02:56:44.137 [Forwarding submitElement on session 547219648cfc46c1f6fcb5e4eb8ec3c7 to remote] DEBUG org.apache.http.headers - http-outgoing-0 >> POST /session/547219648cfc46c1f6fcb5e4eb8ec3c7/element/0.8650195596524934-3/submit HTTP/1.1
02:56:44.137 [Forwarding submitElement on session 547219648cfc46c1f6fcb5e4eb8ec3c7 to remote] DEBUG org.apache.http.headers - http-outgoing-0 >> Content-Type: application/json; charset=utf-8
02:56:44.137 [Forwarding submitElement on session 547219648cfc46c1f6fcb5e4eb8ec3c7 to remote] DEBUG org.apache.http.headers - http-outgoing-0 >> Content-Length: 29
02:56:44.137 [Forwarding submitElement on session 547219648cfc46c1f6fcb5e4eb8ec3c7 to remote] DEBUG org.apache.http.headers - http-outgoing-0 >> Host: localhost:43031
02:56:44.138 [Forwarding submitElement on session 547219648cfc46c1f6fcb5e4eb8ec3c7 to remote] DEBUG org.apache.http.headers - http-outgoing-0 >> Connection: Keep-Alive
02:56:44.138 [Forwarding submitElement on session 547219648cfc46c1f6fcb5e4eb8ec3c7 to remote] DEBUG org.apache.http.headers - http-outgoing-0 >> User-Agent: Apache-HttpClient/4.5.2 (Java/1.8.0_162)
02:56:44.138 [Forwarding submitElement on session 547219648cfc46c1f6fcb5e4eb8ec3c7 to remote] DEBUG org.apache.http.headers - http-outgoing-0 >> Accept-Encoding: gzip,deflate
02:56:44.138 [Forwarding submitElement on session 547219648cfc46c1f6fcb5e4eb8ec3c7 to remote] DEBUG org.apache.http.wire - http-outgoing-0 >> "POST /session/547219648cfc46c1f6fcb5e4eb8ec3c7/element/0.8650195596524934-3/submit HTTP/1.1[\r][\n]"
02:56:44.138 [Forwarding submitElement on session 547219648cfc46c1f6fcb5e4eb8ec3c7 to remote] DEBUG org.apache.http.wire - http-outgoing-0 >> "Content-Type: application/json; charset=utf-8[\r][\n]"
02:56:44.138 [Forwarding submitElement on session 547219648cfc46c1f6fcb5e4eb8ec3c7 to remote] DEBUG org.apache.http.wire - http-outgoing-0 >> "Content-Length: 29[\r][\n]"
02:56:44.138 [Forwarding submitElement on session 547219648cfc46c1f6fcb5e4eb8ec3c7 to remote] DEBUG org.apache.http.wire - http-outgoing-0 >> "Host: localhost:43031[\r][\n]"
02:56:44.138 [Forwarding submitElement on session 547219648cfc46c1f6fcb5e4eb8ec3c7 to remote] DEBUG org.apache.http.wire - http-outgoing-0 >> "Connection: Keep-Alive[\r][\n]"
02:56:44.138 [Forwarding submitElement on session 547219648cfc46c1f6fcb5e4eb8ec3c7 to remote] DEBUG org.apache.http.wire - http-outgoing-0 >> "User-Agent: Apache-HttpClient/4.5.2 (Java/1.8.0_162)[\r][\n]"
02:56:44.138 [Forwarding submitElement on session 547219648cfc46c1f6fcb5e4eb8ec3c7 to remote] DEBUG org.apache.http.wire - http-outgoing-0 >> "Accept-Encoding: gzip,deflate[\r][\n]"
02:56:44.138 [Forwarding submitElement on session 547219648cfc46c1f6fcb5e4eb8ec3c7 to remote] DEBUG org.apache.http.wire - http-outgoing-0 >> "[\r][\n]"
02:56:44.138 [Forwarding submitElement on session 547219648cfc46c1f6fcb5e4eb8ec3c7 to remote] DEBUG org.apache.http.wire - http-outgoing-0 >> "{"id":"0.8650195596524934-3"}"
02:56:44.194 [Forwarding submitElement on session 547219648cfc46c1f6fcb5e4eb8ec3c7 to remote] DEBUG org.apache.http.wire - http-outgoing-0 << "HTTP/1.1 200 OK[\r][\n]"
02:56:44.194 [Forwarding submitElement on session 547219648cfc46c1f6fcb5e4eb8ec3c7 to remote] DEBUG org.apache.http.wire - http-outgoing-0 << "Content-Length:72[\r][\n]"
02:56:44.195 [Forwarding submitElement on session 547219648cfc46c1f6fcb5e4eb8ec3c7 to remote] DEBUG org.apache.http.wire - http-outgoing-0 << "Content-Type:application/json; charset=utf-8[\r][\n]"
02:56:44.195 [Forwarding submitElement on session 547219648cfc46c1f6fcb5e4eb8ec3c7 to remote] DEBUG org.apache.http.wire - http-outgoing-0 << "[\r][\n]"
02:56:44.195 [Forwarding submitElement on session 547219648cfc46c1f6fcb5e4eb8ec3c7 to remote] DEBUG org.apache.http.wire - http-outgoing-0 << "{"sessionId":"547219648cfc46c1f6fcb5e4eb8ec3c7","status":0,"value":null}"
02:56:44.195 [Forwarding submitElement on session 547219648cfc46c1f6fcb5e4eb8ec3c7 to remote] DEBUG org.apache.http.headers - http-outgoing-0 << HTTP/1.1 200 OK
02:56:44.195 [Forwarding submitElement on session 547219648cfc46c1f6fcb5e4eb8ec3c7 to remote] DEBUG org.apache.http.headers - http-outgoing-0 << Content-Length:72
02:56:44.195 [Forwarding submitElement on session 547219648cfc46c1f6fcb5e4eb8ec3c7 to remote] DEBUG org.apache.http.headers - http-outgoing-0 << Content-Type:application/json; charset=utf-8
02:56:44.195 [Forwarding submitElement on session 547219648cfc46c1f6fcb5e4eb8ec3c7 to remote] DEBUG org.apache.http.impl.execchain.MainClientExec - Connection can be kept alive indefinitely
02:56:44.195 [Forwarding submitElement on session 547219648cfc46c1f6fcb5e4eb8ec3c7 to remote] DEBUG org.apache.http.impl.conn.PoolingHttpClientConnectionManager - Connection [id: 0][route: {}->http://localhost:43031] can be kept alive indefinitely
02:56:44.196 [Forwarding submitElement on session 547219648cfc46c1f6fcb5e4eb8ec3c7 to remote] DEBUG org.apache.http.impl.conn.PoolingHttpClientConnectionManager - Connection released: [id: 0][route: {}->http://localhost:43031][total kept alive: 1; route allocated: 1 of 2000; total allocated: 1 of 2000]
02:56:47.205 [Forwarding findElement on session 547219648cfc46c1f6fcb5e4eb8ec3c7 to remote] DEBUG org.apache.http.client.protocol.RequestAddCookies - CookieSpec selected: default
02:56:47.205 [Forwarding findElement on session 547219648cfc46c1f6fcb5e4eb8ec3c7 to remote] DEBUG org.apache.http.client.protocol.RequestAuthCache - Auth cache not set in the context
02:56:47.205 [Forwarding findElement on session 547219648cfc46c1f6fcb5e4eb8ec3c7 to remote] DEBUG org.apache.http.impl.conn.PoolingHttpClientConnectionManager - Connection request: [route: {}->http://localhost:43031][total kept alive: 1; route allocated: 1 of 2000; total allocated: 1 of 2000]
02:56:47.221 [Forwarding findElement on session 547219648cfc46c1f6fcb5e4eb8ec3c7 to remote] DEBUG org.apache.http.wire - http-outgoing-0 << "[read] I/O error: Read timed out"
02:56:47.221 [Forwarding findElement on session 547219648cfc46c1f6fcb5e4eb8ec3c7 to remote] DEBUG org.apache.http.impl.conn.PoolingHttpClientConnectionManager - Connection leased: [id: 0][route: {}->http://localhost:43031][total kept alive: 0; route allocated: 1 of 2000; total allocated: 1 of 2000]
02:56:47.221 [Forwarding findElement on session 547219648cfc46c1f6fcb5e4eb8ec3c7 to remote] DEBUG org.apache.http.impl.execchain.MainClientExec - Stale connection check
02:56:47.237 [Forwarding findElement on session 547219648cfc46c1f6fcb5e4eb8ec3c7 to remote] DEBUG org.apache.http.wire - http-outgoing-0 << "[read] I/O error: Read timed out"
02:56:47.237 [Forwarding findElement on session 547219648cfc46c1f6fcb5e4eb8ec3c7 to remote] DEBUG org.apache.http.impl.conn.DefaultManagedHttpClientConnection - http-outgoing-0: set socket timeout to 10800000
02:56:47.237 [Forwarding findElement on session 547219648cfc46c1f6fcb5e4eb8ec3c7 to remote] DEBUG org.apache.http.impl.execchain.MainClientExec - Executing request POST /session/547219648cfc46c1f6fcb5e4eb8ec3c7/element HTTP/1.1
02:56:47.237 [Forwarding findElement on session 547219648cfc46c1f6fcb5e4eb8ec3c7 to remote] DEBUG org.apache.http.impl.execchain.MainClientExec - Target auth state: UNCHALLENGED
02:56:47.237 [Forwarding findElement on session 547219648cfc46c1f6fcb5e4eb8ec3c7 to remote] DEBUG org.apache.http.impl.execchain.MainClientExec - Proxy auth state: UNCHALLENGED
02:56:47.237 [Forwarding findElement on session 547219648cfc46c1f6fcb5e4eb8ec3c7 to remote] DEBUG org.apache.http.headers - http-outgoing-0 >> POST /session/547219648cfc46c1f6fcb5e4eb8ec3c7/element HTTP/1.1
02:56:47.237 [Forwarding findElement on session 547219648cfc46c1f6fcb5e4eb8ec3c7 to remote] DEBUG org.apache.http.headers - http-outgoing-0 >> Content-Type: application/json; charset=utf-8
02:56:47.237 [Forwarding findElement on session 547219648cfc46c1f6fcb5e4eb8ec3c7 to remote] DEBUG org.apache.http.headers - http-outgoing-0 >> Content-Length: 72
02:56:47.237 [Forwarding findElement on session 547219648cfc46c1f6fcb5e4eb8ec3c7 to remote] DEBUG org.apache.http.headers - http-outgoing-0 >> Host: localhost:43031
02:56:47.237 [Forwarding findElement on session 547219648cfc46c1f6fcb5e4eb8ec3c7 to remote] DEBUG org.apache.http.headers - http-outgoing-0 >> Connection: Keep-Alive
02:56:47.237 [Forwarding findElement on session 547219648cfc46c1f6fcb5e4eb8ec3c7 to remote] DEBUG org.apache.http.headers - http-outgoing-0 >> User-Agent: Apache-HttpClient/4.5.2 (Java/1.8.0_162)
02:56:47.237 [Forwarding findElement on session 547219648cfc46c1f6fcb5e4eb8ec3c7 to remote] DEBUG org.apache.http.headers - http-outgoing-0 >> Accept-Encoding: gzip,deflate
02:56:47.237 [Forwarding findElement on session 547219648cfc46c1f6fcb5e4eb8ec3c7 to remote] DEBUG org.apache.http.wire - http-outgoing-0 >> "POST /session/547219648cfc46c1f6fcb5e4eb8ec3c7/element HTTP/1.1[\r][\n]"
02:56:47.237 [Forwarding findElement on session 547219648cfc46c1f6fcb5e4eb8ec3c7 to remote] DEBUG org.apache.http.wire - http-outgoing-0 >> "Content-Type: application/json; charset=utf-8[\r][\n]"
02:56:47.237 [Forwarding findElement on session 547219648cfc46c1f6fcb5e4eb8ec3c7 to remote] DEBUG org.apache.http.wire - http-outgoing-0 >> "Content-Length: 72[\r][\n]"
02:56:47.237 [Forwarding findElement on session 547219648cfc46c1f6fcb5e4eb8ec3c7 to remote] DEBUG org.apache.http.wire - http-outgoing-0 >> "Host: localhost:43031[\r][\n]"
02:56:47.237 [Forwarding findElement on session 547219648cfc46c1f6fcb5e4eb8ec3c7 to remote] DEBUG org.apache.http.wire - http-outgoing-0 >> "Connection: Keep-Alive[\r][\n]"
02:56:47.237 [Forwarding findElement on session 547219648cfc46c1f6fcb5e4eb8ec3c7 to remote] DEBUG org.apache.http.wire - http-outgoing-0 >> "User-Agent: Apache-HttpClient/4.5.2 (Java/1.8.0_162)[\r][\n]"
02:56:47.237 [Forwarding findElement on session 547219648cfc46c1f6fcb5e4eb8ec3c7 to remote] DEBUG org.apache.http.wire - http-outgoing-0 >> "Accept-Encoding: gzip,deflate[\r][\n]"
02:56:47.237 [Forwarding findElement on session 547219648cfc46c1f6fcb5e4eb8ec3c7 to remote] DEBUG org.apache.http.wire - http-outgoing-0 >> "[\r][\n]"
02:56:47.237 [Forwarding findElement on session 547219648cfc46c1f6fcb5e4eb8ec3c7 to remote] DEBUG org.apache.http.wire - http-outgoing-0 >> "{"using":"xpath","value":"//div[@class=\"ef-modal v-transfer-dom\"]//i"}"
02:56:47.268 [Forwarding findElement on session 547219648cfc46c1f6fcb5e4eb8ec3c7 to remote] DEBUG org.apache.http.wire - http-outgoing-0 << "HTTP/1.1 200 OK[\r][\n]"
02:56:47.268 [Forwarding findElement on session 547219648cfc46c1f6fcb5e4eb8ec3c7 to remote] DEBUG org.apache.http.wire - http-outgoing-0 << "Content-Length:403[\r][\n]"
02:56:47.268 [Forwarding findElement on session 547219648cfc46c1f6fcb5e4eb8ec3c7 to remote] DEBUG org.apache.http.wire - http-outgoing-0 << "Content-Type:application/json; charset=utf-8[\r][\n]"
02:56:47.268 [Forwarding findElement on session 547219648cfc46c1f6fcb5e4eb8ec3c7 to remote] DEBUG org.apache.http.wire - http-outgoing-0 << "[\r][\n]"
02:56:47.268 [Forwarding findElement on session 547219648cfc46c1f6fcb5e4eb8ec3c7 to remote] DEBUG org.apache.http.wire - http-outgoing-0 << "{"sessionId":"547219648cfc46c1f6fcb5e4eb8ec3c7","status":7,"value":{"message":"no such element: Unable to locate element: {\"method\":\"xpath\",\"selector\":\"//div[@class=\"ef-modal v-transfer-dom\"]//i\"}\n  (Session info: chrome=97.0.4692.71)\n  (Driver info: chromedriver=96.0.4664.45 (76e4c1bb2ab4671b8beba3444e61c0f17584b2fc-refs/branch-heads/4664@{#947}),platform=Windows NT 10.0.19043 x86_64)"}}"
02:56:47.268 [Forwarding findElement on session 547219648cfc46c1f6fcb5e4eb8ec3c7 to remote] DEBUG org.apache.http.headers - http-outgoing-0 << HTTP/1.1 200 OK
02:56:47.268 [Forwarding findElement on session 547219648cfc46c1f6fcb5e4eb8ec3c7 to remote] DEBUG org.apache.http.headers - http-outgoing-0 << Content-Length:403
02:56:47.268 [Forwarding findElement on session 547219648cfc46c1f6fcb5e4eb8ec3c7 to remote] DEBUG org.apache.http.headers - http-outgoing-0 << Content-Type:application/json; charset=utf-8
02:56:47.268 [Forwarding findElement on session 547219648cfc46c1f6fcb5e4eb8ec3c7 to remote] DEBUG org.apache.http.impl.execchain.MainClientExec - Connection can be kept alive indefinitely
02:56:47.268 [Forwarding findElement on session 547219648cfc46c1f6fcb5e4eb8ec3c7 to remote] DEBUG org.apache.http.impl.conn.PoolingHttpClientConnectionManager - Connection [id: 0][route: {}->http://localhost:43031] can be kept alive indefinitely
02:56:47.268 [Forwarding findElement on session 547219648cfc46c1f6fcb5e4eb8ec3c7 to remote] DEBUG org.apache.http.impl.conn.PoolingHttpClientConnectionManager - Connection released: [id: 0][route: {}->http://localhost:43031][total kept alive: 1; route allocated: 1 of 2000; total allocated: 1 of 2000]
]]></system-out>
    <system-err><![CDATA[Starting ChromeDriver 96.0.4664.45 (76e4c1bb2ab4671b8beba3444e61c0f17584b2fc-refs/branch-heads/4664@{#947}) on port 43031
Only local connections are allowed.
Please see https://chromedriver.chromium.org/security-considerations for suggestions on keeping ChromeDriver safe.
ChromeDriver was started successfully.
[1642618593.104][WARNING]: This version of ChromeDriver has not been tested with Chrome version 97.
]]></system-err>
  </testcase>
</testsuite>