<?xml version="1.0" encoding="UTF-8"?>
<!-- Generated by org.testng.reporters.JUnitXMLReporter -->
<testsuite hostname="DESKTOP-FJ710P4" ignored="0" name="Surefire test" tests="6" failures="0" timestamp="2021-12-10T02:55:57 CST" time="0.045" errors="0">
  <testcase name="test1" time="0.004" classname="com.beilie.test.bole.cases.Test.parameter.DataProviderTest"/>
  <testcase name="test1" time="0.0" classname="com.beilie.test.bole.cases.Test.parameter.DataProviderTest"/>
  <testcase name="test2" time="0.001" classname="com.beilie.test.bole.cases.Test.parameter.DataProviderTest"/>
  <testcase name="test2" time="0.0" classname="com.beilie.test.bole.cases.Test.parameter.DataProviderTest"/>
  <testcase name="loginSucess" time="0.0" classname="com.beilie.test.bole.cases.Test.suite.LoginTest"/>
  <testcase name="paySucess" time="0.0" classname="com.beilie.test.bole.cases.Test.suite.PayTest"/>
</testsuite> <!-- Surefire test -->
